ARM GAS  C:\Users\jlabe\AppData\Local\Temp\ccSDnxAc.s 			page 1


   1              		.syntax unified
   2              		.cpu cortex-m4
   3              		.eabi_attribute 27, 1
   4              		.fpu fpv4-sp-d16
   5              		.eabi_attribute 20, 1
   6              		.eabi_attribute 21, 1
   7              		.eabi_attribute 23, 3
   8              		.eabi_attribute 24, 1
   9              		.eabi_attribute 25, 1
  10              		.eabi_attribute 26, 1
  11              		.eabi_attribute 30, 1
  12              		.eabi_attribute 34, 1
  13              		.eabi_attribute 18, 4
  14              		.thumb
  15              		.syntax unified
  16              		.file	"Traitement.c"
  17              		.text
  18              	.Ltext0:
  19              		.cfi_sections	.debug_frame
  20              		.section	.text.traitement,"ax",%progbits
  21              		.align	2
  22              		.global	traitement
  23              		.thumb
  24              		.thumb_func
  25              		.type	traitement, %function
  26              	traitement:
  27              	.LFB688:
  28              		.file 1 "Traitement.c"
   1:Traitement.c  **** /*******************************************************************************
   2:Traitement.c  **** * File name : Traitement.c
   3:Traitement.c  **** *
   4:Traitement.c  **** * Function Name: void traitement(void)
   5:Traitement.c  **** * Summary: 
   6:Traitement.c  **** *
   7:Traitement.c  **** * Parameters:
   8:Traitement.c  **** *  None
   9:Traitement.c  **** *
  10:Traitement.c  **** * Return:
  11:Traitement.c  **** *  None
  12:Traitement.c  **** *
  13:Traitement.c  **** * Authors : 
  14:Traitement.c  **** * Date of Creation : 24 mars 2021
  15:Traitement.c  **** *
  16:Traitement.c  **** ********************************************************************************/
  17:Traitement.c  **** #include <Traitement.h>
  18:Traitement.c  **** 
  19:Traitement.c  **** void traitement(void)
  20:Traitement.c  **** {
  29              		.loc 1 20 0
  30              		.cfi_startproc
  31              		@ args = 0, pretend = 0, frame = 0
  32              		@ frame_needed = 0, uses_anonymous_args = 0
  33              		@ link register save eliminated.
  34 0000 7047     		bx	lr
  35              		.cfi_endproc
  36              	.LFE688:
  37              		.size	traitement, .-traitement
ARM GAS  C:\Users\jlabe\AppData\Local\Temp\ccSDnxAc.s 			page 2


  38 0002 00BF     		.text
  39              	.Letext0:
  40              		.file 2 "c:\\program files (x86)\\cypress\\psoc creator\\4.4\\psoc creator\\import\\gnu\\arm\\5.4.
  41              		.file 3 "c:\\program files (x86)\\cypress\\psoc creator\\4.4\\psoc creator\\import\\gnu\\arm\\5.4.
  42              		.file 4 "Generated_Source\\PSoC6\\pdl\\drivers/peripheral/device/cy_device.h"
  43              		.file 5 "Generated_Source\\PSoC6\\pdl\\drivers/peripheral/scb/cy_scb_i2c.h"
  44              		.file 6 "Generated_Source\\PSoC6\\pdl\\drivers/peripheral/scb/cy_scb_spi.h"
  45              		.file 7 "Generated_Source\\PSoC6\\pdl\\drivers/peripheral/scb/cy_scb_uart.h"
  46              		.file 8 "Generated_Source\\PSoC6\\pdl\\drivers/peripheral/tcpwm/cy_tcpwm_counter.h"
  47              		.file 9 "Generated_Source\\PSoC6\\pdl\\drivers/peripheral/tcpwm/cy_tcpwm_pwm.h"
  48              		.file 10 ".\\CMSIS\\Core\\Include/core_cm4.h"
  49              		.file 11 "Generated_Source\\PSoC6/PWM.h"
  50              		.file 12 "Generated_Source\\PSoC6/CY_EINK_Timer.h"
  51              		.file 13 "Generated_Source\\PSoC6/CY_EINK_SPIM.h"
  52              		.file 14 "Generated_Source\\PSoC6/I2C_1.h"
  53              		.file 15 "Generated_Source\\PSoC6/UART_1.h"
  54              		.file 16 "Generated_Source\\PSoC6/I2C_2.h"
  55              		.section	.debug_info,"",%progbits
  56              	.Ldebug_info0:
  57 0000 F80A0000 		.4byte	0xaf8
  58 0004 0400     		.2byte	0x4
  59 0006 00000000 		.4byte	.Ldebug_abbrev0
  60 000a 04       		.byte	0x4
  61 000b 01       		.uleb128 0x1
  62 000c 49070000 		.4byte	.LASF205
  63 0010 0C       		.byte	0xc
  64 0011 650C0000 		.4byte	.LASF206
  65 0015 A30A0000 		.4byte	.LASF207
  66 0019 00000000 		.4byte	.Ldebug_ranges0+0
  67 001d 00000000 		.4byte	0
  68 0021 00000000 		.4byte	.Ldebug_line0
  69 0025 02       		.uleb128 0x2
  70 0026 02       		.byte	0x2
  71 0027 05       		.byte	0x5
  72 0028 A5080000 		.4byte	.LASF0
  73 002c 02       		.uleb128 0x2
  74 002d 01       		.byte	0x1
  75 002e 06       		.byte	0x6
  76 002f CE090000 		.4byte	.LASF1
  77 0033 03       		.uleb128 0x3
  78 0034 C1000000 		.4byte	.LASF3
  79 0038 02       		.byte	0x2
  80 0039 1D       		.byte	0x1d
  81 003a 3E000000 		.4byte	0x3e
  82 003e 02       		.uleb128 0x2
  83 003f 01       		.byte	0x1
  84 0040 08       		.byte	0x8
  85 0041 83080000 		.4byte	.LASF2
  86 0045 03       		.uleb128 0x3
  87 0046 1B040000 		.4byte	.LASF4
  88 004a 02       		.byte	0x2
  89 004b 29       		.byte	0x29
  90 004c 25000000 		.4byte	0x25
  91 0050 03       		.uleb128 0x3
  92 0051 DA090000 		.4byte	.LASF5
  93 0055 02       		.byte	0x2
  94 0056 2B       		.byte	0x2b
ARM GAS  C:\Users\jlabe\AppData\Local\Temp\ccSDnxAc.s 			page 3


  95 0057 5B000000 		.4byte	0x5b
  96 005b 02       		.uleb128 0x2
  97 005c 02       		.byte	0x2
  98 005d 07       		.byte	0x7
  99 005e 680A0000 		.4byte	.LASF6
 100 0062 03       		.uleb128 0x3
 101 0063 030A0000 		.4byte	.LASF7
 102 0067 02       		.byte	0x2
 103 0068 3F       		.byte	0x3f
 104 0069 6D000000 		.4byte	0x6d
 105 006d 02       		.uleb128 0x2
 106 006e 04       		.byte	0x4
 107 006f 05       		.byte	0x5
 108 0070 27030000 		.4byte	.LASF8
 109 0074 03       		.uleb128 0x3
 110 0075 00040000 		.4byte	.LASF9
 111 0079 02       		.byte	0x2
 112 007a 41       		.byte	0x41
 113 007b 7F000000 		.4byte	0x7f
 114 007f 02       		.uleb128 0x2
 115 0080 04       		.byte	0x4
 116 0081 07       		.byte	0x7
 117 0082 DB040000 		.4byte	.LASF10
 118 0086 02       		.uleb128 0x2
 119 0087 08       		.byte	0x8
 120 0088 05       		.byte	0x5
 121 0089 10020000 		.4byte	.LASF11
 122 008d 02       		.uleb128 0x2
 123 008e 08       		.byte	0x8
 124 008f 07       		.byte	0x7
 125 0090 4A010000 		.4byte	.LASF12
 126 0094 04       		.uleb128 0x4
 127 0095 04       		.byte	0x4
 128 0096 05       		.byte	0x5
 129 0097 696E7400 		.ascii	"int\000"
 130 009b 02       		.uleb128 0x2
 131 009c 04       		.byte	0x4
 132 009d 07       		.byte	0x7
 133 009e 7E040000 		.4byte	.LASF13
 134 00a2 03       		.uleb128 0x3
 135 00a3 F40B0000 		.4byte	.LASF14
 136 00a7 03       		.byte	0x3
 137 00a8 18       		.byte	0x18
 138 00a9 33000000 		.4byte	0x33
 139 00ad 03       		.uleb128 0x3
 140 00ae 08020000 		.4byte	.LASF15
 141 00b2 03       		.byte	0x3
 142 00b3 20       		.byte	0x20
 143 00b4 45000000 		.4byte	0x45
 144 00b8 03       		.uleb128 0x3
 145 00b9 9C040000 		.4byte	.LASF16
 146 00bd 03       		.byte	0x3
 147 00be 24       		.byte	0x24
 148 00bf 50000000 		.4byte	0x50
 149 00c3 03       		.uleb128 0x3
 150 00c4 7B080000 		.4byte	.LASF17
 151 00c8 03       		.byte	0x3
ARM GAS  C:\Users\jlabe\AppData\Local\Temp\ccSDnxAc.s 			page 4


 152 00c9 2C       		.byte	0x2c
 153 00ca 62000000 		.4byte	0x62
 154 00ce 03       		.uleb128 0x3
 155 00cf 6D090000 		.4byte	.LASF18
 156 00d3 03       		.byte	0x3
 157 00d4 30       		.byte	0x30
 158 00d5 74000000 		.4byte	0x74
 159 00d9 02       		.uleb128 0x2
 160 00da 04       		.byte	0x4
 161 00db 07       		.byte	0x7
 162 00dc 8C060000 		.4byte	.LASF19
 163 00e0 05       		.uleb128 0x5
 164 00e1 CE000000 		.4byte	0xce
 165 00e5 02       		.uleb128 0x2
 166 00e6 08       		.byte	0x8
 167 00e7 04       		.byte	0x4
 168 00e8 98090000 		.4byte	.LASF20
 169 00ec 06       		.uleb128 0x6
 170 00ed B8       		.byte	0xb8
 171 00ee 04       		.byte	0x4
 172 00ef 34       		.byte	0x34
 173 00f0 FD040000 		.4byte	0x4fd
 174 00f4 07       		.uleb128 0x7
 175 00f5 20010000 		.4byte	.LASF21
 176 00f9 04       		.byte	0x4
 177 00fa 37       		.byte	0x37
 178 00fb CE000000 		.4byte	0xce
 179 00ff 00       		.byte	0
 180 0100 07       		.uleb128 0x7
 181 0101 21090000 		.4byte	.LASF22
 182 0105 04       		.byte	0x4
 183 0106 38       		.byte	0x38
 184 0107 CE000000 		.4byte	0xce
 185 010b 04       		.byte	0x4
 186 010c 07       		.uleb128 0x7
 187 010d 68030000 		.4byte	.LASF23
 188 0111 04       		.byte	0x4
 189 0112 39       		.byte	0x39
 190 0113 CE000000 		.4byte	0xce
 191 0117 08       		.byte	0x8
 192 0118 07       		.uleb128 0x7
 193 0119 5E080000 		.4byte	.LASF24
 194 011d 04       		.byte	0x4
 195 011e 3A       		.byte	0x3a
 196 011f CE000000 		.4byte	0xce
 197 0123 0C       		.byte	0xc
 198 0124 07       		.uleb128 0x7
 199 0125 79020000 		.4byte	.LASF25
 200 0129 04       		.byte	0x4
 201 012a 3B       		.byte	0x3b
 202 012b CE000000 		.4byte	0xce
 203 012f 10       		.byte	0x10
 204 0130 07       		.uleb128 0x7
 205 0131 E1020000 		.4byte	.LASF26
 206 0135 04       		.byte	0x4
 207 0136 3C       		.byte	0x3c
 208 0137 CE000000 		.4byte	0xce
ARM GAS  C:\Users\jlabe\AppData\Local\Temp\ccSDnxAc.s 			page 5


 209 013b 14       		.byte	0x14
 210 013c 07       		.uleb128 0x7
 211 013d 36050000 		.4byte	.LASF27
 212 0141 04       		.byte	0x4
 213 0142 3D       		.byte	0x3d
 214 0143 CE000000 		.4byte	0xce
 215 0147 18       		.byte	0x18
 216 0148 07       		.uleb128 0x7
 217 0149 9D000000 		.4byte	.LASF28
 218 014d 04       		.byte	0x4
 219 014e 3E       		.byte	0x3e
 220 014f CE000000 		.4byte	0xce
 221 0153 1C       		.byte	0x1c
 222 0154 07       		.uleb128 0x7
 223 0155 A10C0000 		.4byte	.LASF29
 224 0159 04       		.byte	0x4
 225 015a 3F       		.byte	0x3f
 226 015b CE000000 		.4byte	0xce
 227 015f 20       		.byte	0x20
 228 0160 07       		.uleb128 0x7
 229 0161 23070000 		.4byte	.LASF30
 230 0165 04       		.byte	0x4
 231 0166 40       		.byte	0x40
 232 0167 CE000000 		.4byte	0xce
 233 016b 24       		.byte	0x24
 234 016c 07       		.uleb128 0x7
 235 016d 42060000 		.4byte	.LASF31
 236 0171 04       		.byte	0x4
 237 0172 43       		.byte	0x43
 238 0173 A2000000 		.4byte	0xa2
 239 0177 28       		.byte	0x28
 240 0178 07       		.uleb128 0x7
 241 0179 80000000 		.4byte	.LASF32
 242 017d 04       		.byte	0x4
 243 017e 44       		.byte	0x44
 244 017f A2000000 		.4byte	0xa2
 245 0183 29       		.byte	0x29
 246 0184 07       		.uleb128 0x7
 247 0185 970C0000 		.4byte	.LASF33
 248 0189 04       		.byte	0x4
 249 018a 45       		.byte	0x45
 250 018b A2000000 		.4byte	0xa2
 251 018f 2A       		.byte	0x2a
 252 0190 07       		.uleb128 0x7
 253 0191 15070000 		.4byte	.LASF34
 254 0195 04       		.byte	0x4
 255 0196 46       		.byte	0x46
 256 0197 A2000000 		.4byte	0xa2
 257 019b 2B       		.byte	0x2b
 258 019c 07       		.uleb128 0x7
 259 019d AE050000 		.4byte	.LASF35
 260 01a1 04       		.byte	0x4
 261 01a2 47       		.byte	0x47
 262 01a3 A2000000 		.4byte	0xa2
 263 01a7 2C       		.byte	0x2c
 264 01a8 07       		.uleb128 0x7
 265 01a9 1A0A0000 		.4byte	.LASF36
ARM GAS  C:\Users\jlabe\AppData\Local\Temp\ccSDnxAc.s 			page 6


 266 01ad 04       		.byte	0x4
 267 01ae 48       		.byte	0x48
 268 01af A2000000 		.4byte	0xa2
 269 01b3 2D       		.byte	0x2d
 270 01b4 07       		.uleb128 0x7
 271 01b5 82020000 		.4byte	.LASF37
 272 01b9 04       		.byte	0x4
 273 01ba 49       		.byte	0x49
 274 01bb A2000000 		.4byte	0xa2
 275 01bf 2E       		.byte	0x2e
 276 01c0 07       		.uleb128 0x7
 277 01c1 4F060000 		.4byte	.LASF38
 278 01c5 04       		.byte	0x4
 279 01c6 4A       		.byte	0x4a
 280 01c7 A2000000 		.4byte	0xa2
 281 01cb 2F       		.byte	0x2f
 282 01cc 07       		.uleb128 0x7
 283 01cd B4090000 		.4byte	.LASF39
 284 01d1 04       		.byte	0x4
 285 01d2 4B       		.byte	0x4b
 286 01d3 A2000000 		.4byte	0xa2
 287 01d7 30       		.byte	0x30
 288 01d8 07       		.uleb128 0x7
 289 01d9 2B050000 		.4byte	.LASF40
 290 01dd 04       		.byte	0x4
 291 01de 4E       		.byte	0x4e
 292 01df A2000000 		.4byte	0xa2
 293 01e3 31       		.byte	0x31
 294 01e4 07       		.uleb128 0x7
 295 01e5 B3000000 		.4byte	.LASF41
 296 01e9 04       		.byte	0x4
 297 01ea 4F       		.byte	0x4f
 298 01eb A2000000 		.4byte	0xa2
 299 01ef 32       		.byte	0x32
 300 01f0 07       		.uleb128 0x7
 301 01f1 72040000 		.4byte	.LASF42
 302 01f5 04       		.byte	0x4
 303 01f6 50       		.byte	0x50
 304 01f7 A2000000 		.4byte	0xa2
 305 01fb 33       		.byte	0x33
 306 01fc 07       		.uleb128 0x7
 307 01fd BA060000 		.4byte	.LASF43
 308 0201 04       		.byte	0x4
 309 0202 51       		.byte	0x51
 310 0203 A2000000 		.4byte	0xa2
 311 0207 34       		.byte	0x34
 312 0208 07       		.uleb128 0x7
 313 0209 0A0B0000 		.4byte	.LASF44
 314 020d 04       		.byte	0x4
 315 020e 52       		.byte	0x52
 316 020f AD000000 		.4byte	0xad
 317 0213 36       		.byte	0x36
 318 0214 07       		.uleb128 0x7
 319 0215 82030000 		.4byte	.LASF45
 320 0219 04       		.byte	0x4
 321 021a 53       		.byte	0x53
 322 021b AD000000 		.4byte	0xad
ARM GAS  C:\Users\jlabe\AppData\Local\Temp\ccSDnxAc.s 			page 7


 323 021f 38       		.byte	0x38
 324 0220 07       		.uleb128 0x7
 325 0221 390A0000 		.4byte	.LASF46
 326 0225 04       		.byte	0x4
 327 0226 54       		.byte	0x54
 328 0227 AD000000 		.4byte	0xad
 329 022b 3A       		.byte	0x3a
 330 022c 07       		.uleb128 0x7
 331 022d D2020000 		.4byte	.LASF47
 332 0231 04       		.byte	0x4
 333 0232 55       		.byte	0x55
 334 0233 A2000000 		.4byte	0xa2
 335 0237 3C       		.byte	0x3c
 336 0238 07       		.uleb128 0x7
 337 0239 A9030000 		.4byte	.LASF48
 338 023d 04       		.byte	0x4
 339 023e 56       		.byte	0x56
 340 023f A2000000 		.4byte	0xa2
 341 0243 3D       		.byte	0x3d
 342 0244 07       		.uleb128 0x7
 343 0245 940B0000 		.4byte	.LASF49
 344 0249 04       		.byte	0x4
 345 024a 57       		.byte	0x57
 346 024b A2000000 		.4byte	0xa2
 347 024f 3E       		.byte	0x3e
 348 0250 07       		.uleb128 0x7
 349 0251 31010000 		.4byte	.LASF50
 350 0255 04       		.byte	0x4
 351 0256 58       		.byte	0x58
 352 0257 A2000000 		.4byte	0xa2
 353 025b 3F       		.byte	0x3f
 354 025c 07       		.uleb128 0x7
 355 025d 2E070000 		.4byte	.LASF51
 356 0261 04       		.byte	0x4
 357 0262 59       		.byte	0x59
 358 0263 A2000000 		.4byte	0xa2
 359 0267 40       		.byte	0x40
 360 0268 07       		.uleb128 0x7
 361 0269 0B040000 		.4byte	.LASF52
 362 026d 04       		.byte	0x4
 363 026e 5A       		.byte	0x5a
 364 026f A2000000 		.4byte	0xa2
 365 0273 41       		.byte	0x41
 366 0274 07       		.uleb128 0x7
 367 0275 3F050000 		.4byte	.LASF53
 368 0279 04       		.byte	0x4
 369 027a 5B       		.byte	0x5b
 370 027b A2000000 		.4byte	0xa2
 371 027f 42       		.byte	0x42
 372 0280 07       		.uleb128 0x7
 373 0281 01070000 		.4byte	.LASF54
 374 0285 04       		.byte	0x4
 375 0286 5C       		.byte	0x5c
 376 0287 A2000000 		.4byte	0xa2
 377 028b 43       		.byte	0x43
 378 028c 07       		.uleb128 0x7
 379 028d 71030000 		.4byte	.LASF55
ARM GAS  C:\Users\jlabe\AppData\Local\Temp\ccSDnxAc.s 			page 8


 380 0291 04       		.byte	0x4
 381 0292 5D       		.byte	0x5d
 382 0293 A2000000 		.4byte	0xa2
 383 0297 44       		.byte	0x44
 384 0298 07       		.uleb128 0x7
 385 0299 00000000 		.4byte	.LASF56
 386 029d 04       		.byte	0x4
 387 029e 5E       		.byte	0x5e
 388 029f CE000000 		.4byte	0xce
 389 02a3 48       		.byte	0x48
 390 02a4 07       		.uleb128 0x7
 391 02a5 5A030000 		.4byte	.LASF57
 392 02a9 04       		.byte	0x4
 393 02aa 5F       		.byte	0x5f
 394 02ab CE000000 		.4byte	0xce
 395 02af 4C       		.byte	0x4c
 396 02b0 07       		.uleb128 0x7
 397 02b1 D70C0000 		.4byte	.LASF58
 398 02b5 04       		.byte	0x4
 399 02b6 60       		.byte	0x60
 400 02b7 A2000000 		.4byte	0xa2
 401 02bb 50       		.byte	0x50
 402 02bc 07       		.uleb128 0x7
 403 02bd BA010000 		.4byte	.LASF59
 404 02c1 04       		.byte	0x4
 405 02c2 61       		.byte	0x61
 406 02c3 A2000000 		.4byte	0xa2
 407 02c7 51       		.byte	0x51
 408 02c8 07       		.uleb128 0x7
 409 02c9 E40B0000 		.4byte	.LASF60
 410 02cd 04       		.byte	0x4
 411 02ce 62       		.byte	0x62
 412 02cf A2000000 		.4byte	0xa2
 413 02d3 52       		.byte	0x52
 414 02d4 07       		.uleb128 0x7
 415 02d5 270A0000 		.4byte	.LASF61
 416 02d9 04       		.byte	0x4
 417 02da 63       		.byte	0x63
 418 02db A2000000 		.4byte	0xa2
 419 02df 53       		.byte	0x53
 420 02e0 07       		.uleb128 0x7
 421 02e1 5D090000 		.4byte	.LASF62
 422 02e5 04       		.byte	0x4
 423 02e6 64       		.byte	0x64
 424 02e7 A2000000 		.4byte	0xa2
 425 02eb 54       		.byte	0x54
 426 02ec 07       		.uleb128 0x7
 427 02ed F4010000 		.4byte	.LASF63
 428 02f1 04       		.byte	0x4
 429 02f2 65       		.byte	0x65
 430 02f3 A2000000 		.4byte	0xa2
 431 02f7 55       		.byte	0x55
 432 02f8 07       		.uleb128 0x7
 433 02f9 C7040000 		.4byte	.LASF64
 434 02fd 04       		.byte	0x4
 435 02fe 66       		.byte	0x66
 436 02ff A2000000 		.4byte	0xa2
ARM GAS  C:\Users\jlabe\AppData\Local\Temp\ccSDnxAc.s 			page 9


 437 0303 56       		.byte	0x56
 438 0304 07       		.uleb128 0x7
 439 0305 D4080000 		.4byte	.LASF65
 440 0309 04       		.byte	0x4
 441 030a 67       		.byte	0x67
 442 030b A2000000 		.4byte	0xa2
 443 030f 57       		.byte	0x57
 444 0310 07       		.uleb128 0x7
 445 0311 3B000000 		.4byte	.LASF66
 446 0315 04       		.byte	0x4
 447 0316 68       		.byte	0x68
 448 0317 A2000000 		.4byte	0xa2
 449 031b 58       		.byte	0x58
 450 031c 07       		.uleb128 0x7
 451 031d 91080000 		.4byte	.LASF67
 452 0321 04       		.byte	0x4
 453 0322 69       		.byte	0x69
 454 0323 A2000000 		.4byte	0xa2
 455 0327 59       		.byte	0x59
 456 0328 07       		.uleb128 0x7
 457 0329 95060000 		.4byte	.LASF68
 458 032d 04       		.byte	0x4
 459 032e 6E       		.byte	0x6e
 460 032f B8000000 		.4byte	0xb8
 461 0333 5A       		.byte	0x5a
 462 0334 07       		.uleb128 0x7
 463 0335 7B0A0000 		.4byte	.LASF69
 464 0339 04       		.byte	0x4
 465 033a 6F       		.byte	0x6f
 466 033b B8000000 		.4byte	0xb8
 467 033f 5C       		.byte	0x5c
 468 0340 07       		.uleb128 0x7
 469 0341 8E000000 		.4byte	.LASF70
 470 0345 04       		.byte	0x4
 471 0346 70       		.byte	0x70
 472 0347 A2000000 		.4byte	0xa2
 473 034b 5E       		.byte	0x5e
 474 034c 07       		.uleb128 0x7
 475 034d 3F080000 		.4byte	.LASF71
 476 0351 04       		.byte	0x4
 477 0352 71       		.byte	0x71
 478 0353 A2000000 		.4byte	0xa2
 479 0357 5F       		.byte	0x5f
 480 0358 07       		.uleb128 0x7
 481 0359 F0060000 		.4byte	.LASF72
 482 035d 04       		.byte	0x4
 483 035e 72       		.byte	0x72
 484 035f A2000000 		.4byte	0xa2
 485 0363 60       		.byte	0x60
 486 0364 07       		.uleb128 0x7
 487 0365 18080000 		.4byte	.LASF73
 488 0369 04       		.byte	0x4
 489 036a 73       		.byte	0x73
 490 036b CE000000 		.4byte	0xce
 491 036f 64       		.byte	0x64
 492 0370 07       		.uleb128 0x7
 493 0371 70010000 		.4byte	.LASF74
ARM GAS  C:\Users\jlabe\AppData\Local\Temp\ccSDnxAc.s 			page 10


 494 0375 04       		.byte	0x4
 495 0376 76       		.byte	0x76
 496 0377 B8000000 		.4byte	0xb8
 497 037b 68       		.byte	0x68
 498 037c 07       		.uleb128 0x7
 499 037d B5040000 		.4byte	.LASF75
 500 0381 04       		.byte	0x4
 501 0382 77       		.byte	0x77
 502 0383 B8000000 		.4byte	0xb8
 503 0387 6A       		.byte	0x6a
 504 0388 07       		.uleb128 0x7
 505 0389 6C050000 		.4byte	.LASF76
 506 038d 04       		.byte	0x4
 507 038e 78       		.byte	0x78
 508 038f B8000000 		.4byte	0xb8
 509 0393 6C       		.byte	0x6c
 510 0394 07       		.uleb128 0x7
 511 0395 FF040000 		.4byte	.LASF77
 512 0399 04       		.byte	0x4
 513 039a 79       		.byte	0x79
 514 039b B8000000 		.4byte	0xb8
 515 039f 6E       		.byte	0x6e
 516 03a0 07       		.uleb128 0x7
 517 03a1 C0080000 		.4byte	.LASF78
 518 03a5 04       		.byte	0x4
 519 03a6 7B       		.byte	0x7b
 520 03a7 A2000000 		.4byte	0xa2
 521 03ab 70       		.byte	0x70
 522 03ac 07       		.uleb128 0x7
 523 03ad 53020000 		.4byte	.LASF79
 524 03b1 04       		.byte	0x4
 525 03b2 7C       		.byte	0x7c
 526 03b3 A2000000 		.4byte	0xa2
 527 03b7 71       		.byte	0x71
 528 03b8 07       		.uleb128 0x7
 529 03b9 A90C0000 		.4byte	.LASF80
 530 03bd 04       		.byte	0x4
 531 03be 7D       		.byte	0x7d
 532 03bf A2000000 		.4byte	0xa2
 533 03c3 72       		.byte	0x72
 534 03c4 07       		.uleb128 0x7
 535 03c5 CB060000 		.4byte	.LASF81
 536 03c9 04       		.byte	0x4
 537 03ca 7E       		.byte	0x7e
 538 03cb A2000000 		.4byte	0xa2
 539 03cf 73       		.byte	0x73
 540 03d0 07       		.uleb128 0x7
 541 03d1 C5030000 		.4byte	.LASF82
 542 03d5 04       		.byte	0x4
 543 03d6 80       		.byte	0x80
 544 03d7 B8000000 		.4byte	0xb8
 545 03db 74       		.byte	0x74
 546 03dc 07       		.uleb128 0x7
 547 03dd F0090000 		.4byte	.LASF83
 548 03e1 04       		.byte	0x4
 549 03e2 81       		.byte	0x81
 550 03e3 B8000000 		.4byte	0xb8
ARM GAS  C:\Users\jlabe\AppData\Local\Temp\ccSDnxAc.s 			page 11


 551 03e7 76       		.byte	0x76
 552 03e8 07       		.uleb128 0x7
 553 03e9 94030000 		.4byte	.LASF84
 554 03ed 04       		.byte	0x4
 555 03ee 82       		.byte	0x82
 556 03ef B8000000 		.4byte	0xb8
 557 03f3 78       		.byte	0x78
 558 03f4 07       		.uleb128 0x7
 559 03f5 D7000000 		.4byte	.LASF85
 560 03f9 04       		.byte	0x4
 561 03fa 83       		.byte	0x83
 562 03fb B8000000 		.4byte	0xb8
 563 03ff 7A       		.byte	0x7a
 564 0400 07       		.uleb128 0x7
 565 0401 260C0000 		.4byte	.LASF86
 566 0405 04       		.byte	0x4
 567 0406 86       		.byte	0x86
 568 0407 A2000000 		.4byte	0xa2
 569 040b 7C       		.byte	0x7c
 570 040c 07       		.uleb128 0x7
 571 040d 3B0B0000 		.4byte	.LASF87
 572 0411 04       		.byte	0x4
 573 0412 87       		.byte	0x87
 574 0413 A2000000 		.4byte	0xa2
 575 0417 7D       		.byte	0x7d
 576 0418 07       		.uleb128 0x7
 577 0419 4F000000 		.4byte	.LASF88
 578 041d 04       		.byte	0x4
 579 041e 88       		.byte	0x88
 580 041f A2000000 		.4byte	0xa2
 581 0423 7E       		.byte	0x7e
 582 0424 07       		.uleb128 0x7
 583 0425 D7030000 		.4byte	.LASF89
 584 0429 04       		.byte	0x4
 585 042a 89       		.byte	0x89
 586 042b A2000000 		.4byte	0xa2
 587 042f 7F       		.byte	0x7f
 588 0430 07       		.uleb128 0x7
 589 0431 5E040000 		.4byte	.LASF90
 590 0435 04       		.byte	0x4
 591 0436 8A       		.byte	0x8a
 592 0437 A2000000 		.4byte	0xa2
 593 043b 80       		.byte	0x80
 594 043c 07       		.uleb128 0x7
 595 043d 1A000000 		.4byte	.LASF91
 596 0441 04       		.byte	0x4
 597 0442 8D       		.byte	0x8d
 598 0443 CE000000 		.4byte	0xce
 599 0447 84       		.byte	0x84
 600 0448 07       		.uleb128 0x7
 601 0449 EC000000 		.4byte	.LASF92
 602 044d 04       		.byte	0x4
 603 044e 8E       		.byte	0x8e
 604 044f CE000000 		.4byte	0xce
 605 0453 88       		.byte	0x88
 606 0454 07       		.uleb128 0x7
 607 0455 110C0000 		.4byte	.LASF93
ARM GAS  C:\Users\jlabe\AppData\Local\Temp\ccSDnxAc.s 			page 12


 608 0459 04       		.byte	0x4
 609 045a 8F       		.byte	0x8f
 610 045b CE000000 		.4byte	0xce
 611 045f 8C       		.byte	0x8c
 612 0460 07       		.uleb128 0x7
 613 0461 5B060000 		.4byte	.LASF94
 614 0465 04       		.byte	0x4
 615 0466 90       		.byte	0x90
 616 0467 CE000000 		.4byte	0xce
 617 046b 90       		.byte	0x90
 618 046c 07       		.uleb128 0x7
 619 046d 2E040000 		.4byte	.LASF95
 620 0471 04       		.byte	0x4
 621 0472 91       		.byte	0x91
 622 0473 CE000000 		.4byte	0xce
 623 0477 94       		.byte	0x94
 624 0478 07       		.uleb128 0x7
 625 0479 13060000 		.4byte	.LASF96
 626 047d 04       		.byte	0x4
 627 047e 92       		.byte	0x92
 628 047f CE000000 		.4byte	0xce
 629 0483 98       		.byte	0x98
 630 0484 07       		.uleb128 0x7
 631 0485 720C0000 		.4byte	.LASF97
 632 0489 04       		.byte	0x4
 633 048a 93       		.byte	0x93
 634 048b CE000000 		.4byte	0xce
 635 048f 9C       		.byte	0x9c
 636 0490 07       		.uleb128 0x7
 637 0491 8A010000 		.4byte	.LASF98
 638 0495 04       		.byte	0x4
 639 0496 94       		.byte	0x94
 640 0497 CE000000 		.4byte	0xce
 641 049b A0       		.byte	0xa0
 642 049c 07       		.uleb128 0x7
 643 049d 9F020000 		.4byte	.LASF99
 644 04a1 04       		.byte	0x4
 645 04a2 95       		.byte	0x95
 646 04a3 B8000000 		.4byte	0xb8
 647 04a7 A4       		.byte	0xa4
 648 04a8 07       		.uleb128 0x7
 649 04a9 C10B0000 		.4byte	.LASF100
 650 04ad 04       		.byte	0x4
 651 04ae 96       		.byte	0x96
 652 04af B8000000 		.4byte	0xb8
 653 04b3 A6       		.byte	0xa6
 654 04b4 07       		.uleb128 0x7
 655 04b5 33080000 		.4byte	.LASF101
 656 04b9 04       		.byte	0x4
 657 04ba 97       		.byte	0x97
 658 04bb B8000000 		.4byte	0xb8
 659 04bf A8       		.byte	0xa8
 660 04c0 07       		.uleb128 0x7
 661 04c1 C0090000 		.4byte	.LASF102
 662 04c5 04       		.byte	0x4
 663 04c6 98       		.byte	0x98
 664 04c7 B8000000 		.4byte	0xb8
ARM GAS  C:\Users\jlabe\AppData\Local\Temp\ccSDnxAc.s 			page 13


 665 04cb AA       		.byte	0xaa
 666 04cc 07       		.uleb128 0x7
 667 04cd 7B050000 		.4byte	.LASF103
 668 04d1 04       		.byte	0x4
 669 04d2 99       		.byte	0x99
 670 04d3 B8000000 		.4byte	0xb8
 671 04d7 AC       		.byte	0xac
 672 04d8 07       		.uleb128 0x7
 673 04d9 E2060000 		.4byte	.LASF104
 674 04dd 04       		.byte	0x4
 675 04de 9A       		.byte	0x9a
 676 04df B8000000 		.4byte	0xb8
 677 04e3 AE       		.byte	0xae
 678 04e4 07       		.uleb128 0x7
 679 04e5 3B070000 		.4byte	.LASF105
 680 04e9 04       		.byte	0x4
 681 04ea 9D       		.byte	0x9d
 682 04eb B8000000 		.4byte	0xb8
 683 04ef B0       		.byte	0xb0
 684 04f0 07       		.uleb128 0x7
 685 04f1 6C000000 		.4byte	.LASF106
 686 04f5 04       		.byte	0x4
 687 04f6 9E       		.byte	0x9e
 688 04f7 CE000000 		.4byte	0xce
 689 04fb B4       		.byte	0xb4
 690 04fc 00       		.byte	0
 691 04fd 03       		.uleb128 0x3
 692 04fe C0050000 		.4byte	.LASF107
 693 0502 04       		.byte	0x4
 694 0503 9F       		.byte	0x9f
 695 0504 EC000000 		.4byte	0xec
 696 0508 02       		.uleb128 0x2
 697 0509 01       		.byte	0x1
 698 050a 08       		.byte	0x8
 699 050b A4090000 		.4byte	.LASF108
 700 050f 02       		.uleb128 0x2
 701 0510 04       		.byte	0x4
 702 0511 04       		.byte	0x4
 703 0512 04080000 		.4byte	.LASF109
 704 0516 02       		.uleb128 0x2
 705 0517 08       		.byte	0x8
 706 0518 04       		.byte	0x4
 707 0519 8D030000 		.4byte	.LASF110
 708 051d 08       		.uleb128 0x8
 709 051e 04       		.byte	0x4
 710 051f 02       		.uleb128 0x2
 711 0520 01       		.byte	0x1
 712 0521 02       		.byte	0x2
 713 0522 75080000 		.4byte	.LASF111
 714 0526 09       		.uleb128 0x9
 715 0527 01       		.byte	0x1
 716 0528 3E000000 		.4byte	0x3e
 717 052c 05       		.byte	0x5
 718 052d 2402     		.2byte	0x224
 719 052f 40050000 		.4byte	0x540
 720 0533 0A       		.uleb128 0xa
 721 0534 66080000 		.4byte	.LASF112
ARM GAS  C:\Users\jlabe\AppData\Local\Temp\ccSDnxAc.s 			page 14


 722 0538 00       		.byte	0
 723 0539 0A       		.uleb128 0xa
 724 053a 4B030000 		.4byte	.LASF113
 725 053e 01       		.byte	0x1
 726 053f 00       		.byte	0
 727 0540 0B       		.uleb128 0xb
 728 0541 A90B0000 		.4byte	.LASF114
 729 0545 05       		.byte	0x5
 730 0546 2702     		.2byte	0x227
 731 0548 26050000 		.4byte	0x526
 732 054c 0B       		.uleb128 0xb
 733 054d 09030000 		.4byte	.LASF115
 734 0551 05       		.byte	0x5
 735 0552 3902     		.2byte	0x239
 736 0554 58050000 		.4byte	0x558
 737 0558 0C       		.uleb128 0xc
 738 0559 04       		.byte	0x4
 739 055a 5E050000 		.4byte	0x55e
 740 055e 0D       		.uleb128 0xd
 741 055f 69050000 		.4byte	0x569
 742 0563 0E       		.uleb128 0xe
 743 0564 CE000000 		.4byte	0xce
 744 0568 00       		.byte	0
 745 0569 0B       		.uleb128 0xb
 746 056a 05090000 		.4byte	.LASF116
 747 056e 05       		.byte	0x5
 748 056f 4402     		.2byte	0x244
 749 0571 75050000 		.4byte	0x575
 750 0575 0C       		.uleb128 0xc
 751 0576 04       		.byte	0x4
 752 0577 7B050000 		.4byte	0x57b
 753 057b 0F       		.uleb128 0xf
 754 057c 40050000 		.4byte	0x540
 755 0580 8A050000 		.4byte	0x58a
 756 0584 0E       		.uleb128 0xe
 757 0585 CE000000 		.4byte	0xce
 758 0589 00       		.byte	0
 759 058a 10       		.uleb128 0x10
 760 058b DD010000 		.4byte	.LASF140
 761 058f 4C       		.byte	0x4c
 762 0590 05       		.byte	0x5
 763 0591 C302     		.2byte	0x2c3
 764 0593 A9060000 		.4byte	0x6a9
 765 0597 11       		.uleb128 0x11
 766 0598 F10A0000 		.4byte	.LASF117
 767 059c 05       		.byte	0x5
 768 059d C602     		.2byte	0x2c6
 769 059f 1F050000 		.4byte	0x51f
 770 05a3 00       		.byte	0
 771 05a4 11       		.uleb128 0x11
 772 05a5 54050000 		.4byte	.LASF118
 773 05a9 05       		.byte	0x5
 774 05aa C702     		.2byte	0x2c7
 775 05ac 1F050000 		.4byte	0x51f
 776 05b0 01       		.byte	0x1
 777 05b1 11       		.uleb128 0x11
 778 05b2 03030000 		.4byte	.LASF119
ARM GAS  C:\Users\jlabe\AppData\Local\Temp\ccSDnxAc.s 			page 15


 779 05b6 05       		.byte	0x5
 780 05b7 C902     		.2byte	0x2c9
 781 05b9 E0000000 		.4byte	0xe0
 782 05bd 04       		.byte	0x4
 783 05be 11       		.uleb128 0x11
 784 05bf A0010000 		.4byte	.LASF120
 785 05c3 05       		.byte	0x5
 786 05c4 CB02     		.2byte	0x2cb
 787 05c6 E0000000 		.4byte	0xe0
 788 05ca 08       		.byte	0x8
 789 05cb 11       		.uleb128 0x11
 790 05cc E8080000 		.4byte	.LASF121
 791 05d0 05       		.byte	0x5
 792 05d1 CC02     		.2byte	0x2cc
 793 05d3 1F050000 		.4byte	0x51f
 794 05d7 0C       		.byte	0xc
 795 05d8 11       		.uleb128 0x11
 796 05d9 3F030000 		.4byte	.LASF122
 797 05dd 05       		.byte	0x5
 798 05de CD02     		.2byte	0x2cd
 799 05e0 1F050000 		.4byte	0x51f
 800 05e4 0D       		.byte	0xd
 801 05e5 11       		.uleb128 0x11
 802 05e6 0D0A0000 		.4byte	.LASF123
 803 05ea 05       		.byte	0x5
 804 05eb CF02     		.2byte	0x2cf
 805 05ed A9060000 		.4byte	0x6a9
 806 05f1 10       		.byte	0x10
 807 05f2 11       		.uleb128 0x11
 808 05f3 AF080000 		.4byte	.LASF124
 809 05f7 05       		.byte	0x5
 810 05f8 D002     		.2byte	0x2d0
 811 05fa CE000000 		.4byte	0xce
 812 05fe 14       		.byte	0x14
 813 05ff 11       		.uleb128 0x11
 814 0600 AA060000 		.4byte	.LASF125
 815 0604 05       		.byte	0x5
 816 0605 D102     		.2byte	0x2d1
 817 0607 E0000000 		.4byte	0xe0
 818 060b 18       		.byte	0x18
 819 060c 11       		.uleb128 0x11
 820 060d 3D090000 		.4byte	.LASF126
 821 0611 05       		.byte	0x5
 822 0612 D202     		.2byte	0x2d2
 823 0614 E0000000 		.4byte	0xe0
 824 0618 1C       		.byte	0x1c
 825 0619 11       		.uleb128 0x11
 826 061a CB000000 		.4byte	.LASF127
 827 061e 05       		.byte	0x5
 828 061f D402     		.2byte	0x2d4
 829 0621 E0000000 		.4byte	0xe0
 830 0625 20       		.byte	0x20
 831 0626 11       		.uleb128 0x11
 832 0627 A5040000 		.4byte	.LASF128
 833 062b 05       		.byte	0x5
 834 062c D502     		.2byte	0x2d5
 835 062e AF060000 		.4byte	0x6af
ARM GAS  C:\Users\jlabe\AppData\Local\Temp\ccSDnxAc.s 			page 16


 836 0632 24       		.byte	0x24
 837 0633 11       		.uleb128 0x11
 838 0634 5A0B0000 		.4byte	.LASF129
 839 0638 05       		.byte	0x5
 840 0639 D702     		.2byte	0x2d7
 841 063b A9060000 		.4byte	0x6a9
 842 063f 28       		.byte	0x28
 843 0640 11       		.uleb128 0x11
 844 0641 680B0000 		.4byte	.LASF130
 845 0645 05       		.byte	0x5
 846 0646 D802     		.2byte	0x2d8
 847 0648 CE000000 		.4byte	0xce
 848 064c 2C       		.byte	0x2c
 849 064d 11       		.uleb128 0x11
 850 064e 8B040000 		.4byte	.LASF131
 851 0652 05       		.byte	0x5
 852 0653 D902     		.2byte	0x2d9
 853 0655 E0000000 		.4byte	0xe0
 854 0659 30       		.byte	0x30
 855 065a 11       		.uleb128 0x11
 856 065b 4C090000 		.4byte	.LASF132
 857 065f 05       		.byte	0x5
 858 0660 DA02     		.2byte	0x2da
 859 0662 E0000000 		.4byte	0xe0
 860 0666 34       		.byte	0x34
 861 0667 11       		.uleb128 0x11
 862 0668 29060000 		.4byte	.LASF133
 863 066c 05       		.byte	0x5
 864 066d DC02     		.2byte	0x2dc
 865 066f A9060000 		.4byte	0x6a9
 866 0673 38       		.byte	0x38
 867 0674 11       		.uleb128 0x11
 868 0675 8D020000 		.4byte	.LASF134
 869 0679 05       		.byte	0x5
 870 067a DD02     		.2byte	0x2dd
 871 067c CE000000 		.4byte	0xce
 872 0680 3C       		.byte	0x3c
 873 0681 11       		.uleb128 0x11
 874 0682 CC010000 		.4byte	.LASF135
 875 0686 05       		.byte	0x5
 876 0687 DE02     		.2byte	0x2de
 877 0689 E0000000 		.4byte	0xe0
 878 068d 40       		.byte	0x40
 879 068e 11       		.uleb128 0x11
 880 068f 97050000 		.4byte	.LASF136
 881 0693 05       		.byte	0x5
 882 0694 E402     		.2byte	0x2e4
 883 0696 4C050000 		.4byte	0x54c
 884 069a 44       		.byte	0x44
 885 069b 11       		.uleb128 0x11
 886 069c EB030000 		.4byte	.LASF137
 887 06a0 05       		.byte	0x5
 888 06a1 EB02     		.2byte	0x2eb
 889 06a3 69050000 		.4byte	0x569
 890 06a7 48       		.byte	0x48
 891 06a8 00       		.byte	0
 892 06a9 0C       		.uleb128 0xc
ARM GAS  C:\Users\jlabe\AppData\Local\Temp\ccSDnxAc.s 			page 17


 893 06aa 04       		.byte	0x4
 894 06ab A2000000 		.4byte	0xa2
 895 06af 05       		.uleb128 0x5
 896 06b0 1F050000 		.4byte	0x51f
 897 06b4 0B       		.uleb128 0xb
 898 06b5 76090000 		.4byte	.LASF138
 899 06b9 05       		.byte	0x5
 900 06ba EE02     		.2byte	0x2ee
 901 06bc 8A050000 		.4byte	0x58a
 902 06c0 0B       		.uleb128 0xb
 903 06c1 B4020000 		.4byte	.LASF139
 904 06c5 06       		.byte	0x6
 905 06c6 F201     		.2byte	0x1f2
 906 06c8 58050000 		.4byte	0x558
 907 06cc 10       		.uleb128 0x10
 908 06cd 3C020000 		.4byte	.LASF141
 909 06d1 24       		.byte	0x24
 910 06d2 06       		.byte	0x6
 911 06d3 7402     		.2byte	0x274
 912 06d5 4F070000 		.4byte	0x74f
 913 06d9 11       		.uleb128 0x11
 914 06da A20B0000 		.4byte	.LASF142
 915 06de 06       		.byte	0x6
 916 06df 7702     		.2byte	0x277
 917 06e1 E0000000 		.4byte	0xe0
 918 06e5 00       		.byte	0
 919 06e6 11       		.uleb128 0x11
 920 06e7 540B0000 		.4byte	.LASF143
 921 06eb 06       		.byte	0x6
 922 06ec 7902     		.2byte	0x279
 923 06ee 1D050000 		.4byte	0x51d
 924 06f2 04       		.byte	0x4
 925 06f3 11       		.uleb128 0x11
 926 06f4 31000000 		.4byte	.LASF144
 927 06f8 06       		.byte	0x6
 928 06f9 7A02     		.2byte	0x27a
 929 06fb CE000000 		.4byte	0xce
 930 06ff 08       		.byte	0x8
 931 0700 11       		.uleb128 0x11
 932 0701 25040000 		.4byte	.LASF145
 933 0705 06       		.byte	0x6
 934 0706 7B02     		.2byte	0x27b
 935 0708 E0000000 		.4byte	0xe0
 936 070c 0C       		.byte	0xc
 937 070d 11       		.uleb128 0x11
 938 070e BA050000 		.4byte	.LASF146
 939 0712 06       		.byte	0x6
 940 0713 7D02     		.2byte	0x27d
 941 0715 1D050000 		.4byte	0x51d
 942 0719 10       		.byte	0x10
 943 071a 11       		.uleb128 0x11
 944 071b 43040000 		.4byte	.LASF147
 945 071f 06       		.byte	0x6
 946 0720 7E02     		.2byte	0x27e
 947 0722 CE000000 		.4byte	0xce
 948 0726 14       		.byte	0x14
 949 0727 11       		.uleb128 0x11
ARM GAS  C:\Users\jlabe\AppData\Local\Temp\ccSDnxAc.s 			page 18


 950 0728 E80C0000 		.4byte	.LASF148
 951 072c 06       		.byte	0x6
 952 072d 7F02     		.2byte	0x27f
 953 072f E0000000 		.4byte	0xe0
 954 0733 18       		.byte	0x18
 955 0734 11       		.uleb128 0x11
 956 0735 97050000 		.4byte	.LASF136
 957 0739 06       		.byte	0x6
 958 073a 8502     		.2byte	0x285
 959 073c C0060000 		.4byte	0x6c0
 960 0740 1C       		.byte	0x1c
 961 0741 11       		.uleb128 0x11
 962 0742 4C0B0000 		.4byte	.LASF149
 963 0746 06       		.byte	0x6
 964 0747 8802     		.2byte	0x288
 965 0749 CE000000 		.4byte	0xce
 966 074d 20       		.byte	0x20
 967 074e 00       		.byte	0
 968 074f 0B       		.uleb128 0xb
 969 0750 D0050000 		.4byte	.LASF150
 970 0754 06       		.byte	0x6
 971 0755 8B02     		.2byte	0x28b
 972 0757 CC060000 		.4byte	0x6cc
 973 075b 0B       		.uleb128 0xb
 974 075c 0C050000 		.4byte	.LASF151
 975 0760 07       		.byte	0x7
 976 0761 D901     		.2byte	0x1d9
 977 0763 58050000 		.4byte	0x558
 978 0767 10       		.uleb128 0x10
 979 0768 BF0C0000 		.4byte	.LASF152
 980 076c 38       		.byte	0x38
 981 076d 07       		.byte	0x7
 982 076e 7502     		.2byte	0x275
 983 0770 2B080000 		.4byte	0x82b
 984 0774 11       		.uleb128 0x11
 985 0775 4B050000 		.4byte	.LASF153
 986 0779 07       		.byte	0x7
 987 077a 7802     		.2byte	0x278
 988 077c E0000000 		.4byte	0xe0
 989 0780 00       		.byte	0
 990 0781 11       		.uleb128 0x11
 991 0782 0C070000 		.4byte	.LASF154
 992 0786 07       		.byte	0x7
 993 0787 7902     		.2byte	0x279
 994 0789 E0000000 		.4byte	0xe0
 995 078d 04       		.byte	0x4
 996 078e 11       		.uleb128 0x11
 997 078f 80010000 		.4byte	.LASF155
 998 0793 07       		.byte	0x7
 999 0794 7B02     		.2byte	0x27b
 1000 0796 1D050000 		.4byte	0x51d
 1001 079a 08       		.byte	0x8
 1002 079b 11       		.uleb128 0x11
 1003 079c 4E0A0000 		.4byte	.LASF156
 1004 07a0 07       		.byte	0x7
 1005 07a1 7C02     		.2byte	0x27c
 1006 07a3 CE000000 		.4byte	0xce
ARM GAS  C:\Users\jlabe\AppData\Local\Temp\ccSDnxAc.s 			page 19


 1007 07a7 0C       		.byte	0xc
 1008 07a8 11       		.uleb128 0x11
 1009 07a9 05060000 		.4byte	.LASF157
 1010 07ad 07       		.byte	0x7
 1011 07ae 7D02     		.2byte	0x27d
 1012 07b0 E0000000 		.4byte	0xe0
 1013 07b4 10       		.byte	0x10
 1014 07b5 11       		.uleb128 0x11
 1015 07b6 0A080000 		.4byte	.LASF158
 1016 07ba 07       		.byte	0x7
 1017 07bb 7E02     		.2byte	0x27e
 1018 07bd E0000000 		.4byte	0xe0
 1019 07c1 14       		.byte	0x14
 1020 07c2 11       		.uleb128 0x11
 1021 07c3 540B0000 		.4byte	.LASF143
 1022 07c7 07       		.byte	0x7
 1023 07c8 8002     		.2byte	0x280
 1024 07ca 1D050000 		.4byte	0x51d
 1025 07ce 18       		.byte	0x18
 1026 07cf 11       		.uleb128 0x11
 1027 07d0 31000000 		.4byte	.LASF144
 1028 07d4 07       		.byte	0x7
 1029 07d5 8102     		.2byte	0x281
 1030 07d7 CE000000 		.4byte	0xce
 1031 07db 1C       		.byte	0x1c
 1032 07dc 11       		.uleb128 0x11
 1033 07dd 25040000 		.4byte	.LASF145
 1034 07e1 07       		.byte	0x7
 1035 07e2 8202     		.2byte	0x282
 1036 07e4 E0000000 		.4byte	0xe0
 1037 07e8 20       		.byte	0x20
 1038 07e9 11       		.uleb128 0x11
 1039 07ea BA050000 		.4byte	.LASF146
 1040 07ee 07       		.byte	0x7
 1041 07ef 8402     		.2byte	0x284
 1042 07f1 1D050000 		.4byte	0x51d
 1043 07f5 24       		.byte	0x24
 1044 07f6 11       		.uleb128 0x11
 1045 07f7 43040000 		.4byte	.LASF147
 1046 07fb 07       		.byte	0x7
 1047 07fc 8502     		.2byte	0x285
 1048 07fe CE000000 		.4byte	0xce
 1049 0802 28       		.byte	0x28
 1050 0803 11       		.uleb128 0x11
 1051 0804 68020000 		.4byte	.LASF159
 1052 0808 07       		.byte	0x7
 1053 0809 8602     		.2byte	0x286
 1054 080b E0000000 		.4byte	0xe0
 1055 080f 2C       		.byte	0x2c
 1056 0810 11       		.uleb128 0x11
 1057 0811 97050000 		.4byte	.LASF136
 1058 0815 07       		.byte	0x7
 1059 0816 8B02     		.2byte	0x28b
 1060 0818 5B070000 		.4byte	0x75b
 1061 081c 30       		.byte	0x30
 1062 081d 11       		.uleb128 0x11
 1063 081e 4C0B0000 		.4byte	.LASF149
ARM GAS  C:\Users\jlabe\AppData\Local\Temp\ccSDnxAc.s 			page 20


 1064 0822 07       		.byte	0x7
 1065 0823 8E02     		.2byte	0x28e
 1066 0825 CE000000 		.4byte	0xce
 1067 0829 34       		.byte	0x34
 1068 082a 00       		.byte	0
 1069 082b 0B       		.uleb128 0xb
 1070 082c 7A0B0000 		.4byte	.LASF160
 1071 0830 07       		.byte	0x7
 1072 0831 9102     		.2byte	0x291
 1073 0833 67070000 		.4byte	0x767
 1074 0837 12       		.uleb128 0x12
 1075 0838 70060000 		.4byte	.LASF161
 1076 083c 4C       		.byte	0x4c
 1077 083d 08       		.byte	0x8
 1078 083e 2F       		.byte	0x2f
 1079 083f 28090000 		.4byte	0x928
 1080 0843 07       		.uleb128 0x7
 1081 0844 2A010000 		.4byte	.LASF162
 1082 0848 08       		.byte	0x8
 1083 0849 31       		.byte	0x31
 1084 084a CE000000 		.4byte	0xce
 1085 084e 00       		.byte	0
 1086 084f 07       		.uleb128 0x7
 1087 0850 61010000 		.4byte	.LASF163
 1088 0854 08       		.byte	0x8
 1089 0855 33       		.byte	0x33
 1090 0856 CE000000 		.4byte	0xce
 1091 085a 04       		.byte	0x4
 1092 085b 07       		.uleb128 0x7
 1093 085c 12000000 		.4byte	.LASF164
 1094 0860 08       		.byte	0x8
 1095 0861 34       		.byte	0x34
 1096 0862 CE000000 		.4byte	0xce
 1097 0866 08       		.byte	0x8
 1098 0867 07       		.uleb128 0x7
 1099 0868 03010000 		.4byte	.LASF165
 1100 086c 08       		.byte	0x8
 1101 086d 35       		.byte	0x35
 1102 086e CE000000 		.4byte	0xce
 1103 0872 0C       		.byte	0xc
 1104 0873 07       		.uleb128 0x7
 1105 0874 2C090000 		.4byte	.LASF166
 1106 0878 08       		.byte	0x8
 1107 0879 37       		.byte	0x37
 1108 087a CE000000 		.4byte	0xce
 1109 087e 10       		.byte	0x10
 1110 087f 07       		.uleb128 0x7
 1111 0880 8F090000 		.4byte	.LASF167
 1112 0884 08       		.byte	0x8
 1113 0885 38       		.byte	0x38
 1114 0886 CE000000 		.4byte	0xce
 1115 088a 14       		.byte	0x14
 1116 088b 07       		.uleb128 0x7
 1117 088c 270B0000 		.4byte	.LASF168
 1118 0890 08       		.byte	0x8
 1119 0891 39       		.byte	0x39
 1120 0892 CE000000 		.4byte	0xce
ARM GAS  C:\Users\jlabe\AppData\Local\Temp\ccSDnxAc.s 			page 21


 1121 0896 18       		.byte	0x18
 1122 0897 07       		.uleb128 0x7
 1123 0898 ED040000 		.4byte	.LASF169
 1124 089c 08       		.byte	0x8
 1125 089d 3A       		.byte	0x3a
 1126 089e 1F050000 		.4byte	0x51f
 1127 08a2 1C       		.byte	0x1c
 1128 08a3 07       		.uleb128 0x7
 1129 08a4 4D040000 		.4byte	.LASF170
 1130 08a8 08       		.byte	0x8
 1131 08a9 3C       		.byte	0x3c
 1132 08aa CE000000 		.4byte	0xce
 1133 08ae 20       		.byte	0x20
 1134 08af 07       		.uleb128 0x7
 1135 08b0 B4030000 		.4byte	.LASF171
 1136 08b4 08       		.byte	0x8
 1137 08b5 3D       		.byte	0x3d
 1138 08b6 CE000000 		.4byte	0xce
 1139 08ba 24       		.byte	0x24
 1140 08bb 07       		.uleb128 0x7
 1141 08bc 3D010000 		.4byte	.LASF172
 1142 08c0 08       		.byte	0x8
 1143 08c1 3F       		.byte	0x3f
 1144 08c2 CE000000 		.4byte	0xce
 1145 08c6 28       		.byte	0x28
 1146 08c7 07       		.uleb128 0x7
 1147 08c8 550C0000 		.4byte	.LASF173
 1148 08cc 08       		.byte	0x8
 1149 08cd 40       		.byte	0x40
 1150 08ce CE000000 		.4byte	0xce
 1151 08d2 2C       		.byte	0x2c
 1152 08d3 07       		.uleb128 0x7
 1153 08d4 5C0A0000 		.4byte	.LASF174
 1154 08d8 08       		.byte	0x8
 1155 08d9 42       		.byte	0x42
 1156 08da CE000000 		.4byte	0xce
 1157 08de 30       		.byte	0x30
 1158 08df 07       		.uleb128 0x7
 1159 08e0 FB0A0000 		.4byte	.LASF175
 1160 08e4 08       		.byte	0x8
 1161 08e5 43       		.byte	0x43
 1162 08e6 CE000000 		.4byte	0xce
 1163 08ea 34       		.byte	0x34
 1164 08eb 07       		.uleb128 0x7
 1165 08ec 37060000 		.4byte	.LASF176
 1166 08f0 08       		.byte	0x8
 1167 08f1 45       		.byte	0x45
 1168 08f2 CE000000 		.4byte	0xce
 1169 08f6 38       		.byte	0x38
 1170 08f7 07       		.uleb128 0x7
 1171 08f8 12010000 		.4byte	.LASF177
 1172 08fc 08       		.byte	0x8
 1173 08fd 46       		.byte	0x46
 1174 08fe CE000000 		.4byte	0xce
 1175 0902 3C       		.byte	0x3c
 1176 0903 07       		.uleb128 0x7
 1177 0904 990A0000 		.4byte	.LASF178
ARM GAS  C:\Users\jlabe\AppData\Local\Temp\ccSDnxAc.s 			page 22


 1178 0908 08       		.byte	0x8
 1179 0909 48       		.byte	0x48
 1180 090a CE000000 		.4byte	0xce
 1181 090e 40       		.byte	0x40
 1182 090f 07       		.uleb128 0x7
 1183 0910 880C0000 		.4byte	.LASF179
 1184 0914 08       		.byte	0x8
 1185 0915 49       		.byte	0x49
 1186 0916 CE000000 		.4byte	0xce
 1187 091a 44       		.byte	0x44
 1188 091b 07       		.uleb128 0x7
 1189 091c A9090000 		.4byte	.LASF180
 1190 0920 08       		.byte	0x8
 1191 0921 4B       		.byte	0x4b
 1192 0922 CE000000 		.4byte	0xce
 1193 0926 48       		.byte	0x48
 1194 0927 00       		.byte	0
 1195 0928 03       		.uleb128 0x3
 1196 0929 1E020000 		.4byte	.LASF181
 1197 092d 08       		.byte	0x8
 1198 092e 4C       		.byte	0x4c
 1199 092f 37080000 		.4byte	0x837
 1200 0933 12       		.uleb128 0x12
 1201 0934 EB020000 		.4byte	.LASF182
 1202 0938 64       		.byte	0x64
 1203 0939 09       		.byte	0x9
 1204 093a 2F       		.byte	0x2f
 1205 093b 6C0A0000 		.4byte	0xa6c
 1206 093f 07       		.uleb128 0x7
 1207 0940 FC070000 		.4byte	.LASF183
 1208 0944 09       		.byte	0x9
 1209 0945 31       		.byte	0x31
 1210 0946 CE000000 		.4byte	0xce
 1211 094a 00       		.byte	0
 1212 094b 07       		.uleb128 0x7
 1213 094c 61010000 		.4byte	.LASF163
 1214 0950 09       		.byte	0x9
 1215 0951 33       		.byte	0x33
 1216 0952 CE000000 		.4byte	0xce
 1217 0956 04       		.byte	0x4
 1218 0957 07       		.uleb128 0x7
 1219 0958 A6000000 		.4byte	.LASF184
 1220 095c 09       		.byte	0x9
 1221 095d 34       		.byte	0x34
 1222 095e CE000000 		.4byte	0xce
 1223 0962 08       		.byte	0x8
 1224 0963 07       		.uleb128 0x7
 1225 0964 F6050000 		.4byte	.LASF185
 1226 0968 09       		.byte	0x9
 1227 0969 35       		.byte	0x35
 1228 096a CE000000 		.4byte	0xce
 1229 096e 0C       		.byte	0xc
 1230 096f 07       		.uleb128 0x7
 1231 0970 12000000 		.4byte	.LASF164
 1232 0974 09       		.byte	0x9
 1233 0975 36       		.byte	0x36
 1234 0976 CE000000 		.4byte	0xce
ARM GAS  C:\Users\jlabe\AppData\Local\Temp\ccSDnxAc.s 			page 23


 1235 097a 10       		.byte	0x10
 1236 097b 07       		.uleb128 0x7
 1237 097c 170B0000 		.4byte	.LASF186
 1238 0980 09       		.byte	0x9
 1239 0981 37       		.byte	0x37
 1240 0982 CE000000 		.4byte	0xce
 1241 0986 14       		.byte	0x14
 1242 0987 07       		.uleb128 0x7
 1243 0988 1F0B0000 		.4byte	.LASF187
 1244 098c 09       		.byte	0x9
 1245 098d 38       		.byte	0x38
 1246 098e CE000000 		.4byte	0xce
 1247 0992 18       		.byte	0x18
 1248 0993 07       		.uleb128 0x7
 1249 0994 F4080000 		.4byte	.LASF188
 1250 0998 09       		.byte	0x9
 1251 0999 39       		.byte	0x39
 1252 099a 1F050000 		.4byte	0x51f
 1253 099e 1C       		.byte	0x1c
 1254 099f 07       		.uleb128 0x7
 1255 09a0 8F090000 		.4byte	.LASF167
 1256 09a4 09       		.byte	0x9
 1257 09a5 3A       		.byte	0x3a
 1258 09a6 CE000000 		.4byte	0xce
 1259 09aa 20       		.byte	0x20
 1260 09ab 07       		.uleb128 0x7
 1261 09ac 270B0000 		.4byte	.LASF168
 1262 09b0 09       		.byte	0x9
 1263 09b1 3B       		.byte	0x3b
 1264 09b2 CE000000 		.4byte	0xce
 1265 09b6 24       		.byte	0x24
 1266 09b7 07       		.uleb128 0x7
 1267 09b8 ED040000 		.4byte	.LASF169
 1268 09bc 09       		.byte	0x9
 1269 09bd 3C       		.byte	0x3c
 1270 09be 1F050000 		.4byte	0x51f
 1271 09c2 28       		.byte	0x28
 1272 09c3 07       		.uleb128 0x7
 1273 09c4 4D040000 		.4byte	.LASF170
 1274 09c8 09       		.byte	0x9
 1275 09c9 3E       		.byte	0x3e
 1276 09ca CE000000 		.4byte	0xce
 1277 09ce 2C       		.byte	0x2c
 1278 09cf 07       		.uleb128 0x7
 1279 09d0 E9050000 		.4byte	.LASF189
 1280 09d4 09       		.byte	0x9
 1281 09d5 3F       		.byte	0x3f
 1282 09d6 CE000000 		.4byte	0xce
 1283 09da 30       		.byte	0x30
 1284 09db 07       		.uleb128 0x7
 1285 09dc D60B0000 		.4byte	.LASF190
 1286 09e0 09       		.byte	0x9
 1287 09e1 40       		.byte	0x40
 1288 09e2 CE000000 		.4byte	0xce
 1289 09e6 34       		.byte	0x34
 1290 09e7 07       		.uleb128 0x7
 1291 09e8 55080000 		.4byte	.LASF191
ARM GAS  C:\Users\jlabe\AppData\Local\Temp\ccSDnxAc.s 			page 24


 1292 09ec 09       		.byte	0x9
 1293 09ed 41       		.byte	0x41
 1294 09ee CE000000 		.4byte	0xce
 1295 09f2 38       		.byte	0x38
 1296 09f3 07       		.uleb128 0x7
 1297 09f4 5E050000 		.4byte	.LASF192
 1298 09f8 09       		.byte	0x9
 1299 09f9 42       		.byte	0x42
 1300 09fa CE000000 		.4byte	0xce
 1301 09fe 3C       		.byte	0x3c
 1302 09ff 07       		.uleb128 0x7
 1303 0a00 A0060000 		.4byte	.LASF193
 1304 0a04 09       		.byte	0x9
 1305 0a05 44       		.byte	0x44
 1306 0a06 CE000000 		.4byte	0xce
 1307 0a0a 40       		.byte	0x40
 1308 0a0b 07       		.uleb128 0x7
 1309 0a0c 550C0000 		.4byte	.LASF173
 1310 0a10 09       		.byte	0x9
 1311 0a11 45       		.byte	0x45
 1312 0a12 CE000000 		.4byte	0xce
 1313 0a16 44       		.byte	0x44
 1314 0a17 07       		.uleb128 0x7
 1315 0a18 5C0A0000 		.4byte	.LASF174
 1316 0a1c 09       		.byte	0x9
 1317 0a1d 47       		.byte	0x47
 1318 0a1e CE000000 		.4byte	0xce
 1319 0a22 48       		.byte	0x48
 1320 0a23 07       		.uleb128 0x7
 1321 0a24 FB0A0000 		.4byte	.LASF175
 1322 0a28 09       		.byte	0x9
 1323 0a29 48       		.byte	0x48
 1324 0a2a CE000000 		.4byte	0xce
 1325 0a2e 4C       		.byte	0x4c
 1326 0a2f 07       		.uleb128 0x7
 1327 0a30 37060000 		.4byte	.LASF176
 1328 0a34 09       		.byte	0x9
 1329 0a35 4A       		.byte	0x4a
 1330 0a36 CE000000 		.4byte	0xce
 1331 0a3a 50       		.byte	0x50
 1332 0a3b 07       		.uleb128 0x7
 1333 0a3c 89050000 		.4byte	.LASF194
 1334 0a40 09       		.byte	0x9
 1335 0a41 4B       		.byte	0x4b
 1336 0a42 CE000000 		.4byte	0xce
 1337 0a46 54       		.byte	0x54
 1338 0a47 07       		.uleb128 0x7
 1339 0a48 62000000 		.4byte	.LASF195
 1340 0a4c 09       		.byte	0x9
 1341 0a4d 4D       		.byte	0x4d
 1342 0a4e CE000000 		.4byte	0xce
 1343 0a52 58       		.byte	0x58
 1344 0a53 07       		.uleb128 0x7
 1345 0a54 880C0000 		.4byte	.LASF179
 1346 0a58 09       		.byte	0x9
 1347 0a59 4E       		.byte	0x4e
 1348 0a5a CE000000 		.4byte	0xce
ARM GAS  C:\Users\jlabe\AppData\Local\Temp\ccSDnxAc.s 			page 25


 1349 0a5e 5C       		.byte	0x5c
 1350 0a5f 07       		.uleb128 0x7
 1351 0a60 A9090000 		.4byte	.LASF180
 1352 0a64 09       		.byte	0x9
 1353 0a65 50       		.byte	0x50
 1354 0a66 CE000000 		.4byte	0xce
 1355 0a6a 60       		.byte	0x60
 1356 0a6b 00       		.byte	0
 1357 0a6c 03       		.uleb128 0x3
 1358 0a6d 3B0C0000 		.4byte	.LASF196
 1359 0a71 09       		.byte	0x9
 1360 0a72 51       		.byte	0x51
 1361 0a73 33090000 		.4byte	0x933
 1362 0a77 13       		.uleb128 0x13
 1363 0a78 300B0000 		.4byte	.LASF208
 1364 0a7c 01       		.byte	0x1
 1365 0a7d 13       		.byte	0x13
 1366 0a7e 00000000 		.4byte	.LFB688
 1367 0a82 02000000 		.4byte	.LFE688-.LFB688
 1368 0a86 01       		.uleb128 0x1
 1369 0a87 9C       		.byte	0x9c
 1370 0a88 14       		.uleb128 0x14
 1371 0a89 AD010000 		.4byte	.LASF197
 1372 0a8d 0A       		.byte	0xa
 1373 0a8e 0108     		.2byte	0x801
 1374 0a90 940A0000 		.4byte	0xa94
 1375 0a94 05       		.uleb128 0x5
 1376 0a95 C3000000 		.4byte	0xc3
 1377 0a99 15       		.uleb128 0x15
 1378 0a9a 29080000 		.4byte	.LASF198
 1379 0a9e 04       		.byte	0x4
 1380 0a9f A7       		.byte	0xa7
 1381 0aa0 A40A0000 		.4byte	0xaa4
 1382 0aa4 0C       		.uleb128 0xc
 1383 0aa5 04       		.byte	0x4
 1384 0aa6 AA0A0000 		.4byte	0xaaa
 1385 0aaa 16       		.uleb128 0x16
 1386 0aab FD040000 		.4byte	0x4fd
 1387 0aaf 15       		.uleb128 0x15
 1388 0ab0 E5090000 		.4byte	.LASF199
 1389 0ab4 0B       		.byte	0xb
 1390 0ab5 1F       		.byte	0x1f
 1391 0ab6 BA0A0000 		.4byte	0xaba
 1392 0aba 16       		.uleb128 0x16
 1393 0abb 6C0A0000 		.4byte	0xa6c
 1394 0abf 15       		.uleb128 0x15
 1395 0ac0 FC0B0000 		.4byte	.LASF200
 1396 0ac4 0C       		.byte	0xc
 1397 0ac5 1F       		.byte	0x1f
 1398 0ac6 CA0A0000 		.4byte	0xaca
 1399 0aca 16       		.uleb128 0x16
 1400 0acb 28090000 		.4byte	0x928
 1401 0acf 15       		.uleb128 0x15
 1402 0ad0 840A0000 		.4byte	.LASF201
 1403 0ad4 0D       		.byte	0xd
 1404 0ad5 5E       		.byte	0x5e
 1405 0ad6 4F070000 		.4byte	0x74f
ARM GAS  C:\Users\jlabe\AppData\Local\Temp\ccSDnxAc.s 			page 26


 1406 0ada 15       		.uleb128 0x15
 1407 0adb F2030000 		.4byte	.LASF202
 1408 0adf 0E       		.byte	0xe
 1409 0ae0 7F       		.byte	0x7f
 1410 0ae1 B4060000 		.4byte	0x6b4
 1411 0ae5 15       		.uleb128 0x15
 1412 0ae6 30030000 		.4byte	.LASF203
 1413 0aea 0F       		.byte	0xf
 1414 0aeb 87       		.byte	0x87
 1415 0aec 2B080000 		.4byte	0x82b
 1416 0af0 15       		.uleb128 0x15
 1417 0af1 A0050000 		.4byte	.LASF204
 1418 0af5 10       		.byte	0x10
 1419 0af6 7F       		.byte	0x7f
 1420 0af7 B4060000 		.4byte	0x6b4
 1421 0afb 00       		.byte	0
 1422              		.section	.debug_abbrev,"",%progbits
 1423              	.Ldebug_abbrev0:
 1424 0000 01       		.uleb128 0x1
 1425 0001 11       		.uleb128 0x11
 1426 0002 01       		.byte	0x1
 1427 0003 25       		.uleb128 0x25
 1428 0004 0E       		.uleb128 0xe
 1429 0005 13       		.uleb128 0x13
 1430 0006 0B       		.uleb128 0xb
 1431 0007 03       		.uleb128 0x3
 1432 0008 0E       		.uleb128 0xe
 1433 0009 1B       		.uleb128 0x1b
 1434 000a 0E       		.uleb128 0xe
 1435 000b 55       		.uleb128 0x55
 1436 000c 17       		.uleb128 0x17
 1437 000d 11       		.uleb128 0x11
 1438 000e 01       		.uleb128 0x1
 1439 000f 10       		.uleb128 0x10
 1440 0010 17       		.uleb128 0x17
 1441 0011 00       		.byte	0
 1442 0012 00       		.byte	0
 1443 0013 02       		.uleb128 0x2
 1444 0014 24       		.uleb128 0x24
 1445 0015 00       		.byte	0
 1446 0016 0B       		.uleb128 0xb
 1447 0017 0B       		.uleb128 0xb
 1448 0018 3E       		.uleb128 0x3e
 1449 0019 0B       		.uleb128 0xb
 1450 001a 03       		.uleb128 0x3
 1451 001b 0E       		.uleb128 0xe
 1452 001c 00       		.byte	0
 1453 001d 00       		.byte	0
 1454 001e 03       		.uleb128 0x3
 1455 001f 16       		.uleb128 0x16
 1456 0020 00       		.byte	0
 1457 0021 03       		.uleb128 0x3
 1458 0022 0E       		.uleb128 0xe
 1459 0023 3A       		.uleb128 0x3a
 1460 0024 0B       		.uleb128 0xb
 1461 0025 3B       		.uleb128 0x3b
 1462 0026 0B       		.uleb128 0xb
ARM GAS  C:\Users\jlabe\AppData\Local\Temp\ccSDnxAc.s 			page 27


 1463 0027 49       		.uleb128 0x49
 1464 0028 13       		.uleb128 0x13
 1465 0029 00       		.byte	0
 1466 002a 00       		.byte	0
 1467 002b 04       		.uleb128 0x4
 1468 002c 24       		.uleb128 0x24
 1469 002d 00       		.byte	0
 1470 002e 0B       		.uleb128 0xb
 1471 002f 0B       		.uleb128 0xb
 1472 0030 3E       		.uleb128 0x3e
 1473 0031 0B       		.uleb128 0xb
 1474 0032 03       		.uleb128 0x3
 1475 0033 08       		.uleb128 0x8
 1476 0034 00       		.byte	0
 1477 0035 00       		.byte	0
 1478 0036 05       		.uleb128 0x5
 1479 0037 35       		.uleb128 0x35
 1480 0038 00       		.byte	0
 1481 0039 49       		.uleb128 0x49
 1482 003a 13       		.uleb128 0x13
 1483 003b 00       		.byte	0
 1484 003c 00       		.byte	0
 1485 003d 06       		.uleb128 0x6
 1486 003e 13       		.uleb128 0x13
 1487 003f 01       		.byte	0x1
 1488 0040 0B       		.uleb128 0xb
 1489 0041 0B       		.uleb128 0xb
 1490 0042 3A       		.uleb128 0x3a
 1491 0043 0B       		.uleb128 0xb
 1492 0044 3B       		.uleb128 0x3b
 1493 0045 0B       		.uleb128 0xb
 1494 0046 01       		.uleb128 0x1
 1495 0047 13       		.uleb128 0x13
 1496 0048 00       		.byte	0
 1497 0049 00       		.byte	0
 1498 004a 07       		.uleb128 0x7
 1499 004b 0D       		.uleb128 0xd
 1500 004c 00       		.byte	0
 1501 004d 03       		.uleb128 0x3
 1502 004e 0E       		.uleb128 0xe
 1503 004f 3A       		.uleb128 0x3a
 1504 0050 0B       		.uleb128 0xb
 1505 0051 3B       		.uleb128 0x3b
 1506 0052 0B       		.uleb128 0xb
 1507 0053 49       		.uleb128 0x49
 1508 0054 13       		.uleb128 0x13
 1509 0055 38       		.uleb128 0x38
 1510 0056 0B       		.uleb128 0xb
 1511 0057 00       		.byte	0
 1512 0058 00       		.byte	0
 1513 0059 08       		.uleb128 0x8
 1514 005a 0F       		.uleb128 0xf
 1515 005b 00       		.byte	0
 1516 005c 0B       		.uleb128 0xb
 1517 005d 0B       		.uleb128 0xb
 1518 005e 00       		.byte	0
 1519 005f 00       		.byte	0
ARM GAS  C:\Users\jlabe\AppData\Local\Temp\ccSDnxAc.s 			page 28


 1520 0060 09       		.uleb128 0x9
 1521 0061 04       		.uleb128 0x4
 1522 0062 01       		.byte	0x1
 1523 0063 0B       		.uleb128 0xb
 1524 0064 0B       		.uleb128 0xb
 1525 0065 49       		.uleb128 0x49
 1526 0066 13       		.uleb128 0x13
 1527 0067 3A       		.uleb128 0x3a
 1528 0068 0B       		.uleb128 0xb
 1529 0069 3B       		.uleb128 0x3b
 1530 006a 05       		.uleb128 0x5
 1531 006b 01       		.uleb128 0x1
 1532 006c 13       		.uleb128 0x13
 1533 006d 00       		.byte	0
 1534 006e 00       		.byte	0
 1535 006f 0A       		.uleb128 0xa
 1536 0070 28       		.uleb128 0x28
 1537 0071 00       		.byte	0
 1538 0072 03       		.uleb128 0x3
 1539 0073 0E       		.uleb128 0xe
 1540 0074 1C       		.uleb128 0x1c
 1541 0075 0B       		.uleb128 0xb
 1542 0076 00       		.byte	0
 1543 0077 00       		.byte	0
 1544 0078 0B       		.uleb128 0xb
 1545 0079 16       		.uleb128 0x16
 1546 007a 00       		.byte	0
 1547 007b 03       		.uleb128 0x3
 1548 007c 0E       		.uleb128 0xe
 1549 007d 3A       		.uleb128 0x3a
 1550 007e 0B       		.uleb128 0xb
 1551 007f 3B       		.uleb128 0x3b
 1552 0080 05       		.uleb128 0x5
 1553 0081 49       		.uleb128 0x49
 1554 0082 13       		.uleb128 0x13
 1555 0083 00       		.byte	0
 1556 0084 00       		.byte	0
 1557 0085 0C       		.uleb128 0xc
 1558 0086 0F       		.uleb128 0xf
 1559 0087 00       		.byte	0
 1560 0088 0B       		.uleb128 0xb
 1561 0089 0B       		.uleb128 0xb
 1562 008a 49       		.uleb128 0x49
 1563 008b 13       		.uleb128 0x13
 1564 008c 00       		.byte	0
 1565 008d 00       		.byte	0
 1566 008e 0D       		.uleb128 0xd
 1567 008f 15       		.uleb128 0x15
 1568 0090 01       		.byte	0x1
 1569 0091 27       		.uleb128 0x27
 1570 0092 19       		.uleb128 0x19
 1571 0093 01       		.uleb128 0x1
 1572 0094 13       		.uleb128 0x13
 1573 0095 00       		.byte	0
 1574 0096 00       		.byte	0
 1575 0097 0E       		.uleb128 0xe
 1576 0098 05       		.uleb128 0x5
ARM GAS  C:\Users\jlabe\AppData\Local\Temp\ccSDnxAc.s 			page 29


 1577 0099 00       		.byte	0
 1578 009a 49       		.uleb128 0x49
 1579 009b 13       		.uleb128 0x13
 1580 009c 00       		.byte	0
 1581 009d 00       		.byte	0
 1582 009e 0F       		.uleb128 0xf
 1583 009f 15       		.uleb128 0x15
 1584 00a0 01       		.byte	0x1
 1585 00a1 27       		.uleb128 0x27
 1586 00a2 19       		.uleb128 0x19
 1587 00a3 49       		.uleb128 0x49
 1588 00a4 13       		.uleb128 0x13
 1589 00a5 01       		.uleb128 0x1
 1590 00a6 13       		.uleb128 0x13
 1591 00a7 00       		.byte	0
 1592 00a8 00       		.byte	0
 1593 00a9 10       		.uleb128 0x10
 1594 00aa 13       		.uleb128 0x13
 1595 00ab 01       		.byte	0x1
 1596 00ac 03       		.uleb128 0x3
 1597 00ad 0E       		.uleb128 0xe
 1598 00ae 0B       		.uleb128 0xb
 1599 00af 0B       		.uleb128 0xb
 1600 00b0 3A       		.uleb128 0x3a
 1601 00b1 0B       		.uleb128 0xb
 1602 00b2 3B       		.uleb128 0x3b
 1603 00b3 05       		.uleb128 0x5
 1604 00b4 01       		.uleb128 0x1
 1605 00b5 13       		.uleb128 0x13
 1606 00b6 00       		.byte	0
 1607 00b7 00       		.byte	0
 1608 00b8 11       		.uleb128 0x11
 1609 00b9 0D       		.uleb128 0xd
 1610 00ba 00       		.byte	0
 1611 00bb 03       		.uleb128 0x3
 1612 00bc 0E       		.uleb128 0xe
 1613 00bd 3A       		.uleb128 0x3a
 1614 00be 0B       		.uleb128 0xb
 1615 00bf 3B       		.uleb128 0x3b
 1616 00c0 05       		.uleb128 0x5
 1617 00c1 49       		.uleb128 0x49
 1618 00c2 13       		.uleb128 0x13
 1619 00c3 38       		.uleb128 0x38
 1620 00c4 0B       		.uleb128 0xb
 1621 00c5 00       		.byte	0
 1622 00c6 00       		.byte	0
 1623 00c7 12       		.uleb128 0x12
 1624 00c8 13       		.uleb128 0x13
 1625 00c9 01       		.byte	0x1
 1626 00ca 03       		.uleb128 0x3
 1627 00cb 0E       		.uleb128 0xe
 1628 00cc 0B       		.uleb128 0xb
 1629 00cd 0B       		.uleb128 0xb
 1630 00ce 3A       		.uleb128 0x3a
 1631 00cf 0B       		.uleb128 0xb
 1632 00d0 3B       		.uleb128 0x3b
 1633 00d1 0B       		.uleb128 0xb
ARM GAS  C:\Users\jlabe\AppData\Local\Temp\ccSDnxAc.s 			page 30


 1634 00d2 01       		.uleb128 0x1
 1635 00d3 13       		.uleb128 0x13
 1636 00d4 00       		.byte	0
 1637 00d5 00       		.byte	0
 1638 00d6 13       		.uleb128 0x13
 1639 00d7 2E       		.uleb128 0x2e
 1640 00d8 00       		.byte	0
 1641 00d9 3F       		.uleb128 0x3f
 1642 00da 19       		.uleb128 0x19
 1643 00db 03       		.uleb128 0x3
 1644 00dc 0E       		.uleb128 0xe
 1645 00dd 3A       		.uleb128 0x3a
 1646 00de 0B       		.uleb128 0xb
 1647 00df 3B       		.uleb128 0x3b
 1648 00e0 0B       		.uleb128 0xb
 1649 00e1 27       		.uleb128 0x27
 1650 00e2 19       		.uleb128 0x19
 1651 00e3 11       		.uleb128 0x11
 1652 00e4 01       		.uleb128 0x1
 1653 00e5 12       		.uleb128 0x12
 1654 00e6 06       		.uleb128 0x6
 1655 00e7 40       		.uleb128 0x40
 1656 00e8 18       		.uleb128 0x18
 1657 00e9 9742     		.uleb128 0x2117
 1658 00eb 19       		.uleb128 0x19
 1659 00ec 00       		.byte	0
 1660 00ed 00       		.byte	0
 1661 00ee 14       		.uleb128 0x14
 1662 00ef 34       		.uleb128 0x34
 1663 00f0 00       		.byte	0
 1664 00f1 03       		.uleb128 0x3
 1665 00f2 0E       		.uleb128 0xe
 1666 00f3 3A       		.uleb128 0x3a
 1667 00f4 0B       		.uleb128 0xb
 1668 00f5 3B       		.uleb128 0x3b
 1669 00f6 05       		.uleb128 0x5
 1670 00f7 49       		.uleb128 0x49
 1671 00f8 13       		.uleb128 0x13
 1672 00f9 3F       		.uleb128 0x3f
 1673 00fa 19       		.uleb128 0x19
 1674 00fb 3C       		.uleb128 0x3c
 1675 00fc 19       		.uleb128 0x19
 1676 00fd 00       		.byte	0
 1677 00fe 00       		.byte	0
 1678 00ff 15       		.uleb128 0x15
 1679 0100 34       		.uleb128 0x34
 1680 0101 00       		.byte	0
 1681 0102 03       		.uleb128 0x3
 1682 0103 0E       		.uleb128 0xe
 1683 0104 3A       		.uleb128 0x3a
 1684 0105 0B       		.uleb128 0xb
 1685 0106 3B       		.uleb128 0x3b
 1686 0107 0B       		.uleb128 0xb
 1687 0108 49       		.uleb128 0x49
 1688 0109 13       		.uleb128 0x13
 1689 010a 3F       		.uleb128 0x3f
 1690 010b 19       		.uleb128 0x19
ARM GAS  C:\Users\jlabe\AppData\Local\Temp\ccSDnxAc.s 			page 31


 1691 010c 3C       		.uleb128 0x3c
 1692 010d 19       		.uleb128 0x19
 1693 010e 00       		.byte	0
 1694 010f 00       		.byte	0
 1695 0110 16       		.uleb128 0x16
 1696 0111 26       		.uleb128 0x26
 1697 0112 00       		.byte	0
 1698 0113 49       		.uleb128 0x49
 1699 0114 13       		.uleb128 0x13
 1700 0115 00       		.byte	0
 1701 0116 00       		.byte	0
 1702 0117 00       		.byte	0
 1703              		.section	.debug_aranges,"",%progbits
 1704 0000 1C000000 		.4byte	0x1c
 1705 0004 0200     		.2byte	0x2
 1706 0006 00000000 		.4byte	.Ldebug_info0
 1707 000a 04       		.byte	0x4
 1708 000b 00       		.byte	0
 1709 000c 0000     		.2byte	0
 1710 000e 0000     		.2byte	0
 1711 0010 00000000 		.4byte	.LFB688
 1712 0014 02000000 		.4byte	.LFE688-.LFB688
 1713 0018 00000000 		.4byte	0
 1714 001c 00000000 		.4byte	0
 1715              		.section	.debug_ranges,"",%progbits
 1716              	.Ldebug_ranges0:
 1717 0000 00000000 		.4byte	.LFB688
 1718 0004 02000000 		.4byte	.LFE688
 1719 0008 00000000 		.4byte	0
 1720 000c 00000000 		.4byte	0
 1721              		.section	.debug_line,"",%progbits
 1722              	.Ldebug_line0:
 1723 0000 C2020000 		.section	.debug_str,"MS",%progbits,1
 1723      0200AD02 
 1723      00000201 
 1723      FB0E0D00 
 1723      01010101 
 1724              	.LASF56:
 1725 0000 70726F74 		.ascii	"protBusMasterMask\000"
 1725      4275734D 
 1725      61737465 
 1725      724D6173 
 1725      6B00
 1726              	.LASF164:
 1727 0012 72756E4D 		.ascii	"runMode\000"
 1727      6F646500 
 1728              	.LASF91:
 1729 001a 63707573 		.ascii	"cpussCm0ClockCtlOffset\000"
 1729      73436D30 
 1729      436C6F63 
 1729      6B43746C 
 1729      4F666673 
 1730              	.LASF144:
 1731 0031 72784275 		.ascii	"rxBufSize\000"
 1731      6653697A 
 1731      6500
 1732              	.LASF66:
ARM GAS  C:\Users\jlabe\AppData\Local\Temp\ccSDnxAc.s 			page 32


 1733 003b 666C6173 		.ascii	"flashCtlMainWs3Freq\000"
 1733      6843746C 
 1733      4D61696E 
 1733      57733346 
 1733      72657100 
 1734              	.LASF88:
 1735 004f 6770696F 		.ascii	"gpioPrtCfgInOffset\000"
 1735      50727443 
 1735      6667496E 
 1735      4F666673 
 1735      657400
 1736              	.LASF195:
 1737 0062 6B696C6C 		.ascii	"killInput\000"
 1737      496E7075 
 1737      7400
 1738              	.LASF106:
 1739 006c 6970634C 		.ascii	"ipcLockStatusOffset\000"
 1739      6F636B53 
 1739      74617475 
 1739      734F6666 
 1739      73657400 
 1740              	.LASF32:
 1741 0080 63727970 		.ascii	"cryptoVersion\000"
 1741      746F5665 
 1741      7273696F 
 1741      6E00
 1742              	.LASF70:
 1743 008e 64774368 		.ascii	"dwChCtlPrioPos\000"
 1743      43746C50 
 1743      72696F50 
 1743      6F7300
 1744              	.LASF28:
 1745 009d 70617373 		.ascii	"passBase\000"
 1745      42617365 
 1745      00
 1746              	.LASF184:
 1747 00a6 70776D41 		.ascii	"pwmAlignment\000"
 1747      6C69676E 
 1747      6D656E74 
 1747      00
 1748              	.LASF41:
 1749 00b3 63707573 		.ascii	"cpussIpcIrqNr\000"
 1749      73497063 
 1749      4972714E 
 1749      7200
 1750              	.LASF3:
 1751 00c1 5F5F7569 		.ascii	"__uint8_t\000"
 1751      6E74385F 
 1751      7400
 1752              	.LASF127:
 1753 00cb 736C6176 		.ascii	"slaveStatus\000"
 1753      65537461 
 1753      74757300 
 1754              	.LASF85:
 1755 00d7 70657269 		.ascii	"periDiv24_5CtlOffset\000"
 1755      44697632 
 1755      345F3543 
ARM GAS  C:\Users\jlabe\AppData\Local\Temp\ccSDnxAc.s 			page 33


 1755      746C4F66 
 1755      66736574 
 1756              	.LASF92:
 1757 00ec 63707573 		.ascii	"cpussCm4ClockCtlOffset\000"
 1757      73436D34 
 1757      436C6F63 
 1757      6B43746C 
 1757      4F666673 
 1758              	.LASF165:
 1759 0103 636F756E 		.ascii	"countDirection\000"
 1759      74446972 
 1759      65637469 
 1759      6F6E00
 1760              	.LASF177:
 1761 0112 73746F70 		.ascii	"stopInputMode\000"
 1761      496E7075 
 1761      744D6F64 
 1761      6500
 1762              	.LASF21:
 1763 0120 63707573 		.ascii	"cpussBase\000"
 1763      73426173 
 1763      6500
 1764              	.LASF162:
 1765 012a 70657269 		.ascii	"period\000"
 1765      6F6400
 1766              	.LASF50:
 1767 0131 70657269 		.ascii	"periClockNr\000"
 1767      436C6F63 
 1767      6B4E7200 
 1768              	.LASF172:
 1769 013d 63617074 		.ascii	"captureInput\000"
 1769      75726549 
 1769      6E707574 
 1769      00
 1770              	.LASF12:
 1771 014a 6C6F6E67 		.ascii	"long long unsigned int\000"
 1771      206C6F6E 
 1771      6720756E 
 1771      7369676E 
 1771      65642069 
 1772              	.LASF163:
 1773 0161 636C6F63 		.ascii	"clockPrescaler\000"
 1773      6B507265 
 1773      7363616C 
 1773      657200
 1774              	.LASF74:
 1775 0170 70657269 		.ascii	"periTrCmdOffset\000"
 1775      5472436D 
 1775      644F6666 
 1775      73657400 
 1776              	.LASF155:
 1777 0180 72785269 		.ascii	"rxRingBuf\000"
 1777      6E674275 
 1777      6600
 1778              	.LASF98:
 1779 018a 63707573 		.ascii	"cpussSysTickCtlOffset\000"
 1779      73537973 
ARM GAS  C:\Users\jlabe\AppData\Local\Temp\ccSDnxAc.s 			page 34


 1779      5469636B 
 1779      43746C4F 
 1779      66667365 
 1780              	.LASF120:
 1781 01a0 6D617374 		.ascii	"masterStatus\000"
 1781      65725374 
 1781      61747573 
 1781      00
 1782              	.LASF197:
 1783 01ad 49544D5F 		.ascii	"ITM_RxBuffer\000"
 1783      52784275 
 1783      66666572 
 1783      00
 1784              	.LASF59:
 1785 01ba 666C6173 		.ascii	"flashPipeRequired\000"
 1785      68506970 
 1785      65526571 
 1785      75697265 
 1785      6400
 1786              	.LASF135:
 1787 01cc 736C6176 		.ascii	"slaveRxBufferIdx\000"
 1787      65527842 
 1787      75666665 
 1787      72496478 
 1787      00
 1788              	.LASF140:
 1789 01dd 63795F73 		.ascii	"cy_stc_scb_i2c_context\000"
 1789      74635F73 
 1789      63625F69 
 1789      32635F63 
 1789      6F6E7465 
 1790              	.LASF63:
 1791 01f4 666C6173 		.ascii	"flashCtlMainWs0Freq\000"
 1791      6843746C 
 1791      4D61696E 
 1791      57733046 
 1791      72657100 
 1792              	.LASF15:
 1793 0208 696E7431 		.ascii	"int16_t\000"
 1793      365F7400 
 1794              	.LASF11:
 1795 0210 6C6F6E67 		.ascii	"long long int\000"
 1795      206C6F6E 
 1795      6720696E 
 1795      7400
 1796              	.LASF181:
 1797 021e 63795F73 		.ascii	"cy_stc_tcpwm_counter_config_t\000"
 1797      74635F74 
 1797      6370776D 
 1797      5F636F75 
 1797      6E746572 
 1798              	.LASF141:
 1799 023c 63795F73 		.ascii	"cy_stc_scb_spi_context\000"
 1799      74635F73 
 1799      63625F73 
 1799      70695F63 
 1799      6F6E7465 
ARM GAS  C:\Users\jlabe\AppData\Local\Temp\ccSDnxAc.s 			page 35


 1800              	.LASF79:
 1801 0253 70657269 		.ascii	"periDivCmdTypeSelPos\000"
 1801      44697643 
 1801      6D645479 
 1801      70655365 
 1801      6C506F73 
 1802              	.LASF159:
 1803 0268 74784C65 		.ascii	"txLeftToTransmit\000"
 1803      6674546F 
 1803      5472616E 
 1803      736D6974 
 1803      00
 1804              	.LASF25:
 1805 0279 70726F74 		.ascii	"protBase\000"
 1805      42617365 
 1805      00
 1806              	.LASF37:
 1807 0282 69706356 		.ascii	"ipcVersion\000"
 1807      65727369 
 1807      6F6E00
 1808              	.LASF134:
 1809 028d 736C6176 		.ascii	"slaveRxBufferSize\000"
 1809      65527842 
 1809      75666665 
 1809      7253697A 
 1809      6500
 1810              	.LASF99:
 1811 029f 63707573 		.ascii	"cpussCm0NmiCtlOffset\000"
 1811      73436D30 
 1811      4E6D6943 
 1811      746C4F66 
 1811      66736574 
 1812              	.LASF139:
 1813 02b4 63795F63 		.ascii	"cy_cb_scb_spi_handle_events_t\000"
 1813      625F7363 
 1813      625F7370 
 1813      695F6861 
 1813      6E646C65 
 1814              	.LASF47:
 1815 02d2 73727373 		.ascii	"srssNumClkpath\000"
 1815      4E756D43 
 1815      6C6B7061 
 1815      746800
 1816              	.LASF26:
 1817 02e1 6873696F 		.ascii	"hsiomBase\000"
 1817      6D426173 
 1817      6500
 1818              	.LASF182:
 1819 02eb 63795F73 		.ascii	"cy_stc_tcpwm_pwm_config\000"
 1819      74635F74 
 1819      6370776D 
 1819      5F70776D 
 1819      5F636F6E 
 1820              	.LASF119:
 1821 0303 73746174 		.ascii	"state\000"
 1821      6500
 1822              	.LASF115:
ARM GAS  C:\Users\jlabe\AppData\Local\Temp\ccSDnxAc.s 			page 36


 1823 0309 63795F63 		.ascii	"cy_cb_scb_i2c_handle_events_t\000"
 1823      625F7363 
 1823      625F6932 
 1823      635F6861 
 1823      6E646C65 
 1824              	.LASF8:
 1825 0327 6C6F6E67 		.ascii	"long int\000"
 1825      20696E74 
 1825      00
 1826              	.LASF203:
 1827 0330 55415254 		.ascii	"UART_1_context\000"
 1827      5F315F63 
 1827      6F6E7465 
 1827      787400
 1828              	.LASF122:
 1829 033f 6D617374 		.ascii	"masterRdDir\000"
 1829      65725264 
 1829      44697200 
 1830              	.LASF113:
 1831 034b 43595F53 		.ascii	"CY_SCB_I2C_NAK\000"
 1831      43425F49 
 1831      32435F4E 
 1831      414B00
 1832              	.LASF57:
 1833 035a 63727970 		.ascii	"cryptoMemSize\000"
 1833      746F4D65 
 1833      6D53697A 
 1833      6500
 1834              	.LASF23:
 1835 0368 70657269 		.ascii	"periBase\000"
 1835      42617365 
 1835      00
 1836              	.LASF55:
 1837 0371 73797350 		.ascii	"sysPmSimoPresent\000"
 1837      6D53696D 
 1837      6F507265 
 1837      73656E74 
 1837      00
 1838              	.LASF45:
 1839 0382 63707573 		.ascii	"cpussFmIrq\000"
 1839      73466D49 
 1839      727100
 1840              	.LASF110:
 1841 038d 646F7562 		.ascii	"double\000"
 1841      6C6500
 1842              	.LASF84:
 1843 0394 70657269 		.ascii	"periDiv16_5CtlOffset\000"
 1843      44697631 
 1843      365F3543 
 1843      746C4F66 
 1843      66736574 
 1844              	.LASF48:
 1845 03a9 73727373 		.ascii	"srssNumPll\000"
 1845      4E756D50 
 1845      6C6C00
 1846              	.LASF171:
 1847 03b4 63617074 		.ascii	"captureInputMode\000"
ARM GAS  C:\Users\jlabe\AppData\Local\Temp\ccSDnxAc.s 			page 37


 1847      75726549 
 1847      6E707574 
 1847      4D6F6465 
 1847      00
 1848              	.LASF82:
 1849 03c5 70657269 		.ascii	"periDiv8CtlOffset\000"
 1849      44697638 
 1849      43746C4F 
 1849      66667365 
 1849      7400
 1850              	.LASF89:
 1851 03d7 6770696F 		.ascii	"gpioPrtCfgOutOffset\000"
 1851      50727443 
 1851      66674F75 
 1851      744F6666 
 1851      73657400 
 1852              	.LASF137:
 1853 03eb 63624164 		.ascii	"cbAddr\000"
 1853      647200
 1854              	.LASF202:
 1855 03f2 4932435F 		.ascii	"I2C_1_context\000"
 1855      315F636F 
 1855      6E746578 
 1855      7400
 1856              	.LASF9:
 1857 0400 5F5F7569 		.ascii	"__uint32_t\000"
 1857      6E743332 
 1857      5F7400
 1858              	.LASF52:
 1859 040b 70617373 		.ascii	"passSarChannels\000"
 1859      53617243 
 1859      68616E6E 
 1859      656C7300 
 1860              	.LASF4:
 1861 041b 5F5F696E 		.ascii	"__int16_t\000"
 1861      7431365F 
 1861      7400
 1862              	.LASF145:
 1863 0425 72784275 		.ascii	"rxBufIdx\000"
 1863      66496478 
 1863      00
 1864              	.LASF95:
 1865 042e 63707573 		.ascii	"cpussCm4PwrCtlOffset\000"
 1865      73436D34 
 1865      50777243 
 1865      746C4F66 
 1865      66736574 
 1866              	.LASF147:
 1867 0443 74784275 		.ascii	"txBufSize\000"
 1867      6653697A 
 1867      6500
 1868              	.LASF170:
 1869 044d 696E7465 		.ascii	"interruptSources\000"
 1869      72727570 
 1869      74536F75 
 1869      72636573 
 1869      00
ARM GAS  C:\Users\jlabe\AppData\Local\Temp\ccSDnxAc.s 			page 38


 1870              	.LASF90:
 1871 045e 6770696F 		.ascii	"gpioPrtCfgSioOffset\000"
 1871      50727443 
 1871      66675369 
 1871      6F4F6666 
 1871      73657400 
 1872              	.LASF42:
 1873 0472 63707573 		.ascii	"cpussDwChNr\000"
 1873      73447743 
 1873      684E7200 
 1874              	.LASF13:
 1875 047e 756E7369 		.ascii	"unsigned int\000"
 1875      676E6564 
 1875      20696E74 
 1875      00
 1876              	.LASF131:
 1877 048b 736C6176 		.ascii	"slaveTxBufferIdx\000"
 1877      65547842 
 1877      75666665 
 1877      72496478 
 1877      00
 1878              	.LASF16:
 1879 049c 75696E74 		.ascii	"uint16_t\000"
 1879      31365F74 
 1879      00
 1880              	.LASF128:
 1881 04a5 736C6176 		.ascii	"slaveRdBufEmpty\000"
 1881      65526442 
 1881      7566456D 
 1881      70747900 
 1882              	.LASF75:
 1883 04b5 70657269 		.ascii	"periTrCmdGrSelMsk\000"
 1883      5472436D 
 1883      64477253 
 1883      656C4D73 
 1883      6B00
 1884              	.LASF64:
 1885 04c7 666C6173 		.ascii	"flashCtlMainWs1Freq\000"
 1885      6843746C 
 1885      4D61696E 
 1885      57733146 
 1885      72657100 
 1886              	.LASF10:
 1887 04db 6C6F6E67 		.ascii	"long unsigned int\000"
 1887      20756E73 
 1887      69676E65 
 1887      6420696E 
 1887      7400
 1888              	.LASF169:
 1889 04ed 656E6162 		.ascii	"enableCompareSwap\000"
 1889      6C65436F 
 1889      6D706172 
 1889      65537761 
 1889      7000
 1890              	.LASF77:
 1891 04ff 70657269 		.ascii	"periTrGrSize\000"
 1891      54724772 
ARM GAS  C:\Users\jlabe\AppData\Local\Temp\ccSDnxAc.s 			page 39


 1891      53697A65 
 1891      00
 1892              	.LASF151:
 1893 050c 63795F63 		.ascii	"cy_cb_scb_uart_handle_events_t\000"
 1893      625F7363 
 1893      625F7561 
 1893      72745F68 
 1893      616E646C 
 1894              	.LASF40:
 1895 052b 63707573 		.ascii	"cpussIpcNr\000"
 1895      73497063 
 1895      4E7200
 1896              	.LASF27:
 1897 0536 6770696F 		.ascii	"gpioBase\000"
 1897      42617365 
 1897      00
 1898              	.LASF53:
 1899 053f 65704D6F 		.ascii	"epMonitorNr\000"
 1899      6E69746F 
 1899      724E7200 
 1900              	.LASF153:
 1901 054b 74785374 		.ascii	"txStatus\000"
 1901      61747573 
 1901      00
 1902              	.LASF118:
 1903 0554 75736554 		.ascii	"useTxFifo\000"
 1903      78466966 
 1903      6F00
 1904              	.LASF192:
 1905 055e 73776170 		.ascii	"swapInputMode\000"
 1905      496E7075 
 1905      744D6F64 
 1905      6500
 1906              	.LASF76:
 1907 056c 70657269 		.ascii	"periTrGrOffset\000"
 1907      54724772 
 1907      4F666673 
 1907      657400
 1908              	.LASF103:
 1909 057b 63707573 		.ascii	"cpussRam1Ctl0\000"
 1909      7352616D 
 1909      3143746C 
 1909      3000
 1910              	.LASF194:
 1911 0589 6B696C6C 		.ascii	"killInputMode\000"
 1911      496E7075 
 1911      744D6F64 
 1911      6500
 1912              	.LASF136:
 1913 0597 63624576 		.ascii	"cbEvents\000"
 1913      656E7473 
 1913      00
 1914              	.LASF204:
 1915 05a0 4932435F 		.ascii	"I2C_2_context\000"
 1915      325F636F 
 1915      6E746578 
 1915      7400
ARM GAS  C:\Users\jlabe\AppData\Local\Temp\ccSDnxAc.s 			page 40


 1916              	.LASF35:
 1917 05ae 6770696F 		.ascii	"gpioVersion\000"
 1917      56657273 
 1917      696F6E00 
 1918              	.LASF146:
 1919 05ba 74784275 		.ascii	"txBuf\000"
 1919      6600
 1920              	.LASF107:
 1921 05c0 63795F73 		.ascii	"cy_stc_device_t\000"
 1921      74635F64 
 1921      65766963 
 1921      655F7400 
 1922              	.LASF150:
 1923 05d0 63795F73 		.ascii	"cy_stc_scb_spi_context_t\000"
 1923      74635F73 
 1923      63625F73 
 1923      70695F63 
 1923      6F6E7465 
 1924              	.LASF189:
 1925 05e9 696E7665 		.ascii	"invertPWMOut\000"
 1925      72745057 
 1925      4D4F7574 
 1925      00
 1926              	.LASF185:
 1927 05f6 64656164 		.ascii	"deadTimeClocks\000"
 1927      54696D65 
 1927      436C6F63 
 1927      6B7300
 1928              	.LASF157:
 1929 0605 72785269 		.ascii	"rxRingBufHead\000"
 1929      6E674275 
 1929      66486561 
 1929      6400
 1930              	.LASF96:
 1931 0613 63707573 		.ascii	"cpussTrimRamCtlOffset\000"
 1931      73547269 
 1931      6D52616D 
 1931      43746C4F 
 1931      66667365 
 1932              	.LASF133:
 1933 0629 736C6176 		.ascii	"slaveRxBuffer\000"
 1933      65527842 
 1933      75666665 
 1933      7200
 1934              	.LASF176:
 1935 0637 73746172 		.ascii	"startInput\000"
 1935      74496E70 
 1935      757400
 1936              	.LASF31:
 1937 0642 63707573 		.ascii	"cpussVersion\000"
 1937      73566572 
 1937      73696F6E 
 1937      00
 1938              	.LASF38:
 1939 064f 70657269 		.ascii	"periVersion\000"
 1939      56657273 
 1939      696F6E00 
ARM GAS  C:\Users\jlabe\AppData\Local\Temp\ccSDnxAc.s 			page 41


 1940              	.LASF94:
 1941 065b 63707573 		.ascii	"cpussCm0StatusOffset\000"
 1941      73436D30 
 1941      53746174 
 1941      75734F66 
 1941      66736574 
 1942              	.LASF161:
 1943 0670 63795F73 		.ascii	"cy_stc_tcpwm_counter_config\000"
 1943      74635F74 
 1943      6370776D 
 1943      5F636F75 
 1943      6E746572 
 1944              	.LASF19:
 1945 068c 73697A65 		.ascii	"sizetype\000"
 1945      74797065 
 1945      00
 1946              	.LASF68:
 1947 0695 64774368 		.ascii	"dwChOffset\000"
 1947      4F666673 
 1947      657400
 1948              	.LASF193:
 1949 06a0 73776170 		.ascii	"swapInput\000"
 1949      496E7075 
 1949      7400
 1950              	.LASF125:
 1951 06aa 6D617374 		.ascii	"masterBufferIdx\000"
 1951      65724275 
 1951      66666572 
 1951      49647800 
 1952              	.LASF43:
 1953 06ba 63707573 		.ascii	"cpussFlashPaSize\000"
 1953      73466C61 
 1953      73685061 
 1953      53697A65 
 1953      00
 1954              	.LASF81:
 1955 06cb 70657269 		.ascii	"periDivCmdPaTypeSelPos\000"
 1955      44697643 
 1955      6D645061 
 1955      54797065 
 1955      53656C50 
 1956              	.LASF104:
 1957 06e2 63707573 		.ascii	"cpussRam2Ctl0\000"
 1957      7352616D 
 1957      3243746C 
 1957      3000
 1958              	.LASF72:
 1959 06f0 64775374 		.ascii	"dwStatusChIdxPos\000"
 1959      61747573 
 1959      43684964 
 1959      78506F73 
 1959      00
 1960              	.LASF54:
 1961 0701 75646250 		.ascii	"udbPresent\000"
 1961      72657365 
 1961      6E7400
 1962              	.LASF154:
ARM GAS  C:\Users\jlabe\AppData\Local\Temp\ccSDnxAc.s 			page 42


 1963 070c 72785374 		.ascii	"rxStatus\000"
 1963      61747573 
 1963      00
 1964              	.LASF34:
 1965 0715 666C6173 		.ascii	"flashcVersion\000"
 1965      68635665 
 1965      7273696F 
 1965      6E00
 1966              	.LASF30:
 1967 0723 63727970 		.ascii	"cryptoBase\000"
 1967      746F4261 
 1967      736500
 1968              	.LASF51:
 1969 072e 736D6966 		.ascii	"smifDeviceNr\000"
 1969      44657669 
 1969      63654E72 
 1969      00
 1970              	.LASF105:
 1971 073b 69706353 		.ascii	"ipcStructSize\000"
 1971      74727563 
 1971      7453697A 
 1971      6500
 1972              	.LASF205:
 1973 0749 474E5520 		.ascii	"GNU C11 5.4.1 20160609 (release) [ARM/embedded-5-br"
 1973      43313120 
 1973      352E342E 
 1973      31203230 
 1973      31363036 
 1974 077c 616E6368 		.ascii	"anch revision 237715] -mcpu=cortex-m4 -mfloat-abi=s"
 1974      20726576 
 1974      6973696F 
 1974      6E203233 
 1974      37373135 
 1975 07af 6F667466 		.ascii	"oftfp -mfpu=fpv4-sp-d16 -mthumb -g -Og -ffunction-s"
 1975      70202D6D 
 1975      6670753D 
 1975      66707634 
 1975      2D73702D 
 1976 07e2 65637469 		.ascii	"ections -ffat-lto-objects\000"
 1976      6F6E7320 
 1976      2D666661 
 1976      742D6C74 
 1976      6F2D6F62 
 1977              	.LASF183:
 1978 07fc 70776D4D 		.ascii	"pwmMode\000"
 1978      6F646500 
 1979              	.LASF109:
 1980 0804 666C6F61 		.ascii	"float\000"
 1980      7400
 1981              	.LASF158:
 1982 080a 72785269 		.ascii	"rxRingBufTail\000"
 1982      6E674275 
 1982      66546169 
 1982      6C00
 1983              	.LASF73:
 1984 0818 64775374 		.ascii	"dwStatusChIdxMsk\000"
 1984      61747573 
ARM GAS  C:\Users\jlabe\AppData\Local\Temp\ccSDnxAc.s 			page 43


 1984      43684964 
 1984      784D736B 
 1984      00
 1985              	.LASF198:
 1986 0829 63795F64 		.ascii	"cy_device\000"
 1986      65766963 
 1986      6500
 1987              	.LASF101:
 1988 0833 63707573 		.ascii	"cpussRomCtl\000"
 1988      73526F6D 
 1988      43746C00 
 1989              	.LASF71:
 1990 083f 64774368 		.ascii	"dwChCtlPreemptablePos\000"
 1990      43746C50 
 1990      7265656D 
 1990      70746162 
 1990      6C65506F 
 1991              	.LASF191:
 1992 0855 6B696C6C 		.ascii	"killMode\000"
 1992      4D6F6465 
 1992      00
 1993              	.LASF24:
 1994 085e 75646242 		.ascii	"udbBase\000"
 1994      61736500 
 1995              	.LASF112:
 1996 0866 43595F53 		.ascii	"CY_SCB_I2C_ACK\000"
 1996      43425F49 
 1996      32435F41 
 1996      434B00
 1997              	.LASF111:
 1998 0875 5F426F6F 		.ascii	"_Bool\000"
 1998      6C00
 1999              	.LASF17:
 2000 087b 696E7433 		.ascii	"int32_t\000"
 2000      325F7400 
 2001              	.LASF2:
 2002 0883 756E7369 		.ascii	"unsigned char\000"
 2002      676E6564 
 2002      20636861 
 2002      7200
 2003              	.LASF67:
 2004 0891 666C6173 		.ascii	"flashCtlMainWs4Freq\000"
 2004      6843746C 
 2004      4D61696E 
 2004      57733446 
 2004      72657100 
 2005              	.LASF0:
 2006 08a5 73686F72 		.ascii	"short int\000"
 2006      7420696E 
 2006      7400
 2007              	.LASF124:
 2008 08af 6D617374 		.ascii	"masterBufferSize\000"
 2008      65724275 
 2008      66666572 
 2008      53697A65 
 2008      00
 2009              	.LASF78:
ARM GAS  C:\Users\jlabe\AppData\Local\Temp\ccSDnxAc.s 			page 44


 2010 08c0 70657269 		.ascii	"periDivCmdDivSelMsk\000"
 2010      44697643 
 2010      6D644469 
 2010      7653656C 
 2010      4D736B00 
 2011              	.LASF65:
 2012 08d4 666C6173 		.ascii	"flashCtlMainWs2Freq\000"
 2012      6843746C 
 2012      4D61696E 
 2012      57733246 
 2012      72657100 
 2013              	.LASF121:
 2014 08e8 6D617374 		.ascii	"masterPause\000"
 2014      65725061 
 2014      75736500 
 2015              	.LASF188:
 2016 08f4 656E6162 		.ascii	"enablePeriodSwap\000"
 2016      6C655065 
 2016      72696F64 
 2016      53776170 
 2016      00
 2017              	.LASF116:
 2018 0905 63795F63 		.ascii	"cy_cb_scb_i2c_handle_addr_t\000"
 2018      625F7363 
 2018      625F6932 
 2018      635F6861 
 2018      6E646C65 
 2019              	.LASF22:
 2020 0921 666C6173 		.ascii	"flashcBase\000"
 2020      68634261 
 2020      736500
 2021              	.LASF166:
 2022 092c 636F6D70 		.ascii	"compareOrCapture\000"
 2022      6172654F 
 2022      72436170 
 2022      74757265 
 2022      00
 2023              	.LASF126:
 2024 093d 6D617374 		.ascii	"masterNumBytes\000"
 2024      65724E75 
 2024      6D427974 
 2024      657300
 2025              	.LASF132:
 2026 094c 736C6176 		.ascii	"slaveTxBufferCnt\000"
 2026      65547842 
 2026      75666665 
 2026      72436E74 
 2026      00
 2027              	.LASF62:
 2028 095d 666C6173 		.ascii	"flashEraseDelay\000"
 2028      68457261 
 2028      73654465 
 2028      6C617900 
 2029              	.LASF18:
 2030 096d 75696E74 		.ascii	"uint32_t\000"
 2030      33325F74 
 2030      00
ARM GAS  C:\Users\jlabe\AppData\Local\Temp\ccSDnxAc.s 			page 45


 2031              	.LASF138:
 2032 0976 63795F73 		.ascii	"cy_stc_scb_i2c_context_t\000"
 2032      74635F73 
 2032      63625F69 
 2032      32635F63 
 2032      6F6E7465 
 2033              	.LASF167:
 2034 098f 636F6D70 		.ascii	"compare0\000"
 2034      61726530 
 2034      00
 2035              	.LASF20:
 2036 0998 6C6F6E67 		.ascii	"long double\000"
 2036      20646F75 
 2036      626C6500 
 2037              	.LASF108:
 2038 09a4 63686172 		.ascii	"char\000"
 2038      00
 2039              	.LASF180:
 2040 09a9 636F756E 		.ascii	"countInput\000"
 2040      74496E70 
 2040      757400
 2041              	.LASF39:
 2042 09b4 70726F74 		.ascii	"protVersion\000"
 2042      56657273 
 2042      696F6E00 
 2043              	.LASF102:
 2044 09c0 63707573 		.ascii	"cpussRam0Ctl0\000"
 2044      7352616D 
 2044      3043746C 
 2044      3000
 2045              	.LASF1:
 2046 09ce 7369676E 		.ascii	"signed char\000"
 2046      65642063 
 2046      68617200 
 2047              	.LASF5:
 2048 09da 5F5F7569 		.ascii	"__uint16_t\000"
 2048      6E743136 
 2048      5F7400
 2049              	.LASF199:
 2050 09e5 50574D5F 		.ascii	"PWM_config\000"
 2050      636F6E66 
 2050      696700
 2051              	.LASF83:
 2052 09f0 70657269 		.ascii	"periDiv16CtlOffset\000"
 2052      44697631 
 2052      3643746C 
 2052      4F666673 
 2052      657400
 2053              	.LASF7:
 2054 0a03 5F5F696E 		.ascii	"__int32_t\000"
 2054      7433325F 
 2054      7400
 2055              	.LASF123:
 2056 0a0d 6D617374 		.ascii	"masterBuffer\000"
 2056      65724275 
 2056      66666572 
 2056      00
ARM GAS  C:\Users\jlabe\AppData\Local\Temp\ccSDnxAc.s 			page 46


 2057              	.LASF36:
 2058 0a1a 6873696F 		.ascii	"hsiomVersion\000"
 2058      6D566572 
 2058      73696F6E 
 2058      00
 2059              	.LASF61:
 2060 0a27 666C6173 		.ascii	"flashProgramDelay\000"
 2060      6850726F 
 2060      6772616D 
 2060      44656C61 
 2060      7900
 2061              	.LASF46:
 2062 0a39 63707573 		.ascii	"cpussNotConnectedIrq\000"
 2062      734E6F74 
 2062      436F6E6E 
 2062      65637465 
 2062      64497271 
 2063              	.LASF156:
 2064 0a4e 72785269 		.ascii	"rxRingBufSize\000"
 2064      6E674275 
 2064      6653697A 
 2064      6500
 2065              	.LASF174:
 2066 0a5c 72656C6F 		.ascii	"reloadInput\000"
 2066      6164496E 
 2066      70757400 
 2067              	.LASF6:
 2068 0a68 73686F72 		.ascii	"short unsigned int\000"
 2068      7420756E 
 2068      7369676E 
 2068      65642069 
 2068      6E7400
 2069              	.LASF69:
 2070 0a7b 64774368 		.ascii	"dwChSize\000"
 2070      53697A65 
 2070      00
 2071              	.LASF201:
 2072 0a84 43595F45 		.ascii	"CY_EINK_SPIM_context\000"
 2072      494E4B5F 
 2072      5350494D 
 2072      5F636F6E 
 2072      74657874 
 2073              	.LASF178:
 2074 0a99 73746F70 		.ascii	"stopInput\000"
 2074      496E7075 
 2074      7400
 2075              	.LASF207:
 2076 0aa3 433A5C55 		.ascii	"C:\\Users\\jlabe\\Desktop\\H21\\GBM2100_Projet\\PRO"
 2076      73657273 
 2076      5C6A6C61 
 2076      62655C44 
 2076      65736B74 
 2077 0ad0 4A45545C 		.ascii	"JET\\Prototype\\Laboratoire3.cydsn\000"
 2077      50726F74 
 2077      6F747970 
 2077      655C4C61 
 2077      626F7261 
ARM GAS  C:\Users\jlabe\AppData\Local\Temp\ccSDnxAc.s 			page 47


 2078              	.LASF117:
 2079 0af1 75736552 		.ascii	"useRxFifo\000"
 2079      78466966 
 2079      6F00
 2080              	.LASF175:
 2081 0afb 73746172 		.ascii	"startInputMode\000"
 2081      74496E70 
 2081      75744D6F 
 2081      646500
 2082              	.LASF44:
 2083 0b0a 63707573 		.ascii	"cpussIpc0Irq\000"
 2083      73497063 
 2083      30497271 
 2083      00
 2084              	.LASF186:
 2085 0b17 70657269 		.ascii	"period0\000"
 2085      6F643000 
 2086              	.LASF187:
 2087 0b1f 70657269 		.ascii	"period1\000"
 2087      6F643100 
 2088              	.LASF168:
 2089 0b27 636F6D70 		.ascii	"compare1\000"
 2089      61726531 
 2089      00
 2090              	.LASF208:
 2091 0b30 74726169 		.ascii	"traitement\000"
 2091      74656D65 
 2091      6E7400
 2092              	.LASF87:
 2093 0b3b 6770696F 		.ascii	"gpioPrtCfgOffset\000"
 2093      50727443 
 2093      66674F66 
 2093      66736574 
 2093      00
 2094              	.LASF149:
 2095 0b4c 696E6974 		.ascii	"initKey\000"
 2095      4B657900 
 2096              	.LASF143:
 2097 0b54 72784275 		.ascii	"rxBuf\000"
 2097      6600
 2098              	.LASF129:
 2099 0b5a 736C6176 		.ascii	"slaveTxBuffer\000"
 2099      65547842 
 2099      75666665 
 2099      7200
 2100              	.LASF130:
 2101 0b68 736C6176 		.ascii	"slaveTxBufferSize\000"
 2101      65547842 
 2101      75666665 
 2101      7253697A 
 2101      6500
 2102              	.LASF160:
 2103 0b7a 63795F73 		.ascii	"cy_stc_scb_uart_context_t\000"
 2103      74635F73 
 2103      63625F75 
 2103      6172745F 
 2103      636F6E74 
ARM GAS  C:\Users\jlabe\AppData\Local\Temp\ccSDnxAc.s 			page 48


 2104              	.LASF49:
 2105 0b94 73727373 		.ascii	"srssNumHfroot\000"
 2105      4E756D48 
 2105      66726F6F 
 2105      7400
 2106              	.LASF142:
 2107 0ba2 73746174 		.ascii	"status\000"
 2107      757300
 2108              	.LASF114:
 2109 0ba9 63795F65 		.ascii	"cy_en_scb_i2c_command_t\000"
 2109      6E5F7363 
 2109      625F6932 
 2109      635F636F 
 2109      6D6D616E 
 2110              	.LASF100:
 2111 0bc1 63707573 		.ascii	"cpussCm4NmiCtlOffset\000"
 2111      73436D34 
 2111      4E6D6943 
 2111      746C4F66 
 2111      66736574 
 2112              	.LASF190:
 2113 0bd6 696E7665 		.ascii	"invertPWMOutN\000"
 2113      72745057 
 2113      4D4F7574 
 2113      4E00
 2114              	.LASF60:
 2115 0be4 666C6173 		.ascii	"flashWriteDelay\000"
 2115      68577269 
 2115      74654465 
 2115      6C617900 
 2116              	.LASF14:
 2117 0bf4 75696E74 		.ascii	"uint8_t\000"
 2117      385F7400 
 2118              	.LASF200:
 2119 0bfc 43595F45 		.ascii	"CY_EINK_Timer_config\000"
 2119      494E4B5F 
 2119      54696D65 
 2119      725F636F 
 2119      6E666967 
 2120              	.LASF93:
 2121 0c11 63707573 		.ascii	"cpussCm4StatusOffset\000"
 2121      73436D34 
 2121      53746174 
 2121      75734F66 
 2121      66736574 
 2122              	.LASF86:
 2123 0c26 6770696F 		.ascii	"gpioPrtIntrCfgOffset\000"
 2123      50727449 
 2123      6E747243 
 2123      66674F66 
 2123      66736574 
 2124              	.LASF196:
 2125 0c3b 63795F73 		.ascii	"cy_stc_tcpwm_pwm_config_t\000"
 2125      74635F74 
 2125      6370776D 
 2125      5F70776D 
 2125      5F636F6E 
ARM GAS  C:\Users\jlabe\AppData\Local\Temp\ccSDnxAc.s 			page 49


 2126              	.LASF173:
 2127 0c55 72656C6F 		.ascii	"reloadInputMode\000"
 2127      6164496E 
 2127      7075744D 
 2127      6F646500 
 2128              	.LASF206:
 2129 0c65 54726169 		.ascii	"Traitement.c\000"
 2129      74656D65 
 2129      6E742E63 
 2129      00
 2130              	.LASF97:
 2131 0c72 63707573 		.ascii	"cpussTrimRomCtlOffset\000"
 2131      73547269 
 2131      6D526F6D 
 2131      43746C4F 
 2131      66667365 
 2132              	.LASF179:
 2133 0c88 636F756E 		.ascii	"countInputMode\000"
 2133      74496E70 
 2133      75744D6F 
 2133      646500
 2134              	.LASF33:
 2135 0c97 64775665 		.ascii	"dwVersion\000"
 2135      7273696F 
 2135      6E00
 2136              	.LASF29:
 2137 0ca1 69706342 		.ascii	"ipcBase\000"
 2137      61736500 
 2138              	.LASF80:
 2139 0ca9 70657269 		.ascii	"periDivCmdPaDivSelPos\000"
 2139      44697643 
 2139      6D645061 
 2139      44697653 
 2139      656C506F 
 2140              	.LASF152:
 2141 0cbf 63795F73 		.ascii	"cy_stc_scb_uart_context\000"
 2141      74635F73 
 2141      63625F75 
 2141      6172745F 
 2141      636F6E74 
 2142              	.LASF58:
 2143 0cd7 666C6173 		.ascii	"flashRwwRequired\000"
 2143      68527777 
 2143      52657175 
 2143      69726564 
 2143      00
 2144              	.LASF148:
 2145 0ce8 74784275 		.ascii	"txBufIdx\000"
 2145      66496478 
 2145      00
 2146              		.ident	"GCC: (GNU Tools for ARM Embedded Processors) 5.4.1 20160609 (release) [ARM/embedded-5-bran
