ARM GAS  C:\Users\AARAM_~1\AppData\Local\Temp\ccxFJckE.s 			page 1


   1              		.syntax unified
   2              		.cpu cortex-m4
   3              		.eabi_attribute 27, 1
   4              		.fpu fpv4-sp-d16
   5              		.eabi_attribute 20, 1
   6              		.eabi_attribute 21, 1
   7              		.eabi_attribute 23, 3
   8              		.eabi_attribute 24, 1
   9              		.eabi_attribute 25, 1
  10              		.eabi_attribute 26, 1
  11              		.eabi_attribute 30, 1
  12              		.eabi_attribute 34, 1
  13              		.eabi_attribute 18, 4
  14              		.thumb
  15              		.syntax unified
  16              		.file	"Interface.c"
  17              		.text
  18              	.Ltext0:
  19              		.cfi_sections	.debug_frame
  20              		.section	.text.interface,"ax",%progbits
  21              		.align	2
  22              		.global	interface
  23              		.thumb
  24              		.thumb_func
  25              		.type	interface, %function
  26              	interface:
  27              	.LFB508:
  28              		.file 1 "Interface.c"
   1:Interface.c   **** /*******************************************************************************
   2:Interface.c   **** * File name : Interface.c
   3:Interface.c   **** *
   4:Interface.c   **** * Function Name: void interface(void)
   5:Interface.c   **** * Summary: 
   6:Interface.c   **** *
   7:Interface.c   **** * Parameters:
   8:Interface.c   **** *  None
   9:Interface.c   **** *
  10:Interface.c   **** * Return:
  11:Interface.c   **** *  None
  12:Interface.c   **** *
  13:Interface.c   **** * Authors : 
  14:Interface.c   **** * Date : 24 mars 2021
  15:Interface.c   **** *
  16:Interface.c   **** ********************************************************************************/
  17:Interface.c   **** #include "project.h"
  18:Interface.c   **** #include "Interface.h"
  19:Interface.c   **** 
  20:Interface.c   **** void interface(void)
  21:Interface.c   **** {
  29              		.loc 1 21 0
  30              		.cfi_startproc
  31              		@ args = 0, pretend = 0, frame = 0
  32              		@ frame_needed = 0, uses_anonymous_args = 0
  33              		@ link register save eliminated.
  34 0000 7047     		bx	lr
  35              		.cfi_endproc
  36              	.LFE508:
ARM GAS  C:\Users\AARAM_~1\AppData\Local\Temp\ccxFJckE.s 			page 2


  37              		.size	interface, .-interface
  38 0002 00BF     		.text
  39              	.Letext0:
  40              		.file 2 "c:\\program files (x86)\\cypress\\psoc creator\\4.4\\psoc creator\\import\\gnu\\arm\\5.4.
  41              		.file 3 "c:\\program files (x86)\\cypress\\psoc creator\\4.4\\psoc creator\\import\\gnu\\arm\\5.4.
  42              		.file 4 "Generated_Source\\PSoC6\\pdl\\drivers/peripheral/device/cy_device.h"
  43              		.file 5 "Generated_Source\\PSoC6\\pdl\\drivers/peripheral/scb/cy_scb_i2c.h"
  44              		.file 6 "Generated_Source\\PSoC6\\pdl\\drivers/peripheral/scb/cy_scb_uart.h"
  45              		.file 7 "Generated_Source\\PSoC6\\pdl\\cmsis/include/core_cm4.h"
  46              		.file 8 "Generated_Source\\PSoC6/I2C_1.h"
  47              		.file 9 "Generated_Source\\PSoC6/UART_1.h"
  48              		.section	.debug_info,"",%progbits
  49              	.Ldebug_info0:
  50 0000 E7070000 		.4byte	0x7e7
  51 0004 0400     		.2byte	0x4
  52 0006 00000000 		.4byte	.Ldebug_abbrev0
  53 000a 04       		.byte	0x4
  54 000b 01       		.uleb128 0x1
  55 000c 07060000 		.4byte	.LASF160
  56 0010 0C       		.byte	0xc
  57 0011 5F070000 		.4byte	.LASF161
  58 0015 CE020000 		.4byte	.LASF162
  59 0019 00000000 		.4byte	.Ldebug_ranges0+0
  60 001d 00000000 		.4byte	0
  61 0021 00000000 		.4byte	.Ldebug_line0
  62 0025 02       		.uleb128 0x2
  63 0026 02       		.byte	0x2
  64 0027 05       		.byte	0x5
  65 0028 55070000 		.4byte	.LASF0
  66 002c 02       		.uleb128 0x2
  67 002d 01       		.byte	0x1
  68 002e 06       		.byte	0x6
  69 002f A8010000 		.4byte	.LASF1
  70 0033 03       		.uleb128 0x3
  71 0034 88000000 		.4byte	.LASF3
  72 0038 02       		.byte	0x2
  73 0039 1D       		.byte	0x1d
  74 003a 3E000000 		.4byte	0x3e
  75 003e 02       		.uleb128 0x2
  76 003f 01       		.byte	0x1
  77 0040 08       		.byte	0x8
  78 0041 33070000 		.4byte	.LASF2
  79 0045 03       		.uleb128 0x3
  80 0046 6E030000 		.4byte	.LASF4
  81 004a 02       		.byte	0x2
  82 004b 29       		.byte	0x29
  83 004c 25000000 		.4byte	0x25
  84 0050 03       		.uleb128 0x3
  85 0051 40080000 		.4byte	.LASF5
  86 0055 02       		.byte	0x2
  87 0056 2B       		.byte	0x2b
  88 0057 5B000000 		.4byte	0x5b
  89 005b 02       		.uleb128 0x2
  90 005c 02       		.byte	0x2
  91 005d 07       		.byte	0x7
  92 005e B7080000 		.4byte	.LASF6
  93 0062 03       		.uleb128 0x3
ARM GAS  C:\Users\AARAM_~1\AppData\Local\Temp\ccxFJckE.s 			page 3


  94 0063 5E080000 		.4byte	.LASF7
  95 0067 02       		.byte	0x2
  96 0068 3F       		.byte	0x3f
  97 0069 6D000000 		.4byte	0x6d
  98 006d 02       		.uleb128 0x2
  99 006e 04       		.byte	0x4
 100 006f 05       		.byte	0x5
 101 0070 41020000 		.4byte	.LASF8
 102 0074 03       		.uleb128 0x3
 103 0075 53030000 		.4byte	.LASF9
 104 0079 02       		.byte	0x2
 105 007a 41       		.byte	0x41
 106 007b 7F000000 		.4byte	0x7f
 107 007f 02       		.uleb128 0x2
 108 0080 04       		.byte	0x4
 109 0081 07       		.byte	0x7
 110 0082 1D040000 		.4byte	.LASF10
 111 0086 02       		.uleb128 0x2
 112 0087 08       		.byte	0x8
 113 0088 05       		.byte	0x5
 114 0089 9A010000 		.4byte	.LASF11
 115 008d 02       		.uleb128 0x2
 116 008e 08       		.byte	0x8
 117 008f 07       		.byte	0x7
 118 0090 E3000000 		.4byte	.LASF12
 119 0094 04       		.uleb128 0x4
 120 0095 04       		.byte	0x4
 121 0096 05       		.byte	0x5
 122 0097 696E7400 		.ascii	"int\000"
 123 009b 02       		.uleb128 0x2
 124 009c 04       		.byte	0x4
 125 009d 07       		.byte	0x7
 126 009e C0030000 		.4byte	.LASF13
 127 00a2 03       		.uleb128 0x3
 128 00a3 9C090000 		.4byte	.LASF14
 129 00a7 03       		.byte	0x3
 130 00a8 18       		.byte	0x18
 131 00a9 33000000 		.4byte	0x33
 132 00ad 03       		.uleb128 0x3
 133 00ae 92010000 		.4byte	.LASF15
 134 00b2 03       		.byte	0x3
 135 00b3 20       		.byte	0x20
 136 00b4 45000000 		.4byte	0x45
 137 00b8 03       		.uleb128 0x3
 138 00b9 DE030000 		.4byte	.LASF16
 139 00bd 03       		.byte	0x3
 140 00be 24       		.byte	0x24
 141 00bf 50000000 		.4byte	0x50
 142 00c3 03       		.uleb128 0x3
 143 00c4 2B070000 		.4byte	.LASF17
 144 00c8 03       		.byte	0x3
 145 00c9 2C       		.byte	0x2c
 146 00ca 62000000 		.4byte	0x62
 147 00ce 03       		.uleb128 0x3
 148 00cf F3070000 		.4byte	.LASF18
 149 00d3 03       		.byte	0x3
 150 00d4 30       		.byte	0x30
ARM GAS  C:\Users\AARAM_~1\AppData\Local\Temp\ccxFJckE.s 			page 4


 151 00d5 74000000 		.4byte	0x74
 152 00d9 02       		.uleb128 0x2
 153 00da 04       		.byte	0x4
 154 00db 07       		.byte	0x7
 155 00dc 62050000 		.4byte	.LASF19
 156 00e0 05       		.uleb128 0x5
 157 00e1 CE000000 		.4byte	0xce
 158 00e5 02       		.uleb128 0x2
 159 00e6 08       		.byte	0x8
 160 00e7 04       		.byte	0x4
 161 00e8 15080000 		.4byte	.LASF20
 162 00ec 06       		.uleb128 0x6
 163 00ed B8       		.byte	0xb8
 164 00ee 04       		.byte	0x4
 165 00ef 34       		.byte	0x34
 166 00f0 FD040000 		.4byte	0x4fd
 167 00f4 07       		.uleb128 0x7
 168 00f5 CA000000 		.4byte	.LASF21
 169 00f9 04       		.byte	0x4
 170 00fa 37       		.byte	0x37
 171 00fb CE000000 		.4byte	0xce
 172 00ff 00       		.byte	0
 173 0100 07       		.uleb128 0x7
 174 0101 B8070000 		.4byte	.LASF22
 175 0105 04       		.byte	0x4
 176 0106 38       		.byte	0x38
 177 0107 CE000000 		.4byte	0xce
 178 010b 04       		.byte	0x4
 179 010c 07       		.uleb128 0x7
 180 010d 82020000 		.4byte	.LASF23
 181 0111 04       		.byte	0x4
 182 0112 39       		.byte	0x39
 183 0113 CE000000 		.4byte	0xce
 184 0117 08       		.byte	0x8
 185 0118 07       		.uleb128 0x7
 186 0119 0E070000 		.4byte	.LASF24
 187 011d 04       		.byte	0x4
 188 011e 3A       		.byte	0x3a
 189 011f CE000000 		.4byte	0xce
 190 0123 0C       		.byte	0xc
 191 0124 07       		.uleb128 0x7
 192 0125 C9010000 		.4byte	.LASF25
 193 0129 04       		.byte	0x4
 194 012a 3B       		.byte	0x3b
 195 012b CE000000 		.4byte	0xce
 196 012f 10       		.byte	0x10
 197 0130 07       		.uleb128 0x7
 198 0131 13020000 		.4byte	.LASF26
 199 0135 04       		.byte	0x4
 200 0136 3C       		.byte	0x3c
 201 0137 CE000000 		.4byte	0xce
 202 013b 14       		.byte	0x14
 203 013c 07       		.uleb128 0x7
 204 013d 59040000 		.4byte	.LASF27
 205 0141 04       		.byte	0x4
 206 0142 3D       		.byte	0x3d
 207 0143 CE000000 		.4byte	0xce
ARM GAS  C:\Users\AARAM_~1\AppData\Local\Temp\ccxFJckE.s 			page 5


 208 0147 18       		.byte	0x18
 209 0148 07       		.uleb128 0x7
 210 0149 71000000 		.4byte	.LASF28
 211 014d 04       		.byte	0x4
 212 014e 3E       		.byte	0x3e
 213 014f CE000000 		.4byte	0xce
 214 0153 1C       		.byte	0x1c
 215 0154 07       		.uleb128 0x7
 216 0155 050A0000 		.4byte	.LASF29
 217 0159 04       		.byte	0x4
 218 015a 3F       		.byte	0x3f
 219 015b CE000000 		.4byte	0xce
 220 015f 20       		.byte	0x20
 221 0160 07       		.uleb128 0x7
 222 0161 EF050000 		.4byte	.LASF30
 223 0165 04       		.byte	0x4
 224 0166 40       		.byte	0x40
 225 0167 CE000000 		.4byte	0xce
 226 016b 24       		.byte	0x24
 227 016c 07       		.uleb128 0x7
 228 016d 34050000 		.4byte	.LASF31
 229 0171 04       		.byte	0x4
 230 0172 43       		.byte	0x43
 231 0173 A2000000 		.4byte	0xa2
 232 0177 28       		.byte	0x28
 233 0178 07       		.uleb128 0x7
 234 0179 57000000 		.4byte	.LASF32
 235 017d 04       		.byte	0x4
 236 017e 44       		.byte	0x44
 237 017f A2000000 		.4byte	0xa2
 238 0183 29       		.byte	0x29
 239 0184 07       		.uleb128 0x7
 240 0185 FB090000 		.4byte	.LASF33
 241 0189 04       		.byte	0x4
 242 018a 45       		.byte	0x45
 243 018b A2000000 		.4byte	0xa2
 244 018f 2A       		.byte	0x2a
 245 0190 07       		.uleb128 0x7
 246 0191 E1050000 		.4byte	.LASF34
 247 0195 04       		.byte	0x4
 248 0196 46       		.byte	0x46
 249 0197 A2000000 		.4byte	0xa2
 250 019b 2B       		.byte	0x2b
 251 019c 07       		.uleb128 0x7
 252 019d B3040000 		.4byte	.LASF35
 253 01a1 04       		.byte	0x4
 254 01a2 47       		.byte	0x47
 255 01a3 A2000000 		.4byte	0xa2
 256 01a7 2C       		.byte	0x2c
 257 01a8 07       		.uleb128 0x7
 258 01a9 75080000 		.4byte	.LASF36
 259 01ad 04       		.byte	0x4
 260 01ae 48       		.byte	0x48
 261 01af A2000000 		.4byte	0xa2
 262 01b3 2D       		.byte	0x2d
 263 01b4 07       		.uleb128 0x7
 264 01b5 D2010000 		.4byte	.LASF37
ARM GAS  C:\Users\AARAM_~1\AppData\Local\Temp\ccxFJckE.s 			page 6


 265 01b9 04       		.byte	0x4
 266 01ba 49       		.byte	0x49
 267 01bb A2000000 		.4byte	0xa2
 268 01bf 2E       		.byte	0x2e
 269 01c0 07       		.uleb128 0x7
 270 01c1 41050000 		.4byte	.LASF38
 271 01c5 04       		.byte	0x4
 272 01c6 4A       		.byte	0x4a
 273 01c7 A2000000 		.4byte	0xa2
 274 01cb 2F       		.byte	0x2f
 275 01cc 07       		.uleb128 0x7
 276 01cd 26080000 		.4byte	.LASF39
 277 01d1 04       		.byte	0x4
 278 01d2 4B       		.byte	0x4b
 279 01d3 A2000000 		.4byte	0xa2
 280 01d7 30       		.byte	0x30
 281 01d8 07       		.uleb128 0x7
 282 01d9 4E040000 		.4byte	.LASF40
 283 01dd 04       		.byte	0x4
 284 01de 4E       		.byte	0x4e
 285 01df A2000000 		.4byte	0xa2
 286 01e3 31       		.byte	0x31
 287 01e4 07       		.uleb128 0x7
 288 01e5 7A000000 		.4byte	.LASF41
 289 01e9 04       		.byte	0x4
 290 01ea 4F       		.byte	0x4f
 291 01eb A2000000 		.4byte	0xa2
 292 01ef 32       		.byte	0x32
 293 01f0 07       		.uleb128 0x7
 294 01f1 B4030000 		.4byte	.LASF42
 295 01f5 04       		.byte	0x4
 296 01f6 50       		.byte	0x50
 297 01f7 A2000000 		.4byte	0xa2
 298 01fb 33       		.byte	0x33
 299 01fc 07       		.uleb128 0x7
 300 01fd 86050000 		.4byte	.LASF43
 301 0201 04       		.byte	0x4
 302 0202 51       		.byte	0x51
 303 0203 A2000000 		.4byte	0xa2
 304 0207 34       		.byte	0x34
 305 0208 07       		.uleb128 0x7
 306 0209 EB080000 		.4byte	.LASF44
 307 020d 04       		.byte	0x4
 308 020e 52       		.byte	0x52
 309 020f AD000000 		.4byte	0xad
 310 0213 36       		.byte	0x36
 311 0214 07       		.uleb128 0x7
 312 0215 9C020000 		.4byte	.LASF45
 313 0219 04       		.byte	0x4
 314 021a 53       		.byte	0x53
 315 021b AD000000 		.4byte	0xad
 316 021f 38       		.byte	0x38
 317 0220 07       		.uleb128 0x7
 318 0221 94080000 		.4byte	.LASF46
 319 0225 04       		.byte	0x4
 320 0226 54       		.byte	0x54
 321 0227 AD000000 		.4byte	0xad
ARM GAS  C:\Users\AARAM_~1\AppData\Local\Temp\ccxFJckE.s 			page 7


 322 022b 3A       		.byte	0x3a
 323 022c 07       		.uleb128 0x7
 324 022d 04020000 		.4byte	.LASF47
 325 0231 04       		.byte	0x4
 326 0232 55       		.byte	0x55
 327 0233 A2000000 		.4byte	0xa2
 328 0237 3C       		.byte	0x3c
 329 0238 07       		.uleb128 0x7
 330 0239 C3020000 		.4byte	.LASF48
 331 023d 04       		.byte	0x4
 332 023e 56       		.byte	0x56
 333 023f A2000000 		.4byte	0xa2
 334 0243 3D       		.byte	0x3d
 335 0244 07       		.uleb128 0x7
 336 0245 51090000 		.4byte	.LASF49
 337 0249 04       		.byte	0x4
 338 024a 57       		.byte	0x57
 339 024b A2000000 		.4byte	0xa2
 340 024f 3E       		.byte	0x3e
 341 0250 07       		.uleb128 0x7
 342 0251 65000000 		.4byte	.LASF50
 343 0255 04       		.byte	0x4
 344 0256 58       		.byte	0x58
 345 0257 A2000000 		.4byte	0xa2
 346 025b 3F       		.byte	0x3f
 347 025c 07       		.uleb128 0x7
 348 025d FA050000 		.4byte	.LASF51
 349 0261 04       		.byte	0x4
 350 0262 59       		.byte	0x59
 351 0263 A2000000 		.4byte	0xa2
 352 0267 40       		.byte	0x40
 353 0268 07       		.uleb128 0x7
 354 0269 5E030000 		.4byte	.LASF52
 355 026d 04       		.byte	0x4
 356 026e 5A       		.byte	0x5a
 357 026f A2000000 		.4byte	0xa2
 358 0273 41       		.byte	0x41
 359 0274 07       		.uleb128 0x7
 360 0275 DF040000 		.4byte	.LASF53
 361 0279 04       		.byte	0x4
 362 027a 5B       		.byte	0x5b
 363 027b A2000000 		.4byte	0xa2
 364 027f 42       		.byte	0x42
 365 0280 07       		.uleb128 0x7
 366 0281 CD050000 		.4byte	.LASF54
 367 0285 04       		.byte	0x4
 368 0286 5C       		.byte	0x5c
 369 0287 A2000000 		.4byte	0xa2
 370 028b 43       		.byte	0x43
 371 028c 07       		.uleb128 0x7
 372 028d 8B020000 		.4byte	.LASF55
 373 0291 04       		.byte	0x4
 374 0292 5D       		.byte	0x5d
 375 0293 A2000000 		.4byte	0xa2
 376 0297 44       		.byte	0x44
 377 0298 07       		.uleb128 0x7
 378 0299 00000000 		.4byte	.LASF56
ARM GAS  C:\Users\AARAM_~1\AppData\Local\Temp\ccxFJckE.s 			page 8


 379 029d 04       		.byte	0x4
 380 029e 5E       		.byte	0x5e
 381 029f CE000000 		.4byte	0xce
 382 02a3 48       		.byte	0x48
 383 02a4 07       		.uleb128 0x7
 384 02a5 74020000 		.4byte	.LASF57
 385 02a9 04       		.byte	0x4
 386 02aa 5F       		.byte	0x5f
 387 02ab CE000000 		.4byte	0xce
 388 02af 4C       		.byte	0x4c
 389 02b0 07       		.uleb128 0x7
 390 02b1 3B0A0000 		.4byte	.LASF58
 391 02b5 04       		.byte	0x4
 392 02b6 60       		.byte	0x60
 393 02b7 A2000000 		.4byte	0xa2
 394 02bb 50       		.byte	0x50
 395 02bc 07       		.uleb128 0x7
 396 02bd 44010000 		.4byte	.LASF59
 397 02c1 04       		.byte	0x4
 398 02c2 61       		.byte	0x61
 399 02c3 A2000000 		.4byte	0xa2
 400 02c7 51       		.byte	0x51
 401 02c8 07       		.uleb128 0x7
 402 02c9 8C090000 		.4byte	.LASF60
 403 02cd 04       		.byte	0x4
 404 02ce 62       		.byte	0x62
 405 02cf A2000000 		.4byte	0xa2
 406 02d3 52       		.byte	0x52
 407 02d4 07       		.uleb128 0x7
 408 02d5 82080000 		.4byte	.LASF61
 409 02d9 04       		.byte	0x4
 410 02da 63       		.byte	0x63
 411 02db A2000000 		.4byte	0xa2
 412 02df 53       		.byte	0x53
 413 02e0 07       		.uleb128 0x7
 414 02e1 E3070000 		.4byte	.LASF62
 415 02e5 04       		.byte	0x4
 416 02e6 64       		.byte	0x64
 417 02e7 A2000000 		.4byte	0xa2
 418 02eb 54       		.byte	0x54
 419 02ec 07       		.uleb128 0x7
 420 02ed 7E010000 		.4byte	.LASF63
 421 02f1 04       		.byte	0x4
 422 02f2 65       		.byte	0x65
 423 02f3 A2000000 		.4byte	0xa2
 424 02f7 55       		.byte	0x55
 425 02f8 07       		.uleb128 0x7
 426 02f9 09040000 		.4byte	.LASF64
 427 02fd 04       		.byte	0x4
 428 02fe 66       		.byte	0x66
 429 02ff A2000000 		.4byte	0xa2
 430 0303 56       		.byte	0x56
 431 0304 07       		.uleb128 0x7
 432 0305 62040000 		.4byte	.LASF65
 433 0309 04       		.byte	0x4
 434 030a 67       		.byte	0x67
 435 030b A2000000 		.4byte	0xa2
ARM GAS  C:\Users\AARAM_~1\AppData\Local\Temp\ccxFJckE.s 			page 9


 436 030f 57       		.byte	0x57
 437 0310 07       		.uleb128 0x7
 438 0311 1C000000 		.4byte	.LASF66
 439 0315 04       		.byte	0x4
 440 0316 68       		.byte	0x68
 441 0317 A2000000 		.4byte	0xa2
 442 031b 58       		.byte	0x58
 443 031c 07       		.uleb128 0x7
 444 031d 41070000 		.4byte	.LASF67
 445 0321 04       		.byte	0x4
 446 0322 69       		.byte	0x69
 447 0323 A2000000 		.4byte	0xa2
 448 0327 59       		.byte	0x59
 449 0328 07       		.uleb128 0x7
 450 0329 6B050000 		.4byte	.LASF68
 451 032d 04       		.byte	0x4
 452 032e 6E       		.byte	0x6e
 453 032f B8000000 		.4byte	0xb8
 454 0333 5A       		.byte	0x5a
 455 0334 07       		.uleb128 0x7
 456 0335 CA080000 		.4byte	.LASF69
 457 0339 04       		.byte	0x4
 458 033a 6F       		.byte	0x6f
 459 033b B8000000 		.4byte	0xb8
 460 033f 5C       		.byte	0x5c
 461 0340 07       		.uleb128 0x7
 462 0341 D4000000 		.4byte	.LASF70
 463 0345 04       		.byte	0x4
 464 0346 70       		.byte	0x70
 465 0347 A2000000 		.4byte	0xa2
 466 034b 5E       		.byte	0x5e
 467 034c 07       		.uleb128 0x7
 468 034d E7060000 		.4byte	.LASF71
 469 0351 04       		.byte	0x4
 470 0352 71       		.byte	0x71
 471 0353 A2000000 		.4byte	0xa2
 472 0357 5F       		.byte	0x5f
 473 0358 07       		.uleb128 0x7
 474 0359 BC050000 		.4byte	.LASF72
 475 035d 04       		.byte	0x4
 476 035e 72       		.byte	0x72
 477 035f A2000000 		.4byte	0xa2
 478 0363 60       		.byte	0x60
 479 0364 07       		.uleb128 0x7
 480 0365 C0060000 		.4byte	.LASF73
 481 0369 04       		.byte	0x4
 482 036a 73       		.byte	0x73
 483 036b CE000000 		.4byte	0xce
 484 036f 64       		.byte	0x64
 485 0370 07       		.uleb128 0x7
 486 0371 FA000000 		.4byte	.LASF74
 487 0375 04       		.byte	0x4
 488 0376 76       		.byte	0x76
 489 0377 B8000000 		.4byte	0xb8
 490 037b 68       		.byte	0x68
 491 037c 07       		.uleb128 0x7
 492 037d F7030000 		.4byte	.LASF75
ARM GAS  C:\Users\AARAM_~1\AppData\Local\Temp\ccxFJckE.s 			page 10


 493 0381 04       		.byte	0x4
 494 0382 77       		.byte	0x77
 495 0383 B8000000 		.4byte	0xb8
 496 0387 6A       		.byte	0x6a
 497 0388 07       		.uleb128 0x7
 498 0389 80040000 		.4byte	.LASF76
 499 038d 04       		.byte	0x4
 500 038e 78       		.byte	0x78
 501 038f B8000000 		.4byte	0xb8
 502 0393 6C       		.byte	0x6c
 503 0394 07       		.uleb128 0x7
 504 0395 A6040000 		.4byte	.LASF77
 505 0399 04       		.byte	0x4
 506 039a 79       		.byte	0x79
 507 039b B8000000 		.4byte	0xb8
 508 039f 6E       		.byte	0x6e
 509 03a0 07       		.uleb128 0x7
 510 03a1 7C070000 		.4byte	.LASF78
 511 03a5 04       		.byte	0x4
 512 03a6 7B       		.byte	0x7b
 513 03a7 A2000000 		.4byte	0xa2
 514 03ab 70       		.byte	0x70
 515 03ac 07       		.uleb128 0x7
 516 03ad B4010000 		.4byte	.LASF79
 517 03b1 04       		.byte	0x4
 518 03b2 7C       		.byte	0x7c
 519 03b3 A2000000 		.4byte	0xa2
 520 03b7 71       		.byte	0x71
 521 03b8 07       		.uleb128 0x7
 522 03b9 0D0A0000 		.4byte	.LASF80
 523 03bd 04       		.byte	0x4
 524 03be 7D       		.byte	0x7d
 525 03bf A2000000 		.4byte	0xa2
 526 03c3 72       		.byte	0x72
 527 03c4 07       		.uleb128 0x7
 528 03c5 97050000 		.4byte	.LASF81
 529 03c9 04       		.byte	0x4
 530 03ca 7E       		.byte	0x7e
 531 03cb A2000000 		.4byte	0xa2
 532 03cf 73       		.byte	0x73
 533 03d0 07       		.uleb128 0x7
 534 03d1 18030000 		.4byte	.LASF82
 535 03d5 04       		.byte	0x4
 536 03d6 80       		.byte	0x80
 537 03d7 B8000000 		.4byte	0xb8
 538 03db 74       		.byte	0x74
 539 03dc 07       		.uleb128 0x7
 540 03dd 4B080000 		.4byte	.LASF83
 541 03e1 04       		.byte	0x4
 542 03e2 81       		.byte	0x81
 543 03e3 B8000000 		.4byte	0xb8
 544 03e7 76       		.byte	0x76
 545 03e8 07       		.uleb128 0x7
 546 03e9 AE020000 		.4byte	.LASF84
 547 03ed 04       		.byte	0x4
 548 03ee 82       		.byte	0x82
 549 03ef B8000000 		.4byte	0xb8
ARM GAS  C:\Users\AARAM_~1\AppData\Local\Temp\ccxFJckE.s 			page 11


 550 03f3 78       		.byte	0x78
 551 03f4 07       		.uleb128 0x7
 552 03f5 9E000000 		.4byte	.LASF85
 553 03f9 04       		.byte	0x4
 554 03fa 83       		.byte	0x83
 555 03fb B8000000 		.4byte	0xb8
 556 03ff 7A       		.byte	0x7a
 557 0400 07       		.uleb128 0x7
 558 0401 B9090000 		.4byte	.LASF86
 559 0405 04       		.byte	0x4
 560 0406 86       		.byte	0x86
 561 0407 A2000000 		.4byte	0xa2
 562 040b 7C       		.byte	0x7c
 563 040c 07       		.uleb128 0x7
 564 040d F8080000 		.4byte	.LASF87
 565 0411 04       		.byte	0x4
 566 0412 87       		.byte	0x87
 567 0413 A2000000 		.4byte	0xa2
 568 0417 7D       		.byte	0x7d
 569 0418 07       		.uleb128 0x7
 570 0419 30000000 		.4byte	.LASF88
 571 041d 04       		.byte	0x4
 572 041e 88       		.byte	0x88
 573 041f A2000000 		.4byte	0xa2
 574 0423 7E       		.byte	0x7e
 575 0424 07       		.uleb128 0x7
 576 0425 2A030000 		.4byte	.LASF89
 577 0429 04       		.byte	0x4
 578 042a 89       		.byte	0x89
 579 042b A2000000 		.4byte	0xa2
 580 042f 7F       		.byte	0x7f
 581 0430 07       		.uleb128 0x7
 582 0431 A0030000 		.4byte	.LASF90
 583 0435 04       		.byte	0x4
 584 0436 8A       		.byte	0x8a
 585 0437 A2000000 		.4byte	0xa2
 586 043b 80       		.byte	0x80
 587 043c 07       		.uleb128 0x7
 588 043d 1D050000 		.4byte	.LASF91
 589 0441 04       		.byte	0x4
 590 0442 8D       		.byte	0x8d
 591 0443 CE000000 		.4byte	0xce
 592 0447 84       		.byte	0x84
 593 0448 07       		.uleb128 0x7
 594 0449 B3000000 		.4byte	.LASF92
 595 044d 04       		.byte	0x4
 596 044e 8E       		.byte	0x8e
 597 044f CE000000 		.4byte	0xce
 598 0453 88       		.byte	0x88
 599 0454 07       		.uleb128 0x7
 600 0455 A4090000 		.4byte	.LASF93
 601 0459 04       		.byte	0x4
 602 045a 8F       		.byte	0x8f
 603 045b CE000000 		.4byte	0xce
 604 045f 8C       		.byte	0x8c
 605 0460 07       		.uleb128 0x7
 606 0461 4D050000 		.4byte	.LASF94
ARM GAS  C:\Users\AARAM_~1\AppData\Local\Temp\ccxFJckE.s 			page 12


 607 0465 04       		.byte	0x4
 608 0466 90       		.byte	0x90
 609 0467 CE000000 		.4byte	0xce
 610 046b 90       		.byte	0x90
 611 046c 07       		.uleb128 0x7
 612 046d 81030000 		.4byte	.LASF95
 613 0471 04       		.byte	0x4
 614 0472 91       		.byte	0x91
 615 0473 CE000000 		.4byte	0xce
 616 0477 94       		.byte	0x94
 617 0478 07       		.uleb128 0x7
 618 0479 F9040000 		.4byte	.LASF96
 619 047d 04       		.byte	0x4
 620 047e 92       		.byte	0x92
 621 047f CE000000 		.4byte	0xce
 622 0483 98       		.byte	0x98
 623 0484 07       		.uleb128 0x7
 624 0485 DC090000 		.4byte	.LASF97
 625 0489 04       		.byte	0x4
 626 048a 93       		.byte	0x93
 627 048b CE000000 		.4byte	0xce
 628 048f 9C       		.byte	0x9c
 629 0490 07       		.uleb128 0x7
 630 0491 14010000 		.4byte	.LASF98
 631 0495 04       		.byte	0x4
 632 0496 94       		.byte	0x94
 633 0497 CE000000 		.4byte	0xce
 634 049b A0       		.byte	0xa0
 635 049c 07       		.uleb128 0x7
 636 049d EF010000 		.4byte	.LASF99
 637 04a1 04       		.byte	0x4
 638 04a2 95       		.byte	0x95
 639 04a3 B8000000 		.4byte	0xb8
 640 04a7 A4       		.byte	0xa4
 641 04a8 07       		.uleb128 0x7
 642 04a9 77090000 		.4byte	.LASF100
 643 04ad 04       		.byte	0x4
 644 04ae 96       		.byte	0x96
 645 04af B8000000 		.4byte	0xb8
 646 04b3 A6       		.byte	0xa6
 647 04b4 07       		.uleb128 0x7
 648 04b5 DB060000 		.4byte	.LASF101
 649 04b9 04       		.byte	0x4
 650 04ba 97       		.byte	0x97
 651 04bb B8000000 		.4byte	0xb8
 652 04bf A8       		.byte	0xa8
 653 04c0 07       		.uleb128 0x7
 654 04c1 32080000 		.4byte	.LASF102
 655 04c5 04       		.byte	0x4
 656 04c6 98       		.byte	0x98
 657 04c7 B8000000 		.4byte	0xb8
 658 04cb AA       		.byte	0xaa
 659 04cc 07       		.uleb128 0x7
 660 04cd 8F040000 		.4byte	.LASF103
 661 04d1 04       		.byte	0x4
 662 04d2 99       		.byte	0x99
 663 04d3 B8000000 		.4byte	0xb8
ARM GAS  C:\Users\AARAM_~1\AppData\Local\Temp\ccxFJckE.s 			page 13


 664 04d7 AC       		.byte	0xac
 665 04d8 07       		.uleb128 0x7
 666 04d9 AE050000 		.4byte	.LASF104
 667 04dd 04       		.byte	0x4
 668 04de 9A       		.byte	0x9a
 669 04df B8000000 		.4byte	0xb8
 670 04e3 AE       		.byte	0xae
 671 04e4 07       		.uleb128 0x7
 672 04e5 D3080000 		.4byte	.LASF105
 673 04e9 04       		.byte	0x4
 674 04ea 9D       		.byte	0x9d
 675 04eb B8000000 		.4byte	0xb8
 676 04ef B0       		.byte	0xb0
 677 04f0 07       		.uleb128 0x7
 678 04f1 43000000 		.4byte	.LASF106
 679 04f5 04       		.byte	0x4
 680 04f6 9E       		.byte	0x9e
 681 04f7 CE000000 		.4byte	0xce
 682 04fb B4       		.byte	0xb4
 683 04fc 00       		.byte	0
 684 04fd 03       		.uleb128 0x3
 685 04fe C5040000 		.4byte	.LASF107
 686 0502 04       		.byte	0x4
 687 0503 9F       		.byte	0x9f
 688 0504 EC000000 		.4byte	0xec
 689 0508 02       		.uleb128 0x2
 690 0509 01       		.byte	0x1
 691 050a 08       		.byte	0x8
 692 050b 21080000 		.4byte	.LASF108
 693 050f 02       		.uleb128 0x2
 694 0510 04       		.byte	0x4
 695 0511 04       		.byte	0x4
 696 0512 BA060000 		.4byte	.LASF109
 697 0516 02       		.uleb128 0x2
 698 0517 08       		.byte	0x8
 699 0518 04       		.byte	0x4
 700 0519 A7020000 		.4byte	.LASF110
 701 051d 08       		.uleb128 0x8
 702 051e 04       		.byte	0x4
 703 051f 02       		.uleb128 0x2
 704 0520 01       		.byte	0x1
 705 0521 02       		.byte	0x2
 706 0522 25070000 		.4byte	.LASF111
 707 0526 09       		.uleb128 0x9
 708 0527 01       		.byte	0x1
 709 0528 3E000000 		.4byte	0x3e
 710 052c 05       		.byte	0x5
 711 052d 2402     		.2byte	0x224
 712 052f 40050000 		.4byte	0x540
 713 0533 0A       		.uleb128 0xa
 714 0534 16070000 		.4byte	.LASF112
 715 0538 00       		.byte	0
 716 0539 0A       		.uleb128 0xa
 717 053a 65020000 		.4byte	.LASF113
 718 053e 01       		.byte	0x1
 719 053f 00       		.byte	0
 720 0540 0B       		.uleb128 0xb
ARM GAS  C:\Users\AARAM_~1\AppData\Local\Temp\ccxFJckE.s 			page 14


 721 0541 5F090000 		.4byte	.LASF114
 722 0545 05       		.byte	0x5
 723 0546 2702     		.2byte	0x227
 724 0548 26050000 		.4byte	0x526
 725 054c 0B       		.uleb128 0xb
 726 054d 23020000 		.4byte	.LASF115
 727 0551 05       		.byte	0x5
 728 0552 3902     		.2byte	0x239
 729 0554 58050000 		.4byte	0x558
 730 0558 0C       		.uleb128 0xc
 731 0559 04       		.byte	0x4
 732 055a 5E050000 		.4byte	0x55e
 733 055e 0D       		.uleb128 0xd
 734 055f 69050000 		.4byte	0x569
 735 0563 0E       		.uleb128 0xe
 736 0564 CE000000 		.4byte	0xce
 737 0568 00       		.byte	0
 738 0569 0B       		.uleb128 0xb
 739 056a 9C070000 		.4byte	.LASF116
 740 056e 05       		.byte	0x5
 741 056f 4402     		.2byte	0x244
 742 0571 75050000 		.4byte	0x575
 743 0575 0C       		.uleb128 0xc
 744 0576 04       		.byte	0x4
 745 0577 7B050000 		.4byte	0x57b
 746 057b 0F       		.uleb128 0xf
 747 057c 40050000 		.4byte	0x540
 748 0580 8A050000 		.4byte	0x58a
 749 0584 0E       		.uleb128 0xe
 750 0585 CE000000 		.4byte	0xce
 751 0589 00       		.byte	0
 752 058a 10       		.uleb128 0x10
 753 058b 67010000 		.4byte	.LASF140
 754 058f 4C       		.byte	0x4c
 755 0590 05       		.byte	0x5
 756 0591 C302     		.2byte	0x2c3
 757 0593 A9060000 		.4byte	0x6a9
 758 0597 11       		.uleb128 0x11
 759 0598 E1080000 		.4byte	.LASF117
 760 059c 05       		.byte	0x5
 761 059d C602     		.2byte	0x2c6
 762 059f 1F050000 		.4byte	0x51f
 763 05a3 00       		.byte	0
 764 05a4 11       		.uleb128 0x11
 765 05a5 76040000 		.4byte	.LASF118
 766 05a9 05       		.byte	0x5
 767 05aa C702     		.2byte	0x2c7
 768 05ac 1F050000 		.4byte	0x51f
 769 05b0 01       		.byte	0x1
 770 05b1 11       		.uleb128 0x11
 771 05b2 1D020000 		.4byte	.LASF119
 772 05b6 05       		.byte	0x5
 773 05b7 C902     		.2byte	0x2c9
 774 05b9 E0000000 		.4byte	0xe0
 775 05bd 04       		.byte	0x4
 776 05be 11       		.uleb128 0x11
 777 05bf 2A010000 		.4byte	.LASF120
ARM GAS  C:\Users\AARAM_~1\AppData\Local\Temp\ccxFJckE.s 			page 15


 778 05c3 05       		.byte	0x5
 779 05c4 CB02     		.2byte	0x2cb
 780 05c6 E0000000 		.4byte	0xe0
 781 05ca 08       		.byte	0x8
 782 05cb 11       		.uleb128 0x11
 783 05cc 90070000 		.4byte	.LASF121
 784 05d0 05       		.byte	0x5
 785 05d1 CC02     		.2byte	0x2cc
 786 05d3 1F050000 		.4byte	0x51f
 787 05d7 0C       		.byte	0xc
 788 05d8 11       		.uleb128 0x11
 789 05d9 59020000 		.4byte	.LASF122
 790 05dd 05       		.byte	0x5
 791 05de CD02     		.2byte	0x2cd
 792 05e0 1F050000 		.4byte	0x51f
 793 05e4 0D       		.byte	0xd
 794 05e5 11       		.uleb128 0x11
 795 05e6 68080000 		.4byte	.LASF123
 796 05ea 05       		.byte	0x5
 797 05eb CF02     		.2byte	0x2cf
 798 05ed A9060000 		.4byte	0x6a9
 799 05f1 10       		.byte	0x10
 800 05f2 11       		.uleb128 0x11
 801 05f3 6B070000 		.4byte	.LASF124
 802 05f7 05       		.byte	0x5
 803 05f8 D002     		.2byte	0x2d0
 804 05fa CE000000 		.4byte	0xce
 805 05fe 14       		.byte	0x14
 806 05ff 11       		.uleb128 0x11
 807 0600 76050000 		.4byte	.LASF125
 808 0604 05       		.byte	0x5
 809 0605 D102     		.2byte	0x2d1
 810 0607 E0000000 		.4byte	0xe0
 811 060b 18       		.byte	0x18
 812 060c 11       		.uleb128 0x11
 813 060d C3070000 		.4byte	.LASF126
 814 0611 05       		.byte	0x5
 815 0612 D202     		.2byte	0x2d2
 816 0614 E0000000 		.4byte	0xe0
 817 0618 1C       		.byte	0x1c
 818 0619 11       		.uleb128 0x11
 819 061a 92000000 		.4byte	.LASF127
 820 061e 05       		.byte	0x5
 821 061f D402     		.2byte	0x2d4
 822 0621 E0000000 		.4byte	0xe0
 823 0625 20       		.byte	0x20
 824 0626 11       		.uleb128 0x11
 825 0627 E7030000 		.4byte	.LASF128
 826 062b 05       		.byte	0x5
 827 062c D502     		.2byte	0x2d5
 828 062e AF060000 		.4byte	0x6af
 829 0632 24       		.byte	0x24
 830 0633 11       		.uleb128 0x11
 831 0634 17090000 		.4byte	.LASF129
 832 0638 05       		.byte	0x5
 833 0639 D702     		.2byte	0x2d7
 834 063b A9060000 		.4byte	0x6a9
ARM GAS  C:\Users\AARAM_~1\AppData\Local\Temp\ccxFJckE.s 			page 16


 835 063f 28       		.byte	0x28
 836 0640 11       		.uleb128 0x11
 837 0641 25090000 		.4byte	.LASF130
 838 0645 05       		.byte	0x5
 839 0646 D802     		.2byte	0x2d8
 840 0648 CE000000 		.4byte	0xce
 841 064c 2C       		.byte	0x2c
 842 064d 11       		.uleb128 0x11
 843 064e CD030000 		.4byte	.LASF131
 844 0652 05       		.byte	0x5
 845 0653 D902     		.2byte	0x2d9
 846 0655 E0000000 		.4byte	0xe0
 847 0659 30       		.byte	0x30
 848 065a 11       		.uleb128 0x11
 849 065b D2070000 		.4byte	.LASF132
 850 065f 05       		.byte	0x5
 851 0660 DA02     		.2byte	0x2da
 852 0662 E0000000 		.4byte	0xe0
 853 0666 34       		.byte	0x34
 854 0667 11       		.uleb128 0x11
 855 0668 0F050000 		.4byte	.LASF133
 856 066c 05       		.byte	0x5
 857 066d DC02     		.2byte	0x2dc
 858 066f A9060000 		.4byte	0x6a9
 859 0673 38       		.byte	0x38
 860 0674 11       		.uleb128 0x11
 861 0675 DD010000 		.4byte	.LASF134
 862 0679 05       		.byte	0x5
 863 067a DD02     		.2byte	0x2dd
 864 067c CE000000 		.4byte	0xce
 865 0680 3C       		.byte	0x3c
 866 0681 11       		.uleb128 0x11
 867 0682 56010000 		.4byte	.LASF135
 868 0686 05       		.byte	0x5
 869 0687 DE02     		.2byte	0x2de
 870 0689 E0000000 		.4byte	0xe0
 871 068d 40       		.byte	0x40
 872 068e 11       		.uleb128 0x11
 873 068f 9D040000 		.4byte	.LASF136
 874 0693 05       		.byte	0x5
 875 0694 E402     		.2byte	0x2e4
 876 0696 4C050000 		.4byte	0x54c
 877 069a 44       		.byte	0x44
 878 069b 11       		.uleb128 0x11
 879 069c 3E030000 		.4byte	.LASF137
 880 06a0 05       		.byte	0x5
 881 06a1 EB02     		.2byte	0x2eb
 882 06a3 69050000 		.4byte	0x569
 883 06a7 48       		.byte	0x48
 884 06a8 00       		.byte	0
 885 06a9 0C       		.uleb128 0xc
 886 06aa 04       		.byte	0x4
 887 06ab A2000000 		.4byte	0xa2
 888 06af 05       		.uleb128 0x5
 889 06b0 1F050000 		.4byte	0x51f
 890 06b4 0B       		.uleb128 0xb
 891 06b5 FC070000 		.4byte	.LASF138
ARM GAS  C:\Users\AARAM_~1\AppData\Local\Temp\ccxFJckE.s 			page 17


 892 06b9 05       		.byte	0x5
 893 06ba EE02     		.2byte	0x2ee
 894 06bc 8A050000 		.4byte	0x58a
 895 06c0 0B       		.uleb128 0xb
 896 06c1 2F040000 		.4byte	.LASF139
 897 06c5 06       		.byte	0x6
 898 06c6 D901     		.2byte	0x1d9
 899 06c8 58050000 		.4byte	0x558
 900 06cc 10       		.uleb128 0x10
 901 06cd 230A0000 		.4byte	.LASF141
 902 06d1 38       		.byte	0x38
 903 06d2 06       		.byte	0x6
 904 06d3 7502     		.2byte	0x275
 905 06d5 90070000 		.4byte	0x790
 906 06d9 11       		.uleb128 0x11
 907 06da F2090000 		.4byte	.LASF142
 908 06de 06       		.byte	0x6
 909 06df 7802     		.2byte	0x278
 910 06e1 E0000000 		.4byte	0xe0
 911 06e5 00       		.byte	0
 912 06e6 11       		.uleb128 0x11
 913 06e7 D8050000 		.4byte	.LASF143
 914 06eb 06       		.byte	0x6
 915 06ec 7902     		.2byte	0x279
 916 06ee E0000000 		.4byte	0xe0
 917 06f2 04       		.byte	0x4
 918 06f3 11       		.uleb128 0x11
 919 06f4 0A010000 		.4byte	.LASF144
 920 06f8 06       		.byte	0x6
 921 06f9 7B02     		.2byte	0x27b
 922 06fb 1D050000 		.4byte	0x51d
 923 06ff 08       		.byte	0x8
 924 0700 11       		.uleb128 0x11
 925 0701 A9080000 		.4byte	.LASF145
 926 0705 06       		.byte	0x6
 927 0706 7C02     		.2byte	0x27c
 928 0708 CE000000 		.4byte	0xce
 929 070c 0C       		.byte	0xc
 930 070d 11       		.uleb128 0x11
 931 070e EB040000 		.4byte	.LASF146
 932 0712 06       		.byte	0x6
 933 0713 7D02     		.2byte	0x27d
 934 0715 E0000000 		.4byte	0xe0
 935 0719 10       		.byte	0x10
 936 071a 11       		.uleb128 0x11
 937 071b CE090000 		.4byte	.LASF147
 938 071f 06       		.byte	0x6
 939 0720 7E02     		.2byte	0x27e
 940 0722 E0000000 		.4byte	0xe0
 941 0726 14       		.byte	0x14
 942 0727 11       		.uleb128 0x11
 943 0728 11090000 		.4byte	.LASF148
 944 072c 06       		.byte	0x6
 945 072d 8002     		.2byte	0x280
 946 072f 1D050000 		.4byte	0x51d
 947 0733 18       		.byte	0x18
 948 0734 11       		.uleb128 0x11
ARM GAS  C:\Users\AARAM_~1\AppData\Local\Temp\ccxFJckE.s 			page 18


 949 0735 12000000 		.4byte	.LASF149
 950 0739 06       		.byte	0x6
 951 073a 8102     		.2byte	0x281
 952 073c CE000000 		.4byte	0xce
 953 0740 1C       		.byte	0x1c
 954 0741 11       		.uleb128 0x11
 955 0742 78030000 		.4byte	.LASF150
 956 0746 06       		.byte	0x6
 957 0747 8202     		.2byte	0x282
 958 0749 E0000000 		.4byte	0xe0
 959 074d 20       		.byte	0x20
 960 074e 11       		.uleb128 0x11
 961 074f BF040000 		.4byte	.LASF151
 962 0753 06       		.byte	0x6
 963 0754 8402     		.2byte	0x284
 964 0756 1D050000 		.4byte	0x51d
 965 075a 24       		.byte	0x24
 966 075b 11       		.uleb128 0x11
 967 075c 96030000 		.4byte	.LASF152
 968 0760 06       		.byte	0x6
 969 0761 8502     		.2byte	0x285
 970 0763 CE000000 		.4byte	0xce
 971 0767 28       		.byte	0x28
 972 0768 11       		.uleb128 0x11
 973 0769 FD060000 		.4byte	.LASF153
 974 076d 06       		.byte	0x6
 975 076e 8602     		.2byte	0x286
 976 0770 E0000000 		.4byte	0xe0
 977 0774 2C       		.byte	0x2c
 978 0775 11       		.uleb128 0x11
 979 0776 9D040000 		.4byte	.LASF136
 980 077a 06       		.byte	0x6
 981 077b 8B02     		.2byte	0x28b
 982 077d C0060000 		.4byte	0x6c0
 983 0781 30       		.byte	0x30
 984 0782 11       		.uleb128 0x11
 985 0783 09090000 		.4byte	.LASF154
 986 0787 06       		.byte	0x6
 987 0788 8E02     		.2byte	0x28e
 988 078a CE000000 		.4byte	0xce
 989 078e 34       		.byte	0x34
 990 078f 00       		.byte	0
 991 0790 0B       		.uleb128 0xb
 992 0791 37090000 		.4byte	.LASF155
 993 0795 06       		.byte	0x6
 994 0796 9102     		.2byte	0x291
 995 0798 CC060000 		.4byte	0x6cc
 996 079c 12       		.uleb128 0x12
 997 079d D5040000 		.4byte	.LASF163
 998 07a1 01       		.byte	0x1
 999 07a2 14       		.byte	0x14
 1000 07a3 00000000 		.4byte	.LFB508
 1001 07a7 02000000 		.4byte	.LFE508-.LFB508
 1002 07ab 01       		.uleb128 0x1
 1003 07ac 9C       		.byte	0x9c
 1004 07ad 13       		.uleb128 0x13
 1005 07ae 37010000 		.4byte	.LASF156
ARM GAS  C:\Users\AARAM_~1\AppData\Local\Temp\ccxFJckE.s 			page 19


 1006 07b2 07       		.byte	0x7
 1007 07b3 F907     		.2byte	0x7f9
 1008 07b5 B9070000 		.4byte	0x7b9
 1009 07b9 05       		.uleb128 0x5
 1010 07ba C3000000 		.4byte	0xc3
 1011 07be 14       		.uleb128 0x14
 1012 07bf D1060000 		.4byte	.LASF157
 1013 07c3 04       		.byte	0x4
 1014 07c4 A7       		.byte	0xa7
 1015 07c5 C9070000 		.4byte	0x7c9
 1016 07c9 0C       		.uleb128 0xc
 1017 07ca 04       		.byte	0x4
 1018 07cb CF070000 		.4byte	0x7cf
 1019 07cf 15       		.uleb128 0x15
 1020 07d0 FD040000 		.4byte	0x4fd
 1021 07d4 14       		.uleb128 0x14
 1022 07d5 45030000 		.4byte	.LASF158
 1023 07d9 08       		.byte	0x8
 1024 07da 7F       		.byte	0x7f
 1025 07db B4060000 		.4byte	0x6b4
 1026 07df 14       		.uleb128 0x14
 1027 07e0 4A020000 		.4byte	.LASF159
 1028 07e4 09       		.byte	0x9
 1029 07e5 87       		.byte	0x87
 1030 07e6 90070000 		.4byte	0x790
 1031 07ea 00       		.byte	0
 1032              		.section	.debug_abbrev,"",%progbits
 1033              	.Ldebug_abbrev0:
 1034 0000 01       		.uleb128 0x1
 1035 0001 11       		.uleb128 0x11
 1036 0002 01       		.byte	0x1
 1037 0003 25       		.uleb128 0x25
 1038 0004 0E       		.uleb128 0xe
 1039 0005 13       		.uleb128 0x13
 1040 0006 0B       		.uleb128 0xb
 1041 0007 03       		.uleb128 0x3
 1042 0008 0E       		.uleb128 0xe
 1043 0009 1B       		.uleb128 0x1b
 1044 000a 0E       		.uleb128 0xe
 1045 000b 55       		.uleb128 0x55
 1046 000c 17       		.uleb128 0x17
 1047 000d 11       		.uleb128 0x11
 1048 000e 01       		.uleb128 0x1
 1049 000f 10       		.uleb128 0x10
 1050 0010 17       		.uleb128 0x17
 1051 0011 00       		.byte	0
 1052 0012 00       		.byte	0
 1053 0013 02       		.uleb128 0x2
 1054 0014 24       		.uleb128 0x24
 1055 0015 00       		.byte	0
 1056 0016 0B       		.uleb128 0xb
 1057 0017 0B       		.uleb128 0xb
 1058 0018 3E       		.uleb128 0x3e
 1059 0019 0B       		.uleb128 0xb
 1060 001a 03       		.uleb128 0x3
 1061 001b 0E       		.uleb128 0xe
 1062 001c 00       		.byte	0
ARM GAS  C:\Users\AARAM_~1\AppData\Local\Temp\ccxFJckE.s 			page 20


 1063 001d 00       		.byte	0
 1064 001e 03       		.uleb128 0x3
 1065 001f 16       		.uleb128 0x16
 1066 0020 00       		.byte	0
 1067 0021 03       		.uleb128 0x3
 1068 0022 0E       		.uleb128 0xe
 1069 0023 3A       		.uleb128 0x3a
 1070 0024 0B       		.uleb128 0xb
 1071 0025 3B       		.uleb128 0x3b
 1072 0026 0B       		.uleb128 0xb
 1073 0027 49       		.uleb128 0x49
 1074 0028 13       		.uleb128 0x13
 1075 0029 00       		.byte	0
 1076 002a 00       		.byte	0
 1077 002b 04       		.uleb128 0x4
 1078 002c 24       		.uleb128 0x24
 1079 002d 00       		.byte	0
 1080 002e 0B       		.uleb128 0xb
 1081 002f 0B       		.uleb128 0xb
 1082 0030 3E       		.uleb128 0x3e
 1083 0031 0B       		.uleb128 0xb
 1084 0032 03       		.uleb128 0x3
 1085 0033 08       		.uleb128 0x8
 1086 0034 00       		.byte	0
 1087 0035 00       		.byte	0
 1088 0036 05       		.uleb128 0x5
 1089 0037 35       		.uleb128 0x35
 1090 0038 00       		.byte	0
 1091 0039 49       		.uleb128 0x49
 1092 003a 13       		.uleb128 0x13
 1093 003b 00       		.byte	0
 1094 003c 00       		.byte	0
 1095 003d 06       		.uleb128 0x6
 1096 003e 13       		.uleb128 0x13
 1097 003f 01       		.byte	0x1
 1098 0040 0B       		.uleb128 0xb
 1099 0041 0B       		.uleb128 0xb
 1100 0042 3A       		.uleb128 0x3a
 1101 0043 0B       		.uleb128 0xb
 1102 0044 3B       		.uleb128 0x3b
 1103 0045 0B       		.uleb128 0xb
 1104 0046 01       		.uleb128 0x1
 1105 0047 13       		.uleb128 0x13
 1106 0048 00       		.byte	0
 1107 0049 00       		.byte	0
 1108 004a 07       		.uleb128 0x7
 1109 004b 0D       		.uleb128 0xd
 1110 004c 00       		.byte	0
 1111 004d 03       		.uleb128 0x3
 1112 004e 0E       		.uleb128 0xe
 1113 004f 3A       		.uleb128 0x3a
 1114 0050 0B       		.uleb128 0xb
 1115 0051 3B       		.uleb128 0x3b
 1116 0052 0B       		.uleb128 0xb
 1117 0053 49       		.uleb128 0x49
 1118 0054 13       		.uleb128 0x13
 1119 0055 38       		.uleb128 0x38
ARM GAS  C:\Users\AARAM_~1\AppData\Local\Temp\ccxFJckE.s 			page 21


 1120 0056 0B       		.uleb128 0xb
 1121 0057 00       		.byte	0
 1122 0058 00       		.byte	0
 1123 0059 08       		.uleb128 0x8
 1124 005a 0F       		.uleb128 0xf
 1125 005b 00       		.byte	0
 1126 005c 0B       		.uleb128 0xb
 1127 005d 0B       		.uleb128 0xb
 1128 005e 00       		.byte	0
 1129 005f 00       		.byte	0
 1130 0060 09       		.uleb128 0x9
 1131 0061 04       		.uleb128 0x4
 1132 0062 01       		.byte	0x1
 1133 0063 0B       		.uleb128 0xb
 1134 0064 0B       		.uleb128 0xb
 1135 0065 49       		.uleb128 0x49
 1136 0066 13       		.uleb128 0x13
 1137 0067 3A       		.uleb128 0x3a
 1138 0068 0B       		.uleb128 0xb
 1139 0069 3B       		.uleb128 0x3b
 1140 006a 05       		.uleb128 0x5
 1141 006b 01       		.uleb128 0x1
 1142 006c 13       		.uleb128 0x13
 1143 006d 00       		.byte	0
 1144 006e 00       		.byte	0
 1145 006f 0A       		.uleb128 0xa
 1146 0070 28       		.uleb128 0x28
 1147 0071 00       		.byte	0
 1148 0072 03       		.uleb128 0x3
 1149 0073 0E       		.uleb128 0xe
 1150 0074 1C       		.uleb128 0x1c
 1151 0075 0B       		.uleb128 0xb
 1152 0076 00       		.byte	0
 1153 0077 00       		.byte	0
 1154 0078 0B       		.uleb128 0xb
 1155 0079 16       		.uleb128 0x16
 1156 007a 00       		.byte	0
 1157 007b 03       		.uleb128 0x3
 1158 007c 0E       		.uleb128 0xe
 1159 007d 3A       		.uleb128 0x3a
 1160 007e 0B       		.uleb128 0xb
 1161 007f 3B       		.uleb128 0x3b
 1162 0080 05       		.uleb128 0x5
 1163 0081 49       		.uleb128 0x49
 1164 0082 13       		.uleb128 0x13
 1165 0083 00       		.byte	0
 1166 0084 00       		.byte	0
 1167 0085 0C       		.uleb128 0xc
 1168 0086 0F       		.uleb128 0xf
 1169 0087 00       		.byte	0
 1170 0088 0B       		.uleb128 0xb
 1171 0089 0B       		.uleb128 0xb
 1172 008a 49       		.uleb128 0x49
 1173 008b 13       		.uleb128 0x13
 1174 008c 00       		.byte	0
 1175 008d 00       		.byte	0
 1176 008e 0D       		.uleb128 0xd
ARM GAS  C:\Users\AARAM_~1\AppData\Local\Temp\ccxFJckE.s 			page 22


 1177 008f 15       		.uleb128 0x15
 1178 0090 01       		.byte	0x1
 1179 0091 27       		.uleb128 0x27
 1180 0092 19       		.uleb128 0x19
 1181 0093 01       		.uleb128 0x1
 1182 0094 13       		.uleb128 0x13
 1183 0095 00       		.byte	0
 1184 0096 00       		.byte	0
 1185 0097 0E       		.uleb128 0xe
 1186 0098 05       		.uleb128 0x5
 1187 0099 00       		.byte	0
 1188 009a 49       		.uleb128 0x49
 1189 009b 13       		.uleb128 0x13
 1190 009c 00       		.byte	0
 1191 009d 00       		.byte	0
 1192 009e 0F       		.uleb128 0xf
 1193 009f 15       		.uleb128 0x15
 1194 00a0 01       		.byte	0x1
 1195 00a1 27       		.uleb128 0x27
 1196 00a2 19       		.uleb128 0x19
 1197 00a3 49       		.uleb128 0x49
 1198 00a4 13       		.uleb128 0x13
 1199 00a5 01       		.uleb128 0x1
 1200 00a6 13       		.uleb128 0x13
 1201 00a7 00       		.byte	0
 1202 00a8 00       		.byte	0
 1203 00a9 10       		.uleb128 0x10
 1204 00aa 13       		.uleb128 0x13
 1205 00ab 01       		.byte	0x1
 1206 00ac 03       		.uleb128 0x3
 1207 00ad 0E       		.uleb128 0xe
 1208 00ae 0B       		.uleb128 0xb
 1209 00af 0B       		.uleb128 0xb
 1210 00b0 3A       		.uleb128 0x3a
 1211 00b1 0B       		.uleb128 0xb
 1212 00b2 3B       		.uleb128 0x3b
 1213 00b3 05       		.uleb128 0x5
 1214 00b4 01       		.uleb128 0x1
 1215 00b5 13       		.uleb128 0x13
 1216 00b6 00       		.byte	0
 1217 00b7 00       		.byte	0
 1218 00b8 11       		.uleb128 0x11
 1219 00b9 0D       		.uleb128 0xd
 1220 00ba 00       		.byte	0
 1221 00bb 03       		.uleb128 0x3
 1222 00bc 0E       		.uleb128 0xe
 1223 00bd 3A       		.uleb128 0x3a
 1224 00be 0B       		.uleb128 0xb
 1225 00bf 3B       		.uleb128 0x3b
 1226 00c0 05       		.uleb128 0x5
 1227 00c1 49       		.uleb128 0x49
 1228 00c2 13       		.uleb128 0x13
 1229 00c3 38       		.uleb128 0x38
 1230 00c4 0B       		.uleb128 0xb
 1231 00c5 00       		.byte	0
 1232 00c6 00       		.byte	0
 1233 00c7 12       		.uleb128 0x12
ARM GAS  C:\Users\AARAM_~1\AppData\Local\Temp\ccxFJckE.s 			page 23


 1234 00c8 2E       		.uleb128 0x2e
 1235 00c9 00       		.byte	0
 1236 00ca 3F       		.uleb128 0x3f
 1237 00cb 19       		.uleb128 0x19
 1238 00cc 03       		.uleb128 0x3
 1239 00cd 0E       		.uleb128 0xe
 1240 00ce 3A       		.uleb128 0x3a
 1241 00cf 0B       		.uleb128 0xb
 1242 00d0 3B       		.uleb128 0x3b
 1243 00d1 0B       		.uleb128 0xb
 1244 00d2 27       		.uleb128 0x27
 1245 00d3 19       		.uleb128 0x19
 1246 00d4 11       		.uleb128 0x11
 1247 00d5 01       		.uleb128 0x1
 1248 00d6 12       		.uleb128 0x12
 1249 00d7 06       		.uleb128 0x6
 1250 00d8 40       		.uleb128 0x40
 1251 00d9 18       		.uleb128 0x18
 1252 00da 9742     		.uleb128 0x2117
 1253 00dc 19       		.uleb128 0x19
 1254 00dd 00       		.byte	0
 1255 00de 00       		.byte	0
 1256 00df 13       		.uleb128 0x13
 1257 00e0 34       		.uleb128 0x34
 1258 00e1 00       		.byte	0
 1259 00e2 03       		.uleb128 0x3
 1260 00e3 0E       		.uleb128 0xe
 1261 00e4 3A       		.uleb128 0x3a
 1262 00e5 0B       		.uleb128 0xb
 1263 00e6 3B       		.uleb128 0x3b
 1264 00e7 05       		.uleb128 0x5
 1265 00e8 49       		.uleb128 0x49
 1266 00e9 13       		.uleb128 0x13
 1267 00ea 3F       		.uleb128 0x3f
 1268 00eb 19       		.uleb128 0x19
 1269 00ec 3C       		.uleb128 0x3c
 1270 00ed 19       		.uleb128 0x19
 1271 00ee 00       		.byte	0
 1272 00ef 00       		.byte	0
 1273 00f0 14       		.uleb128 0x14
 1274 00f1 34       		.uleb128 0x34
 1275 00f2 00       		.byte	0
 1276 00f3 03       		.uleb128 0x3
 1277 00f4 0E       		.uleb128 0xe
 1278 00f5 3A       		.uleb128 0x3a
 1279 00f6 0B       		.uleb128 0xb
 1280 00f7 3B       		.uleb128 0x3b
 1281 00f8 0B       		.uleb128 0xb
 1282 00f9 49       		.uleb128 0x49
 1283 00fa 13       		.uleb128 0x13
 1284 00fb 3F       		.uleb128 0x3f
 1285 00fc 19       		.uleb128 0x19
 1286 00fd 3C       		.uleb128 0x3c
 1287 00fe 19       		.uleb128 0x19
 1288 00ff 00       		.byte	0
 1289 0100 00       		.byte	0
 1290 0101 15       		.uleb128 0x15
ARM GAS  C:\Users\AARAM_~1\AppData\Local\Temp\ccxFJckE.s 			page 24


 1291 0102 26       		.uleb128 0x26
 1292 0103 00       		.byte	0
 1293 0104 49       		.uleb128 0x49
 1294 0105 13       		.uleb128 0x13
 1295 0106 00       		.byte	0
 1296 0107 00       		.byte	0
 1297 0108 00       		.byte	0
 1298              		.section	.debug_aranges,"",%progbits
 1299 0000 1C000000 		.4byte	0x1c
 1300 0004 0200     		.2byte	0x2
 1301 0006 00000000 		.4byte	.Ldebug_info0
 1302 000a 04       		.byte	0x4
 1303 000b 00       		.byte	0
 1304 000c 0000     		.2byte	0
 1305 000e 0000     		.2byte	0
 1306 0010 00000000 		.4byte	.LFB508
 1307 0014 02000000 		.4byte	.LFE508-.LFB508
 1308 0018 00000000 		.4byte	0
 1309 001c 00000000 		.4byte	0
 1310              		.section	.debug_ranges,"",%progbits
 1311              	.Ldebug_ranges0:
 1312 0000 00000000 		.4byte	.LFB508
 1313 0004 02000000 		.4byte	.LFE508
 1314 0008 00000000 		.4byte	0
 1315 000c 00000000 		.4byte	0
 1316              		.section	.debug_line,"",%progbits
 1317              	.Ldebug_line0:
 1318 0000 30020000 		.section	.debug_str,"MS",%progbits,1
 1318      02001B02 
 1318      00000201 
 1318      FB0E0D00 
 1318      01010101 
 1319              	.LASF56:
 1320 0000 70726F74 		.ascii	"protBusMasterMask\000"
 1320      4275734D 
 1320      61737465 
 1320      724D6173 
 1320      6B00
 1321              	.LASF149:
 1322 0012 72784275 		.ascii	"rxBufSize\000"
 1322      6653697A 
 1322      6500
 1323              	.LASF66:
 1324 001c 666C6173 		.ascii	"flashCtlMainWs3Freq\000"
 1324      6843746C 
 1324      4D61696E 
 1324      57733346 
 1324      72657100 
 1325              	.LASF88:
 1326 0030 6770696F 		.ascii	"gpioPrtCfgInOffset\000"
 1326      50727443 
 1326      6667496E 
 1326      4F666673 
 1326      657400
 1327              	.LASF106:
 1328 0043 6970634C 		.ascii	"ipcLockStatusOffset\000"
 1328      6F636B53 
ARM GAS  C:\Users\AARAM_~1\AppData\Local\Temp\ccxFJckE.s 			page 25


 1328      74617475 
 1328      734F6666 
 1328      73657400 
 1329              	.LASF32:
 1330 0057 63727970 		.ascii	"cryptoVersion\000"
 1330      746F5665 
 1330      7273696F 
 1330      6E00
 1331              	.LASF50:
 1332 0065 70657269 		.ascii	"periClockNr\000"
 1332      436C6F63 
 1332      6B4E7200 
 1333              	.LASF28:
 1334 0071 70617373 		.ascii	"passBase\000"
 1334      42617365 
 1334      00
 1335              	.LASF41:
 1336 007a 63707573 		.ascii	"cpussIpcIrqNr\000"
 1336      73497063 
 1336      4972714E 
 1336      7200
 1337              	.LASF3:
 1338 0088 5F5F7569 		.ascii	"__uint8_t\000"
 1338      6E74385F 
 1338      7400
 1339              	.LASF127:
 1340 0092 736C6176 		.ascii	"slaveStatus\000"
 1340      65537461 
 1340      74757300 
 1341              	.LASF85:
 1342 009e 70657269 		.ascii	"periDiv24_5CtlOffset\000"
 1342      44697632 
 1342      345F3543 
 1342      746C4F66 
 1342      66736574 
 1343              	.LASF92:
 1344 00b3 63707573 		.ascii	"cpussCm4ClockCtlOffset\000"
 1344      73436D34 
 1344      436C6F63 
 1344      6B43746C 
 1344      4F666673 
 1345              	.LASF21:
 1346 00ca 63707573 		.ascii	"cpussBase\000"
 1346      73426173 
 1346      6500
 1347              	.LASF70:
 1348 00d4 64774368 		.ascii	"dwChCtlPrioPos\000"
 1348      43746C50 
 1348      72696F50 
 1348      6F7300
 1349              	.LASF12:
 1350 00e3 6C6F6E67 		.ascii	"long long unsigned int\000"
 1350      206C6F6E 
 1350      6720756E 
 1350      7369676E 
 1350      65642069 
 1351              	.LASF74:
ARM GAS  C:\Users\AARAM_~1\AppData\Local\Temp\ccxFJckE.s 			page 26


 1352 00fa 70657269 		.ascii	"periTrCmdOffset\000"
 1352      5472436D 
 1352      644F6666 
 1352      73657400 
 1353              	.LASF144:
 1354 010a 72785269 		.ascii	"rxRingBuf\000"
 1354      6E674275 
 1354      6600
 1355              	.LASF98:
 1356 0114 63707573 		.ascii	"cpussSysTickCtlOffset\000"
 1356      73537973 
 1356      5469636B 
 1356      43746C4F 
 1356      66667365 
 1357              	.LASF120:
 1358 012a 6D617374 		.ascii	"masterStatus\000"
 1358      65725374 
 1358      61747573 
 1358      00
 1359              	.LASF156:
 1360 0137 49544D5F 		.ascii	"ITM_RxBuffer\000"
 1360      52784275 
 1360      66666572 
 1360      00
 1361              	.LASF59:
 1362 0144 666C6173 		.ascii	"flashPipeRequired\000"
 1362      68506970 
 1362      65526571 
 1362      75697265 
 1362      6400
 1363              	.LASF135:
 1364 0156 736C6176 		.ascii	"slaveRxBufferIdx\000"
 1364      65527842 
 1364      75666665 
 1364      72496478 
 1364      00
 1365              	.LASF140:
 1366 0167 63795F73 		.ascii	"cy_stc_scb_i2c_context\000"
 1366      74635F73 
 1366      63625F69 
 1366      32635F63 
 1366      6F6E7465 
 1367              	.LASF63:
 1368 017e 666C6173 		.ascii	"flashCtlMainWs0Freq\000"
 1368      6843746C 
 1368      4D61696E 
 1368      57733046 
 1368      72657100 
 1369              	.LASF15:
 1370 0192 696E7431 		.ascii	"int16_t\000"
 1370      365F7400 
 1371              	.LASF11:
 1372 019a 6C6F6E67 		.ascii	"long long int\000"
 1372      206C6F6E 
 1372      6720696E 
 1372      7400
 1373              	.LASF1:
ARM GAS  C:\Users\AARAM_~1\AppData\Local\Temp\ccxFJckE.s 			page 27


 1374 01a8 7369676E 		.ascii	"signed char\000"
 1374      65642063 
 1374      68617200 
 1375              	.LASF79:
 1376 01b4 70657269 		.ascii	"periDivCmdTypeSelPos\000"
 1376      44697643 
 1376      6D645479 
 1376      70655365 
 1376      6C506F73 
 1377              	.LASF25:
 1378 01c9 70726F74 		.ascii	"protBase\000"
 1378      42617365 
 1378      00
 1379              	.LASF37:
 1380 01d2 69706356 		.ascii	"ipcVersion\000"
 1380      65727369 
 1380      6F6E00
 1381              	.LASF134:
 1382 01dd 736C6176 		.ascii	"slaveRxBufferSize\000"
 1382      65527842 
 1382      75666665 
 1382      7253697A 
 1382      6500
 1383              	.LASF99:
 1384 01ef 63707573 		.ascii	"cpussCm0NmiCtlOffset\000"
 1384      73436D30 
 1384      4E6D6943 
 1384      746C4F66 
 1384      66736574 
 1385              	.LASF47:
 1386 0204 73727373 		.ascii	"srssNumClkpath\000"
 1386      4E756D43 
 1386      6C6B7061 
 1386      746800
 1387              	.LASF26:
 1388 0213 6873696F 		.ascii	"hsiomBase\000"
 1388      6D426173 
 1388      6500
 1389              	.LASF119:
 1390 021d 73746174 		.ascii	"state\000"
 1390      6500
 1391              	.LASF115:
 1392 0223 63795F63 		.ascii	"cy_cb_scb_i2c_handle_events_t\000"
 1392      625F7363 
 1392      625F6932 
 1392      635F6861 
 1392      6E646C65 
 1393              	.LASF8:
 1394 0241 6C6F6E67 		.ascii	"long int\000"
 1394      20696E74 
 1394      00
 1395              	.LASF159:
 1396 024a 55415254 		.ascii	"UART_1_context\000"
 1396      5F315F63 
 1396      6F6E7465 
 1396      787400
 1397              	.LASF122:
ARM GAS  C:\Users\AARAM_~1\AppData\Local\Temp\ccxFJckE.s 			page 28


 1398 0259 6D617374 		.ascii	"masterRdDir\000"
 1398      65725264 
 1398      44697200 
 1399              	.LASF113:
 1400 0265 43595F53 		.ascii	"CY_SCB_I2C_NAK\000"
 1400      43425F49 
 1400      32435F4E 
 1400      414B00
 1401              	.LASF57:
 1402 0274 63727970 		.ascii	"cryptoMemSize\000"
 1402      746F4D65 
 1402      6D53697A 
 1402      6500
 1403              	.LASF23:
 1404 0282 70657269 		.ascii	"periBase\000"
 1404      42617365 
 1404      00
 1405              	.LASF55:
 1406 028b 73797350 		.ascii	"sysPmSimoPresent\000"
 1406      6D53696D 
 1406      6F507265 
 1406      73656E74 
 1406      00
 1407              	.LASF45:
 1408 029c 63707573 		.ascii	"cpussFmIrq\000"
 1408      73466D49 
 1408      727100
 1409              	.LASF110:
 1410 02a7 646F7562 		.ascii	"double\000"
 1410      6C6500
 1411              	.LASF84:
 1412 02ae 70657269 		.ascii	"periDiv16_5CtlOffset\000"
 1412      44697631 
 1412      365F3543 
 1412      746C4F66 
 1412      66736574 
 1413              	.LASF48:
 1414 02c3 73727373 		.ascii	"srssNumPll\000"
 1414      4E756D50 
 1414      6C6C00
 1415              	.LASF162:
 1416 02ce 433A5C55 		.ascii	"C:\\Users\\aaram_000\\Documents\\PROJET_GBM2100\\Wo"
 1416      73657273 
 1416      5C616172 
 1416      616D5F30 
 1416      30305C44 
 1417 02fc 726B7370 		.ascii	"rkspace_PROJET\\PROJET.cydsn\000"
 1417      6163655F 
 1417      50524F4A 
 1417      45545C50 
 1417      524F4A45 
 1418              	.LASF82:
 1419 0318 70657269 		.ascii	"periDiv8CtlOffset\000"
 1419      44697638 
 1419      43746C4F 
 1419      66667365 
 1419      7400
ARM GAS  C:\Users\AARAM_~1\AppData\Local\Temp\ccxFJckE.s 			page 29


 1420              	.LASF89:
 1421 032a 6770696F 		.ascii	"gpioPrtCfgOutOffset\000"
 1421      50727443 
 1421      66674F75 
 1421      744F6666 
 1421      73657400 
 1422              	.LASF137:
 1423 033e 63624164 		.ascii	"cbAddr\000"
 1423      647200
 1424              	.LASF158:
 1425 0345 4932435F 		.ascii	"I2C_1_context\000"
 1425      315F636F 
 1425      6E746578 
 1425      7400
 1426              	.LASF9:
 1427 0353 5F5F7569 		.ascii	"__uint32_t\000"
 1427      6E743332 
 1427      5F7400
 1428              	.LASF52:
 1429 035e 70617373 		.ascii	"passSarChannels\000"
 1429      53617243 
 1429      68616E6E 
 1429      656C7300 
 1430              	.LASF4:
 1431 036e 5F5F696E 		.ascii	"__int16_t\000"
 1431      7431365F 
 1431      7400
 1432              	.LASF150:
 1433 0378 72784275 		.ascii	"rxBufIdx\000"
 1433      66496478 
 1433      00
 1434              	.LASF95:
 1435 0381 63707573 		.ascii	"cpussCm4PwrCtlOffset\000"
 1435      73436D34 
 1435      50777243 
 1435      746C4F66 
 1435      66736574 
 1436              	.LASF152:
 1437 0396 74784275 		.ascii	"txBufSize\000"
 1437      6653697A 
 1437      6500
 1438              	.LASF90:
 1439 03a0 6770696F 		.ascii	"gpioPrtCfgSioOffset\000"
 1439      50727443 
 1439      66675369 
 1439      6F4F6666 
 1439      73657400 
 1440              	.LASF42:
 1441 03b4 63707573 		.ascii	"cpussDwChNr\000"
 1441      73447743 
 1441      684E7200 
 1442              	.LASF13:
 1443 03c0 756E7369 		.ascii	"unsigned int\000"
 1443      676E6564 
 1443      20696E74 
 1443      00
 1444              	.LASF131:
ARM GAS  C:\Users\AARAM_~1\AppData\Local\Temp\ccxFJckE.s 			page 30


 1445 03cd 736C6176 		.ascii	"slaveTxBufferIdx\000"
 1445      65547842 
 1445      75666665 
 1445      72496478 
 1445      00
 1446              	.LASF16:
 1447 03de 75696E74 		.ascii	"uint16_t\000"
 1447      31365F74 
 1447      00
 1448              	.LASF128:
 1449 03e7 736C6176 		.ascii	"slaveRdBufEmpty\000"
 1449      65526442 
 1449      7566456D 
 1449      70747900 
 1450              	.LASF75:
 1451 03f7 70657269 		.ascii	"periTrCmdGrSelMsk\000"
 1451      5472436D 
 1451      64477253 
 1451      656C4D73 
 1451      6B00
 1452              	.LASF64:
 1453 0409 666C6173 		.ascii	"flashCtlMainWs1Freq\000"
 1453      6843746C 
 1453      4D61696E 
 1453      57733146 
 1453      72657100 
 1454              	.LASF10:
 1455 041d 6C6F6E67 		.ascii	"long unsigned int\000"
 1455      20756E73 
 1455      69676E65 
 1455      6420696E 
 1455      7400
 1456              	.LASF139:
 1457 042f 63795F63 		.ascii	"cy_cb_scb_uart_handle_events_t\000"
 1457      625F7363 
 1457      625F7561 
 1457      72745F68 
 1457      616E646C 
 1458              	.LASF40:
 1459 044e 63707573 		.ascii	"cpussIpcNr\000"
 1459      73497063 
 1459      4E7200
 1460              	.LASF27:
 1461 0459 6770696F 		.ascii	"gpioBase\000"
 1461      42617365 
 1461      00
 1462              	.LASF65:
 1463 0462 666C6173 		.ascii	"flashCtlMainWs2Freq\000"
 1463      6843746C 
 1463      4D61696E 
 1463      57733246 
 1463      72657100 
 1464              	.LASF118:
 1465 0476 75736554 		.ascii	"useTxFifo\000"
 1465      78466966 
 1465      6F00
 1466              	.LASF76:
ARM GAS  C:\Users\AARAM_~1\AppData\Local\Temp\ccxFJckE.s 			page 31


 1467 0480 70657269 		.ascii	"periTrGrOffset\000"
 1467      54724772 
 1467      4F666673 
 1467      657400
 1468              	.LASF103:
 1469 048f 63707573 		.ascii	"cpussRam1Ctl0\000"
 1469      7352616D 
 1469      3143746C 
 1469      3000
 1470              	.LASF136:
 1471 049d 63624576 		.ascii	"cbEvents\000"
 1471      656E7473 
 1471      00
 1472              	.LASF77:
 1473 04a6 70657269 		.ascii	"periTrGrSize\000"
 1473      54724772 
 1473      53697A65 
 1473      00
 1474              	.LASF35:
 1475 04b3 6770696F 		.ascii	"gpioVersion\000"
 1475      56657273 
 1475      696F6E00 
 1476              	.LASF151:
 1477 04bf 74784275 		.ascii	"txBuf\000"
 1477      6600
 1478              	.LASF107:
 1479 04c5 63795F73 		.ascii	"cy_stc_device_t\000"
 1479      74635F64 
 1479      65766963 
 1479      655F7400 
 1480              	.LASF163:
 1481 04d5 696E7465 		.ascii	"interface\000"
 1481      72666163 
 1481      6500
 1482              	.LASF53:
 1483 04df 65704D6F 		.ascii	"epMonitorNr\000"
 1483      6E69746F 
 1483      724E7200 
 1484              	.LASF146:
 1485 04eb 72785269 		.ascii	"rxRingBufHead\000"
 1485      6E674275 
 1485      66486561 
 1485      6400
 1486              	.LASF96:
 1487 04f9 63707573 		.ascii	"cpussTrimRamCtlOffset\000"
 1487      73547269 
 1487      6D52616D 
 1487      43746C4F 
 1487      66667365 
 1488              	.LASF133:
 1489 050f 736C6176 		.ascii	"slaveRxBuffer\000"
 1489      65527842 
 1489      75666665 
 1489      7200
 1490              	.LASF91:
 1491 051d 63707573 		.ascii	"cpussCm0ClockCtlOffset\000"
 1491      73436D30 
ARM GAS  C:\Users\AARAM_~1\AppData\Local\Temp\ccxFJckE.s 			page 32


 1491      436C6F63 
 1491      6B43746C 
 1491      4F666673 
 1492              	.LASF31:
 1493 0534 63707573 		.ascii	"cpussVersion\000"
 1493      73566572 
 1493      73696F6E 
 1493      00
 1494              	.LASF38:
 1495 0541 70657269 		.ascii	"periVersion\000"
 1495      56657273 
 1495      696F6E00 
 1496              	.LASF94:
 1497 054d 63707573 		.ascii	"cpussCm0StatusOffset\000"
 1497      73436D30 
 1497      53746174 
 1497      75734F66 
 1497      66736574 
 1498              	.LASF19:
 1499 0562 73697A65 		.ascii	"sizetype\000"
 1499      74797065 
 1499      00
 1500              	.LASF68:
 1501 056b 64774368 		.ascii	"dwChOffset\000"
 1501      4F666673 
 1501      657400
 1502              	.LASF125:
 1503 0576 6D617374 		.ascii	"masterBufferIdx\000"
 1503      65724275 
 1503      66666572 
 1503      49647800 
 1504              	.LASF43:
 1505 0586 63707573 		.ascii	"cpussFlashPaSize\000"
 1505      73466C61 
 1505      73685061 
 1505      53697A65 
 1505      00
 1506              	.LASF81:
 1507 0597 70657269 		.ascii	"periDivCmdPaTypeSelPos\000"
 1507      44697643 
 1507      6D645061 
 1507      54797065 
 1507      53656C50 
 1508              	.LASF104:
 1509 05ae 63707573 		.ascii	"cpussRam2Ctl0\000"
 1509      7352616D 
 1509      3243746C 
 1509      3000
 1510              	.LASF72:
 1511 05bc 64775374 		.ascii	"dwStatusChIdxPos\000"
 1511      61747573 
 1511      43684964 
 1511      78506F73 
 1511      00
 1512              	.LASF54:
 1513 05cd 75646250 		.ascii	"udbPresent\000"
 1513      72657365 
ARM GAS  C:\Users\AARAM_~1\AppData\Local\Temp\ccxFJckE.s 			page 33


 1513      6E7400
 1514              	.LASF143:
 1515 05d8 72785374 		.ascii	"rxStatus\000"
 1515      61747573 
 1515      00
 1516              	.LASF34:
 1517 05e1 666C6173 		.ascii	"flashcVersion\000"
 1517      68635665 
 1517      7273696F 
 1517      6E00
 1518              	.LASF30:
 1519 05ef 63727970 		.ascii	"cryptoBase\000"
 1519      746F4261 
 1519      736500
 1520              	.LASF51:
 1521 05fa 736D6966 		.ascii	"smifDeviceNr\000"
 1521      44657669 
 1521      63654E72 
 1521      00
 1522              	.LASF160:
 1523 0607 474E5520 		.ascii	"GNU C11 5.4.1 20160609 (release) [ARM/embedded-5-br"
 1523      43313120 
 1523      352E342E 
 1523      31203230 
 1523      31363036 
 1524 063a 616E6368 		.ascii	"anch revision 237715] -mcpu=cortex-m4 -mfloat-abi=s"
 1524      20726576 
 1524      6973696F 
 1524      6E203233 
 1524      37373135 
 1525 066d 6F667466 		.ascii	"oftfp -mfpu=fpv4-sp-d16 -mthumb -g -Og -ffunction-s"
 1525      70202D6D 
 1525      6670753D 
 1525      66707634 
 1525      2D73702D 
 1526 06a0 65637469 		.ascii	"ections -ffat-lto-objects\000"
 1526      6F6E7320 
 1526      2D666661 
 1526      742D6C74 
 1526      6F2D6F62 
 1527              	.LASF109:
 1528 06ba 666C6F61 		.ascii	"float\000"
 1528      7400
 1529              	.LASF73:
 1530 06c0 64775374 		.ascii	"dwStatusChIdxMsk\000"
 1530      61747573 
 1530      43684964 
 1530      784D736B 
 1530      00
 1531              	.LASF157:
 1532 06d1 63795F64 		.ascii	"cy_device\000"
 1532      65766963 
 1532      6500
 1533              	.LASF101:
 1534 06db 63707573 		.ascii	"cpussRomCtl\000"
 1534      73526F6D 
 1534      43746C00 
ARM GAS  C:\Users\AARAM_~1\AppData\Local\Temp\ccxFJckE.s 			page 34


 1535              	.LASF71:
 1536 06e7 64774368 		.ascii	"dwChCtlPreemptablePos\000"
 1536      43746C50 
 1536      7265656D 
 1536      70746162 
 1536      6C65506F 
 1537              	.LASF153:
 1538 06fd 74784C65 		.ascii	"txLeftToTransmit\000"
 1538      6674546F 
 1538      5472616E 
 1538      736D6974 
 1538      00
 1539              	.LASF24:
 1540 070e 75646242 		.ascii	"udbBase\000"
 1540      61736500 
 1541              	.LASF112:
 1542 0716 43595F53 		.ascii	"CY_SCB_I2C_ACK\000"
 1542      43425F49 
 1542      32435F41 
 1542      434B00
 1543              	.LASF111:
 1544 0725 5F426F6F 		.ascii	"_Bool\000"
 1544      6C00
 1545              	.LASF17:
 1546 072b 696E7433 		.ascii	"int32_t\000"
 1546      325F7400 
 1547              	.LASF2:
 1548 0733 756E7369 		.ascii	"unsigned char\000"
 1548      676E6564 
 1548      20636861 
 1548      7200
 1549              	.LASF67:
 1550 0741 666C6173 		.ascii	"flashCtlMainWs4Freq\000"
 1550      6843746C 
 1550      4D61696E 
 1550      57733446 
 1550      72657100 
 1551              	.LASF0:
 1552 0755 73686F72 		.ascii	"short int\000"
 1552      7420696E 
 1552      7400
 1553              	.LASF161:
 1554 075f 496E7465 		.ascii	"Interface.c\000"
 1554      72666163 
 1554      652E6300 
 1555              	.LASF124:
 1556 076b 6D617374 		.ascii	"masterBufferSize\000"
 1556      65724275 
 1556      66666572 
 1556      53697A65 
 1556      00
 1557              	.LASF78:
 1558 077c 70657269 		.ascii	"periDivCmdDivSelMsk\000"
 1558      44697643 
 1558      6D644469 
 1558      7653656C 
 1558      4D736B00 
ARM GAS  C:\Users\AARAM_~1\AppData\Local\Temp\ccxFJckE.s 			page 35


 1559              	.LASF121:
 1560 0790 6D617374 		.ascii	"masterPause\000"
 1560      65725061 
 1560      75736500 
 1561              	.LASF116:
 1562 079c 63795F63 		.ascii	"cy_cb_scb_i2c_handle_addr_t\000"
 1562      625F7363 
 1562      625F6932 
 1562      635F6861 
 1562      6E646C65 
 1563              	.LASF22:
 1564 07b8 666C6173 		.ascii	"flashcBase\000"
 1564      68634261 
 1564      736500
 1565              	.LASF126:
 1566 07c3 6D617374 		.ascii	"masterNumBytes\000"
 1566      65724E75 
 1566      6D427974 
 1566      657300
 1567              	.LASF132:
 1568 07d2 736C6176 		.ascii	"slaveTxBufferCnt\000"
 1568      65547842 
 1568      75666665 
 1568      72436E74 
 1568      00
 1569              	.LASF62:
 1570 07e3 666C6173 		.ascii	"flashEraseDelay\000"
 1570      68457261 
 1570      73654465 
 1570      6C617900 
 1571              	.LASF18:
 1572 07f3 75696E74 		.ascii	"uint32_t\000"
 1572      33325F74 
 1572      00
 1573              	.LASF138:
 1574 07fc 63795F73 		.ascii	"cy_stc_scb_i2c_context_t\000"
 1574      74635F73 
 1574      63625F69 
 1574      32635F63 
 1574      6F6E7465 
 1575              	.LASF20:
 1576 0815 6C6F6E67 		.ascii	"long double\000"
 1576      20646F75 
 1576      626C6500 
 1577              	.LASF108:
 1578 0821 63686172 		.ascii	"char\000"
 1578      00
 1579              	.LASF39:
 1580 0826 70726F74 		.ascii	"protVersion\000"
 1580      56657273 
 1580      696F6E00 
 1581              	.LASF102:
 1582 0832 63707573 		.ascii	"cpussRam0Ctl0\000"
 1582      7352616D 
 1582      3043746C 
 1582      3000
 1583              	.LASF5:
ARM GAS  C:\Users\AARAM_~1\AppData\Local\Temp\ccxFJckE.s 			page 36


 1584 0840 5F5F7569 		.ascii	"__uint16_t\000"
 1584      6E743136 
 1584      5F7400
 1585              	.LASF83:
 1586 084b 70657269 		.ascii	"periDiv16CtlOffset\000"
 1586      44697631 
 1586      3643746C 
 1586      4F666673 
 1586      657400
 1587              	.LASF7:
 1588 085e 5F5F696E 		.ascii	"__int32_t\000"
 1588      7433325F 
 1588      7400
 1589              	.LASF123:
 1590 0868 6D617374 		.ascii	"masterBuffer\000"
 1590      65724275 
 1590      66666572 
 1590      00
 1591              	.LASF36:
 1592 0875 6873696F 		.ascii	"hsiomVersion\000"
 1592      6D566572 
 1592      73696F6E 
 1592      00
 1593              	.LASF61:
 1594 0882 666C6173 		.ascii	"flashProgramDelay\000"
 1594      6850726F 
 1594      6772616D 
 1594      44656C61 
 1594      7900
 1595              	.LASF46:
 1596 0894 63707573 		.ascii	"cpussNotConnectedIrq\000"
 1596      734E6F74 
 1596      436F6E6E 
 1596      65637465 
 1596      64497271 
 1597              	.LASF145:
 1598 08a9 72785269 		.ascii	"rxRingBufSize\000"
 1598      6E674275 
 1598      6653697A 
 1598      6500
 1599              	.LASF6:
 1600 08b7 73686F72 		.ascii	"short unsigned int\000"
 1600      7420756E 
 1600      7369676E 
 1600      65642069 
 1600      6E7400
 1601              	.LASF69:
 1602 08ca 64774368 		.ascii	"dwChSize\000"
 1602      53697A65 
 1602      00
 1603              	.LASF105:
 1604 08d3 69706353 		.ascii	"ipcStructSize\000"
 1604      74727563 
 1604      7453697A 
 1604      6500
 1605              	.LASF117:
 1606 08e1 75736552 		.ascii	"useRxFifo\000"
ARM GAS  C:\Users\AARAM_~1\AppData\Local\Temp\ccxFJckE.s 			page 37


 1606      78466966 
 1606      6F00
 1607              	.LASF44:
 1608 08eb 63707573 		.ascii	"cpussIpc0Irq\000"
 1608      73497063 
 1608      30497271 
 1608      00
 1609              	.LASF87:
 1610 08f8 6770696F 		.ascii	"gpioPrtCfgOffset\000"
 1610      50727443 
 1610      66674F66 
 1610      66736574 
 1610      00
 1611              	.LASF154:
 1612 0909 696E6974 		.ascii	"initKey\000"
 1612      4B657900 
 1613              	.LASF148:
 1614 0911 72784275 		.ascii	"rxBuf\000"
 1614      6600
 1615              	.LASF129:
 1616 0917 736C6176 		.ascii	"slaveTxBuffer\000"
 1616      65547842 
 1616      75666665 
 1616      7200
 1617              	.LASF130:
 1618 0925 736C6176 		.ascii	"slaveTxBufferSize\000"
 1618      65547842 
 1618      75666665 
 1618      7253697A 
 1618      6500
 1619              	.LASF155:
 1620 0937 63795F73 		.ascii	"cy_stc_scb_uart_context_t\000"
 1620      74635F73 
 1620      63625F75 
 1620      6172745F 
 1620      636F6E74 
 1621              	.LASF49:
 1622 0951 73727373 		.ascii	"srssNumHfroot\000"
 1622      4E756D48 
 1622      66726F6F 
 1622      7400
 1623              	.LASF114:
 1624 095f 63795F65 		.ascii	"cy_en_scb_i2c_command_t\000"
 1624      6E5F7363 
 1624      625F6932 
 1624      635F636F 
 1624      6D6D616E 
 1625              	.LASF100:
 1626 0977 63707573 		.ascii	"cpussCm4NmiCtlOffset\000"
 1626      73436D34 
 1626      4E6D6943 
 1626      746C4F66 
 1626      66736574 
 1627              	.LASF60:
 1628 098c 666C6173 		.ascii	"flashWriteDelay\000"
 1628      68577269 
 1628      74654465 
ARM GAS  C:\Users\AARAM_~1\AppData\Local\Temp\ccxFJckE.s 			page 38


 1628      6C617900 
 1629              	.LASF14:
 1630 099c 75696E74 		.ascii	"uint8_t\000"
 1630      385F7400 
 1631              	.LASF93:
 1632 09a4 63707573 		.ascii	"cpussCm4StatusOffset\000"
 1632      73436D34 
 1632      53746174 
 1632      75734F66 
 1632      66736574 
 1633              	.LASF86:
 1634 09b9 6770696F 		.ascii	"gpioPrtIntrCfgOffset\000"
 1634      50727449 
 1634      6E747243 
 1634      66674F66 
 1634      66736574 
 1635              	.LASF147:
 1636 09ce 72785269 		.ascii	"rxRingBufTail\000"
 1636      6E674275 
 1636      66546169 
 1636      6C00
 1637              	.LASF97:
 1638 09dc 63707573 		.ascii	"cpussTrimRomCtlOffset\000"
 1638      73547269 
 1638      6D526F6D 
 1638      43746C4F 
 1638      66667365 
 1639              	.LASF142:
 1640 09f2 74785374 		.ascii	"txStatus\000"
 1640      61747573 
 1640      00
 1641              	.LASF33:
 1642 09fb 64775665 		.ascii	"dwVersion\000"
 1642      7273696F 
 1642      6E00
 1643              	.LASF29:
 1644 0a05 69706342 		.ascii	"ipcBase\000"
 1644      61736500 
 1645              	.LASF80:
 1646 0a0d 70657269 		.ascii	"periDivCmdPaDivSelPos\000"
 1646      44697643 
 1646      6D645061 
 1646      44697653 
 1646      656C506F 
 1647              	.LASF141:
 1648 0a23 63795F73 		.ascii	"cy_stc_scb_uart_context\000"
 1648      74635F73 
 1648      63625F75 
 1648      6172745F 
 1648      636F6E74 
 1649              	.LASF58:
 1650 0a3b 666C6173 		.ascii	"flashRwwRequired\000"
 1650      68527777 
 1650      52657175 
 1650      69726564 
 1650      00
 1651              		.ident	"GCC: (GNU Tools for ARM Embedded Processors) 5.4.1 20160609 (release) [ARM/embedded-5-bran
ARM GAS  C:\Users\AARAM_~1\AppData\Local\Temp\ccxFJckE.s 			page 39


