ARM GAS  C:\Users\AARAM_~1\AppData\Local\Temp\cc6Kpeiv.s 			page 1


   1              		.syntax unified
   2              		.cpu cortex-m4
   3              		.eabi_attribute 27, 1
   4              		.fpu fpv4-sp-d16
   5              		.eabi_attribute 20, 1
   6              		.eabi_attribute 21, 1
   7              		.eabi_attribute 23, 3
   8              		.eabi_attribute 24, 1
   9              		.eabi_attribute 25, 1
  10              		.eabi_attribute 26, 1
  11              		.eabi_attribute 30, 1
  12              		.eabi_attribute 34, 1
  13              		.eabi_attribute 18, 4
  14              		.thumb
  15              		.syntax unified
  16              		.file	"main_cm4.c"
  17              		.text
  18              	.Ltext0:
  19              		.cfi_sections	.debug_frame
  20              		.section	.text.main,"ax",%progbits
  21              		.align	2
  22              		.global	main
  23              		.thumb
  24              		.thumb_func
  25              		.type	main, %function
  26              	main:
  27              	.LFB480:
  28              		.file 1 "main_cm4.c"
   1:main_cm4.c    **** /*******************************************************************************
   2:main_cm4.c    **** * File name : main_cm4.c
   3:main_cm4.c    **** *
   4:main_cm4.c    **** * Description : 
   5:main_cm4.c    **** *
   6:main_cm4.c    **** * Authors : 
   7:main_cm4.c    **** * Date of creation : 24 mars 2021
   8:main_cm4.c    **** *
   9:main_cm4.c    **** ********************************************************************************/
  10:main_cm4.c    **** 
  11:main_cm4.c    **** #include "project.h"
  12:main_cm4.c    **** #include "Traitement.h"
  13:main_cm4.c    **** #include "Interface.h"
  14:main_cm4.c    **** #include "Communication.h"
  15:main_cm4.c    **** 
  16:main_cm4.c    **** int main(void)
  17:main_cm4.c    **** {
  29              		.loc 1 17 0
  30              		.cfi_startproc
  31              		@ Volatile: function does not return.
  32              		@ args = 0, pretend = 0, frame = 0
  33              		@ frame_needed = 0, uses_anonymous_args = 0
  34 0000 08B5     		push	{r3, lr}
  35              		.cfi_def_cfa_offset 8
  36              		.cfi_offset 3, -8
  37              		.cfi_offset 14, -4
  38              	.LBB4:
  39              	.LBB5:
  40              		.file 2 "Generated_Source\\PSoC6\\pdl\\cmsis/include/cmsis_gcc.h"
ARM GAS  C:\Users\AARAM_~1\AppData\Local\Temp\cc6Kpeiv.s 			page 2


   1:Generated_Source\PSoC6\pdl\cmsis/include/cmsis_gcc.h **** /**************************************************************************//**
   2:Generated_Source\PSoC6\pdl\cmsis/include/cmsis_gcc.h ****  * @file     cmsis_gcc.h
   3:Generated_Source\PSoC6\pdl\cmsis/include/cmsis_gcc.h ****  * @brief    CMSIS compiler GCC header file
   4:Generated_Source\PSoC6\pdl\cmsis/include/cmsis_gcc.h ****  * @version  V5.0.3
   5:Generated_Source\PSoC6\pdl\cmsis/include/cmsis_gcc.h ****  * @date     16. January 2018
   6:Generated_Source\PSoC6\pdl\cmsis/include/cmsis_gcc.h ****  ******************************************************************************/
   7:Generated_Source\PSoC6\pdl\cmsis/include/cmsis_gcc.h **** /*
   8:Generated_Source\PSoC6\pdl\cmsis/include/cmsis_gcc.h ****  * Copyright (c) 2009-2017 ARM Limited. All rights reserved.
   9:Generated_Source\PSoC6\pdl\cmsis/include/cmsis_gcc.h ****  *
  10:Generated_Source\PSoC6\pdl\cmsis/include/cmsis_gcc.h ****  * SPDX-License-Identifier: Apache-2.0
  11:Generated_Source\PSoC6\pdl\cmsis/include/cmsis_gcc.h ****  *
  12:Generated_Source\PSoC6\pdl\cmsis/include/cmsis_gcc.h ****  * Licensed under the Apache License, Version 2.0 (the License); you may
  13:Generated_Source\PSoC6\pdl\cmsis/include/cmsis_gcc.h ****  * not use this file except in compliance with the License.
  14:Generated_Source\PSoC6\pdl\cmsis/include/cmsis_gcc.h ****  * You may obtain a copy of the License at
  15:Generated_Source\PSoC6\pdl\cmsis/include/cmsis_gcc.h ****  *
  16:Generated_Source\PSoC6\pdl\cmsis/include/cmsis_gcc.h ****  * www.apache.org/licenses/LICENSE-2.0
  17:Generated_Source\PSoC6\pdl\cmsis/include/cmsis_gcc.h ****  *
  18:Generated_Source\PSoC6\pdl\cmsis/include/cmsis_gcc.h ****  * Unless required by applicable law or agreed to in writing, software
  19:Generated_Source\PSoC6\pdl\cmsis/include/cmsis_gcc.h ****  * distributed under the License is distributed on an AS IS BASIS, WITHOUT
  20:Generated_Source\PSoC6\pdl\cmsis/include/cmsis_gcc.h ****  * WARRANTIES OR CONDITIONS OF ANY KIND, either express or implied.
  21:Generated_Source\PSoC6\pdl\cmsis/include/cmsis_gcc.h ****  * See the License for the specific language governing permissions and
  22:Generated_Source\PSoC6\pdl\cmsis/include/cmsis_gcc.h ****  * limitations under the License.
  23:Generated_Source\PSoC6\pdl\cmsis/include/cmsis_gcc.h ****  */
  24:Generated_Source\PSoC6\pdl\cmsis/include/cmsis_gcc.h **** 
  25:Generated_Source\PSoC6\pdl\cmsis/include/cmsis_gcc.h **** #ifndef __CMSIS_GCC_H
  26:Generated_Source\PSoC6\pdl\cmsis/include/cmsis_gcc.h **** #define __CMSIS_GCC_H
  27:Generated_Source\PSoC6\pdl\cmsis/include/cmsis_gcc.h **** 
  28:Generated_Source\PSoC6\pdl\cmsis/include/cmsis_gcc.h **** /* ignore some GCC warnings */
  29:Generated_Source\PSoC6\pdl\cmsis/include/cmsis_gcc.h **** #pragma GCC diagnostic push
  30:Generated_Source\PSoC6\pdl\cmsis/include/cmsis_gcc.h **** #pragma GCC diagnostic ignored "-Wsign-conversion"
  31:Generated_Source\PSoC6\pdl\cmsis/include/cmsis_gcc.h **** #pragma GCC diagnostic ignored "-Wconversion"
  32:Generated_Source\PSoC6\pdl\cmsis/include/cmsis_gcc.h **** #pragma GCC diagnostic ignored "-Wunused-parameter"
  33:Generated_Source\PSoC6\pdl\cmsis/include/cmsis_gcc.h **** 
  34:Generated_Source\PSoC6\pdl\cmsis/include/cmsis_gcc.h **** /* Fallback for __has_builtin */
  35:Generated_Source\PSoC6\pdl\cmsis/include/cmsis_gcc.h **** #ifndef __has_builtin
  36:Generated_Source\PSoC6\pdl\cmsis/include/cmsis_gcc.h ****   #define __has_builtin(x) (0)
  37:Generated_Source\PSoC6\pdl\cmsis/include/cmsis_gcc.h **** #endif
  38:Generated_Source\PSoC6\pdl\cmsis/include/cmsis_gcc.h **** 
  39:Generated_Source\PSoC6\pdl\cmsis/include/cmsis_gcc.h **** /* CMSIS compiler specific defines */
  40:Generated_Source\PSoC6\pdl\cmsis/include/cmsis_gcc.h **** #ifndef   __ASM
  41:Generated_Source\PSoC6\pdl\cmsis/include/cmsis_gcc.h ****   #define __ASM                                  __asm
  42:Generated_Source\PSoC6\pdl\cmsis/include/cmsis_gcc.h **** #endif
  43:Generated_Source\PSoC6\pdl\cmsis/include/cmsis_gcc.h **** #ifndef   __INLINE
  44:Generated_Source\PSoC6\pdl\cmsis/include/cmsis_gcc.h ****   #define __INLINE                               inline
  45:Generated_Source\PSoC6\pdl\cmsis/include/cmsis_gcc.h **** #endif
  46:Generated_Source\PSoC6\pdl\cmsis/include/cmsis_gcc.h **** #ifndef   __STATIC_INLINE
  47:Generated_Source\PSoC6\pdl\cmsis/include/cmsis_gcc.h ****   #define __STATIC_INLINE                        static inline
  48:Generated_Source\PSoC6\pdl\cmsis/include/cmsis_gcc.h **** #endif
  49:Generated_Source\PSoC6\pdl\cmsis/include/cmsis_gcc.h **** #ifndef   __STATIC_FORCEINLINE                 
  50:Generated_Source\PSoC6\pdl\cmsis/include/cmsis_gcc.h ****   #define __STATIC_FORCEINLINE                   __attribute__((always_inline)) static inline
  51:Generated_Source\PSoC6\pdl\cmsis/include/cmsis_gcc.h **** #endif                                           
  52:Generated_Source\PSoC6\pdl\cmsis/include/cmsis_gcc.h **** #ifndef   __NO_RETURN
  53:Generated_Source\PSoC6\pdl\cmsis/include/cmsis_gcc.h ****   #define __NO_RETURN                            __attribute__((__noreturn__))
  54:Generated_Source\PSoC6\pdl\cmsis/include/cmsis_gcc.h **** #endif
  55:Generated_Source\PSoC6\pdl\cmsis/include/cmsis_gcc.h **** #ifndef   __USED
  56:Generated_Source\PSoC6\pdl\cmsis/include/cmsis_gcc.h ****   #define __USED                                 __attribute__((used))
  57:Generated_Source\PSoC6\pdl\cmsis/include/cmsis_gcc.h **** #endif
ARM GAS  C:\Users\AARAM_~1\AppData\Local\Temp\cc6Kpeiv.s 			page 3


  58:Generated_Source\PSoC6\pdl\cmsis/include/cmsis_gcc.h **** #ifndef   __WEAK
  59:Generated_Source\PSoC6\pdl\cmsis/include/cmsis_gcc.h ****   #define __WEAK                                 __attribute__((weak))
  60:Generated_Source\PSoC6\pdl\cmsis/include/cmsis_gcc.h **** #endif
  61:Generated_Source\PSoC6\pdl\cmsis/include/cmsis_gcc.h **** #ifndef   __PACKED
  62:Generated_Source\PSoC6\pdl\cmsis/include/cmsis_gcc.h ****   #define __PACKED                               __attribute__((packed, aligned(1)))
  63:Generated_Source\PSoC6\pdl\cmsis/include/cmsis_gcc.h **** #endif
  64:Generated_Source\PSoC6\pdl\cmsis/include/cmsis_gcc.h **** #ifndef   __PACKED_STRUCT
  65:Generated_Source\PSoC6\pdl\cmsis/include/cmsis_gcc.h ****   #define __PACKED_STRUCT                        struct __attribute__((packed, aligned(1)))
  66:Generated_Source\PSoC6\pdl\cmsis/include/cmsis_gcc.h **** #endif
  67:Generated_Source\PSoC6\pdl\cmsis/include/cmsis_gcc.h **** #ifndef   __PACKED_UNION
  68:Generated_Source\PSoC6\pdl\cmsis/include/cmsis_gcc.h ****   #define __PACKED_UNION                         union __attribute__((packed, aligned(1)))
  69:Generated_Source\PSoC6\pdl\cmsis/include/cmsis_gcc.h **** #endif
  70:Generated_Source\PSoC6\pdl\cmsis/include/cmsis_gcc.h **** #ifndef   __UNALIGNED_UINT32        /* deprecated */
  71:Generated_Source\PSoC6\pdl\cmsis/include/cmsis_gcc.h ****   #pragma GCC diagnostic push
  72:Generated_Source\PSoC6\pdl\cmsis/include/cmsis_gcc.h ****   #pragma GCC diagnostic ignored "-Wpacked"
  73:Generated_Source\PSoC6\pdl\cmsis/include/cmsis_gcc.h ****   #pragma GCC diagnostic ignored "-Wattributes"
  74:Generated_Source\PSoC6\pdl\cmsis/include/cmsis_gcc.h ****   struct __attribute__((packed)) T_UINT32 { uint32_t v; };
  75:Generated_Source\PSoC6\pdl\cmsis/include/cmsis_gcc.h ****   #pragma GCC diagnostic pop
  76:Generated_Source\PSoC6\pdl\cmsis/include/cmsis_gcc.h ****   #define __UNALIGNED_UINT32(x)                  (((struct T_UINT32 *)(x))->v)
  77:Generated_Source\PSoC6\pdl\cmsis/include/cmsis_gcc.h **** #endif
  78:Generated_Source\PSoC6\pdl\cmsis/include/cmsis_gcc.h **** #ifndef   __UNALIGNED_UINT16_WRITE
  79:Generated_Source\PSoC6\pdl\cmsis/include/cmsis_gcc.h ****   #pragma GCC diagnostic push
  80:Generated_Source\PSoC6\pdl\cmsis/include/cmsis_gcc.h ****   #pragma GCC diagnostic ignored "-Wpacked"
  81:Generated_Source\PSoC6\pdl\cmsis/include/cmsis_gcc.h ****   #pragma GCC diagnostic ignored "-Wattributes"
  82:Generated_Source\PSoC6\pdl\cmsis/include/cmsis_gcc.h ****   __PACKED_STRUCT T_UINT16_WRITE { uint16_t v; };
  83:Generated_Source\PSoC6\pdl\cmsis/include/cmsis_gcc.h ****   #pragma GCC diagnostic pop
  84:Generated_Source\PSoC6\pdl\cmsis/include/cmsis_gcc.h ****   #define __UNALIGNED_UINT16_WRITE(addr, val)    (void)((((struct T_UINT16_WRITE *)(void *)(addr))-
  85:Generated_Source\PSoC6\pdl\cmsis/include/cmsis_gcc.h **** #endif
  86:Generated_Source\PSoC6\pdl\cmsis/include/cmsis_gcc.h **** #ifndef   __UNALIGNED_UINT16_READ
  87:Generated_Source\PSoC6\pdl\cmsis/include/cmsis_gcc.h ****   #pragma GCC diagnostic push
  88:Generated_Source\PSoC6\pdl\cmsis/include/cmsis_gcc.h ****   #pragma GCC diagnostic ignored "-Wpacked"
  89:Generated_Source\PSoC6\pdl\cmsis/include/cmsis_gcc.h ****   #pragma GCC diagnostic ignored "-Wattributes"
  90:Generated_Source\PSoC6\pdl\cmsis/include/cmsis_gcc.h ****   __PACKED_STRUCT T_UINT16_READ { uint16_t v; };
  91:Generated_Source\PSoC6\pdl\cmsis/include/cmsis_gcc.h ****   #pragma GCC diagnostic pop
  92:Generated_Source\PSoC6\pdl\cmsis/include/cmsis_gcc.h ****   #define __UNALIGNED_UINT16_READ(addr)          (((const struct T_UINT16_READ *)(const void *)(add
  93:Generated_Source\PSoC6\pdl\cmsis/include/cmsis_gcc.h **** #endif
  94:Generated_Source\PSoC6\pdl\cmsis/include/cmsis_gcc.h **** #ifndef   __UNALIGNED_UINT32_WRITE
  95:Generated_Source\PSoC6\pdl\cmsis/include/cmsis_gcc.h ****   #pragma GCC diagnostic push
  96:Generated_Source\PSoC6\pdl\cmsis/include/cmsis_gcc.h ****   #pragma GCC diagnostic ignored "-Wpacked"
  97:Generated_Source\PSoC6\pdl\cmsis/include/cmsis_gcc.h ****   #pragma GCC diagnostic ignored "-Wattributes"
  98:Generated_Source\PSoC6\pdl\cmsis/include/cmsis_gcc.h ****   __PACKED_STRUCT T_UINT32_WRITE { uint32_t v; };
  99:Generated_Source\PSoC6\pdl\cmsis/include/cmsis_gcc.h ****   #pragma GCC diagnostic pop
 100:Generated_Source\PSoC6\pdl\cmsis/include/cmsis_gcc.h ****   #define __UNALIGNED_UINT32_WRITE(addr, val)    (void)((((struct T_UINT32_WRITE *)(void *)(addr))-
 101:Generated_Source\PSoC6\pdl\cmsis/include/cmsis_gcc.h **** #endif
 102:Generated_Source\PSoC6\pdl\cmsis/include/cmsis_gcc.h **** #ifndef   __UNALIGNED_UINT32_READ
 103:Generated_Source\PSoC6\pdl\cmsis/include/cmsis_gcc.h ****   #pragma GCC diagnostic push
 104:Generated_Source\PSoC6\pdl\cmsis/include/cmsis_gcc.h ****   #pragma GCC diagnostic ignored "-Wpacked"
 105:Generated_Source\PSoC6\pdl\cmsis/include/cmsis_gcc.h ****   #pragma GCC diagnostic ignored "-Wattributes"
 106:Generated_Source\PSoC6\pdl\cmsis/include/cmsis_gcc.h ****   __PACKED_STRUCT T_UINT32_READ { uint32_t v; };
 107:Generated_Source\PSoC6\pdl\cmsis/include/cmsis_gcc.h ****   #pragma GCC diagnostic pop
 108:Generated_Source\PSoC6\pdl\cmsis/include/cmsis_gcc.h ****   #define __UNALIGNED_UINT32_READ(addr)          (((const struct T_UINT32_READ *)(const void *)(add
 109:Generated_Source\PSoC6\pdl\cmsis/include/cmsis_gcc.h **** #endif
 110:Generated_Source\PSoC6\pdl\cmsis/include/cmsis_gcc.h **** #ifndef   __ALIGNED
 111:Generated_Source\PSoC6\pdl\cmsis/include/cmsis_gcc.h ****   #define __ALIGNED(x)                           __attribute__((aligned(x)))
 112:Generated_Source\PSoC6\pdl\cmsis/include/cmsis_gcc.h **** #endif
 113:Generated_Source\PSoC6\pdl\cmsis/include/cmsis_gcc.h **** #ifndef   __RESTRICT
 114:Generated_Source\PSoC6\pdl\cmsis/include/cmsis_gcc.h ****   #define __RESTRICT                             __restrict
ARM GAS  C:\Users\AARAM_~1\AppData\Local\Temp\cc6Kpeiv.s 			page 4


 115:Generated_Source\PSoC6\pdl\cmsis/include/cmsis_gcc.h **** #endif
 116:Generated_Source\PSoC6\pdl\cmsis/include/cmsis_gcc.h **** 
 117:Generated_Source\PSoC6\pdl\cmsis/include/cmsis_gcc.h **** 
 118:Generated_Source\PSoC6\pdl\cmsis/include/cmsis_gcc.h **** /* ###########################  Core Function Access  ########################### */
 119:Generated_Source\PSoC6\pdl\cmsis/include/cmsis_gcc.h **** /** \ingroup  CMSIS_Core_FunctionInterface
 120:Generated_Source\PSoC6\pdl\cmsis/include/cmsis_gcc.h ****     \defgroup CMSIS_Core_RegAccFunctions CMSIS Core Register Access Functions
 121:Generated_Source\PSoC6\pdl\cmsis/include/cmsis_gcc.h ****   @{
 122:Generated_Source\PSoC6\pdl\cmsis/include/cmsis_gcc.h ****  */
 123:Generated_Source\PSoC6\pdl\cmsis/include/cmsis_gcc.h **** 
 124:Generated_Source\PSoC6\pdl\cmsis/include/cmsis_gcc.h **** /**
 125:Generated_Source\PSoC6\pdl\cmsis/include/cmsis_gcc.h ****   \brief   Enable IRQ Interrupts
 126:Generated_Source\PSoC6\pdl\cmsis/include/cmsis_gcc.h ****   \details Enables IRQ interrupts by clearing the I-bit in the CPSR.
 127:Generated_Source\PSoC6\pdl\cmsis/include/cmsis_gcc.h ****            Can only be executed in Privileged modes.
 128:Generated_Source\PSoC6\pdl\cmsis/include/cmsis_gcc.h ****  */
 129:Generated_Source\PSoC6\pdl\cmsis/include/cmsis_gcc.h **** __STATIC_FORCEINLINE void __enable_irq(void)
 130:Generated_Source\PSoC6\pdl\cmsis/include/cmsis_gcc.h **** {
 131:Generated_Source\PSoC6\pdl\cmsis/include/cmsis_gcc.h ****   __ASM volatile ("cpsie i" : : : "memory");
  41              		.loc 2 131 0
  42              		.syntax unified
  43              	@ 131 "Generated_Source\PSoC6\pdl\cmsis/include/cmsis_gcc.h" 1
  44 0002 62B6     		cpsie i
  45              	@ 0 "" 2
  46              		.thumb
  47              		.syntax unified
  48              	.LBE5:
  49              	.LBE4:
  18:main_cm4.c    ****     __enable_irq(); /* Enable global interrupts. */
  19:main_cm4.c    **** 
  20:main_cm4.c    ****     /* Place your initialization/startup code here (e.g. MyInst_Start()) */
  21:main_cm4.c    ****     UART_1_Start();
  50              		.loc 1 21 0
  51 0004 FFF7FEFF 		bl	UART_1_Start
  52              	.LVL0:
  22:main_cm4.c    ****     traitement();
  53              		.loc 1 22 0
  54 0008 FFF7FEFF 		bl	traitement
  55              	.LVL1:
  23:main_cm4.c    ****     interface();
  56              		.loc 1 23 0
  57 000c FFF7FEFF 		bl	interface
  58              	.LVL2:
  59              	.L2:
  24:main_cm4.c    ****     
  25:main_cm4.c    ****     for(;;)
  26:main_cm4.c    ****     {
  27:main_cm4.c    ****         /* Place your application code here. */
  28:main_cm4.c    ****         communication();
  60              		.loc 1 28 0 discriminator 1
  61 0010 FFF7FEFF 		bl	communication
  62              	.LVL3:
  63 0014 FCE7     		b	.L2
  64              		.cfi_endproc
  65              	.LFE480:
  66              		.size	main, .-main
  67 0016 00BF     		.text
  68              	.Letext0:
  69              		.file 3 "c:\\program files (x86)\\cypress\\psoc creator\\4.4\\psoc creator\\import\\gnu\\arm\\5.4.
ARM GAS  C:\Users\AARAM_~1\AppData\Local\Temp\cc6Kpeiv.s 			page 5


  70              		.file 4 "c:\\program files (x86)\\cypress\\psoc creator\\4.4\\psoc creator\\import\\gnu\\arm\\5.4.
  71              		.file 5 "Generated_Source\\PSoC6\\pdl\\drivers/peripheral/device/cy_device.h"
  72              		.file 6 "Generated_Source\\PSoC6\\pdl\\drivers/peripheral/scb/cy_scb_uart.h"
  73              		.file 7 "Generated_Source\\PSoC6\\pdl\\cmsis/include/core_cm4.h"
  74              		.file 8 "Generated_Source\\PSoC6/UART_1.h"
  75              		.file 9 "Traitement.h"
  76              		.file 10 "Interface.h"
  77              		.file 11 "Communication.h"
  78              		.section	.debug_info,"",%progbits
  79              	.Ldebug_info0:
  80 0000 C3060000 		.4byte	0x6c3
  81 0004 0400     		.2byte	0x4
  82 0006 00000000 		.4byte	.Ldebug_abbrev0
  83 000a 04       		.byte	0x4
  84 000b 01       		.uleb128 0x1
  85 000c 4F050000 		.4byte	.LASF135
  86 0010 0C       		.byte	0xc
  87 0011 A7080000 		.4byte	.LASF136
  88 0015 4E020000 		.4byte	.LASF137
  89 0019 00000000 		.4byte	.Ldebug_ranges0+0
  90 001d 00000000 		.4byte	0
  91 0021 00000000 		.4byte	.Ldebug_line0
  92 0025 02       		.uleb128 0x2
  93 0026 02       		.byte	0x2
  94 0027 05       		.byte	0x5
  95 0028 8E060000 		.4byte	.LASF0
  96 002c 02       		.uleb128 0x2
  97 002d 01       		.byte	0x1
  98 002e 06       		.byte	0x6
  99 002f 67010000 		.4byte	.LASF1
 100 0033 03       		.uleb128 0x3
 101 0034 88000000 		.4byte	.LASF3
 102 0038 03       		.byte	0x3
 103 0039 1D       		.byte	0x1d
 104 003a 3E000000 		.4byte	0x3e
 105 003e 02       		.uleb128 0x2
 106 003f 01       		.byte	0x1
 107 0040 08       		.byte	0x8
 108 0041 6C060000 		.4byte	.LASF2
 109 0045 03       		.uleb128 0x3
 110 0046 E4020000 		.4byte	.LASF4
 111 004a 03       		.byte	0x3
 112 004b 29       		.byte	0x29
 113 004c 25000000 		.4byte	0x25
 114 0050 03       		.uleb128 0x3
 115 0051 13070000 		.4byte	.LASF5
 116 0055 03       		.byte	0x3
 117 0056 2B       		.byte	0x2b
 118 0057 5B000000 		.4byte	0x5b
 119 005b 02       		.uleb128 0x2
 120 005c 02       		.byte	0x2
 121 005d 07       		.byte	0x7
 122 005e 68070000 		.4byte	.LASF6
 123 0062 03       		.uleb128 0x3
 124 0063 31070000 		.4byte	.LASF7
 125 0067 03       		.byte	0x3
 126 0068 3F       		.byte	0x3f
ARM GAS  C:\Users\AARAM_~1\AppData\Local\Temp\cc6Kpeiv.s 			page 6


 127 0069 6D000000 		.4byte	0x6d
 128 006d 02       		.uleb128 0x2
 129 006e 04       		.byte	0x4
 130 006f 05       		.byte	0x5
 131 0070 CA010000 		.4byte	.LASF8
 132 0074 03       		.uleb128 0x3
 133 0075 C9020000 		.4byte	.LASF9
 134 0079 03       		.byte	0x3
 135 007a 41       		.byte	0x41
 136 007b 7F000000 		.4byte	0x7f
 137 007f 02       		.uleb128 0x2
 138 0080 04       		.byte	0x4
 139 0081 07       		.byte	0x7
 140 0082 72030000 		.4byte	.LASF10
 141 0086 02       		.uleb128 0x2
 142 0087 08       		.byte	0x8
 143 0088 05       		.byte	0x5
 144 0089 59010000 		.4byte	.LASF11
 145 008d 02       		.uleb128 0x2
 146 008e 08       		.byte	0x8
 147 008f 07       		.byte	0x7
 148 0090 D7000000 		.4byte	.LASF12
 149 0094 04       		.uleb128 0x4
 150 0095 04       		.byte	0x4
 151 0096 05       		.byte	0x5
 152 0097 696E7400 		.ascii	"int\000"
 153 009b 02       		.uleb128 0x2
 154 009c 04       		.byte	0x4
 155 009d 07       		.byte	0x7
 156 009e 36030000 		.4byte	.LASF13
 157 00a2 03       		.uleb128 0x3
 158 00a3 08080000 		.4byte	.LASF14
 159 00a7 04       		.byte	0x4
 160 00a8 18       		.byte	0x18
 161 00a9 33000000 		.4byte	0x33
 162 00ad 03       		.uleb128 0x3
 163 00ae 51010000 		.4byte	.LASF15
 164 00b2 04       		.byte	0x4
 165 00b3 20       		.byte	0x20
 166 00b4 45000000 		.4byte	0x45
 167 00b8 03       		.uleb128 0x3
 168 00b9 43030000 		.4byte	.LASF16
 169 00bd 04       		.byte	0x4
 170 00be 24       		.byte	0x24
 171 00bf 50000000 		.4byte	0x50
 172 00c3 03       		.uleb128 0x3
 173 00c4 64060000 		.4byte	.LASF17
 174 00c8 04       		.byte	0x4
 175 00c9 2C       		.byte	0x2c
 176 00ca 62000000 		.4byte	0x62
 177 00ce 03       		.uleb128 0x3
 178 00cf CA060000 		.4byte	.LASF18
 179 00d3 04       		.byte	0x4
 180 00d4 30       		.byte	0x30
 181 00d5 74000000 		.4byte	0x74
 182 00d9 02       		.uleb128 0x2
 183 00da 04       		.byte	0x4
ARM GAS  C:\Users\AARAM_~1\AppData\Local\Temp\cc6Kpeiv.s 			page 7


 184 00db 07       		.byte	0x7
 185 00dc AD040000 		.4byte	.LASF19
 186 00e0 05       		.uleb128 0x5
 187 00e1 CE000000 		.4byte	0xce
 188 00e5 02       		.uleb128 0x2
 189 00e6 08       		.byte	0x8
 190 00e7 04       		.byte	0x4
 191 00e8 E8060000 		.4byte	.LASF20
 192 00ec 06       		.uleb128 0x6
 193 00ed B8       		.byte	0xb8
 194 00ee 05       		.byte	0x5
 195 00ef 34       		.byte	0x34
 196 00f0 FD040000 		.4byte	0x4fd
 197 00f4 07       		.uleb128 0x7
 198 00f5 BE000000 		.4byte	.LASF21
 199 00f9 05       		.byte	0x5
 200 00fa 37       		.byte	0x37
 201 00fb CE000000 		.4byte	0xce
 202 00ff 00       		.byte	0
 203 0100 07       		.uleb128 0x7
 204 0101 BE020000 		.4byte	.LASF22
 205 0105 05       		.byte	0x5
 206 0106 38       		.byte	0x38
 207 0107 CE000000 		.4byte	0xce
 208 010b 04       		.byte	0x4
 209 010c 07       		.uleb128 0x7
 210 010d FD010000 		.4byte	.LASF23
 211 0111 05       		.byte	0x5
 212 0112 39       		.byte	0x39
 213 0113 CE000000 		.4byte	0xce
 214 0117 08       		.byte	0x8
 215 0118 07       		.uleb128 0x7
 216 0119 56060000 		.4byte	.LASF24
 217 011d 05       		.byte	0x5
 218 011e 3A       		.byte	0x3a
 219 011f CE000000 		.4byte	0xce
 220 0123 0C       		.byte	0xc
 221 0124 07       		.uleb128 0x7
 222 0125 88010000 		.4byte	.LASF25
 223 0129 05       		.byte	0x5
 224 012a 3B       		.byte	0x3b
 225 012b CE000000 		.4byte	0xce
 226 012f 10       		.byte	0x10
 227 0130 07       		.uleb128 0x7
 228 0131 C0010000 		.4byte	.LASF26
 229 0135 05       		.byte	0x5
 230 0136 3C       		.byte	0x3c
 231 0137 CE000000 		.4byte	0xce
 232 013b 14       		.byte	0x14
 233 013c 07       		.uleb128 0x7
 234 013d AE030000 		.4byte	.LASF27
 235 0141 05       		.byte	0x5
 236 0142 3D       		.byte	0x3d
 237 0143 CE000000 		.4byte	0xce
 238 0147 18       		.byte	0x18
 239 0148 07       		.uleb128 0x7
 240 0149 71000000 		.4byte	.LASF28
ARM GAS  C:\Users\AARAM_~1\AppData\Local\Temp\cc6Kpeiv.s 			page 8


 241 014d 05       		.byte	0x5
 242 014e 3E       		.byte	0x3e
 243 014f CE000000 		.4byte	0xce
 244 0153 1C       		.byte	0x1c
 245 0154 07       		.uleb128 0x7
 246 0155 71080000 		.4byte	.LASF29
 247 0159 05       		.byte	0x5
 248 015a 3F       		.byte	0x3f
 249 015b CE000000 		.4byte	0xce
 250 015f 20       		.byte	0x20
 251 0160 07       		.uleb128 0x7
 252 0161 2A050000 		.4byte	.LASF30
 253 0165 05       		.byte	0x5
 254 0166 40       		.byte	0x40
 255 0167 CE000000 		.4byte	0xce
 256 016b 24       		.byte	0x24
 257 016c 07       		.uleb128 0x7
 258 016d 7F040000 		.4byte	.LASF31
 259 0171 05       		.byte	0x5
 260 0172 43       		.byte	0x43
 261 0173 A2000000 		.4byte	0xa2
 262 0177 28       		.byte	0x28
 263 0178 07       		.uleb128 0x7
 264 0179 57000000 		.4byte	.LASF32
 265 017d 05       		.byte	0x5
 266 017e 44       		.byte	0x44
 267 017f A2000000 		.4byte	0xa2
 268 0183 29       		.byte	0x29
 269 0184 07       		.uleb128 0x7
 270 0185 67080000 		.4byte	.LASF33
 271 0189 05       		.byte	0x5
 272 018a 45       		.byte	0x45
 273 018b A2000000 		.4byte	0xa2
 274 018f 2A       		.byte	0x2a
 275 0190 07       		.uleb128 0x7
 276 0191 1C050000 		.4byte	.LASF34
 277 0195 05       		.byte	0x5
 278 0196 46       		.byte	0x46
 279 0197 A2000000 		.4byte	0xa2
 280 019b 2B       		.byte	0x2b
 281 019c 07       		.uleb128 0x7
 282 019d 0C040000 		.4byte	.LASF35
 283 01a1 05       		.byte	0x5
 284 01a2 47       		.byte	0x47
 285 01a3 A2000000 		.4byte	0xa2
 286 01a7 2C       		.byte	0x2c
 287 01a8 07       		.uleb128 0x7
 288 01a9 3B070000 		.4byte	.LASF36
 289 01ad 05       		.byte	0x5
 290 01ae 48       		.byte	0x48
 291 01af A2000000 		.4byte	0xa2
 292 01b3 2D       		.byte	0x2d
 293 01b4 07       		.uleb128 0x7
 294 01b5 91010000 		.4byte	.LASF37
 295 01b9 05       		.byte	0x5
 296 01ba 49       		.byte	0x49
 297 01bb A2000000 		.4byte	0xa2
ARM GAS  C:\Users\AARAM_~1\AppData\Local\Temp\cc6Kpeiv.s 			page 9


 298 01bf 2E       		.byte	0x2e
 299 01c0 07       		.uleb128 0x7
 300 01c1 8C040000 		.4byte	.LASF38
 301 01c5 05       		.byte	0x5
 302 01c6 4A       		.byte	0x4a
 303 01c7 A2000000 		.4byte	0xa2
 304 01cb 2F       		.byte	0x2f
 305 01cc 07       		.uleb128 0x7
 306 01cd F9060000 		.4byte	.LASF39
 307 01d1 05       		.byte	0x5
 308 01d2 4B       		.byte	0x4b
 309 01d3 A2000000 		.4byte	0xa2
 310 01d7 30       		.byte	0x30
 311 01d8 07       		.uleb128 0x7
 312 01d9 A3030000 		.4byte	.LASF40
 313 01dd 05       		.byte	0x5
 314 01de 4E       		.byte	0x4e
 315 01df A2000000 		.4byte	0xa2
 316 01e3 31       		.byte	0x31
 317 01e4 07       		.uleb128 0x7
 318 01e5 7A000000 		.4byte	.LASF41
 319 01e9 05       		.byte	0x5
 320 01ea 4F       		.byte	0x4f
 321 01eb A2000000 		.4byte	0xa2
 322 01ef 32       		.byte	0x32
 323 01f0 07       		.uleb128 0x7
 324 01f1 2A030000 		.4byte	.LASF42
 325 01f5 05       		.byte	0x5
 326 01f6 50       		.byte	0x50
 327 01f7 A2000000 		.4byte	0xa2
 328 01fb 33       		.byte	0x33
 329 01fc 07       		.uleb128 0x7
 330 01fd C1040000 		.4byte	.LASF43
 331 0201 05       		.byte	0x5
 332 0202 51       		.byte	0x51
 333 0203 A2000000 		.4byte	0xa2
 334 0207 34       		.byte	0x34
 335 0208 07       		.uleb128 0x7
 336 0209 92070000 		.4byte	.LASF44
 337 020d 05       		.byte	0x5
 338 020e 52       		.byte	0x52
 339 020f AD000000 		.4byte	0xad
 340 0213 36       		.byte	0x36
 341 0214 07       		.uleb128 0x7
 342 0215 17020000 		.4byte	.LASF45
 343 0219 05       		.byte	0x5
 344 021a 53       		.byte	0x53
 345 021b AD000000 		.4byte	0xad
 346 021f 38       		.byte	0x38
 347 0220 07       		.uleb128 0x7
 348 0221 E3070000 		.4byte	.LASF46
 349 0225 05       		.byte	0x5
 350 0226 54       		.byte	0x54
 351 0227 AD000000 		.4byte	0xad
 352 022b 3A       		.byte	0x3a
 353 022c 07       		.uleb128 0x7
 354 022d B1010000 		.4byte	.LASF47
ARM GAS  C:\Users\AARAM_~1\AppData\Local\Temp\cc6Kpeiv.s 			page 10


 355 0231 05       		.byte	0x5
 356 0232 55       		.byte	0x55
 357 0233 A2000000 		.4byte	0xa2
 358 0237 3C       		.byte	0x3c
 359 0238 07       		.uleb128 0x7
 360 0239 3E020000 		.4byte	.LASF48
 361 023d 05       		.byte	0x5
 362 023e 56       		.byte	0x56
 363 023f A2000000 		.4byte	0xa2
 364 0243 3D       		.byte	0x3d
 365 0244 07       		.uleb128 0x7
 366 0245 AC060000 		.4byte	.LASF49
 367 0249 05       		.byte	0x5
 368 024a 57       		.byte	0x57
 369 024b A2000000 		.4byte	0xa2
 370 024f 3E       		.byte	0x3e
 371 0250 07       		.uleb128 0x7
 372 0251 65000000 		.4byte	.LASF50
 373 0255 05       		.byte	0x5
 374 0256 58       		.byte	0x58
 375 0257 A2000000 		.4byte	0xa2
 376 025b 3F       		.byte	0x3f
 377 025c 07       		.uleb128 0x7
 378 025d 35050000 		.4byte	.LASF51
 379 0261 05       		.byte	0x5
 380 0262 59       		.byte	0x59
 381 0263 A2000000 		.4byte	0xa2
 382 0267 40       		.byte	0x40
 383 0268 07       		.uleb128 0x7
 384 0269 D4020000 		.4byte	.LASF52
 385 026d 05       		.byte	0x5
 386 026e 5A       		.byte	0x5a
 387 026f A2000000 		.4byte	0xa2
 388 0273 41       		.byte	0x41
 389 0274 07       		.uleb128 0x7
 390 0275 38040000 		.4byte	.LASF53
 391 0279 05       		.byte	0x5
 392 027a 5B       		.byte	0x5b
 393 027b A2000000 		.4byte	0xa2
 394 027f 42       		.byte	0x42
 395 0280 07       		.uleb128 0x7
 396 0281 08050000 		.4byte	.LASF54
 397 0285 05       		.byte	0x5
 398 0286 5C       		.byte	0x5c
 399 0287 A2000000 		.4byte	0xa2
 400 028b 43       		.byte	0x43
 401 028c 07       		.uleb128 0x7
 402 028d 06020000 		.4byte	.LASF55
 403 0291 05       		.byte	0x5
 404 0292 5D       		.byte	0x5d
 405 0293 A2000000 		.4byte	0xa2
 406 0297 44       		.byte	0x44
 407 0298 07       		.uleb128 0x7
 408 0299 00000000 		.4byte	.LASF56
 409 029d 05       		.byte	0x5
 410 029e 5E       		.byte	0x5e
 411 029f CE000000 		.4byte	0xce
ARM GAS  C:\Users\AARAM_~1\AppData\Local\Temp\cc6Kpeiv.s 			page 11


 412 02a3 48       		.byte	0x48
 413 02a4 07       		.uleb128 0x7
 414 02a5 E2010000 		.4byte	.LASF57
 415 02a9 05       		.byte	0x5
 416 02aa 5F       		.byte	0x5f
 417 02ab CE000000 		.4byte	0xce
 418 02af 4C       		.byte	0x4c
 419 02b0 07       		.uleb128 0x7
 420 02b1 B2080000 		.4byte	.LASF58
 421 02b5 05       		.byte	0x5
 422 02b6 60       		.byte	0x60
 423 02b7 A2000000 		.4byte	0xa2
 424 02bb 50       		.byte	0x50
 425 02bc 07       		.uleb128 0x7
 426 02bd 2B010000 		.4byte	.LASF59
 427 02c1 05       		.byte	0x5
 428 02c2 61       		.byte	0x61
 429 02c3 A2000000 		.4byte	0xa2
 430 02c7 51       		.byte	0x51
 431 02c8 07       		.uleb128 0x7
 432 02c9 F8070000 		.4byte	.LASF60
 433 02cd 05       		.byte	0x5
 434 02ce 62       		.byte	0x62
 435 02cf A2000000 		.4byte	0xa2
 436 02d3 52       		.byte	0x52
 437 02d4 07       		.uleb128 0x7
 438 02d5 48070000 		.4byte	.LASF61
 439 02d9 05       		.byte	0x5
 440 02da 63       		.byte	0x63
 441 02db A2000000 		.4byte	0xa2
 442 02df 53       		.byte	0x53
 443 02e0 07       		.uleb128 0x7
 444 02e1 BA060000 		.4byte	.LASF62
 445 02e5 05       		.byte	0x5
 446 02e6 64       		.byte	0x64
 447 02e7 A2000000 		.4byte	0xa2
 448 02eb 54       		.byte	0x54
 449 02ec 07       		.uleb128 0x7
 450 02ed 3D010000 		.4byte	.LASF63
 451 02f1 05       		.byte	0x5
 452 02f2 65       		.byte	0x65
 453 02f3 A2000000 		.4byte	0xa2
 454 02f7 55       		.byte	0x55
 455 02f8 07       		.uleb128 0x7
 456 02f9 5E030000 		.4byte	.LASF64
 457 02fd 05       		.byte	0x5
 458 02fe 66       		.byte	0x66
 459 02ff A2000000 		.4byte	0xa2
 460 0303 56       		.byte	0x56
 461 0304 07       		.uleb128 0x7
 462 0305 B7030000 		.4byte	.LASF65
 463 0309 05       		.byte	0x5
 464 030a 67       		.byte	0x67
 465 030b A2000000 		.4byte	0xa2
 466 030f 57       		.byte	0x57
 467 0310 07       		.uleb128 0x7
 468 0311 1C000000 		.4byte	.LASF66
ARM GAS  C:\Users\AARAM_~1\AppData\Local\Temp\cc6Kpeiv.s 			page 12


 469 0315 05       		.byte	0x5
 470 0316 68       		.byte	0x68
 471 0317 A2000000 		.4byte	0xa2
 472 031b 58       		.byte	0x58
 473 031c 07       		.uleb128 0x7
 474 031d 7A060000 		.4byte	.LASF67
 475 0321 05       		.byte	0x5
 476 0322 69       		.byte	0x69
 477 0323 A2000000 		.4byte	0xa2
 478 0327 59       		.byte	0x59
 479 0328 07       		.uleb128 0x7
 480 0329 B6040000 		.4byte	.LASF68
 481 032d 05       		.byte	0x5
 482 032e 6E       		.byte	0x6e
 483 032f B8000000 		.4byte	0xb8
 484 0333 5A       		.byte	0x5a
 485 0334 07       		.uleb128 0x7
 486 0335 7B070000 		.4byte	.LASF69
 487 0339 05       		.byte	0x5
 488 033a 6F       		.byte	0x6f
 489 033b B8000000 		.4byte	0xb8
 490 033f 5C       		.byte	0x5c
 491 0340 07       		.uleb128 0x7
 492 0341 C8000000 		.4byte	.LASF70
 493 0345 05       		.byte	0x5
 494 0346 70       		.byte	0x70
 495 0347 A2000000 		.4byte	0xa2
 496 034b 5E       		.byte	0x5e
 497 034c 07       		.uleb128 0x7
 498 034d 2F060000 		.4byte	.LASF71
 499 0351 05       		.byte	0x5
 500 0352 71       		.byte	0x71
 501 0353 A2000000 		.4byte	0xa2
 502 0357 5F       		.byte	0x5f
 503 0358 07       		.uleb128 0x7
 504 0359 F7040000 		.4byte	.LASF72
 505 035d 05       		.byte	0x5
 506 035e 72       		.byte	0x72
 507 035f A2000000 		.4byte	0xa2
 508 0363 60       		.byte	0x60
 509 0364 07       		.uleb128 0x7
 510 0365 08060000 		.4byte	.LASF73
 511 0369 05       		.byte	0x5
 512 036a 73       		.byte	0x73
 513 036b CE000000 		.4byte	0xce
 514 036f 64       		.byte	0x64
 515 0370 07       		.uleb128 0x7
 516 0371 EE000000 		.4byte	.LASF74
 517 0375 05       		.byte	0x5
 518 0376 76       		.byte	0x76
 519 0377 B8000000 		.4byte	0xb8
 520 037b 68       		.byte	0x68
 521 037c 07       		.uleb128 0x7
 522 037d 4C030000 		.4byte	.LASF75
 523 0381 05       		.byte	0x5
 524 0382 77       		.byte	0x77
 525 0383 B8000000 		.4byte	0xb8
ARM GAS  C:\Users\AARAM_~1\AppData\Local\Temp\cc6Kpeiv.s 			page 13


 526 0387 6A       		.byte	0x6a
 527 0388 07       		.uleb128 0x7
 528 0389 CB030000 		.4byte	.LASF76
 529 038d 05       		.byte	0x5
 530 038e 78       		.byte	0x78
 531 038f B8000000 		.4byte	0xb8
 532 0393 6C       		.byte	0x6c
 533 0394 07       		.uleb128 0x7
 534 0395 FF030000 		.4byte	.LASF77
 535 0399 05       		.byte	0x5
 536 039a 79       		.byte	0x79
 537 039b B8000000 		.4byte	0xb8
 538 039f 6E       		.byte	0x6e
 539 03a0 07       		.uleb128 0x7
 540 03a1 98060000 		.4byte	.LASF78
 541 03a5 05       		.byte	0x5
 542 03a6 7B       		.byte	0x7b
 543 03a7 A2000000 		.4byte	0xa2
 544 03ab 70       		.byte	0x70
 545 03ac 07       		.uleb128 0x7
 546 03ad 73010000 		.4byte	.LASF79
 547 03b1 05       		.byte	0x5
 548 03b2 7C       		.byte	0x7c
 549 03b3 A2000000 		.4byte	0xa2
 550 03b7 71       		.byte	0x71
 551 03b8 07       		.uleb128 0x7
 552 03b9 79080000 		.4byte	.LASF80
 553 03bd 05       		.byte	0x5
 554 03be 7D       		.byte	0x7d
 555 03bf A2000000 		.4byte	0xa2
 556 03c3 72       		.byte	0x72
 557 03c4 07       		.uleb128 0x7
 558 03c5 D2040000 		.4byte	.LASF81
 559 03c9 05       		.byte	0x5
 560 03ca 7E       		.byte	0x7e
 561 03cb A2000000 		.4byte	0xa2
 562 03cf 73       		.byte	0x73
 563 03d0 07       		.uleb128 0x7
 564 03d1 98020000 		.4byte	.LASF82
 565 03d5 05       		.byte	0x5
 566 03d6 80       		.byte	0x80
 567 03d7 B8000000 		.4byte	0xb8
 568 03db 74       		.byte	0x74
 569 03dc 07       		.uleb128 0x7
 570 03dd 1E070000 		.4byte	.LASF83
 571 03e1 05       		.byte	0x5
 572 03e2 81       		.byte	0x81
 573 03e3 B8000000 		.4byte	0xb8
 574 03e7 76       		.byte	0x76
 575 03e8 07       		.uleb128 0x7
 576 03e9 29020000 		.4byte	.LASF84
 577 03ed 05       		.byte	0x5
 578 03ee 82       		.byte	0x82
 579 03ef B8000000 		.4byte	0xb8
 580 03f3 78       		.byte	0x78
 581 03f4 07       		.uleb128 0x7
 582 03f5 92000000 		.4byte	.LASF85
ARM GAS  C:\Users\AARAM_~1\AppData\Local\Temp\cc6Kpeiv.s 			page 14


 583 03f9 05       		.byte	0x5
 584 03fa 83       		.byte	0x83
 585 03fb B8000000 		.4byte	0xb8
 586 03ff 7A       		.byte	0x7a
 587 0400 07       		.uleb128 0x7
 588 0401 25080000 		.4byte	.LASF86
 589 0405 05       		.byte	0x5
 590 0406 86       		.byte	0x86
 591 0407 A2000000 		.4byte	0xa2
 592 040b 7C       		.byte	0x7c
 593 040c 07       		.uleb128 0x7
 594 040d AA070000 		.4byte	.LASF87
 595 0411 05       		.byte	0x5
 596 0412 87       		.byte	0x87
 597 0413 A2000000 		.4byte	0xa2
 598 0417 7D       		.byte	0x7d
 599 0418 07       		.uleb128 0x7
 600 0419 30000000 		.4byte	.LASF88
 601 041d 05       		.byte	0x5
 602 041e 88       		.byte	0x88
 603 041f A2000000 		.4byte	0xa2
 604 0423 7E       		.byte	0x7e
 605 0424 07       		.uleb128 0x7
 606 0425 AA020000 		.4byte	.LASF89
 607 0429 05       		.byte	0x5
 608 042a 89       		.byte	0x89
 609 042b A2000000 		.4byte	0xa2
 610 042f 7F       		.byte	0x7f
 611 0430 07       		.uleb128 0x7
 612 0431 16030000 		.4byte	.LASF90
 613 0435 05       		.byte	0x5
 614 0436 8A       		.byte	0x8a
 615 0437 A2000000 		.4byte	0xa2
 616 043b 80       		.byte	0x80
 617 043c 07       		.uleb128 0x7
 618 043d 68040000 		.4byte	.LASF91
 619 0441 05       		.byte	0x5
 620 0442 8D       		.byte	0x8d
 621 0443 CE000000 		.4byte	0xce
 622 0447 84       		.byte	0x84
 623 0448 07       		.uleb128 0x7
 624 0449 A7000000 		.4byte	.LASF92
 625 044d 05       		.byte	0x5
 626 044e 8E       		.byte	0x8e
 627 044f CE000000 		.4byte	0xce
 628 0453 88       		.byte	0x88
 629 0454 07       		.uleb128 0x7
 630 0455 10080000 		.4byte	.LASF93
 631 0459 05       		.byte	0x5
 632 045a 8F       		.byte	0x8f
 633 045b CE000000 		.4byte	0xce
 634 045f 8C       		.byte	0x8c
 635 0460 07       		.uleb128 0x7
 636 0461 98040000 		.4byte	.LASF94
 637 0465 05       		.byte	0x5
 638 0466 90       		.byte	0x90
 639 0467 CE000000 		.4byte	0xce
ARM GAS  C:\Users\AARAM_~1\AppData\Local\Temp\cc6Kpeiv.s 			page 15


 640 046b 90       		.byte	0x90
 641 046c 07       		.uleb128 0x7
 642 046d F7020000 		.4byte	.LASF95
 643 0471 05       		.byte	0x5
 644 0472 91       		.byte	0x91
 645 0473 CE000000 		.4byte	0xce
 646 0477 94       		.byte	0x94
 647 0478 07       		.uleb128 0x7
 648 0479 52040000 		.4byte	.LASF96
 649 047d 05       		.byte	0x5
 650 047e 92       		.byte	0x92
 651 047f CE000000 		.4byte	0xce
 652 0483 98       		.byte	0x98
 653 0484 07       		.uleb128 0x7
 654 0485 48080000 		.4byte	.LASF97
 655 0489 05       		.byte	0x5
 656 048a 93       		.byte	0x93
 657 048b CE000000 		.4byte	0xce
 658 048f 9C       		.byte	0x9c
 659 0490 07       		.uleb128 0x7
 660 0491 08010000 		.4byte	.LASF98
 661 0495 05       		.byte	0x5
 662 0496 94       		.byte	0x94
 663 0497 CE000000 		.4byte	0xce
 664 049b A0       		.byte	0xa0
 665 049c 07       		.uleb128 0x7
 666 049d 9C010000 		.4byte	.LASF99
 667 04a1 05       		.byte	0x5
 668 04a2 95       		.byte	0x95
 669 04a3 B8000000 		.4byte	0xb8
 670 04a7 A4       		.byte	0xa4
 671 04a8 07       		.uleb128 0x7
 672 04a9 D3060000 		.4byte	.LASF100
 673 04ad 05       		.byte	0x5
 674 04ae 96       		.byte	0x96
 675 04af B8000000 		.4byte	0xb8
 676 04b3 A6       		.byte	0xa6
 677 04b4 07       		.uleb128 0x7
 678 04b5 23060000 		.4byte	.LASF101
 679 04b9 05       		.byte	0x5
 680 04ba 97       		.byte	0x97
 681 04bb B8000000 		.4byte	0xb8
 682 04bf A8       		.byte	0xa8
 683 04c0 07       		.uleb128 0x7
 684 04c1 05070000 		.4byte	.LASF102
 685 04c5 05       		.byte	0x5
 686 04c6 98       		.byte	0x98
 687 04c7 B8000000 		.4byte	0xb8
 688 04cb AA       		.byte	0xaa
 689 04cc 07       		.uleb128 0x7
 690 04cd E8030000 		.4byte	.LASF103
 691 04d1 05       		.byte	0x5
 692 04d2 99       		.byte	0x99
 693 04d3 B8000000 		.4byte	0xb8
 694 04d7 AC       		.byte	0xac
 695 04d8 07       		.uleb128 0x7
 696 04d9 E9040000 		.4byte	.LASF104
ARM GAS  C:\Users\AARAM_~1\AppData\Local\Temp\cc6Kpeiv.s 			page 16


 697 04dd 05       		.byte	0x5
 698 04de 9A       		.byte	0x9a
 699 04df B8000000 		.4byte	0xb8
 700 04e3 AE       		.byte	0xae
 701 04e4 07       		.uleb128 0x7
 702 04e5 84070000 		.4byte	.LASF105
 703 04e9 05       		.byte	0x5
 704 04ea 9D       		.byte	0x9d
 705 04eb B8000000 		.4byte	0xb8
 706 04ef B0       		.byte	0xb0
 707 04f0 07       		.uleb128 0x7
 708 04f1 43000000 		.4byte	.LASF106
 709 04f5 05       		.byte	0x5
 710 04f6 9E       		.byte	0x9e
 711 04f7 CE000000 		.4byte	0xce
 712 04fb B4       		.byte	0xb4
 713 04fc 00       		.byte	0
 714 04fd 03       		.uleb128 0x3
 715 04fe 1E040000 		.4byte	.LASF107
 716 0502 05       		.byte	0x5
 717 0503 9F       		.byte	0x9f
 718 0504 EC000000 		.4byte	0xec
 719 0508 02       		.uleb128 0x2
 720 0509 01       		.byte	0x1
 721 050a 08       		.byte	0x8
 722 050b F4060000 		.4byte	.LASF108
 723 050f 02       		.uleb128 0x2
 724 0510 04       		.byte	0x4
 725 0511 04       		.byte	0x4
 726 0512 02060000 		.4byte	.LASF109
 727 0516 02       		.uleb128 0x2
 728 0517 08       		.byte	0x8
 729 0518 04       		.byte	0x4
 730 0519 22020000 		.4byte	.LASF110
 731 051d 08       		.uleb128 0x8
 732 051e 04       		.byte	0x4
 733 051f 02       		.uleb128 0x2
 734 0520 01       		.byte	0x1
 735 0521 02       		.byte	0x2
 736 0522 5E060000 		.4byte	.LASF111
 737 0526 09       		.uleb128 0x9
 738 0527 04       		.byte	0x4
 739 0528 2C050000 		.4byte	0x52c
 740 052c 0A       		.uleb128 0xa
 741 052d 37050000 		.4byte	0x537
 742 0531 0B       		.uleb128 0xb
 743 0532 CE000000 		.4byte	0xce
 744 0536 00       		.byte	0
 745 0537 0C       		.uleb128 0xc
 746 0538 84030000 		.4byte	.LASF112
 747 053c 06       		.byte	0x6
 748 053d D901     		.2byte	0x1d9
 749 053f 26050000 		.4byte	0x526
 750 0543 0D       		.uleb128 0xd
 751 0544 8F080000 		.4byte	.LASF138
 752 0548 38       		.byte	0x38
 753 0549 06       		.byte	0x6
ARM GAS  C:\Users\AARAM_~1\AppData\Local\Temp\cc6Kpeiv.s 			page 17


 754 054a 7502     		.2byte	0x275
 755 054c 07060000 		.4byte	0x607
 756 0550 0E       		.uleb128 0xe
 757 0551 5E080000 		.4byte	.LASF113
 758 0555 06       		.byte	0x6
 759 0556 7802     		.2byte	0x278
 760 0558 E0000000 		.4byte	0xe0
 761 055c 00       		.byte	0
 762 055d 0E       		.uleb128 0xe
 763 055e 13050000 		.4byte	.LASF114
 764 0562 06       		.byte	0x6
 765 0563 7902     		.2byte	0x279
 766 0565 E0000000 		.4byte	0xe0
 767 0569 04       		.byte	0x4
 768 056a 0E       		.uleb128 0xe
 769 056b FE000000 		.4byte	.LASF115
 770 056f 06       		.byte	0x6
 771 0570 7B02     		.2byte	0x27b
 772 0572 1D050000 		.4byte	0x51d
 773 0576 08       		.byte	0x8
 774 0577 0E       		.uleb128 0xe
 775 0578 5A070000 		.4byte	.LASF116
 776 057c 06       		.byte	0x6
 777 057d 7C02     		.2byte	0x27c
 778 057f CE000000 		.4byte	0xce
 779 0583 0C       		.byte	0xc
 780 0584 0E       		.uleb128 0xe
 781 0585 44040000 		.4byte	.LASF117
 782 0589 06       		.byte	0x6
 783 058a 7D02     		.2byte	0x27d
 784 058c E0000000 		.4byte	0xe0
 785 0590 10       		.byte	0x10
 786 0591 0E       		.uleb128 0xe
 787 0592 3A080000 		.4byte	.LASF118
 788 0596 06       		.byte	0x6
 789 0597 7E02     		.2byte	0x27e
 790 0599 E0000000 		.4byte	0xe0
 791 059d 14       		.byte	0x14
 792 059e 0E       		.uleb128 0xe
 793 059f C3070000 		.4byte	.LASF119
 794 05a3 06       		.byte	0x6
 795 05a4 8002     		.2byte	0x280
 796 05a6 1D050000 		.4byte	0x51d
 797 05aa 18       		.byte	0x18
 798 05ab 0E       		.uleb128 0xe
 799 05ac 12000000 		.4byte	.LASF120
 800 05b0 06       		.byte	0x6
 801 05b1 8102     		.2byte	0x281
 802 05b3 CE000000 		.4byte	0xce
 803 05b7 1C       		.byte	0x1c
 804 05b8 0E       		.uleb128 0xe
 805 05b9 EE020000 		.4byte	.LASF121
 806 05bd 06       		.byte	0x6
 807 05be 8202     		.2byte	0x282
 808 05c0 E0000000 		.4byte	0xe0
 809 05c4 20       		.byte	0x20
 810 05c5 0E       		.uleb128 0xe
ARM GAS  C:\Users\AARAM_~1\AppData\Local\Temp\cc6Kpeiv.s 			page 18


 811 05c6 18040000 		.4byte	.LASF122
 812 05ca 06       		.byte	0x6
 813 05cb 8402     		.2byte	0x284
 814 05cd 1D050000 		.4byte	0x51d
 815 05d1 24       		.byte	0x24
 816 05d2 0E       		.uleb128 0xe
 817 05d3 0C030000 		.4byte	.LASF123
 818 05d7 06       		.byte	0x6
 819 05d8 8502     		.2byte	0x285
 820 05da CE000000 		.4byte	0xce
 821 05de 28       		.byte	0x28
 822 05df 0E       		.uleb128 0xe
 823 05e0 45060000 		.4byte	.LASF124
 824 05e4 06       		.byte	0x6
 825 05e5 8602     		.2byte	0x286
 826 05e7 E0000000 		.4byte	0xe0
 827 05eb 2C       		.byte	0x2c
 828 05ec 0E       		.uleb128 0xe
 829 05ed F6030000 		.4byte	.LASF125
 830 05f1 06       		.byte	0x6
 831 05f2 8B02     		.2byte	0x28b
 832 05f4 37050000 		.4byte	0x537
 833 05f8 30       		.byte	0x30
 834 05f9 0E       		.uleb128 0xe
 835 05fa BB070000 		.4byte	.LASF126
 836 05fe 06       		.byte	0x6
 837 05ff 8E02     		.2byte	0x28e
 838 0601 CE000000 		.4byte	0xce
 839 0605 34       		.byte	0x34
 840 0606 00       		.byte	0
 841 0607 0C       		.uleb128 0xc
 842 0608 C9070000 		.4byte	.LASF127
 843 060c 06       		.byte	0x6
 844 060d 9102     		.2byte	0x291
 845 060f 43050000 		.4byte	0x543
 846 0613 0F       		.uleb128 0xf
 847 0614 42050000 		.4byte	.LASF139
 848 0618 02       		.byte	0x2
 849 0619 81       		.byte	0x81
 850 061a 03       		.byte	0x3
 851 061b 10       		.uleb128 0x10
 852 061c 49020000 		.4byte	.LASF140
 853 0620 01       		.byte	0x1
 854 0621 10       		.byte	0x10
 855 0622 94000000 		.4byte	0x94
 856 0626 00000000 		.4byte	.LFB480
 857 062a 16000000 		.4byte	.LFE480-.LFB480
 858 062e 01       		.uleb128 0x1
 859 062f 9C       		.byte	0x9c
 860 0630 68060000 		.4byte	0x668
 861 0634 11       		.uleb128 0x11
 862 0635 13060000 		.4byte	0x613
 863 0639 02000000 		.4byte	.LBB4
 864 063d 02000000 		.4byte	.LBE4-.LBB4
 865 0641 01       		.byte	0x1
 866 0642 12       		.byte	0x12
 867 0643 12       		.uleb128 0x12
ARM GAS  C:\Users\AARAM_~1\AppData\Local\Temp\cc6Kpeiv.s 			page 19


 868 0644 08000000 		.4byte	.LVL0
 869 0648 9A060000 		.4byte	0x69a
 870 064c 12       		.uleb128 0x12
 871 064d 0C000000 		.4byte	.LVL1
 872 0651 A5060000 		.4byte	0x6a5
 873 0655 12       		.uleb128 0x12
 874 0656 10000000 		.4byte	.LVL2
 875 065a B0060000 		.4byte	0x6b0
 876 065e 12       		.uleb128 0x12
 877 065f 14000000 		.4byte	.LVL3
 878 0663 BB060000 		.4byte	0x6bb
 879 0667 00       		.byte	0
 880 0668 13       		.uleb128 0x13
 881 0669 1E010000 		.4byte	.LASF128
 882 066d 07       		.byte	0x7
 883 066e F907     		.2byte	0x7f9
 884 0670 74060000 		.4byte	0x674
 885 0674 05       		.uleb128 0x5
 886 0675 C3000000 		.4byte	0xc3
 887 0679 14       		.uleb128 0x14
 888 067a 19060000 		.4byte	.LASF129
 889 067e 05       		.byte	0x5
 890 067f A7       		.byte	0xa7
 891 0680 84060000 		.4byte	0x684
 892 0684 09       		.uleb128 0x9
 893 0685 04       		.byte	0x4
 894 0686 8A060000 		.4byte	0x68a
 895 068a 15       		.uleb128 0x15
 896 068b FD040000 		.4byte	0x4fd
 897 068f 14       		.uleb128 0x14
 898 0690 D3010000 		.4byte	.LASF130
 899 0694 08       		.byte	0x8
 900 0695 87       		.byte	0x87
 901 0696 07060000 		.4byte	0x607
 902 069a 16       		.uleb128 0x16
 903 069b F0010000 		.4byte	.LASF131
 904 069f F0010000 		.4byte	.LASF131
 905 06a3 08       		.byte	0x8
 906 06a4 31       		.byte	0x31
 907 06a5 16       		.uleb128 0x16
 908 06a6 9F070000 		.4byte	.LASF132
 909 06aa 9F070000 		.4byte	.LASF132
 910 06ae 09       		.byte	0x9
 911 06af 0F       		.byte	0xf
 912 06b0 16       		.uleb128 0x16
 913 06b1 2E040000 		.4byte	.LASF133
 914 06b5 2E040000 		.4byte	.LASF133
 915 06b9 0A       		.byte	0xa
 916 06ba 0F       		.byte	0xf
 917 06bb 16       		.uleb128 0x16
 918 06bc DA030000 		.4byte	.LASF134
 919 06c0 DA030000 		.4byte	.LASF134
 920 06c4 0B       		.byte	0xb
 921 06c5 0F       		.byte	0xf
 922 06c6 00       		.byte	0
 923              		.section	.debug_abbrev,"",%progbits
 924              	.Ldebug_abbrev0:
ARM GAS  C:\Users\AARAM_~1\AppData\Local\Temp\cc6Kpeiv.s 			page 20


 925 0000 01       		.uleb128 0x1
 926 0001 11       		.uleb128 0x11
 927 0002 01       		.byte	0x1
 928 0003 25       		.uleb128 0x25
 929 0004 0E       		.uleb128 0xe
 930 0005 13       		.uleb128 0x13
 931 0006 0B       		.uleb128 0xb
 932 0007 03       		.uleb128 0x3
 933 0008 0E       		.uleb128 0xe
 934 0009 1B       		.uleb128 0x1b
 935 000a 0E       		.uleb128 0xe
 936 000b 55       		.uleb128 0x55
 937 000c 17       		.uleb128 0x17
 938 000d 11       		.uleb128 0x11
 939 000e 01       		.uleb128 0x1
 940 000f 10       		.uleb128 0x10
 941 0010 17       		.uleb128 0x17
 942 0011 00       		.byte	0
 943 0012 00       		.byte	0
 944 0013 02       		.uleb128 0x2
 945 0014 24       		.uleb128 0x24
 946 0015 00       		.byte	0
 947 0016 0B       		.uleb128 0xb
 948 0017 0B       		.uleb128 0xb
 949 0018 3E       		.uleb128 0x3e
 950 0019 0B       		.uleb128 0xb
 951 001a 03       		.uleb128 0x3
 952 001b 0E       		.uleb128 0xe
 953 001c 00       		.byte	0
 954 001d 00       		.byte	0
 955 001e 03       		.uleb128 0x3
 956 001f 16       		.uleb128 0x16
 957 0020 00       		.byte	0
 958 0021 03       		.uleb128 0x3
 959 0022 0E       		.uleb128 0xe
 960 0023 3A       		.uleb128 0x3a
 961 0024 0B       		.uleb128 0xb
 962 0025 3B       		.uleb128 0x3b
 963 0026 0B       		.uleb128 0xb
 964 0027 49       		.uleb128 0x49
 965 0028 13       		.uleb128 0x13
 966 0029 00       		.byte	0
 967 002a 00       		.byte	0
 968 002b 04       		.uleb128 0x4
 969 002c 24       		.uleb128 0x24
 970 002d 00       		.byte	0
 971 002e 0B       		.uleb128 0xb
 972 002f 0B       		.uleb128 0xb
 973 0030 3E       		.uleb128 0x3e
 974 0031 0B       		.uleb128 0xb
 975 0032 03       		.uleb128 0x3
 976 0033 08       		.uleb128 0x8
 977 0034 00       		.byte	0
 978 0035 00       		.byte	0
 979 0036 05       		.uleb128 0x5
 980 0037 35       		.uleb128 0x35
 981 0038 00       		.byte	0
ARM GAS  C:\Users\AARAM_~1\AppData\Local\Temp\cc6Kpeiv.s 			page 21


 982 0039 49       		.uleb128 0x49
 983 003a 13       		.uleb128 0x13
 984 003b 00       		.byte	0
 985 003c 00       		.byte	0
 986 003d 06       		.uleb128 0x6
 987 003e 13       		.uleb128 0x13
 988 003f 01       		.byte	0x1
 989 0040 0B       		.uleb128 0xb
 990 0041 0B       		.uleb128 0xb
 991 0042 3A       		.uleb128 0x3a
 992 0043 0B       		.uleb128 0xb
 993 0044 3B       		.uleb128 0x3b
 994 0045 0B       		.uleb128 0xb
 995 0046 01       		.uleb128 0x1
 996 0047 13       		.uleb128 0x13
 997 0048 00       		.byte	0
 998 0049 00       		.byte	0
 999 004a 07       		.uleb128 0x7
 1000 004b 0D       		.uleb128 0xd
 1001 004c 00       		.byte	0
 1002 004d 03       		.uleb128 0x3
 1003 004e 0E       		.uleb128 0xe
 1004 004f 3A       		.uleb128 0x3a
 1005 0050 0B       		.uleb128 0xb
 1006 0051 3B       		.uleb128 0x3b
 1007 0052 0B       		.uleb128 0xb
 1008 0053 49       		.uleb128 0x49
 1009 0054 13       		.uleb128 0x13
 1010 0055 38       		.uleb128 0x38
 1011 0056 0B       		.uleb128 0xb
 1012 0057 00       		.byte	0
 1013 0058 00       		.byte	0
 1014 0059 08       		.uleb128 0x8
 1015 005a 0F       		.uleb128 0xf
 1016 005b 00       		.byte	0
 1017 005c 0B       		.uleb128 0xb
 1018 005d 0B       		.uleb128 0xb
 1019 005e 00       		.byte	0
 1020 005f 00       		.byte	0
 1021 0060 09       		.uleb128 0x9
 1022 0061 0F       		.uleb128 0xf
 1023 0062 00       		.byte	0
 1024 0063 0B       		.uleb128 0xb
 1025 0064 0B       		.uleb128 0xb
 1026 0065 49       		.uleb128 0x49
 1027 0066 13       		.uleb128 0x13
 1028 0067 00       		.byte	0
 1029 0068 00       		.byte	0
 1030 0069 0A       		.uleb128 0xa
 1031 006a 15       		.uleb128 0x15
 1032 006b 01       		.byte	0x1
 1033 006c 27       		.uleb128 0x27
 1034 006d 19       		.uleb128 0x19
 1035 006e 01       		.uleb128 0x1
 1036 006f 13       		.uleb128 0x13
 1037 0070 00       		.byte	0
 1038 0071 00       		.byte	0
ARM GAS  C:\Users\AARAM_~1\AppData\Local\Temp\cc6Kpeiv.s 			page 22


 1039 0072 0B       		.uleb128 0xb
 1040 0073 05       		.uleb128 0x5
 1041 0074 00       		.byte	0
 1042 0075 49       		.uleb128 0x49
 1043 0076 13       		.uleb128 0x13
 1044 0077 00       		.byte	0
 1045 0078 00       		.byte	0
 1046 0079 0C       		.uleb128 0xc
 1047 007a 16       		.uleb128 0x16
 1048 007b 00       		.byte	0
 1049 007c 03       		.uleb128 0x3
 1050 007d 0E       		.uleb128 0xe
 1051 007e 3A       		.uleb128 0x3a
 1052 007f 0B       		.uleb128 0xb
 1053 0080 3B       		.uleb128 0x3b
 1054 0081 05       		.uleb128 0x5
 1055 0082 49       		.uleb128 0x49
 1056 0083 13       		.uleb128 0x13
 1057 0084 00       		.byte	0
 1058 0085 00       		.byte	0
 1059 0086 0D       		.uleb128 0xd
 1060 0087 13       		.uleb128 0x13
 1061 0088 01       		.byte	0x1
 1062 0089 03       		.uleb128 0x3
 1063 008a 0E       		.uleb128 0xe
 1064 008b 0B       		.uleb128 0xb
 1065 008c 0B       		.uleb128 0xb
 1066 008d 3A       		.uleb128 0x3a
 1067 008e 0B       		.uleb128 0xb
 1068 008f 3B       		.uleb128 0x3b
 1069 0090 05       		.uleb128 0x5
 1070 0091 01       		.uleb128 0x1
 1071 0092 13       		.uleb128 0x13
 1072 0093 00       		.byte	0
 1073 0094 00       		.byte	0
 1074 0095 0E       		.uleb128 0xe
 1075 0096 0D       		.uleb128 0xd
 1076 0097 00       		.byte	0
 1077 0098 03       		.uleb128 0x3
 1078 0099 0E       		.uleb128 0xe
 1079 009a 3A       		.uleb128 0x3a
 1080 009b 0B       		.uleb128 0xb
 1081 009c 3B       		.uleb128 0x3b
 1082 009d 05       		.uleb128 0x5
 1083 009e 49       		.uleb128 0x49
 1084 009f 13       		.uleb128 0x13
 1085 00a0 38       		.uleb128 0x38
 1086 00a1 0B       		.uleb128 0xb
 1087 00a2 00       		.byte	0
 1088 00a3 00       		.byte	0
 1089 00a4 0F       		.uleb128 0xf
 1090 00a5 2E       		.uleb128 0x2e
 1091 00a6 00       		.byte	0
 1092 00a7 03       		.uleb128 0x3
 1093 00a8 0E       		.uleb128 0xe
 1094 00a9 3A       		.uleb128 0x3a
 1095 00aa 0B       		.uleb128 0xb
ARM GAS  C:\Users\AARAM_~1\AppData\Local\Temp\cc6Kpeiv.s 			page 23


 1096 00ab 3B       		.uleb128 0x3b
 1097 00ac 0B       		.uleb128 0xb
 1098 00ad 27       		.uleb128 0x27
 1099 00ae 19       		.uleb128 0x19
 1100 00af 20       		.uleb128 0x20
 1101 00b0 0B       		.uleb128 0xb
 1102 00b1 00       		.byte	0
 1103 00b2 00       		.byte	0
 1104 00b3 10       		.uleb128 0x10
 1105 00b4 2E       		.uleb128 0x2e
 1106 00b5 01       		.byte	0x1
 1107 00b6 3F       		.uleb128 0x3f
 1108 00b7 19       		.uleb128 0x19
 1109 00b8 03       		.uleb128 0x3
 1110 00b9 0E       		.uleb128 0xe
 1111 00ba 3A       		.uleb128 0x3a
 1112 00bb 0B       		.uleb128 0xb
 1113 00bc 3B       		.uleb128 0x3b
 1114 00bd 0B       		.uleb128 0xb
 1115 00be 27       		.uleb128 0x27
 1116 00bf 19       		.uleb128 0x19
 1117 00c0 49       		.uleb128 0x49
 1118 00c1 13       		.uleb128 0x13
 1119 00c2 8701     		.uleb128 0x87
 1120 00c4 19       		.uleb128 0x19
 1121 00c5 11       		.uleb128 0x11
 1122 00c6 01       		.uleb128 0x1
 1123 00c7 12       		.uleb128 0x12
 1124 00c8 06       		.uleb128 0x6
 1125 00c9 40       		.uleb128 0x40
 1126 00ca 18       		.uleb128 0x18
 1127 00cb 9742     		.uleb128 0x2117
 1128 00cd 19       		.uleb128 0x19
 1129 00ce 01       		.uleb128 0x1
 1130 00cf 13       		.uleb128 0x13
 1131 00d0 00       		.byte	0
 1132 00d1 00       		.byte	0
 1133 00d2 11       		.uleb128 0x11
 1134 00d3 1D       		.uleb128 0x1d
 1135 00d4 00       		.byte	0
 1136 00d5 31       		.uleb128 0x31
 1137 00d6 13       		.uleb128 0x13
 1138 00d7 11       		.uleb128 0x11
 1139 00d8 01       		.uleb128 0x1
 1140 00d9 12       		.uleb128 0x12
 1141 00da 06       		.uleb128 0x6
 1142 00db 58       		.uleb128 0x58
 1143 00dc 0B       		.uleb128 0xb
 1144 00dd 59       		.uleb128 0x59
 1145 00de 0B       		.uleb128 0xb
 1146 00df 00       		.byte	0
 1147 00e0 00       		.byte	0
 1148 00e1 12       		.uleb128 0x12
 1149 00e2 898201   		.uleb128 0x4109
 1150 00e5 00       		.byte	0
 1151 00e6 11       		.uleb128 0x11
 1152 00e7 01       		.uleb128 0x1
ARM GAS  C:\Users\AARAM_~1\AppData\Local\Temp\cc6Kpeiv.s 			page 24


 1153 00e8 31       		.uleb128 0x31
 1154 00e9 13       		.uleb128 0x13
 1155 00ea 00       		.byte	0
 1156 00eb 00       		.byte	0
 1157 00ec 13       		.uleb128 0x13
 1158 00ed 34       		.uleb128 0x34
 1159 00ee 00       		.byte	0
 1160 00ef 03       		.uleb128 0x3
 1161 00f0 0E       		.uleb128 0xe
 1162 00f1 3A       		.uleb128 0x3a
 1163 00f2 0B       		.uleb128 0xb
 1164 00f3 3B       		.uleb128 0x3b
 1165 00f4 05       		.uleb128 0x5
 1166 00f5 49       		.uleb128 0x49
 1167 00f6 13       		.uleb128 0x13
 1168 00f7 3F       		.uleb128 0x3f
 1169 00f8 19       		.uleb128 0x19
 1170 00f9 3C       		.uleb128 0x3c
 1171 00fa 19       		.uleb128 0x19
 1172 00fb 00       		.byte	0
 1173 00fc 00       		.byte	0
 1174 00fd 14       		.uleb128 0x14
 1175 00fe 34       		.uleb128 0x34
 1176 00ff 00       		.byte	0
 1177 0100 03       		.uleb128 0x3
 1178 0101 0E       		.uleb128 0xe
 1179 0102 3A       		.uleb128 0x3a
 1180 0103 0B       		.uleb128 0xb
 1181 0104 3B       		.uleb128 0x3b
 1182 0105 0B       		.uleb128 0xb
 1183 0106 49       		.uleb128 0x49
 1184 0107 13       		.uleb128 0x13
 1185 0108 3F       		.uleb128 0x3f
 1186 0109 19       		.uleb128 0x19
 1187 010a 3C       		.uleb128 0x3c
 1188 010b 19       		.uleb128 0x19
 1189 010c 00       		.byte	0
 1190 010d 00       		.byte	0
 1191 010e 15       		.uleb128 0x15
 1192 010f 26       		.uleb128 0x26
 1193 0110 00       		.byte	0
 1194 0111 49       		.uleb128 0x49
 1195 0112 13       		.uleb128 0x13
 1196 0113 00       		.byte	0
 1197 0114 00       		.byte	0
 1198 0115 16       		.uleb128 0x16
 1199 0116 2E       		.uleb128 0x2e
 1200 0117 00       		.byte	0
 1201 0118 3F       		.uleb128 0x3f
 1202 0119 19       		.uleb128 0x19
 1203 011a 3C       		.uleb128 0x3c
 1204 011b 19       		.uleb128 0x19
 1205 011c 6E       		.uleb128 0x6e
 1206 011d 0E       		.uleb128 0xe
 1207 011e 03       		.uleb128 0x3
 1208 011f 0E       		.uleb128 0xe
 1209 0120 3A       		.uleb128 0x3a
ARM GAS  C:\Users\AARAM_~1\AppData\Local\Temp\cc6Kpeiv.s 			page 25


 1210 0121 0B       		.uleb128 0xb
 1211 0122 3B       		.uleb128 0x3b
 1212 0123 0B       		.uleb128 0xb
 1213 0124 00       		.byte	0
 1214 0125 00       		.byte	0
 1215 0126 00       		.byte	0
 1216              		.section	.debug_aranges,"",%progbits
 1217 0000 1C000000 		.4byte	0x1c
 1218 0004 0200     		.2byte	0x2
 1219 0006 00000000 		.4byte	.Ldebug_info0
 1220 000a 04       		.byte	0x4
 1221 000b 00       		.byte	0
 1222 000c 0000     		.2byte	0
 1223 000e 0000     		.2byte	0
 1224 0010 00000000 		.4byte	.LFB480
 1225 0014 16000000 		.4byte	.LFE480-.LFB480
 1226 0018 00000000 		.4byte	0
 1227 001c 00000000 		.4byte	0
 1228              		.section	.debug_ranges,"",%progbits
 1229              	.Ldebug_ranges0:
 1230 0000 00000000 		.4byte	.LFB480
 1231 0004 16000000 		.4byte	.LFE480
 1232 0008 00000000 		.4byte	0
 1233 000c 00000000 		.4byte	0
 1234              		.section	.debug_line,"",%progbits
 1235              	.Ldebug_line0:
 1236 0000 68020000 		.section	.debug_str,"MS",%progbits,1
 1236      02004002 
 1236      00000201 
 1236      FB0E0D00 
 1236      01010101 
 1237              	.LASF56:
 1238 0000 70726F74 		.ascii	"protBusMasterMask\000"
 1238      4275734D 
 1238      61737465 
 1238      724D6173 
 1238      6B00
 1239              	.LASF120:
 1240 0012 72784275 		.ascii	"rxBufSize\000"
 1240      6653697A 
 1240      6500
 1241              	.LASF66:
 1242 001c 666C6173 		.ascii	"flashCtlMainWs3Freq\000"
 1242      6843746C 
 1242      4D61696E 
 1242      57733346 
 1242      72657100 
 1243              	.LASF88:
 1244 0030 6770696F 		.ascii	"gpioPrtCfgInOffset\000"
 1244      50727443 
 1244      6667496E 
 1244      4F666673 
 1244      657400
 1245              	.LASF106:
 1246 0043 6970634C 		.ascii	"ipcLockStatusOffset\000"
 1246      6F636B53 
 1246      74617475 
ARM GAS  C:\Users\AARAM_~1\AppData\Local\Temp\cc6Kpeiv.s 			page 26


 1246      734F6666 
 1246      73657400 
 1247              	.LASF32:
 1248 0057 63727970 		.ascii	"cryptoVersion\000"
 1248      746F5665 
 1248      7273696F 
 1248      6E00
 1249              	.LASF50:
 1250 0065 70657269 		.ascii	"periClockNr\000"
 1250      436C6F63 
 1250      6B4E7200 
 1251              	.LASF28:
 1252 0071 70617373 		.ascii	"passBase\000"
 1252      42617365 
 1252      00
 1253              	.LASF41:
 1254 007a 63707573 		.ascii	"cpussIpcIrqNr\000"
 1254      73497063 
 1254      4972714E 
 1254      7200
 1255              	.LASF3:
 1256 0088 5F5F7569 		.ascii	"__uint8_t\000"
 1256      6E74385F 
 1256      7400
 1257              	.LASF85:
 1258 0092 70657269 		.ascii	"periDiv24_5CtlOffset\000"
 1258      44697632 
 1258      345F3543 
 1258      746C4F66 
 1258      66736574 
 1259              	.LASF92:
 1260 00a7 63707573 		.ascii	"cpussCm4ClockCtlOffset\000"
 1260      73436D34 
 1260      436C6F63 
 1260      6B43746C 
 1260      4F666673 
 1261              	.LASF21:
 1262 00be 63707573 		.ascii	"cpussBase\000"
 1262      73426173 
 1262      6500
 1263              	.LASF70:
 1264 00c8 64774368 		.ascii	"dwChCtlPrioPos\000"
 1264      43746C50 
 1264      72696F50 
 1264      6F7300
 1265              	.LASF12:
 1266 00d7 6C6F6E67 		.ascii	"long long unsigned int\000"
 1266      206C6F6E 
 1266      6720756E 
 1266      7369676E 
 1266      65642069 
 1267              	.LASF74:
 1268 00ee 70657269 		.ascii	"periTrCmdOffset\000"
 1268      5472436D 
 1268      644F6666 
 1268      73657400 
 1269              	.LASF115:
ARM GAS  C:\Users\AARAM_~1\AppData\Local\Temp\cc6Kpeiv.s 			page 27


 1270 00fe 72785269 		.ascii	"rxRingBuf\000"
 1270      6E674275 
 1270      6600
 1271              	.LASF98:
 1272 0108 63707573 		.ascii	"cpussSysTickCtlOffset\000"
 1272      73537973 
 1272      5469636B 
 1272      43746C4F 
 1272      66667365 
 1273              	.LASF128:
 1274 011e 49544D5F 		.ascii	"ITM_RxBuffer\000"
 1274      52784275 
 1274      66666572 
 1274      00
 1275              	.LASF59:
 1276 012b 666C6173 		.ascii	"flashPipeRequired\000"
 1276      68506970 
 1276      65526571 
 1276      75697265 
 1276      6400
 1277              	.LASF63:
 1278 013d 666C6173 		.ascii	"flashCtlMainWs0Freq\000"
 1278      6843746C 
 1278      4D61696E 
 1278      57733046 
 1278      72657100 
 1279              	.LASF15:
 1280 0151 696E7431 		.ascii	"int16_t\000"
 1280      365F7400 
 1281              	.LASF11:
 1282 0159 6C6F6E67 		.ascii	"long long int\000"
 1282      206C6F6E 
 1282      6720696E 
 1282      7400
 1283              	.LASF1:
 1284 0167 7369676E 		.ascii	"signed char\000"
 1284      65642063 
 1284      68617200 
 1285              	.LASF79:
 1286 0173 70657269 		.ascii	"periDivCmdTypeSelPos\000"
 1286      44697643 
 1286      6D645479 
 1286      70655365 
 1286      6C506F73 
 1287              	.LASF25:
 1288 0188 70726F74 		.ascii	"protBase\000"
 1288      42617365 
 1288      00
 1289              	.LASF37:
 1290 0191 69706356 		.ascii	"ipcVersion\000"
 1290      65727369 
 1290      6F6E00
 1291              	.LASF99:
 1292 019c 63707573 		.ascii	"cpussCm0NmiCtlOffset\000"
 1292      73436D30 
 1292      4E6D6943 
 1292      746C4F66 
ARM GAS  C:\Users\AARAM_~1\AppData\Local\Temp\cc6Kpeiv.s 			page 28


 1292      66736574 
 1293              	.LASF47:
 1294 01b1 73727373 		.ascii	"srssNumClkpath\000"
 1294      4E756D43 
 1294      6C6B7061 
 1294      746800
 1295              	.LASF26:
 1296 01c0 6873696F 		.ascii	"hsiomBase\000"
 1296      6D426173 
 1296      6500
 1297              	.LASF8:
 1298 01ca 6C6F6E67 		.ascii	"long int\000"
 1298      20696E74 
 1298      00
 1299              	.LASF130:
 1300 01d3 55415254 		.ascii	"UART_1_context\000"
 1300      5F315F63 
 1300      6F6E7465 
 1300      787400
 1301              	.LASF57:
 1302 01e2 63727970 		.ascii	"cryptoMemSize\000"
 1302      746F4D65 
 1302      6D53697A 
 1302      6500
 1303              	.LASF131:
 1304 01f0 55415254 		.ascii	"UART_1_Start\000"
 1304      5F315F53 
 1304      74617274 
 1304      00
 1305              	.LASF23:
 1306 01fd 70657269 		.ascii	"periBase\000"
 1306      42617365 
 1306      00
 1307              	.LASF55:
 1308 0206 73797350 		.ascii	"sysPmSimoPresent\000"
 1308      6D53696D 
 1308      6F507265 
 1308      73656E74 
 1308      00
 1309              	.LASF45:
 1310 0217 63707573 		.ascii	"cpussFmIrq\000"
 1310      73466D49 
 1310      727100
 1311              	.LASF110:
 1312 0222 646F7562 		.ascii	"double\000"
 1312      6C6500
 1313              	.LASF84:
 1314 0229 70657269 		.ascii	"periDiv16_5CtlOffset\000"
 1314      44697631 
 1314      365F3543 
 1314      746C4F66 
 1314      66736574 
 1315              	.LASF48:
 1316 023e 73727373 		.ascii	"srssNumPll\000"
 1316      4E756D50 
 1316      6C6C00
 1317              	.LASF140:
ARM GAS  C:\Users\AARAM_~1\AppData\Local\Temp\cc6Kpeiv.s 			page 29


 1318 0249 6D61696E 		.ascii	"main\000"
 1318      00
 1319              	.LASF137:
 1320 024e 433A5C55 		.ascii	"C:\\Users\\aaram_000\\Documents\\PROJET_GBM2100\\Wo"
 1320      73657273 
 1320      5C616172 
 1320      616D5F30 
 1320      30305C44 
 1321 027c 726B7370 		.ascii	"rkspace_PROJET\\PROJET.cydsn\000"
 1321      6163655F 
 1321      50524F4A 
 1321      45545C50 
 1321      524F4A45 
 1322              	.LASF82:
 1323 0298 70657269 		.ascii	"periDiv8CtlOffset\000"
 1323      44697638 
 1323      43746C4F 
 1323      66667365 
 1323      7400
 1324              	.LASF89:
 1325 02aa 6770696F 		.ascii	"gpioPrtCfgOutOffset\000"
 1325      50727443 
 1325      66674F75 
 1325      744F6666 
 1325      73657400 
 1326              	.LASF22:
 1327 02be 666C6173 		.ascii	"flashcBase\000"
 1327      68634261 
 1327      736500
 1328              	.LASF9:
 1329 02c9 5F5F7569 		.ascii	"__uint32_t\000"
 1329      6E743332 
 1329      5F7400
 1330              	.LASF52:
 1331 02d4 70617373 		.ascii	"passSarChannels\000"
 1331      53617243 
 1331      68616E6E 
 1331      656C7300 
 1332              	.LASF4:
 1333 02e4 5F5F696E 		.ascii	"__int16_t\000"
 1333      7431365F 
 1333      7400
 1334              	.LASF121:
 1335 02ee 72784275 		.ascii	"rxBufIdx\000"
 1335      66496478 
 1335      00
 1336              	.LASF95:
 1337 02f7 63707573 		.ascii	"cpussCm4PwrCtlOffset\000"
 1337      73436D34 
 1337      50777243 
 1337      746C4F66 
 1337      66736574 
 1338              	.LASF123:
 1339 030c 74784275 		.ascii	"txBufSize\000"
 1339      6653697A 
 1339      6500
 1340              	.LASF90:
ARM GAS  C:\Users\AARAM_~1\AppData\Local\Temp\cc6Kpeiv.s 			page 30


 1341 0316 6770696F 		.ascii	"gpioPrtCfgSioOffset\000"
 1341      50727443 
 1341      66675369 
 1341      6F4F6666 
 1341      73657400 
 1342              	.LASF42:
 1343 032a 63707573 		.ascii	"cpussDwChNr\000"
 1343      73447743 
 1343      684E7200 
 1344              	.LASF13:
 1345 0336 756E7369 		.ascii	"unsigned int\000"
 1345      676E6564 
 1345      20696E74 
 1345      00
 1346              	.LASF16:
 1347 0343 75696E74 		.ascii	"uint16_t\000"
 1347      31365F74 
 1347      00
 1348              	.LASF75:
 1349 034c 70657269 		.ascii	"periTrCmdGrSelMsk\000"
 1349      5472436D 
 1349      64477253 
 1349      656C4D73 
 1349      6B00
 1350              	.LASF64:
 1351 035e 666C6173 		.ascii	"flashCtlMainWs1Freq\000"
 1351      6843746C 
 1351      4D61696E 
 1351      57733146 
 1351      72657100 
 1352              	.LASF10:
 1353 0372 6C6F6E67 		.ascii	"long unsigned int\000"
 1353      20756E73 
 1353      69676E65 
 1353      6420696E 
 1353      7400
 1354              	.LASF112:
 1355 0384 63795F63 		.ascii	"cy_cb_scb_uart_handle_events_t\000"
 1355      625F7363 
 1355      625F7561 
 1355      72745F68 
 1355      616E646C 
 1356              	.LASF40:
 1357 03a3 63707573 		.ascii	"cpussIpcNr\000"
 1357      73497063 
 1357      4E7200
 1358              	.LASF27:
 1359 03ae 6770696F 		.ascii	"gpioBase\000"
 1359      42617365 
 1359      00
 1360              	.LASF65:
 1361 03b7 666C6173 		.ascii	"flashCtlMainWs2Freq\000"
 1361      6843746C 
 1361      4D61696E 
 1361      57733246 
 1361      72657100 
 1362              	.LASF76:
ARM GAS  C:\Users\AARAM_~1\AppData\Local\Temp\cc6Kpeiv.s 			page 31


 1363 03cb 70657269 		.ascii	"periTrGrOffset\000"
 1363      54724772 
 1363      4F666673 
 1363      657400
 1364              	.LASF134:
 1365 03da 636F6D6D 		.ascii	"communication\000"
 1365      756E6963 
 1365      6174696F 
 1365      6E00
 1366              	.LASF103:
 1367 03e8 63707573 		.ascii	"cpussRam1Ctl0\000"
 1367      7352616D 
 1367      3143746C 
 1367      3000
 1368              	.LASF125:
 1369 03f6 63624576 		.ascii	"cbEvents\000"
 1369      656E7473 
 1369      00
 1370              	.LASF77:
 1371 03ff 70657269 		.ascii	"periTrGrSize\000"
 1371      54724772 
 1371      53697A65 
 1371      00
 1372              	.LASF35:
 1373 040c 6770696F 		.ascii	"gpioVersion\000"
 1373      56657273 
 1373      696F6E00 
 1374              	.LASF122:
 1375 0418 74784275 		.ascii	"txBuf\000"
 1375      6600
 1376              	.LASF107:
 1377 041e 63795F73 		.ascii	"cy_stc_device_t\000"
 1377      74635F64 
 1377      65766963 
 1377      655F7400 
 1378              	.LASF133:
 1379 042e 696E7465 		.ascii	"interface\000"
 1379      72666163 
 1379      6500
 1380              	.LASF53:
 1381 0438 65704D6F 		.ascii	"epMonitorNr\000"
 1381      6E69746F 
 1381      724E7200 
 1382              	.LASF117:
 1383 0444 72785269 		.ascii	"rxRingBufHead\000"
 1383      6E674275 
 1383      66486561 
 1383      6400
 1384              	.LASF96:
 1385 0452 63707573 		.ascii	"cpussTrimRamCtlOffset\000"
 1385      73547269 
 1385      6D52616D 
 1385      43746C4F 
 1385      66667365 
 1386              	.LASF91:
 1387 0468 63707573 		.ascii	"cpussCm0ClockCtlOffset\000"
 1387      73436D30 
ARM GAS  C:\Users\AARAM_~1\AppData\Local\Temp\cc6Kpeiv.s 			page 32


 1387      436C6F63 
 1387      6B43746C 
 1387      4F666673 
 1388              	.LASF31:
 1389 047f 63707573 		.ascii	"cpussVersion\000"
 1389      73566572 
 1389      73696F6E 
 1389      00
 1390              	.LASF38:
 1391 048c 70657269 		.ascii	"periVersion\000"
 1391      56657273 
 1391      696F6E00 
 1392              	.LASF94:
 1393 0498 63707573 		.ascii	"cpussCm0StatusOffset\000"
 1393      73436D30 
 1393      53746174 
 1393      75734F66 
 1393      66736574 
 1394              	.LASF19:
 1395 04ad 73697A65 		.ascii	"sizetype\000"
 1395      74797065 
 1395      00
 1396              	.LASF68:
 1397 04b6 64774368 		.ascii	"dwChOffset\000"
 1397      4F666673 
 1397      657400
 1398              	.LASF43:
 1399 04c1 63707573 		.ascii	"cpussFlashPaSize\000"
 1399      73466C61 
 1399      73685061 
 1399      53697A65 
 1399      00
 1400              	.LASF81:
 1401 04d2 70657269 		.ascii	"periDivCmdPaTypeSelPos\000"
 1401      44697643 
 1401      6D645061 
 1401      54797065 
 1401      53656C50 
 1402              	.LASF104:
 1403 04e9 63707573 		.ascii	"cpussRam2Ctl0\000"
 1403      7352616D 
 1403      3243746C 
 1403      3000
 1404              	.LASF72:
 1405 04f7 64775374 		.ascii	"dwStatusChIdxPos\000"
 1405      61747573 
 1405      43684964 
 1405      78506F73 
 1405      00
 1406              	.LASF54:
 1407 0508 75646250 		.ascii	"udbPresent\000"
 1407      72657365 
 1407      6E7400
 1408              	.LASF114:
 1409 0513 72785374 		.ascii	"rxStatus\000"
 1409      61747573 
 1409      00
ARM GAS  C:\Users\AARAM_~1\AppData\Local\Temp\cc6Kpeiv.s 			page 33


 1410              	.LASF34:
 1411 051c 666C6173 		.ascii	"flashcVersion\000"
 1411      68635665 
 1411      7273696F 
 1411      6E00
 1412              	.LASF30:
 1413 052a 63727970 		.ascii	"cryptoBase\000"
 1413      746F4261 
 1413      736500
 1414              	.LASF51:
 1415 0535 736D6966 		.ascii	"smifDeviceNr\000"
 1415      44657669 
 1415      63654E72 
 1415      00
 1416              	.LASF139:
 1417 0542 5F5F656E 		.ascii	"__enable_irq\000"
 1417      61626C65 
 1417      5F697271 
 1417      00
 1418              	.LASF135:
 1419 054f 474E5520 		.ascii	"GNU C11 5.4.1 20160609 (release) [ARM/embedded-5-br"
 1419      43313120 
 1419      352E342E 
 1419      31203230 
 1419      31363036 
 1420 0582 616E6368 		.ascii	"anch revision 237715] -mcpu=cortex-m4 -mfloat-abi=s"
 1420      20726576 
 1420      6973696F 
 1420      6E203233 
 1420      37373135 
 1421 05b5 6F667466 		.ascii	"oftfp -mfpu=fpv4-sp-d16 -mthumb -g -Og -ffunction-s"
 1421      70202D6D 
 1421      6670753D 
 1421      66707634 
 1421      2D73702D 
 1422 05e8 65637469 		.ascii	"ections -ffat-lto-objects\000"
 1422      6F6E7320 
 1422      2D666661 
 1422      742D6C74 
 1422      6F2D6F62 
 1423              	.LASF109:
 1424 0602 666C6F61 		.ascii	"float\000"
 1424      7400
 1425              	.LASF73:
 1426 0608 64775374 		.ascii	"dwStatusChIdxMsk\000"
 1426      61747573 
 1426      43684964 
 1426      784D736B 
 1426      00
 1427              	.LASF129:
 1428 0619 63795F64 		.ascii	"cy_device\000"
 1428      65766963 
 1428      6500
 1429              	.LASF101:
 1430 0623 63707573 		.ascii	"cpussRomCtl\000"
 1430      73526F6D 
 1430      43746C00 
ARM GAS  C:\Users\AARAM_~1\AppData\Local\Temp\cc6Kpeiv.s 			page 34


 1431              	.LASF71:
 1432 062f 64774368 		.ascii	"dwChCtlPreemptablePos\000"
 1432      43746C50 
 1432      7265656D 
 1432      70746162 
 1432      6C65506F 
 1433              	.LASF124:
 1434 0645 74784C65 		.ascii	"txLeftToTransmit\000"
 1434      6674546F 
 1434      5472616E 
 1434      736D6974 
 1434      00
 1435              	.LASF24:
 1436 0656 75646242 		.ascii	"udbBase\000"
 1436      61736500 
 1437              	.LASF111:
 1438 065e 5F426F6F 		.ascii	"_Bool\000"
 1438      6C00
 1439              	.LASF17:
 1440 0664 696E7433 		.ascii	"int32_t\000"
 1440      325F7400 
 1441              	.LASF2:
 1442 066c 756E7369 		.ascii	"unsigned char\000"
 1442      676E6564 
 1442      20636861 
 1442      7200
 1443              	.LASF67:
 1444 067a 666C6173 		.ascii	"flashCtlMainWs4Freq\000"
 1444      6843746C 
 1444      4D61696E 
 1444      57733446 
 1444      72657100 
 1445              	.LASF0:
 1446 068e 73686F72 		.ascii	"short int\000"
 1446      7420696E 
 1446      7400
 1447              	.LASF78:
 1448 0698 70657269 		.ascii	"periDivCmdDivSelMsk\000"
 1448      44697643 
 1448      6D644469 
 1448      7653656C 
 1448      4D736B00 
 1449              	.LASF49:
 1450 06ac 73727373 		.ascii	"srssNumHfroot\000"
 1450      4E756D48 
 1450      66726F6F 
 1450      7400
 1451              	.LASF62:
 1452 06ba 666C6173 		.ascii	"flashEraseDelay\000"
 1452      68457261 
 1452      73654465 
 1452      6C617900 
 1453              	.LASF18:
 1454 06ca 75696E74 		.ascii	"uint32_t\000"
 1454      33325F74 
 1454      00
 1455              	.LASF100:
ARM GAS  C:\Users\AARAM_~1\AppData\Local\Temp\cc6Kpeiv.s 			page 35


 1456 06d3 63707573 		.ascii	"cpussCm4NmiCtlOffset\000"
 1456      73436D34 
 1456      4E6D6943 
 1456      746C4F66 
 1456      66736574 
 1457              	.LASF20:
 1458 06e8 6C6F6E67 		.ascii	"long double\000"
 1458      20646F75 
 1458      626C6500 
 1459              	.LASF108:
 1460 06f4 63686172 		.ascii	"char\000"
 1460      00
 1461              	.LASF39:
 1462 06f9 70726F74 		.ascii	"protVersion\000"
 1462      56657273 
 1462      696F6E00 
 1463              	.LASF102:
 1464 0705 63707573 		.ascii	"cpussRam0Ctl0\000"
 1464      7352616D 
 1464      3043746C 
 1464      3000
 1465              	.LASF5:
 1466 0713 5F5F7569 		.ascii	"__uint16_t\000"
 1466      6E743136 
 1466      5F7400
 1467              	.LASF83:
 1468 071e 70657269 		.ascii	"periDiv16CtlOffset\000"
 1468      44697631 
 1468      3643746C 
 1468      4F666673 
 1468      657400
 1469              	.LASF7:
 1470 0731 5F5F696E 		.ascii	"__int32_t\000"
 1470      7433325F 
 1470      7400
 1471              	.LASF36:
 1472 073b 6873696F 		.ascii	"hsiomVersion\000"
 1472      6D566572 
 1472      73696F6E 
 1472      00
 1473              	.LASF61:
 1474 0748 666C6173 		.ascii	"flashProgramDelay\000"
 1474      6850726F 
 1474      6772616D 
 1474      44656C61 
 1474      7900
 1475              	.LASF116:
 1476 075a 72785269 		.ascii	"rxRingBufSize\000"
 1476      6E674275 
 1476      6653697A 
 1476      6500
 1477              	.LASF6:
 1478 0768 73686F72 		.ascii	"short unsigned int\000"
 1478      7420756E 
 1478      7369676E 
 1478      65642069 
 1478      6E7400
ARM GAS  C:\Users\AARAM_~1\AppData\Local\Temp\cc6Kpeiv.s 			page 36


 1479              	.LASF69:
 1480 077b 64774368 		.ascii	"dwChSize\000"
 1480      53697A65 
 1480      00
 1481              	.LASF105:
 1482 0784 69706353 		.ascii	"ipcStructSize\000"
 1482      74727563 
 1482      7453697A 
 1482      6500
 1483              	.LASF44:
 1484 0792 63707573 		.ascii	"cpussIpc0Irq\000"
 1484      73497063 
 1484      30497271 
 1484      00
 1485              	.LASF132:
 1486 079f 74726169 		.ascii	"traitement\000"
 1486      74656D65 
 1486      6E7400
 1487              	.LASF87:
 1488 07aa 6770696F 		.ascii	"gpioPrtCfgOffset\000"
 1488      50727443 
 1488      66674F66 
 1488      66736574 
 1488      00
 1489              	.LASF126:
 1490 07bb 696E6974 		.ascii	"initKey\000"
 1490      4B657900 
 1491              	.LASF119:
 1492 07c3 72784275 		.ascii	"rxBuf\000"
 1492      6600
 1493              	.LASF127:
 1494 07c9 63795F73 		.ascii	"cy_stc_scb_uart_context_t\000"
 1494      74635F73 
 1494      63625F75 
 1494      6172745F 
 1494      636F6E74 
 1495              	.LASF46:
 1496 07e3 63707573 		.ascii	"cpussNotConnectedIrq\000"
 1496      734E6F74 
 1496      436F6E6E 
 1496      65637465 
 1496      64497271 
 1497              	.LASF60:
 1498 07f8 666C6173 		.ascii	"flashWriteDelay\000"
 1498      68577269 
 1498      74654465 
 1498      6C617900 
 1499              	.LASF14:
 1500 0808 75696E74 		.ascii	"uint8_t\000"
 1500      385F7400 
 1501              	.LASF93:
 1502 0810 63707573 		.ascii	"cpussCm4StatusOffset\000"
 1502      73436D34 
 1502      53746174 
 1502      75734F66 
 1502      66736574 
 1503              	.LASF86:
ARM GAS  C:\Users\AARAM_~1\AppData\Local\Temp\cc6Kpeiv.s 			page 37


 1504 0825 6770696F 		.ascii	"gpioPrtIntrCfgOffset\000"
 1504      50727449 
 1504      6E747243 
 1504      66674F66 
 1504      66736574 
 1505              	.LASF118:
 1506 083a 72785269 		.ascii	"rxRingBufTail\000"
 1506      6E674275 
 1506      66546169 
 1506      6C00
 1507              	.LASF97:
 1508 0848 63707573 		.ascii	"cpussTrimRomCtlOffset\000"
 1508      73547269 
 1508      6D526F6D 
 1508      43746C4F 
 1508      66667365 
 1509              	.LASF113:
 1510 085e 74785374 		.ascii	"txStatus\000"
 1510      61747573 
 1510      00
 1511              	.LASF33:
 1512 0867 64775665 		.ascii	"dwVersion\000"
 1512      7273696F 
 1512      6E00
 1513              	.LASF29:
 1514 0871 69706342 		.ascii	"ipcBase\000"
 1514      61736500 
 1515              	.LASF80:
 1516 0879 70657269 		.ascii	"periDivCmdPaDivSelPos\000"
 1516      44697643 
 1516      6D645061 
 1516      44697653 
 1516      656C506F 
 1517              	.LASF138:
 1518 088f 63795F73 		.ascii	"cy_stc_scb_uart_context\000"
 1518      74635F73 
 1518      63625F75 
 1518      6172745F 
 1518      636F6E74 
 1519              	.LASF136:
 1520 08a7 6D61696E 		.ascii	"main_cm4.c\000"
 1520      5F636D34 
 1520      2E6300
 1521              	.LASF58:
 1522 08b2 666C6173 		.ascii	"flashRwwRequired\000"
 1522      68527777 
 1522      52657175 
 1522      69726564 
 1522      00
 1523              		.ident	"GCC: (GNU Tools for ARM Embedded Processors) 5.4.1 20160609 (release) [ARM/embedded-5-bran
