ARM GAS  C:\Users\jlabe\AppData\Local\Temp\ccsxcb12.s 			page 1


   1              		.syntax unified
   2              		.cpu cortex-m0plus
   3              		.fpu softvfp
   4              		.eabi_attribute 20, 1
   5              		.eabi_attribute 21, 1
   6              		.eabi_attribute 23, 3
   7              		.eabi_attribute 24, 1
   8              		.eabi_attribute 25, 1
   9              		.eabi_attribute 26, 1
  10              		.eabi_attribute 30, 1
  11              		.eabi_attribute 34, 0
  12              		.eabi_attribute 18, 4
  13              		.thumb
  14              		.syntax unified
  15              		.file	"main_cm0p.c"
  16              		.text
  17              	.Ltext0:
  18              		.cfi_sections	.debug_frame
  19              		.section	.text.main,"ax",%progbits
  20              		.align	2
  21              		.global	main
  22              		.code	16
  23              		.thumb_func
  24              		.type	main, %function
  25              	main:
  26              	.LFB600:
  27              		.file 1 "main_cm0p.c"
   1:main_cm0p.c   **** /******************************************************************************
   2:main_cm0p.c   **** * File Name: main_cm0p.c
   3:main_cm0p.c   **** *
   4:main_cm0p.c   **** * Version: 1.10
   5:main_cm0p.c   **** *
   6:main_cm0p.c   **** * Description: This file main application code for the CE223727 EmWin Graphics
   7:main_cm0p.c   **** *				library EInk Display, for the CM0+ processor.  The only action
   8:main_cm0p.c   **** *				this file performs is to start the CM4 processor.
   9:main_cm0p.c   **** *
  10:main_cm0p.c   **** * Hardware Dependency: CY8CKIT-028-EPD E-Ink Display Shield
  11:main_cm0p.c   **** *					   CY8CKIT-062-BLE PSoC6 BLE Pioneer Kit
  12:main_cm0p.c   **** *
  13:main_cm0p.c   **** *******************************************************************************
  14:main_cm0p.c   **** * Copyright (2018), Cypress Semiconductor Corporation. All rights reserved.
  15:main_cm0p.c   **** *******************************************************************************
  16:main_cm0p.c   **** * This software, including source code, documentation and related materials
  17:main_cm0p.c   **** * (“Software”), is owned by Cypress Semiconductor Corporation or one of its
  18:main_cm0p.c   **** * subsidiaries (“Cypress”) and is protected by and subject to worldwide patent
  19:main_cm0p.c   **** * protection (United States and foreign), United States copyright laws and
  20:main_cm0p.c   **** * international treaty provisions. Therefore, you may use this Software only
  21:main_cm0p.c   **** * as provided in the license agreement accompanying the software package from
  22:main_cm0p.c   **** * which you obtained this Software (“EULA”).
  23:main_cm0p.c   **** *
  24:main_cm0p.c   **** * If no EULA applies, Cypress hereby grants you a personal, nonexclusive,
  25:main_cm0p.c   **** * non-transferable license to copy, modify, and compile the Software source
  26:main_cm0p.c   **** * code solely for use in connection with Cypress’s integrated circuit products.
  27:main_cm0p.c   **** * Any reproduction, modification, translation, compilation, or representation
  28:main_cm0p.c   **** * of this Software except as specified above is prohibited without the express
  29:main_cm0p.c   **** * written permission of Cypress.
  30:main_cm0p.c   **** *
ARM GAS  C:\Users\jlabe\AppData\Local\Temp\ccsxcb12.s 			page 2


  31:main_cm0p.c   **** * Disclaimer: THIS SOFTWARE IS PROVIDED AS-IS, WITH NO WARRANTY OF ANY KIND, 
  32:main_cm0p.c   **** * EXPRESS OR IMPLIED, INCLUDING, BUT NOT LIMITED TO, NONINFRINGEMENT, IMPLIED 
  33:main_cm0p.c   **** * WARRANTIES OF MERCHANTABILITY AND FITNESS FOR A PARTICULAR PURPOSE. Cypress 
  34:main_cm0p.c   **** * reserves the right to make changes to the Software without notice. Cypress 
  35:main_cm0p.c   **** * does not assume any liability arising out of the application or use of the 
  36:main_cm0p.c   **** * Software or any product or circuit described in the Software. Cypress does 
  37:main_cm0p.c   **** * not authorize its products for use in any products where a malfunction or 
  38:main_cm0p.c   **** * failure of the Cypress product may reasonably be expected to result in 
  39:main_cm0p.c   **** * significant property damage, injury or death (“High Risk Product”). By 
  40:main_cm0p.c   **** * including Cypress’s product in a High Risk Product, the manufacturer of such 
  41:main_cm0p.c   **** * system or application assumes all risk of such use and in doing so agrees to 
  42:main_cm0p.c   **** * indemnify Cypress against all liability.
  43:main_cm0p.c   **** *******************************************************************************/
  44:main_cm0p.c   **** #include "project.h"
  45:main_cm0p.c   **** 
  46:main_cm0p.c   **** int main(void)
  47:main_cm0p.c   **** {
  28              		.loc 1 47 0
  29              		.cfi_startproc
  30              		@ Volatile: function does not return.
  31              		@ args = 0, pretend = 0, frame = 0
  32              		@ frame_needed = 0, uses_anonymous_args = 0
  33 0000 10B5     		push	{r4, lr}
  34              		.cfi_def_cfa_offset 8
  35              		.cfi_offset 4, -8
  36              		.cfi_offset 14, -4
  48:main_cm0p.c   ****     /*__enable_irq(); */ /* Enable global interrupts. */
  49:main_cm0p.c   ****     
  50:main_cm0p.c   **** 	/* Enable CM4.  CY_CORTEX_M4_APPL_ADDR must be updated if CM4 memory layout is changed. */
  51:main_cm0p.c   ****     Cy_SysEnableCM4(CY_CORTEX_M4_APPL_ADDR); 
  37              		.loc 1 51 0
  38 0002 0348     		ldr	r0, .L3
  39 0004 FFF7FEFF 		bl	Cy_SysEnableCM4
  40              	.LVL0:
  41              	.L2:
  52:main_cm0p.c   **** 
  53:main_cm0p.c   ****     /* Place your initialization/startup code here (e.g. MyInst_Start()) */
  54:main_cm0p.c   **** 
  55:main_cm0p.c   ****     for(;;)
  56:main_cm0p.c   ****     {
  57:main_cm0p.c   ****         /* Place your application code here. */
  58:main_cm0p.c   **** 		Cy_SysPm_DeepSleep(CY_SYSPM_WAIT_FOR_INTERRUPT);
  42              		.loc 1 58 0 discriminator 1
  43 0008 0020     		movs	r0, #0
  44 000a FFF7FEFF 		bl	Cy_SysPm_CpuEnterDeepSleep
  45              	.LVL1:
  46 000e FBE7     		b	.L2
  47              	.L4:
  48              		.align	2
  49              	.L3:
  50 0010 00000810 		.word	268959744
  51              		.cfi_endproc
  52              	.LFE600:
  53              		.size	main, .-main
  54              		.text
  55              	.Letext0:
  56              		.file 2 "c:\\program files (x86)\\cypress\\psoc creator\\4.4\\psoc creator\\import\\gnu\\arm\\5.4.
ARM GAS  C:\Users\jlabe\AppData\Local\Temp\ccsxcb12.s 			page 3


  57              		.file 3 "c:\\program files (x86)\\cypress\\psoc creator\\4.4\\psoc creator\\import\\gnu\\arm\\5.4.
  58              		.file 4 "Generated_Source\\PSoC6\\pdl\\drivers/peripheral/device/cy_device.h"
  59              		.file 5 "Generated_Source\\PSoC6\\pdl\\drivers/peripheral/syspm/cy_syspm.h"
  60              		.file 6 "Generated_Source\\PSoC6\\pdl\\drivers/peripheral/scb/cy_scb_i2c.h"
  61              		.file 7 "Generated_Source\\PSoC6\\pdl\\drivers/peripheral/scb/cy_scb_spi.h"
  62              		.file 8 "Generated_Source\\PSoC6\\pdl\\drivers/peripheral/scb/cy_scb_uart.h"
  63              		.file 9 "Generated_Source\\PSoC6\\pdl\\drivers/peripheral/tcpwm/cy_tcpwm_counter.h"
  64              		.file 10 "Generated_Source\\PSoC6\\pdl\\drivers/peripheral/tcpwm/cy_tcpwm_pwm.h"
  65              		.file 11 "Generated_Source\\PSoC6/PWM.h"
  66              		.file 12 "Generated_Source\\PSoC6/CY_EINK_Timer.h"
  67              		.file 13 "Generated_Source\\PSoC6/CY_EINK_SPIM.h"
  68              		.file 14 "Generated_Source\\PSoC6/I2C_1.h"
  69              		.file 15 "Generated_Source\\PSoC6/UART_1.h"
  70              		.file 16 "Generated_Source\\PSoC6/I2C_2.h"
  71              		.file 17 "./system_psoc6.h"
  72              		.section	.debug_info,"",%progbits
  73              	.Ldebug_info0:
  74 0000 320B0000 		.4byte	0xb32
  75 0004 0400     		.2byte	0x4
  76 0006 00000000 		.4byte	.Ldebug_abbrev0
  77 000a 04       		.byte	0x4
  78 000b 01       		.uleb128 0x1
  79 000c E7080000 		.4byte	.LASF206
  80 0010 0C       		.byte	0xc
  81 0011 8F000000 		.4byte	.LASF207
  82 0015 980A0000 		.4byte	.LASF208
  83 0019 00000000 		.4byte	.Ldebug_ranges0+0
  84 001d 00000000 		.4byte	0
  85 0021 00000000 		.4byte	.Ldebug_line0
  86 0025 02       		.uleb128 0x2
  87 0026 02       		.byte	0x2
  88 0027 05       		.byte	0x5
  89 0028 FD070000 		.4byte	.LASF0
  90 002c 02       		.uleb128 0x2
  91 002d 01       		.byte	0x1
  92 002e 08       		.byte	0x8
  93 002f DB070000 		.4byte	.LASF1
  94 0033 02       		.uleb128 0x2
  95 0034 01       		.byte	0x1
  96 0035 06       		.byte	0x6
  97 0036 B5090000 		.4byte	.LASF2
  98 003a 03       		.uleb128 0x3
  99 003b B6000000 		.4byte	.LASF3
 100 003f 02       		.byte	0x2
 101 0040 1D       		.byte	0x1d
 102 0041 2C000000 		.4byte	0x2c
 103 0045 03       		.uleb128 0x3
 104 0046 2D040000 		.4byte	.LASF4
 105 004a 02       		.byte	0x2
 106 004b 29       		.byte	0x29
 107 004c 25000000 		.4byte	0x25
 108 0050 03       		.uleb128 0x3
 109 0051 C1090000 		.4byte	.LASF5
 110 0055 02       		.byte	0x2
 111 0056 2B       		.byte	0x2b
 112 0057 5B000000 		.4byte	0x5b
 113 005b 02       		.uleb128 0x2
ARM GAS  C:\Users\jlabe\AppData\Local\Temp\ccsxcb12.s 			page 4


 114 005c 02       		.byte	0x2
 115 005d 07       		.byte	0x7
 116 005e 5D0A0000 		.4byte	.LASF6
 117 0062 02       		.uleb128 0x2
 118 0063 04       		.byte	0x4
 119 0064 05       		.byte	0x5
 120 0065 19030000 		.4byte	.LASF7
 121 0069 03       		.uleb128 0x3
 122 006a F7030000 		.4byte	.LASF8
 123 006e 02       		.byte	0x2
 124 006f 41       		.byte	0x41
 125 0070 74000000 		.4byte	0x74
 126 0074 02       		.uleb128 0x2
 127 0075 04       		.byte	0x4
 128 0076 07       		.byte	0x7
 129 0077 ED040000 		.4byte	.LASF9
 130 007b 02       		.uleb128 0x2
 131 007c 08       		.byte	0x8
 132 007d 05       		.byte	0x5
 133 007e 02020000 		.4byte	.LASF10
 134 0082 02       		.uleb128 0x2
 135 0083 08       		.byte	0x8
 136 0084 07       		.byte	0x7
 137 0085 3F010000 		.4byte	.LASF11
 138 0089 04       		.uleb128 0x4
 139 008a 04       		.byte	0x4
 140 008b 05       		.byte	0x5
 141 008c 696E7400 		.ascii	"int\000"
 142 0090 02       		.uleb128 0x2
 143 0091 04       		.byte	0x4
 144 0092 07       		.byte	0x7
 145 0093 90040000 		.4byte	.LASF12
 146 0097 03       		.uleb128 0x3
 147 0098 E60B0000 		.4byte	.LASF13
 148 009c 03       		.byte	0x3
 149 009d 18       		.byte	0x18
 150 009e 3A000000 		.4byte	0x3a
 151 00a2 03       		.uleb128 0x3
 152 00a3 FA010000 		.4byte	.LASF14
 153 00a7 03       		.byte	0x3
 154 00a8 20       		.byte	0x20
 155 00a9 45000000 		.4byte	0x45
 156 00ad 03       		.uleb128 0x3
 157 00ae AE040000 		.4byte	.LASF15
 158 00b2 03       		.byte	0x3
 159 00b3 24       		.byte	0x24
 160 00b4 50000000 		.4byte	0x50
 161 00b8 03       		.uleb128 0x3
 162 00b9 C5080000 		.4byte	.LASF16
 163 00bd 03       		.byte	0x3
 164 00be 30       		.byte	0x30
 165 00bf 69000000 		.4byte	0x69
 166 00c3 02       		.uleb128 0x2
 167 00c4 04       		.byte	0x4
 168 00c5 07       		.byte	0x7
 169 00c6 AE060000 		.4byte	.LASF17
 170 00ca 05       		.uleb128 0x5
ARM GAS  C:\Users\jlabe\AppData\Local\Temp\ccsxcb12.s 			page 5


 171 00cb B8000000 		.4byte	0xb8
 172 00cf 02       		.uleb128 0x2
 173 00d0 08       		.byte	0x8
 174 00d1 04       		.byte	0x4
 175 00d2 7F090000 		.4byte	.LASF18
 176 00d6 06       		.uleb128 0x6
 177 00d7 B8       		.byte	0xb8
 178 00d8 04       		.byte	0x4
 179 00d9 34       		.byte	0x34
 180 00da E7040000 		.4byte	0x4e7
 181 00de 07       		.uleb128 0x7
 182 00df 15010000 		.4byte	.LASF19
 183 00e3 04       		.byte	0x4
 184 00e4 37       		.byte	0x37
 185 00e5 B8000000 		.4byte	0xb8
 186 00e9 00       		.byte	0
 187 00ea 07       		.uleb128 0x7
 188 00eb 79080000 		.4byte	.LASF20
 189 00ef 04       		.byte	0x4
 190 00f0 38       		.byte	0x38
 191 00f1 B8000000 		.4byte	0xb8
 192 00f5 04       		.byte	0x4
 193 00f6 07       		.uleb128 0x7
 194 00f7 5A030000 		.4byte	.LASF21
 195 00fb 04       		.byte	0x4
 196 00fc 39       		.byte	0x39
 197 00fd B8000000 		.4byte	0xb8
 198 0101 08       		.byte	0x8
 199 0102 07       		.uleb128 0x7
 200 0103 B5070000 		.4byte	.LASF22
 201 0107 04       		.byte	0x4
 202 0108 3A       		.byte	0x3a
 203 0109 B8000000 		.4byte	0xb8
 204 010d 0C       		.byte	0xc
 205 010e 07       		.uleb128 0x7
 206 010f 6B020000 		.4byte	.LASF23
 207 0113 04       		.byte	0x4
 208 0114 3B       		.byte	0x3b
 209 0115 B8000000 		.4byte	0xb8
 210 0119 10       		.byte	0x10
 211 011a 07       		.uleb128 0x7
 212 011b D3020000 		.4byte	.LASF24
 213 011f 04       		.byte	0x4
 214 0120 3C       		.byte	0x3c
 215 0121 B8000000 		.4byte	0xb8
 216 0125 14       		.byte	0x14
 217 0126 07       		.uleb128 0x7
 218 0127 48050000 		.4byte	.LASF25
 219 012b 04       		.byte	0x4
 220 012c 3D       		.byte	0x3d
 221 012d B8000000 		.4byte	0xb8
 222 0131 18       		.byte	0x18
 223 0132 07       		.uleb128 0x7
 224 0133 86000000 		.4byte	.LASF26
 225 0137 04       		.byte	0x4
 226 0138 3E       		.byte	0x3e
 227 0139 B8000000 		.4byte	0xb8
ARM GAS  C:\Users\jlabe\AppData\Local\Temp\ccsxcb12.s 			page 6


 228 013d 1C       		.byte	0x1c
 229 013e 07       		.uleb128 0x7
 230 013f B90C0000 		.4byte	.LASF27
 231 0143 04       		.byte	0x4
 232 0144 3F       		.byte	0x3f
 233 0145 B8000000 		.4byte	0xb8
 234 0149 20       		.byte	0x20
 235 014a 07       		.uleb128 0x7
 236 014b 3B070000 		.4byte	.LASF28
 237 014f 04       		.byte	0x4
 238 0150 40       		.byte	0x40
 239 0151 B8000000 		.4byte	0xb8
 240 0155 24       		.byte	0x24
 241 0156 07       		.uleb128 0x7
 242 0157 64060000 		.4byte	.LASF29
 243 015b 04       		.byte	0x4
 244 015c 43       		.byte	0x43
 245 015d 97000000 		.4byte	0x97
 246 0161 28       		.byte	0x28
 247 0162 07       		.uleb128 0x7
 248 0163 69000000 		.4byte	.LASF30
 249 0167 04       		.byte	0x4
 250 0168 44       		.byte	0x44
 251 0169 97000000 		.4byte	0x97
 252 016d 29       		.byte	0x29
 253 016e 07       		.uleb128 0x7
 254 016f AF0C0000 		.4byte	.LASF31
 255 0173 04       		.byte	0x4
 256 0174 45       		.byte	0x45
 257 0175 97000000 		.4byte	0x97
 258 0179 2A       		.byte	0x2a
 259 017a 07       		.uleb128 0x7
 260 017b 2D070000 		.4byte	.LASF32
 261 017f 04       		.byte	0x4
 262 0180 46       		.byte	0x46
 263 0181 97000000 		.4byte	0x97
 264 0185 2B       		.byte	0x2b
 265 0186 07       		.uleb128 0x7
 266 0187 D0050000 		.4byte	.LASF33
 267 018b 04       		.byte	0x4
 268 018c 47       		.byte	0x47
 269 018d 97000000 		.4byte	0x97
 270 0191 2C       		.byte	0x2c
 271 0192 07       		.uleb128 0x7
 272 0193 0F0A0000 		.4byte	.LASF34
 273 0197 04       		.byte	0x4
 274 0198 48       		.byte	0x48
 275 0199 97000000 		.4byte	0x97
 276 019d 2D       		.byte	0x2d
 277 019e 07       		.uleb128 0x7
 278 019f 74020000 		.4byte	.LASF35
 279 01a3 04       		.byte	0x4
 280 01a4 49       		.byte	0x49
 281 01a5 97000000 		.4byte	0x97
 282 01a9 2E       		.byte	0x2e
 283 01aa 07       		.uleb128 0x7
 284 01ab 71060000 		.4byte	.LASF36
ARM GAS  C:\Users\jlabe\AppData\Local\Temp\ccsxcb12.s 			page 7


 285 01af 04       		.byte	0x4
 286 01b0 4A       		.byte	0x4a
 287 01b1 97000000 		.4byte	0x97
 288 01b5 2F       		.byte	0x2f
 289 01b6 07       		.uleb128 0x7
 290 01b7 9B090000 		.4byte	.LASF37
 291 01bb 04       		.byte	0x4
 292 01bc 4B       		.byte	0x4b
 293 01bd 97000000 		.4byte	0x97
 294 01c1 30       		.byte	0x30
 295 01c2 07       		.uleb128 0x7
 296 01c3 3D050000 		.4byte	.LASF38
 297 01c7 04       		.byte	0x4
 298 01c8 4E       		.byte	0x4e
 299 01c9 97000000 		.4byte	0x97
 300 01cd 31       		.byte	0x31
 301 01ce 07       		.uleb128 0x7
 302 01cf A8000000 		.4byte	.LASF39
 303 01d3 04       		.byte	0x4
 304 01d4 4F       		.byte	0x4f
 305 01d5 97000000 		.4byte	0x97
 306 01d9 32       		.byte	0x32
 307 01da 07       		.uleb128 0x7
 308 01db 84040000 		.4byte	.LASF40
 309 01df 04       		.byte	0x4
 310 01e0 50       		.byte	0x50
 311 01e1 97000000 		.4byte	0x97
 312 01e5 33       		.byte	0x33
 313 01e6 07       		.uleb128 0x7
 314 01e7 D2060000 		.4byte	.LASF41
 315 01eb 04       		.byte	0x4
 316 01ec 51       		.byte	0x51
 317 01ed 97000000 		.4byte	0x97
 318 01f1 34       		.byte	0x34
 319 01f2 07       		.uleb128 0x7
 320 01f3 F00A0000 		.4byte	.LASF42
 321 01f7 04       		.byte	0x4
 322 01f8 52       		.byte	0x52
 323 01f9 A2000000 		.4byte	0xa2
 324 01fd 36       		.byte	0x36
 325 01fe 07       		.uleb128 0x7
 326 01ff 74030000 		.4byte	.LASF43
 327 0203 04       		.byte	0x4
 328 0204 53       		.byte	0x53
 329 0205 A2000000 		.4byte	0xa2
 330 0209 38       		.byte	0x38
 331 020a 07       		.uleb128 0x7
 332 020b 2E0A0000 		.4byte	.LASF44
 333 020f 04       		.byte	0x4
 334 0210 54       		.byte	0x54
 335 0211 A2000000 		.4byte	0xa2
 336 0215 3A       		.byte	0x3a
 337 0216 07       		.uleb128 0x7
 338 0217 C4020000 		.4byte	.LASF45
 339 021b 04       		.byte	0x4
 340 021c 55       		.byte	0x55
 341 021d 97000000 		.4byte	0x97
ARM GAS  C:\Users\jlabe\AppData\Local\Temp\ccsxcb12.s 			page 8


 342 0221 3C       		.byte	0x3c
 343 0222 07       		.uleb128 0x7
 344 0223 9B030000 		.4byte	.LASF46
 345 0227 04       		.byte	0x4
 346 0228 56       		.byte	0x56
 347 0229 97000000 		.4byte	0x97
 348 022d 3D       		.byte	0x3d
 349 022e 07       		.uleb128 0x7
 350 022f 860B0000 		.4byte	.LASF47
 351 0233 04       		.byte	0x4
 352 0234 57       		.byte	0x57
 353 0235 97000000 		.4byte	0x97
 354 0239 3E       		.byte	0x3e
 355 023a 07       		.uleb128 0x7
 356 023b 26010000 		.4byte	.LASF48
 357 023f 04       		.byte	0x4
 358 0240 58       		.byte	0x58
 359 0241 97000000 		.4byte	0x97
 360 0245 3F       		.byte	0x3f
 361 0246 07       		.uleb128 0x7
 362 0247 46070000 		.4byte	.LASF49
 363 024b 04       		.byte	0x4
 364 024c 59       		.byte	0x59
 365 024d 97000000 		.4byte	0x97
 366 0251 40       		.byte	0x40
 367 0252 07       		.uleb128 0x7
 368 0253 02040000 		.4byte	.LASF50
 369 0257 04       		.byte	0x4
 370 0258 5A       		.byte	0x5a
 371 0259 97000000 		.4byte	0x97
 372 025d 41       		.byte	0x41
 373 025e 07       		.uleb128 0x7
 374 025f 51050000 		.4byte	.LASF51
 375 0263 04       		.byte	0x4
 376 0264 5B       		.byte	0x5b
 377 0265 97000000 		.4byte	0x97
 378 0269 42       		.byte	0x42
 379 026a 07       		.uleb128 0x7
 380 026b 19070000 		.4byte	.LASF52
 381 026f 04       		.byte	0x4
 382 0270 5C       		.byte	0x5c
 383 0271 97000000 		.4byte	0x97
 384 0275 43       		.byte	0x43
 385 0276 07       		.uleb128 0x7
 386 0277 63030000 		.4byte	.LASF53
 387 027b 04       		.byte	0x4
 388 027c 5D       		.byte	0x5d
 389 027d 97000000 		.4byte	0x97
 390 0281 44       		.byte	0x44
 391 0282 07       		.uleb128 0x7
 392 0283 00000000 		.4byte	.LASF54
 393 0287 04       		.byte	0x4
 394 0288 5E       		.byte	0x5e
 395 0289 B8000000 		.4byte	0xb8
 396 028d 48       		.byte	0x48
 397 028e 07       		.uleb128 0x7
 398 028f 4C030000 		.4byte	.LASF55
ARM GAS  C:\Users\jlabe\AppData\Local\Temp\ccsxcb12.s 			page 9


 399 0293 04       		.byte	0x4
 400 0294 5F       		.byte	0x5f
 401 0295 B8000000 		.4byte	0xb8
 402 0299 4C       		.byte	0x4c
 403 029a 07       		.uleb128 0x7
 404 029b EF0C0000 		.4byte	.LASF56
 405 029f 04       		.byte	0x4
 406 02a0 60       		.byte	0x60
 407 02a1 97000000 		.4byte	0x97
 408 02a5 50       		.byte	0x50
 409 02a6 07       		.uleb128 0x7
 410 02a7 AC010000 		.4byte	.LASF57
 411 02ab 04       		.byte	0x4
 412 02ac 61       		.byte	0x61
 413 02ad 97000000 		.4byte	0x97
 414 02b1 51       		.byte	0x51
 415 02b2 07       		.uleb128 0x7
 416 02b3 D60B0000 		.4byte	.LASF58
 417 02b7 04       		.byte	0x4
 418 02b8 62       		.byte	0x62
 419 02b9 97000000 		.4byte	0x97
 420 02bd 52       		.byte	0x52
 421 02be 07       		.uleb128 0x7
 422 02bf 1C0A0000 		.4byte	.LASF59
 423 02c3 04       		.byte	0x4
 424 02c4 63       		.byte	0x63
 425 02c5 97000000 		.4byte	0x97
 426 02c9 53       		.byte	0x53
 427 02ca 07       		.uleb128 0x7
 428 02cb B5080000 		.4byte	.LASF60
 429 02cf 04       		.byte	0x4
 430 02d0 64       		.byte	0x64
 431 02d1 97000000 		.4byte	0x97
 432 02d5 54       		.byte	0x54
 433 02d6 07       		.uleb128 0x7
 434 02d7 E6010000 		.4byte	.LASF61
 435 02db 04       		.byte	0x4
 436 02dc 65       		.byte	0x65
 437 02dd 97000000 		.4byte	0x97
 438 02e1 55       		.byte	0x55
 439 02e2 07       		.uleb128 0x7
 440 02e3 D9040000 		.4byte	.LASF62
 441 02e7 04       		.byte	0x4
 442 02e8 66       		.byte	0x66
 443 02e9 97000000 		.4byte	0x97
 444 02ed 56       		.byte	0x56
 445 02ee 07       		.uleb128 0x7
 446 02ef 2C080000 		.4byte	.LASF63
 447 02f3 04       		.byte	0x4
 448 02f4 67       		.byte	0x67
 449 02f5 97000000 		.4byte	0x97
 450 02f9 57       		.byte	0x57
 451 02fa 07       		.uleb128 0x7
 452 02fb 24000000 		.4byte	.LASF64
 453 02ff 04       		.byte	0x4
 454 0300 68       		.byte	0x68
 455 0301 97000000 		.4byte	0x97
ARM GAS  C:\Users\jlabe\AppData\Local\Temp\ccsxcb12.s 			page 10


 456 0305 58       		.byte	0x58
 457 0306 07       		.uleb128 0x7
 458 0307 E9070000 		.4byte	.LASF65
 459 030b 04       		.byte	0x4
 460 030c 69       		.byte	0x69
 461 030d 97000000 		.4byte	0x97
 462 0311 59       		.byte	0x59
 463 0312 07       		.uleb128 0x7
 464 0313 B7060000 		.4byte	.LASF66
 465 0317 04       		.byte	0x4
 466 0318 6E       		.byte	0x6e
 467 0319 AD000000 		.4byte	0xad
 468 031d 5A       		.byte	0x5a
 469 031e 07       		.uleb128 0x7
 470 031f 700A0000 		.4byte	.LASF67
 471 0323 04       		.byte	0x4
 472 0324 6F       		.byte	0x6f
 473 0325 AD000000 		.4byte	0xad
 474 0329 5C       		.byte	0x5c
 475 032a 07       		.uleb128 0x7
 476 032b 77000000 		.4byte	.LASF68
 477 032f 04       		.byte	0x4
 478 0330 70       		.byte	0x70
 479 0331 97000000 		.4byte	0x97
 480 0335 5E       		.byte	0x5e
 481 0336 07       		.uleb128 0x7
 482 0337 96070000 		.4byte	.LASF69
 483 033b 04       		.byte	0x4
 484 033c 71       		.byte	0x71
 485 033d 97000000 		.4byte	0x97
 486 0341 5F       		.byte	0x5f
 487 0342 07       		.uleb128 0x7
 488 0343 08070000 		.4byte	.LASF70
 489 0347 04       		.byte	0x4
 490 0348 72       		.byte	0x72
 491 0349 97000000 		.4byte	0x97
 492 034d 60       		.byte	0x60
 493 034e 07       		.uleb128 0x7
 494 034f 6F070000 		.4byte	.LASF71
 495 0353 04       		.byte	0x4
 496 0354 73       		.byte	0x73
 497 0355 B8000000 		.4byte	0xb8
 498 0359 64       		.byte	0x64
 499 035a 07       		.uleb128 0x7
 500 035b 65010000 		.4byte	.LASF72
 501 035f 04       		.byte	0x4
 502 0360 76       		.byte	0x76
 503 0361 AD000000 		.4byte	0xad
 504 0365 68       		.byte	0x68
 505 0366 07       		.uleb128 0x7
 506 0367 C7040000 		.4byte	.LASF73
 507 036b 04       		.byte	0x4
 508 036c 77       		.byte	0x77
 509 036d AD000000 		.4byte	0xad
 510 0371 6A       		.byte	0x6a
 511 0372 07       		.uleb128 0x7
 512 0373 7E050000 		.4byte	.LASF74
ARM GAS  C:\Users\jlabe\AppData\Local\Temp\ccsxcb12.s 			page 11


 513 0377 04       		.byte	0x4
 514 0378 78       		.byte	0x78
 515 0379 AD000000 		.4byte	0xad
 516 037d 6C       		.byte	0x6c
 517 037e 07       		.uleb128 0x7
 518 037f 11050000 		.4byte	.LASF75
 519 0383 04       		.byte	0x4
 520 0384 79       		.byte	0x79
 521 0385 AD000000 		.4byte	0xad
 522 0389 6E       		.byte	0x6e
 523 038a 07       		.uleb128 0x7
 524 038b 18080000 		.4byte	.LASF76
 525 038f 04       		.byte	0x4
 526 0390 7B       		.byte	0x7b
 527 0391 97000000 		.4byte	0x97
 528 0395 70       		.byte	0x70
 529 0396 07       		.uleb128 0x7
 530 0397 45020000 		.4byte	.LASF77
 531 039b 04       		.byte	0x4
 532 039c 7C       		.byte	0x7c
 533 039d 97000000 		.4byte	0x97
 534 03a1 71       		.byte	0x71
 535 03a2 07       		.uleb128 0x7
 536 03a3 C10C0000 		.4byte	.LASF78
 537 03a7 04       		.byte	0x4
 538 03a8 7D       		.byte	0x7d
 539 03a9 97000000 		.4byte	0x97
 540 03ad 72       		.byte	0x72
 541 03ae 07       		.uleb128 0x7
 542 03af E3060000 		.4byte	.LASF79
 543 03b3 04       		.byte	0x4
 544 03b4 7E       		.byte	0x7e
 545 03b5 97000000 		.4byte	0x97
 546 03b9 73       		.byte	0x73
 547 03ba 07       		.uleb128 0x7
 548 03bb BC030000 		.4byte	.LASF80
 549 03bf 04       		.byte	0x4
 550 03c0 80       		.byte	0x80
 551 03c1 AD000000 		.4byte	0xad
 552 03c5 74       		.byte	0x74
 553 03c6 07       		.uleb128 0x7
 554 03c7 D7090000 		.4byte	.LASF81
 555 03cb 04       		.byte	0x4
 556 03cc 81       		.byte	0x81
 557 03cd AD000000 		.4byte	0xad
 558 03d1 76       		.byte	0x76
 559 03d2 07       		.uleb128 0x7
 560 03d3 86030000 		.4byte	.LASF82
 561 03d7 04       		.byte	0x4
 562 03d8 82       		.byte	0x82
 563 03d9 AD000000 		.4byte	0xad
 564 03dd 78       		.byte	0x78
 565 03de 07       		.uleb128 0x7
 566 03df CC000000 		.4byte	.LASF83
 567 03e3 04       		.byte	0x4
 568 03e4 83       		.byte	0x83
 569 03e5 AD000000 		.4byte	0xad
ARM GAS  C:\Users\jlabe\AppData\Local\Temp\ccsxcb12.s 			page 12


 570 03e9 7A       		.byte	0x7a
 571 03ea 07       		.uleb128 0x7
 572 03eb 340C0000 		.4byte	.LASF84
 573 03ef 04       		.byte	0x4
 574 03f0 86       		.byte	0x86
 575 03f1 97000000 		.4byte	0x97
 576 03f5 7C       		.byte	0x7c
 577 03f6 07       		.uleb128 0x7
 578 03f7 2D0B0000 		.4byte	.LASF85
 579 03fb 04       		.byte	0x4
 580 03fc 87       		.byte	0x87
 581 03fd 97000000 		.4byte	0x97
 582 0401 7D       		.byte	0x7d
 583 0402 07       		.uleb128 0x7
 584 0403 38000000 		.4byte	.LASF86
 585 0407 04       		.byte	0x4
 586 0408 88       		.byte	0x88
 587 0409 97000000 		.4byte	0x97
 588 040d 7E       		.byte	0x7e
 589 040e 07       		.uleb128 0x7
 590 040f CE030000 		.4byte	.LASF87
 591 0413 04       		.byte	0x4
 592 0414 89       		.byte	0x89
 593 0415 97000000 		.4byte	0x97
 594 0419 7F       		.byte	0x7f
 595 041a 07       		.uleb128 0x7
 596 041b 70040000 		.4byte	.LASF88
 597 041f 04       		.byte	0x4
 598 0420 8A       		.byte	0x8a
 599 0421 97000000 		.4byte	0x97
 600 0425 80       		.byte	0x80
 601 0426 07       		.uleb128 0x7
 602 0427 160B0000 		.4byte	.LASF89
 603 042b 04       		.byte	0x4
 604 042c 8D       		.byte	0x8d
 605 042d B8000000 		.4byte	0xb8
 606 0431 84       		.byte	0x84
 607 0432 07       		.uleb128 0x7
 608 0433 E1000000 		.4byte	.LASF90
 609 0437 04       		.byte	0x4
 610 0438 8E       		.byte	0x8e
 611 0439 B8000000 		.4byte	0xb8
 612 043d 88       		.byte	0x88
 613 043e 07       		.uleb128 0x7
 614 043f 1F0C0000 		.4byte	.LASF91
 615 0443 04       		.byte	0x4
 616 0444 8F       		.byte	0x8f
 617 0445 B8000000 		.4byte	0xb8
 618 0449 8C       		.byte	0x8c
 619 044a 07       		.uleb128 0x7
 620 044b 7D060000 		.4byte	.LASF92
 621 044f 04       		.byte	0x4
 622 0450 90       		.byte	0x90
 623 0451 B8000000 		.4byte	0xb8
 624 0455 90       		.byte	0x90
 625 0456 07       		.uleb128 0x7
 626 0457 40040000 		.4byte	.LASF93
ARM GAS  C:\Users\jlabe\AppData\Local\Temp\ccsxcb12.s 			page 13


 627 045b 04       		.byte	0x4
 628 045c 91       		.byte	0x91
 629 045d B8000000 		.4byte	0xb8
 630 0461 94       		.byte	0x94
 631 0462 07       		.uleb128 0x7
 632 0463 35060000 		.4byte	.LASF94
 633 0467 04       		.byte	0x4
 634 0468 92       		.byte	0x92
 635 0469 B8000000 		.4byte	0xb8
 636 046d 98       		.byte	0x98
 637 046e 07       		.uleb128 0x7
 638 046f 8A0C0000 		.4byte	.LASF95
 639 0473 04       		.byte	0x4
 640 0474 93       		.byte	0x93
 641 0475 B8000000 		.4byte	0xb8
 642 0479 9C       		.byte	0x9c
 643 047a 07       		.uleb128 0x7
 644 047b 7F010000 		.4byte	.LASF96
 645 047f 04       		.byte	0x4
 646 0480 94       		.byte	0x94
 647 0481 B8000000 		.4byte	0xb8
 648 0485 A0       		.byte	0xa0
 649 0486 07       		.uleb128 0x7
 650 0487 91020000 		.4byte	.LASF97
 651 048b 04       		.byte	0x4
 652 048c 95       		.byte	0x95
 653 048d AD000000 		.4byte	0xad
 654 0491 A4       		.byte	0xa4
 655 0492 07       		.uleb128 0x7
 656 0493 B30B0000 		.4byte	.LASF98
 657 0497 04       		.byte	0x4
 658 0498 96       		.byte	0x96
 659 0499 AD000000 		.4byte	0xad
 660 049d A6       		.byte	0xa6
 661 049e 07       		.uleb128 0x7
 662 049f 8A070000 		.4byte	.LASF99
 663 04a3 04       		.byte	0x4
 664 04a4 97       		.byte	0x97
 665 04a5 AD000000 		.4byte	0xad
 666 04a9 A8       		.byte	0xa8
 667 04aa 07       		.uleb128 0x7
 668 04ab A7090000 		.4byte	.LASF100
 669 04af 04       		.byte	0x4
 670 04b0 98       		.byte	0x98
 671 04b1 AD000000 		.4byte	0xad
 672 04b5 AA       		.byte	0xaa
 673 04b6 07       		.uleb128 0x7
 674 04b7 8D050000 		.4byte	.LASF101
 675 04bb 04       		.byte	0x4
 676 04bc 99       		.byte	0x99
 677 04bd AD000000 		.4byte	0xad
 678 04c1 AC       		.byte	0xac
 679 04c2 07       		.uleb128 0x7
 680 04c3 FA060000 		.4byte	.LASF102
 681 04c7 04       		.byte	0x4
 682 04c8 9A       		.byte	0x9a
 683 04c9 AD000000 		.4byte	0xad
ARM GAS  C:\Users\jlabe\AppData\Local\Temp\ccsxcb12.s 			page 14


 684 04cd AE       		.byte	0xae
 685 04ce 07       		.uleb128 0x7
 686 04cf 53070000 		.4byte	.LASF103
 687 04d3 04       		.byte	0x4
 688 04d4 9D       		.byte	0x9d
 689 04d5 AD000000 		.4byte	0xad
 690 04d9 B0       		.byte	0xb0
 691 04da 07       		.uleb128 0x7
 692 04db 55000000 		.4byte	.LASF104
 693 04df 04       		.byte	0x4
 694 04e0 9E       		.byte	0x9e
 695 04e1 B8000000 		.4byte	0xb8
 696 04e5 B4       		.byte	0xb4
 697 04e6 00       		.byte	0
 698 04e7 03       		.uleb128 0x3
 699 04e8 E2050000 		.4byte	.LASF105
 700 04ec 04       		.byte	0x4
 701 04ed 9F       		.byte	0x9f
 702 04ee D6000000 		.4byte	0xd6
 703 04f2 02       		.uleb128 0x2
 704 04f3 01       		.byte	0x1
 705 04f4 08       		.byte	0x8
 706 04f5 8B090000 		.4byte	.LASF106
 707 04f9 02       		.uleb128 0x2
 708 04fa 04       		.byte	0x4
 709 04fb 04       		.byte	0x4
 710 04fc 69070000 		.4byte	.LASF107
 711 0500 02       		.uleb128 0x2
 712 0501 08       		.byte	0x8
 713 0502 04       		.byte	0x4
 714 0503 7F030000 		.4byte	.LASF108
 715 0507 08       		.uleb128 0x8
 716 0508 01       		.byte	0x1
 717 0509 2C000000 		.4byte	0x2c
 718 050d 05       		.byte	0x5
 719 050e 2305     		.2byte	0x523
 720 0510 21050000 		.4byte	0x521
 721 0514 09       		.uleb128 0x9
 722 0515 EE0B0000 		.4byte	.LASF109
 723 0519 00       		.byte	0
 724 051a 09       		.uleb128 0x9
 725 051b EA090000 		.4byte	.LASF110
 726 051f 01       		.byte	0x1
 727 0520 00       		.byte	0
 728 0521 0A       		.uleb128 0xa
 729 0522 04       		.byte	0x4
 730 0523 02       		.uleb128 0x2
 731 0524 01       		.byte	0x1
 732 0525 02       		.byte	0x2
 733 0526 79090000 		.4byte	.LASF111
 734 052a 08       		.uleb128 0x8
 735 052b 01       		.byte	0x1
 736 052c 2C000000 		.4byte	0x2c
 737 0530 06       		.byte	0x6
 738 0531 2402     		.2byte	0x224
 739 0533 44050000 		.4byte	0x544
 740 0537 09       		.uleb128 0x9
ARM GAS  C:\Users\jlabe\AppData\Local\Temp\ccsxcb12.s 			page 15


 741 0538 BD070000 		.4byte	.LASF112
 742 053c 00       		.byte	0
 743 053d 09       		.uleb128 0x9
 744 053e 3D030000 		.4byte	.LASF113
 745 0542 01       		.byte	0x1
 746 0543 00       		.byte	0
 747 0544 0B       		.uleb128 0xb
 748 0545 9B0B0000 		.4byte	.LASF114
 749 0549 06       		.byte	0x6
 750 054a 2702     		.2byte	0x227
 751 054c 2A050000 		.4byte	0x52a
 752 0550 0B       		.uleb128 0xb
 753 0551 FB020000 		.4byte	.LASF115
 754 0555 06       		.byte	0x6
 755 0556 3902     		.2byte	0x239
 756 0558 5C050000 		.4byte	0x55c
 757 055c 0C       		.uleb128 0xc
 758 055d 04       		.byte	0x4
 759 055e 62050000 		.4byte	0x562
 760 0562 0D       		.uleb128 0xd
 761 0563 6D050000 		.4byte	0x56d
 762 0567 0E       		.uleb128 0xe
 763 0568 B8000000 		.4byte	0xb8
 764 056c 00       		.byte	0
 765 056d 0B       		.uleb128 0xb
 766 056e 5D080000 		.4byte	.LASF116
 767 0572 06       		.byte	0x6
 768 0573 4402     		.2byte	0x244
 769 0575 79050000 		.4byte	0x579
 770 0579 0C       		.uleb128 0xc
 771 057a 04       		.byte	0x4
 772 057b 7F050000 		.4byte	0x57f
 773 057f 0F       		.uleb128 0xf
 774 0580 44050000 		.4byte	0x544
 775 0584 8E050000 		.4byte	0x58e
 776 0588 0E       		.uleb128 0xe
 777 0589 B8000000 		.4byte	0xb8
 778 058d 00       		.byte	0
 779 058e 10       		.uleb128 0x10
 780 058f CF010000 		.4byte	.LASF140
 781 0593 4C       		.byte	0x4c
 782 0594 06       		.byte	0x6
 783 0595 C302     		.2byte	0x2c3
 784 0597 AD060000 		.4byte	0x6ad
 785 059b 11       		.uleb128 0x11
 786 059c E60A0000 		.4byte	.LASF117
 787 05a0 06       		.byte	0x6
 788 05a1 C602     		.2byte	0x2c6
 789 05a3 23050000 		.4byte	0x523
 790 05a7 00       		.byte	0
 791 05a8 11       		.uleb128 0x11
 792 05a9 66050000 		.4byte	.LASF118
 793 05ad 06       		.byte	0x6
 794 05ae C702     		.2byte	0x2c7
 795 05b0 23050000 		.4byte	0x523
 796 05b4 01       		.byte	0x1
 797 05b5 11       		.uleb128 0x11
ARM GAS  C:\Users\jlabe\AppData\Local\Temp\ccsxcb12.s 			page 16


 798 05b6 F5020000 		.4byte	.LASF119
 799 05ba 06       		.byte	0x6
 800 05bb C902     		.2byte	0x2c9
 801 05bd CA000000 		.4byte	0xca
 802 05c1 04       		.byte	0x4
 803 05c2 11       		.uleb128 0x11
 804 05c3 95010000 		.4byte	.LASF120
 805 05c7 06       		.byte	0x6
 806 05c8 CB02     		.2byte	0x2cb
 807 05ca CA000000 		.4byte	0xca
 808 05ce 08       		.byte	0x8
 809 05cf 11       		.uleb128 0x11
 810 05d0 40080000 		.4byte	.LASF121
 811 05d4 06       		.byte	0x6
 812 05d5 CC02     		.2byte	0x2cc
 813 05d7 23050000 		.4byte	0x523
 814 05db 0C       		.byte	0xc
 815 05dc 11       		.uleb128 0x11
 816 05dd 31030000 		.4byte	.LASF122
 817 05e1 06       		.byte	0x6
 818 05e2 CD02     		.2byte	0x2cd
 819 05e4 23050000 		.4byte	0x523
 820 05e8 0D       		.byte	0xd
 821 05e9 11       		.uleb128 0x11
 822 05ea 020A0000 		.4byte	.LASF123
 823 05ee 06       		.byte	0x6
 824 05ef CF02     		.2byte	0x2cf
 825 05f1 AD060000 		.4byte	0x6ad
 826 05f5 10       		.byte	0x10
 827 05f6 11       		.uleb128 0x11
 828 05f7 07080000 		.4byte	.LASF124
 829 05fb 06       		.byte	0x6
 830 05fc D002     		.2byte	0x2d0
 831 05fe B8000000 		.4byte	0xb8
 832 0602 14       		.byte	0x14
 833 0603 11       		.uleb128 0x11
 834 0604 C2060000 		.4byte	.LASF125
 835 0608 06       		.byte	0x6
 836 0609 D102     		.2byte	0x2d1
 837 060b CA000000 		.4byte	0xca
 838 060f 18       		.byte	0x18
 839 0610 11       		.uleb128 0x11
 840 0611 95080000 		.4byte	.LASF126
 841 0615 06       		.byte	0x6
 842 0616 D202     		.2byte	0x2d2
 843 0618 CA000000 		.4byte	0xca
 844 061c 1C       		.byte	0x1c
 845 061d 11       		.uleb128 0x11
 846 061e C0000000 		.4byte	.LASF127
 847 0622 06       		.byte	0x6
 848 0623 D402     		.2byte	0x2d4
 849 0625 CA000000 		.4byte	0xca
 850 0629 20       		.byte	0x20
 851 062a 11       		.uleb128 0x11
 852 062b B7040000 		.4byte	.LASF128
 853 062f 06       		.byte	0x6
 854 0630 D502     		.2byte	0x2d5
ARM GAS  C:\Users\jlabe\AppData\Local\Temp\ccsxcb12.s 			page 17


 855 0632 B3060000 		.4byte	0x6b3
 856 0636 24       		.byte	0x24
 857 0637 11       		.uleb128 0x11
 858 0638 4C0B0000 		.4byte	.LASF129
 859 063c 06       		.byte	0x6
 860 063d D702     		.2byte	0x2d7
 861 063f AD060000 		.4byte	0x6ad
 862 0643 28       		.byte	0x28
 863 0644 11       		.uleb128 0x11
 864 0645 5A0B0000 		.4byte	.LASF130
 865 0649 06       		.byte	0x6
 866 064a D802     		.2byte	0x2d8
 867 064c B8000000 		.4byte	0xb8
 868 0650 2C       		.byte	0x2c
 869 0651 11       		.uleb128 0x11
 870 0652 9D040000 		.4byte	.LASF131
 871 0656 06       		.byte	0x6
 872 0657 D902     		.2byte	0x2d9
 873 0659 CA000000 		.4byte	0xca
 874 065d 30       		.byte	0x30
 875 065e 11       		.uleb128 0x11
 876 065f A4080000 		.4byte	.LASF132
 877 0663 06       		.byte	0x6
 878 0664 DA02     		.2byte	0x2da
 879 0666 CA000000 		.4byte	0xca
 880 066a 34       		.byte	0x34
 881 066b 11       		.uleb128 0x11
 882 066c 4B060000 		.4byte	.LASF133
 883 0670 06       		.byte	0x6
 884 0671 DC02     		.2byte	0x2dc
 885 0673 AD060000 		.4byte	0x6ad
 886 0677 38       		.byte	0x38
 887 0678 11       		.uleb128 0x11
 888 0679 7F020000 		.4byte	.LASF134
 889 067d 06       		.byte	0x6
 890 067e DD02     		.2byte	0x2dd
 891 0680 B8000000 		.4byte	0xb8
 892 0684 3C       		.byte	0x3c
 893 0685 11       		.uleb128 0x11
 894 0686 BE010000 		.4byte	.LASF135
 895 068a 06       		.byte	0x6
 896 068b DE02     		.2byte	0x2de
 897 068d CA000000 		.4byte	0xca
 898 0691 40       		.byte	0x40
 899 0692 11       		.uleb128 0x11
 900 0693 A9050000 		.4byte	.LASF136
 901 0697 06       		.byte	0x6
 902 0698 E402     		.2byte	0x2e4
 903 069a 50050000 		.4byte	0x550
 904 069e 44       		.byte	0x44
 905 069f 11       		.uleb128 0x11
 906 06a0 E2030000 		.4byte	.LASF137
 907 06a4 06       		.byte	0x6
 908 06a5 EB02     		.2byte	0x2eb
 909 06a7 6D050000 		.4byte	0x56d
 910 06ab 48       		.byte	0x48
 911 06ac 00       		.byte	0
ARM GAS  C:\Users\jlabe\AppData\Local\Temp\ccsxcb12.s 			page 18


 912 06ad 0C       		.uleb128 0xc
 913 06ae 04       		.byte	0x4
 914 06af 97000000 		.4byte	0x97
 915 06b3 05       		.uleb128 0x5
 916 06b4 23050000 		.4byte	0x523
 917 06b8 0B       		.uleb128 0xb
 918 06b9 CE080000 		.4byte	.LASF138
 919 06bd 06       		.byte	0x6
 920 06be EE02     		.2byte	0x2ee
 921 06c0 8E050000 		.4byte	0x58e
 922 06c4 0B       		.uleb128 0xb
 923 06c5 A6020000 		.4byte	.LASF139
 924 06c9 07       		.byte	0x7
 925 06ca F201     		.2byte	0x1f2
 926 06cc 5C050000 		.4byte	0x55c
 927 06d0 10       		.uleb128 0x10
 928 06d1 2E020000 		.4byte	.LASF141
 929 06d5 24       		.byte	0x24
 930 06d6 07       		.byte	0x7
 931 06d7 7402     		.2byte	0x274
 932 06d9 53070000 		.4byte	0x753
 933 06dd 11       		.uleb128 0x11
 934 06de 940B0000 		.4byte	.LASF142
 935 06e2 07       		.byte	0x7
 936 06e3 7702     		.2byte	0x277
 937 06e5 CA000000 		.4byte	0xca
 938 06e9 00       		.byte	0
 939 06ea 11       		.uleb128 0x11
 940 06eb 460B0000 		.4byte	.LASF143
 941 06ef 07       		.byte	0x7
 942 06f0 7902     		.2byte	0x279
 943 06f2 21050000 		.4byte	0x521
 944 06f6 04       		.byte	0x4
 945 06f7 11       		.uleb128 0x11
 946 06f8 1A000000 		.4byte	.LASF144
 947 06fc 07       		.byte	0x7
 948 06fd 7A02     		.2byte	0x27a
 949 06ff B8000000 		.4byte	0xb8
 950 0703 08       		.byte	0x8
 951 0704 11       		.uleb128 0x11
 952 0705 37040000 		.4byte	.LASF145
 953 0709 07       		.byte	0x7
 954 070a 7B02     		.2byte	0x27b
 955 070c CA000000 		.4byte	0xca
 956 0710 0C       		.byte	0xc
 957 0711 11       		.uleb128 0x11
 958 0712 DC050000 		.4byte	.LASF146
 959 0716 07       		.byte	0x7
 960 0717 7D02     		.2byte	0x27d
 961 0719 21050000 		.4byte	0x521
 962 071d 10       		.byte	0x10
 963 071e 11       		.uleb128 0x11
 964 071f 55040000 		.4byte	.LASF147
 965 0723 07       		.byte	0x7
 966 0724 7E02     		.2byte	0x27e
 967 0726 B8000000 		.4byte	0xb8
 968 072a 14       		.byte	0x14
ARM GAS  C:\Users\jlabe\AppData\Local\Temp\ccsxcb12.s 			page 19


 969 072b 11       		.uleb128 0x11
 970 072c 000D0000 		.4byte	.LASF148
 971 0730 07       		.byte	0x7
 972 0731 7F02     		.2byte	0x27f
 973 0733 CA000000 		.4byte	0xca
 974 0737 18       		.byte	0x18
 975 0738 11       		.uleb128 0x11
 976 0739 A9050000 		.4byte	.LASF136
 977 073d 07       		.byte	0x7
 978 073e 8502     		.2byte	0x285
 979 0740 C4060000 		.4byte	0x6c4
 980 0744 1C       		.byte	0x1c
 981 0745 11       		.uleb128 0x11
 982 0746 3E0B0000 		.4byte	.LASF149
 983 074a 07       		.byte	0x7
 984 074b 8802     		.2byte	0x288
 985 074d B8000000 		.4byte	0xb8
 986 0751 20       		.byte	0x20
 987 0752 00       		.byte	0
 988 0753 0B       		.uleb128 0xb
 989 0754 F2050000 		.4byte	.LASF150
 990 0758 07       		.byte	0x7
 991 0759 8B02     		.2byte	0x28b
 992 075b D0060000 		.4byte	0x6d0
 993 075f 0B       		.uleb128 0xb
 994 0760 1E050000 		.4byte	.LASF151
 995 0764 08       		.byte	0x8
 996 0765 D901     		.2byte	0x1d9
 997 0767 5C050000 		.4byte	0x55c
 998 076b 10       		.uleb128 0x10
 999 076c D70C0000 		.4byte	.LASF152
 1000 0770 38       		.byte	0x38
 1001 0771 08       		.byte	0x8
 1002 0772 7502     		.2byte	0x275
 1003 0774 2F080000 		.4byte	0x82f
 1004 0778 11       		.uleb128 0x11
 1005 0779 5D050000 		.4byte	.LASF153
 1006 077d 08       		.byte	0x8
 1007 077e 7802     		.2byte	0x278
 1008 0780 CA000000 		.4byte	0xca
 1009 0784 00       		.byte	0
 1010 0785 11       		.uleb128 0x11
 1011 0786 24070000 		.4byte	.LASF154
 1012 078a 08       		.byte	0x8
 1013 078b 7902     		.2byte	0x279
 1014 078d CA000000 		.4byte	0xca
 1015 0791 04       		.byte	0x4
 1016 0792 11       		.uleb128 0x11
 1017 0793 75010000 		.4byte	.LASF155
 1018 0797 08       		.byte	0x8
 1019 0798 7B02     		.2byte	0x27b
 1020 079a 21050000 		.4byte	0x521
 1021 079e 08       		.byte	0x8
 1022 079f 11       		.uleb128 0x11
 1023 07a0 430A0000 		.4byte	.LASF156
 1024 07a4 08       		.byte	0x8
 1025 07a5 7C02     		.2byte	0x27c
ARM GAS  C:\Users\jlabe\AppData\Local\Temp\ccsxcb12.s 			page 20


 1026 07a7 B8000000 		.4byte	0xb8
 1027 07ab 0C       		.byte	0xc
 1028 07ac 11       		.uleb128 0x11
 1029 07ad 27060000 		.4byte	.LASF157
 1030 07b1 08       		.byte	0x8
 1031 07b2 7D02     		.2byte	0x27d
 1032 07b4 CA000000 		.4byte	0xca
 1033 07b8 10       		.byte	0x10
 1034 07b9 11       		.uleb128 0x11
 1035 07ba 730C0000 		.4byte	.LASF158
 1036 07be 08       		.byte	0x8
 1037 07bf 7E02     		.2byte	0x27e
 1038 07c1 CA000000 		.4byte	0xca
 1039 07c5 14       		.byte	0x14
 1040 07c6 11       		.uleb128 0x11
 1041 07c7 460B0000 		.4byte	.LASF143
 1042 07cb 08       		.byte	0x8
 1043 07cc 8002     		.2byte	0x280
 1044 07ce 21050000 		.4byte	0x521
 1045 07d2 18       		.byte	0x18
 1046 07d3 11       		.uleb128 0x11
 1047 07d4 1A000000 		.4byte	.LASF144
 1048 07d8 08       		.byte	0x8
 1049 07d9 8102     		.2byte	0x281
 1050 07db B8000000 		.4byte	0xb8
 1051 07df 1C       		.byte	0x1c
 1052 07e0 11       		.uleb128 0x11
 1053 07e1 37040000 		.4byte	.LASF145
 1054 07e5 08       		.byte	0x8
 1055 07e6 8202     		.2byte	0x282
 1056 07e8 CA000000 		.4byte	0xca
 1057 07ec 20       		.byte	0x20
 1058 07ed 11       		.uleb128 0x11
 1059 07ee DC050000 		.4byte	.LASF146
 1060 07f2 08       		.byte	0x8
 1061 07f3 8402     		.2byte	0x284
 1062 07f5 21050000 		.4byte	0x521
 1063 07f9 24       		.byte	0x24
 1064 07fa 11       		.uleb128 0x11
 1065 07fb 55040000 		.4byte	.LASF147
 1066 07ff 08       		.byte	0x8
 1067 0800 8502     		.2byte	0x285
 1068 0802 B8000000 		.4byte	0xb8
 1069 0806 28       		.byte	0x28
 1070 0807 11       		.uleb128 0x11
 1071 0808 5A020000 		.4byte	.LASF159
 1072 080c 08       		.byte	0x8
 1073 080d 8602     		.2byte	0x286
 1074 080f CA000000 		.4byte	0xca
 1075 0813 2C       		.byte	0x2c
 1076 0814 11       		.uleb128 0x11
 1077 0815 A9050000 		.4byte	.LASF136
 1078 0819 08       		.byte	0x8
 1079 081a 8B02     		.2byte	0x28b
 1080 081c 5F070000 		.4byte	0x75f
 1081 0820 30       		.byte	0x30
 1082 0821 11       		.uleb128 0x11
ARM GAS  C:\Users\jlabe\AppData\Local\Temp\ccsxcb12.s 			page 21


 1083 0822 3E0B0000 		.4byte	.LASF149
 1084 0826 08       		.byte	0x8
 1085 0827 8E02     		.2byte	0x28e
 1086 0829 B8000000 		.4byte	0xb8
 1087 082d 34       		.byte	0x34
 1088 082e 00       		.byte	0
 1089 082f 0B       		.uleb128 0xb
 1090 0830 6C0B0000 		.4byte	.LASF160
 1091 0834 08       		.byte	0x8
 1092 0835 9102     		.2byte	0x291
 1093 0837 6B070000 		.4byte	0x76b
 1094 083b 12       		.uleb128 0x12
 1095 083c 92060000 		.4byte	.LASF161
 1096 0840 4C       		.byte	0x4c
 1097 0841 09       		.byte	0x9
 1098 0842 2F       		.byte	0x2f
 1099 0843 2C090000 		.4byte	0x92c
 1100 0847 07       		.uleb128 0x7
 1101 0848 1F010000 		.4byte	.LASF162
 1102 084c 09       		.byte	0x9
 1103 084d 31       		.byte	0x31
 1104 084e B8000000 		.4byte	0xb8
 1105 0852 00       		.byte	0
 1106 0853 07       		.uleb128 0x7
 1107 0854 56010000 		.4byte	.LASF163
 1108 0858 09       		.byte	0x9
 1109 0859 33       		.byte	0x33
 1110 085a B8000000 		.4byte	0xb8
 1111 085e 04       		.byte	0x4
 1112 085f 07       		.uleb128 0x7
 1113 0860 12000000 		.4byte	.LASF164
 1114 0864 09       		.byte	0x9
 1115 0865 34       		.byte	0x34
 1116 0866 B8000000 		.4byte	0xb8
 1117 086a 08       		.byte	0x8
 1118 086b 07       		.uleb128 0x7
 1119 086c F8000000 		.4byte	.LASF165
 1120 0870 09       		.byte	0x9
 1121 0871 35       		.byte	0x35
 1122 0872 B8000000 		.4byte	0xb8
 1123 0876 0C       		.byte	0xc
 1124 0877 07       		.uleb128 0x7
 1125 0878 84080000 		.4byte	.LASF166
 1126 087c 09       		.byte	0x9
 1127 087d 37       		.byte	0x37
 1128 087e B8000000 		.4byte	0xb8
 1129 0882 10       		.byte	0x10
 1130 0883 07       		.uleb128 0x7
 1131 0884 810C0000 		.4byte	.LASF167
 1132 0888 09       		.byte	0x9
 1133 0889 38       		.byte	0x38
 1134 088a B8000000 		.4byte	0xb8
 1135 088e 14       		.byte	0x14
 1136 088f 07       		.uleb128 0x7
 1137 0890 0D0B0000 		.4byte	.LASF168
 1138 0894 09       		.byte	0x9
 1139 0895 39       		.byte	0x39
ARM GAS  C:\Users\jlabe\AppData\Local\Temp\ccsxcb12.s 			page 22


 1140 0896 B8000000 		.4byte	0xb8
 1141 089a 18       		.byte	0x18
 1142 089b 07       		.uleb128 0x7
 1143 089c FF040000 		.4byte	.LASF169
 1144 08a0 09       		.byte	0x9
 1145 08a1 3A       		.byte	0x3a
 1146 08a2 23050000 		.4byte	0x523
 1147 08a6 1C       		.byte	0x1c
 1148 08a7 07       		.uleb128 0x7
 1149 08a8 5F040000 		.4byte	.LASF170
 1150 08ac 09       		.byte	0x9
 1151 08ad 3C       		.byte	0x3c
 1152 08ae B8000000 		.4byte	0xb8
 1153 08b2 20       		.byte	0x20
 1154 08b3 07       		.uleb128 0x7
 1155 08b4 AB030000 		.4byte	.LASF171
 1156 08b8 09       		.byte	0x9
 1157 08b9 3D       		.byte	0x3d
 1158 08ba B8000000 		.4byte	0xb8
 1159 08be 24       		.byte	0x24
 1160 08bf 07       		.uleb128 0x7
 1161 08c0 32010000 		.4byte	.LASF172
 1162 08c4 09       		.byte	0x9
 1163 08c5 3F       		.byte	0x3f
 1164 08c6 B8000000 		.4byte	0xb8
 1165 08ca 28       		.byte	0x28
 1166 08cb 07       		.uleb128 0x7
 1167 08cc 630C0000 		.4byte	.LASF173
 1168 08d0 09       		.byte	0x9
 1169 08d1 40       		.byte	0x40
 1170 08d2 B8000000 		.4byte	0xb8
 1171 08d6 2C       		.byte	0x2c
 1172 08d7 07       		.uleb128 0x7
 1173 08d8 510A0000 		.4byte	.LASF174
 1174 08dc 09       		.byte	0x9
 1175 08dd 42       		.byte	0x42
 1176 08de B8000000 		.4byte	0xb8
 1177 08e2 30       		.byte	0x30
 1178 08e3 07       		.uleb128 0x7
 1179 08e4 CC070000 		.4byte	.LASF175
 1180 08e8 09       		.byte	0x9
 1181 08e9 43       		.byte	0x43
 1182 08ea B8000000 		.4byte	0xb8
 1183 08ee 34       		.byte	0x34
 1184 08ef 07       		.uleb128 0x7
 1185 08f0 59060000 		.4byte	.LASF176
 1186 08f4 09       		.byte	0x9
 1187 08f5 45       		.byte	0x45
 1188 08f6 B8000000 		.4byte	0xb8
 1189 08fa 38       		.byte	0x38
 1190 08fb 07       		.uleb128 0x7
 1191 08fc 07010000 		.4byte	.LASF177
 1192 0900 09       		.byte	0x9
 1193 0901 46       		.byte	0x46
 1194 0902 B8000000 		.4byte	0xb8
 1195 0906 3C       		.byte	0x3c
 1196 0907 07       		.uleb128 0x7
ARM GAS  C:\Users\jlabe\AppData\Local\Temp\ccsxcb12.s 			page 23


 1197 0908 8E0A0000 		.4byte	.LASF178
 1198 090c 09       		.byte	0x9
 1199 090d 48       		.byte	0x48
 1200 090e B8000000 		.4byte	0xb8
 1201 0912 40       		.byte	0x40
 1202 0913 07       		.uleb128 0x7
 1203 0914 A00C0000 		.4byte	.LASF179
 1204 0918 09       		.byte	0x9
 1205 0919 49       		.byte	0x49
 1206 091a B8000000 		.4byte	0xb8
 1207 091e 44       		.byte	0x44
 1208 091f 07       		.uleb128 0x7
 1209 0920 90090000 		.4byte	.LASF180
 1210 0924 09       		.byte	0x9
 1211 0925 4B       		.byte	0x4b
 1212 0926 B8000000 		.4byte	0xb8
 1213 092a 48       		.byte	0x48
 1214 092b 00       		.byte	0
 1215 092c 03       		.uleb128 0x3
 1216 092d 10020000 		.4byte	.LASF181
 1217 0931 09       		.byte	0x9
 1218 0932 4C       		.byte	0x4c
 1219 0933 3B080000 		.4byte	0x83b
 1220 0937 12       		.uleb128 0x12
 1221 0938 DD020000 		.4byte	.LASF182
 1222 093c 64       		.byte	0x64
 1223 093d 0A       		.byte	0xa
 1224 093e 2F       		.byte	0x2f
 1225 093f 700A0000 		.4byte	0xa70
 1226 0943 07       		.uleb128 0x7
 1227 0944 61070000 		.4byte	.LASF183
 1228 0948 0A       		.byte	0xa
 1229 0949 31       		.byte	0x31
 1230 094a B8000000 		.4byte	0xb8
 1231 094e 00       		.byte	0
 1232 094f 07       		.uleb128 0x7
 1233 0950 56010000 		.4byte	.LASF163
 1234 0954 0A       		.byte	0xa
 1235 0955 33       		.byte	0x33
 1236 0956 B8000000 		.4byte	0xb8
 1237 095a 04       		.byte	0x4
 1238 095b 07       		.uleb128 0x7
 1239 095c 9B000000 		.4byte	.LASF184
 1240 0960 0A       		.byte	0xa
 1241 0961 34       		.byte	0x34
 1242 0962 B8000000 		.4byte	0xb8
 1243 0966 08       		.byte	0x8
 1244 0967 07       		.uleb128 0x7
 1245 0968 18060000 		.4byte	.LASF185
 1246 096c 0A       		.byte	0xa
 1247 096d 35       		.byte	0x35
 1248 096e B8000000 		.4byte	0xb8
 1249 0972 0C       		.byte	0xc
 1250 0973 07       		.uleb128 0x7
 1251 0974 12000000 		.4byte	.LASF164
 1252 0978 0A       		.byte	0xa
 1253 0979 36       		.byte	0x36
ARM GAS  C:\Users\jlabe\AppData\Local\Temp\ccsxcb12.s 			page 24


 1254 097a B8000000 		.4byte	0xb8
 1255 097e 10       		.byte	0x10
 1256 097f 07       		.uleb128 0x7
 1257 0980 FD0A0000 		.4byte	.LASF186
 1258 0984 0A       		.byte	0xa
 1259 0985 37       		.byte	0x37
 1260 0986 B8000000 		.4byte	0xb8
 1261 098a 14       		.byte	0x14
 1262 098b 07       		.uleb128 0x7
 1263 098c 050B0000 		.4byte	.LASF187
 1264 0990 0A       		.byte	0xa
 1265 0991 38       		.byte	0x38
 1266 0992 B8000000 		.4byte	0xb8
 1267 0996 18       		.byte	0x18
 1268 0997 07       		.uleb128 0x7
 1269 0998 4C080000 		.4byte	.LASF188
 1270 099c 0A       		.byte	0xa
 1271 099d 39       		.byte	0x39
 1272 099e 23050000 		.4byte	0x523
 1273 09a2 1C       		.byte	0x1c
 1274 09a3 07       		.uleb128 0x7
 1275 09a4 810C0000 		.4byte	.LASF167
 1276 09a8 0A       		.byte	0xa
 1277 09a9 3A       		.byte	0x3a
 1278 09aa B8000000 		.4byte	0xb8
 1279 09ae 20       		.byte	0x20
 1280 09af 07       		.uleb128 0x7
 1281 09b0 0D0B0000 		.4byte	.LASF168
 1282 09b4 0A       		.byte	0xa
 1283 09b5 3B       		.byte	0x3b
 1284 09b6 B8000000 		.4byte	0xb8
 1285 09ba 24       		.byte	0x24
 1286 09bb 07       		.uleb128 0x7
 1287 09bc FF040000 		.4byte	.LASF169
 1288 09c0 0A       		.byte	0xa
 1289 09c1 3C       		.byte	0x3c
 1290 09c2 23050000 		.4byte	0x523
 1291 09c6 28       		.byte	0x28
 1292 09c7 07       		.uleb128 0x7
 1293 09c8 5F040000 		.4byte	.LASF170
 1294 09cc 0A       		.byte	0xa
 1295 09cd 3E       		.byte	0x3e
 1296 09ce B8000000 		.4byte	0xb8
 1297 09d2 2C       		.byte	0x2c
 1298 09d3 07       		.uleb128 0x7
 1299 09d4 0B060000 		.4byte	.LASF189
 1300 09d8 0A       		.byte	0xa
 1301 09d9 3F       		.byte	0x3f
 1302 09da B8000000 		.4byte	0xb8
 1303 09de 30       		.byte	0x30
 1304 09df 07       		.uleb128 0x7
 1305 09e0 C80B0000 		.4byte	.LASF190
 1306 09e4 0A       		.byte	0xa
 1307 09e5 40       		.byte	0x40
 1308 09e6 B8000000 		.4byte	0xb8
 1309 09ea 34       		.byte	0x34
 1310 09eb 07       		.uleb128 0x7
ARM GAS  C:\Users\jlabe\AppData\Local\Temp\ccsxcb12.s 			page 25


 1311 09ec AC070000 		.4byte	.LASF191
 1312 09f0 0A       		.byte	0xa
 1313 09f1 41       		.byte	0x41
 1314 09f2 B8000000 		.4byte	0xb8
 1315 09f6 38       		.byte	0x38
 1316 09f7 07       		.uleb128 0x7
 1317 09f8 70050000 		.4byte	.LASF192
 1318 09fc 0A       		.byte	0xa
 1319 09fd 42       		.byte	0x42
 1320 09fe B8000000 		.4byte	0xb8
 1321 0a02 3C       		.byte	0x3c
 1322 0a03 07       		.uleb128 0x7
 1323 0a04 A2010000 		.4byte	.LASF193
 1324 0a08 0A       		.byte	0xa
 1325 0a09 44       		.byte	0x44
 1326 0a0a B8000000 		.4byte	0xb8
 1327 0a0e 40       		.byte	0x40
 1328 0a0f 07       		.uleb128 0x7
 1329 0a10 630C0000 		.4byte	.LASF173
 1330 0a14 0A       		.byte	0xa
 1331 0a15 45       		.byte	0x45
 1332 0a16 B8000000 		.4byte	0xb8
 1333 0a1a 44       		.byte	0x44
 1334 0a1b 07       		.uleb128 0x7
 1335 0a1c 510A0000 		.4byte	.LASF174
 1336 0a20 0A       		.byte	0xa
 1337 0a21 47       		.byte	0x47
 1338 0a22 B8000000 		.4byte	0xb8
 1339 0a26 48       		.byte	0x48
 1340 0a27 07       		.uleb128 0x7
 1341 0a28 CC070000 		.4byte	.LASF175
 1342 0a2c 0A       		.byte	0xa
 1343 0a2d 48       		.byte	0x48
 1344 0a2e B8000000 		.4byte	0xb8
 1345 0a32 4C       		.byte	0x4c
 1346 0a33 07       		.uleb128 0x7
 1347 0a34 59060000 		.4byte	.LASF176
 1348 0a38 0A       		.byte	0xa
 1349 0a39 4A       		.byte	0x4a
 1350 0a3a B8000000 		.4byte	0xb8
 1351 0a3e 50       		.byte	0x50
 1352 0a3f 07       		.uleb128 0x7
 1353 0a40 9B050000 		.4byte	.LASF194
 1354 0a44 0A       		.byte	0xa
 1355 0a45 4B       		.byte	0x4b
 1356 0a46 B8000000 		.4byte	0xb8
 1357 0a4a 54       		.byte	0x54
 1358 0a4b 07       		.uleb128 0x7
 1359 0a4c 4B000000 		.4byte	.LASF195
 1360 0a50 0A       		.byte	0xa
 1361 0a51 4D       		.byte	0x4d
 1362 0a52 B8000000 		.4byte	0xb8
 1363 0a56 58       		.byte	0x58
 1364 0a57 07       		.uleb128 0x7
 1365 0a58 A00C0000 		.4byte	.LASF179
 1366 0a5c 0A       		.byte	0xa
 1367 0a5d 4E       		.byte	0x4e
ARM GAS  C:\Users\jlabe\AppData\Local\Temp\ccsxcb12.s 			page 26


 1368 0a5e B8000000 		.4byte	0xb8
 1369 0a62 5C       		.byte	0x5c
 1370 0a63 07       		.uleb128 0x7
 1371 0a64 90090000 		.4byte	.LASF180
 1372 0a68 0A       		.byte	0xa
 1373 0a69 50       		.byte	0x50
 1374 0a6a B8000000 		.4byte	0xb8
 1375 0a6e 60       		.byte	0x60
 1376 0a6f 00       		.byte	0
 1377 0a70 03       		.uleb128 0x3
 1378 0a71 490C0000 		.4byte	.LASF196
 1379 0a75 0A       		.byte	0xa
 1380 0a76 51       		.byte	0x51
 1381 0a77 37090000 		.4byte	0x937
 1382 0a7b 13       		.uleb128 0x13
 1383 0a7c A6030000 		.4byte	.LASF209
 1384 0a80 01       		.byte	0x1
 1385 0a81 2E       		.byte	0x2e
 1386 0a82 89000000 		.4byte	0x89
 1387 0a86 00000000 		.4byte	.LFB600
 1388 0a8a 14000000 		.4byte	.LFE600-.LFB600
 1389 0a8e 01       		.uleb128 0x1
 1390 0a8f 9C       		.byte	0x9c
 1391 0a90 BB0A0000 		.4byte	0xabb
 1392 0a94 14       		.uleb128 0x14
 1393 0a95 08000000 		.4byte	.LVL0
 1394 0a99 1D0B0000 		.4byte	0xb1d
 1395 0a9d AB0A0000 		.4byte	0xaab
 1396 0aa1 15       		.uleb128 0x15
 1397 0aa2 01       		.uleb128 0x1
 1398 0aa3 50       		.byte	0x50
 1399 0aa4 05       		.uleb128 0x5
 1400 0aa5 0C       		.byte	0xc
 1401 0aa6 00000810 		.4byte	0x10080000
 1402 0aaa 00       		.byte	0
 1403 0aab 16       		.uleb128 0x16
 1404 0aac 0E000000 		.4byte	.LVL1
 1405 0ab0 290B0000 		.4byte	0xb29
 1406 0ab4 15       		.uleb128 0x15
 1407 0ab5 01       		.uleb128 0x1
 1408 0ab6 50       		.byte	0x50
 1409 0ab7 01       		.uleb128 0x1
 1410 0ab8 30       		.byte	0x30
 1411 0ab9 00       		.byte	0
 1412 0aba 00       		.byte	0
 1413 0abb 17       		.uleb128 0x17
 1414 0abc 80070000 		.4byte	.LASF197
 1415 0ac0 04       		.byte	0x4
 1416 0ac1 A7       		.byte	0xa7
 1417 0ac2 C60A0000 		.4byte	0xac6
 1418 0ac6 0C       		.uleb128 0xc
 1419 0ac7 04       		.byte	0x4
 1420 0ac8 CC0A0000 		.4byte	0xacc
 1421 0acc 18       		.uleb128 0x18
 1422 0acd E7040000 		.4byte	0x4e7
 1423 0ad1 17       		.uleb128 0x17
 1424 0ad2 CC090000 		.4byte	.LASF198
ARM GAS  C:\Users\jlabe\AppData\Local\Temp\ccsxcb12.s 			page 27


 1425 0ad6 0B       		.byte	0xb
 1426 0ad7 1F       		.byte	0x1f
 1427 0ad8 DC0A0000 		.4byte	0xadc
 1428 0adc 18       		.uleb128 0x18
 1429 0add 700A0000 		.4byte	0xa70
 1430 0ae1 17       		.uleb128 0x17
 1431 0ae2 0A0C0000 		.4byte	.LASF199
 1432 0ae6 0C       		.byte	0xc
 1433 0ae7 1F       		.byte	0x1f
 1434 0ae8 EC0A0000 		.4byte	0xaec
 1435 0aec 18       		.uleb128 0x18
 1436 0aed 2C090000 		.4byte	0x92c
 1437 0af1 17       		.uleb128 0x17
 1438 0af2 790A0000 		.4byte	.LASF200
 1439 0af6 0D       		.byte	0xd
 1440 0af7 5E       		.byte	0x5e
 1441 0af8 53070000 		.4byte	0x753
 1442 0afc 17       		.uleb128 0x17
 1443 0afd E9030000 		.4byte	.LASF201
 1444 0b01 0E       		.byte	0xe
 1445 0b02 7F       		.byte	0x7f
 1446 0b03 B8060000 		.4byte	0x6b8
 1447 0b07 17       		.uleb128 0x17
 1448 0b08 22030000 		.4byte	.LASF202
 1449 0b0c 0F       		.byte	0xf
 1450 0b0d 87       		.byte	0x87
 1451 0b0e 2F080000 		.4byte	0x82f
 1452 0b12 17       		.uleb128 0x17
 1453 0b13 B2050000 		.4byte	.LASF203
 1454 0b17 10       		.byte	0x10
 1455 0b18 7F       		.byte	0x7f
 1456 0b19 B8060000 		.4byte	0x6b8
 1457 0b1d 19       		.uleb128 0x19
 1458 0b1e C0050000 		.4byte	.LASF204
 1459 0b22 C0050000 		.4byte	.LASF204
 1460 0b26 11       		.byte	0x11
 1461 0b27 1802     		.2byte	0x218
 1462 0b29 19       		.uleb128 0x19
 1463 0b2a 12040000 		.4byte	.LASF205
 1464 0b2e 12040000 		.4byte	.LASF205
 1465 0b32 05       		.byte	0x5
 1466 0b33 4806     		.2byte	0x648
 1467 0b35 00       		.byte	0
 1468              		.section	.debug_abbrev,"",%progbits
 1469              	.Ldebug_abbrev0:
 1470 0000 01       		.uleb128 0x1
 1471 0001 11       		.uleb128 0x11
 1472 0002 01       		.byte	0x1
 1473 0003 25       		.uleb128 0x25
 1474 0004 0E       		.uleb128 0xe
 1475 0005 13       		.uleb128 0x13
 1476 0006 0B       		.uleb128 0xb
 1477 0007 03       		.uleb128 0x3
 1478 0008 0E       		.uleb128 0xe
 1479 0009 1B       		.uleb128 0x1b
 1480 000a 0E       		.uleb128 0xe
 1481 000b 55       		.uleb128 0x55
ARM GAS  C:\Users\jlabe\AppData\Local\Temp\ccsxcb12.s 			page 28


 1482 000c 17       		.uleb128 0x17
 1483 000d 11       		.uleb128 0x11
 1484 000e 01       		.uleb128 0x1
 1485 000f 10       		.uleb128 0x10
 1486 0010 17       		.uleb128 0x17
 1487 0011 00       		.byte	0
 1488 0012 00       		.byte	0
 1489 0013 02       		.uleb128 0x2
 1490 0014 24       		.uleb128 0x24
 1491 0015 00       		.byte	0
 1492 0016 0B       		.uleb128 0xb
 1493 0017 0B       		.uleb128 0xb
 1494 0018 3E       		.uleb128 0x3e
 1495 0019 0B       		.uleb128 0xb
 1496 001a 03       		.uleb128 0x3
 1497 001b 0E       		.uleb128 0xe
 1498 001c 00       		.byte	0
 1499 001d 00       		.byte	0
 1500 001e 03       		.uleb128 0x3
 1501 001f 16       		.uleb128 0x16
 1502 0020 00       		.byte	0
 1503 0021 03       		.uleb128 0x3
 1504 0022 0E       		.uleb128 0xe
 1505 0023 3A       		.uleb128 0x3a
 1506 0024 0B       		.uleb128 0xb
 1507 0025 3B       		.uleb128 0x3b
 1508 0026 0B       		.uleb128 0xb
 1509 0027 49       		.uleb128 0x49
 1510 0028 13       		.uleb128 0x13
 1511 0029 00       		.byte	0
 1512 002a 00       		.byte	0
 1513 002b 04       		.uleb128 0x4
 1514 002c 24       		.uleb128 0x24
 1515 002d 00       		.byte	0
 1516 002e 0B       		.uleb128 0xb
 1517 002f 0B       		.uleb128 0xb
 1518 0030 3E       		.uleb128 0x3e
 1519 0031 0B       		.uleb128 0xb
 1520 0032 03       		.uleb128 0x3
 1521 0033 08       		.uleb128 0x8
 1522 0034 00       		.byte	0
 1523 0035 00       		.byte	0
 1524 0036 05       		.uleb128 0x5
 1525 0037 35       		.uleb128 0x35
 1526 0038 00       		.byte	0
 1527 0039 49       		.uleb128 0x49
 1528 003a 13       		.uleb128 0x13
 1529 003b 00       		.byte	0
 1530 003c 00       		.byte	0
 1531 003d 06       		.uleb128 0x6
 1532 003e 13       		.uleb128 0x13
 1533 003f 01       		.byte	0x1
 1534 0040 0B       		.uleb128 0xb
 1535 0041 0B       		.uleb128 0xb
 1536 0042 3A       		.uleb128 0x3a
 1537 0043 0B       		.uleb128 0xb
 1538 0044 3B       		.uleb128 0x3b
ARM GAS  C:\Users\jlabe\AppData\Local\Temp\ccsxcb12.s 			page 29


 1539 0045 0B       		.uleb128 0xb
 1540 0046 01       		.uleb128 0x1
 1541 0047 13       		.uleb128 0x13
 1542 0048 00       		.byte	0
 1543 0049 00       		.byte	0
 1544 004a 07       		.uleb128 0x7
 1545 004b 0D       		.uleb128 0xd
 1546 004c 00       		.byte	0
 1547 004d 03       		.uleb128 0x3
 1548 004e 0E       		.uleb128 0xe
 1549 004f 3A       		.uleb128 0x3a
 1550 0050 0B       		.uleb128 0xb
 1551 0051 3B       		.uleb128 0x3b
 1552 0052 0B       		.uleb128 0xb
 1553 0053 49       		.uleb128 0x49
 1554 0054 13       		.uleb128 0x13
 1555 0055 38       		.uleb128 0x38
 1556 0056 0B       		.uleb128 0xb
 1557 0057 00       		.byte	0
 1558 0058 00       		.byte	0
 1559 0059 08       		.uleb128 0x8
 1560 005a 04       		.uleb128 0x4
 1561 005b 01       		.byte	0x1
 1562 005c 0B       		.uleb128 0xb
 1563 005d 0B       		.uleb128 0xb
 1564 005e 49       		.uleb128 0x49
 1565 005f 13       		.uleb128 0x13
 1566 0060 3A       		.uleb128 0x3a
 1567 0061 0B       		.uleb128 0xb
 1568 0062 3B       		.uleb128 0x3b
 1569 0063 05       		.uleb128 0x5
 1570 0064 01       		.uleb128 0x1
 1571 0065 13       		.uleb128 0x13
 1572 0066 00       		.byte	0
 1573 0067 00       		.byte	0
 1574 0068 09       		.uleb128 0x9
 1575 0069 28       		.uleb128 0x28
 1576 006a 00       		.byte	0
 1577 006b 03       		.uleb128 0x3
 1578 006c 0E       		.uleb128 0xe
 1579 006d 1C       		.uleb128 0x1c
 1580 006e 0B       		.uleb128 0xb
 1581 006f 00       		.byte	0
 1582 0070 00       		.byte	0
 1583 0071 0A       		.uleb128 0xa
 1584 0072 0F       		.uleb128 0xf
 1585 0073 00       		.byte	0
 1586 0074 0B       		.uleb128 0xb
 1587 0075 0B       		.uleb128 0xb
 1588 0076 00       		.byte	0
 1589 0077 00       		.byte	0
 1590 0078 0B       		.uleb128 0xb
 1591 0079 16       		.uleb128 0x16
 1592 007a 00       		.byte	0
 1593 007b 03       		.uleb128 0x3
 1594 007c 0E       		.uleb128 0xe
 1595 007d 3A       		.uleb128 0x3a
ARM GAS  C:\Users\jlabe\AppData\Local\Temp\ccsxcb12.s 			page 30


 1596 007e 0B       		.uleb128 0xb
 1597 007f 3B       		.uleb128 0x3b
 1598 0080 05       		.uleb128 0x5
 1599 0081 49       		.uleb128 0x49
 1600 0082 13       		.uleb128 0x13
 1601 0083 00       		.byte	0
 1602 0084 00       		.byte	0
 1603 0085 0C       		.uleb128 0xc
 1604 0086 0F       		.uleb128 0xf
 1605 0087 00       		.byte	0
 1606 0088 0B       		.uleb128 0xb
 1607 0089 0B       		.uleb128 0xb
 1608 008a 49       		.uleb128 0x49
 1609 008b 13       		.uleb128 0x13
 1610 008c 00       		.byte	0
 1611 008d 00       		.byte	0
 1612 008e 0D       		.uleb128 0xd
 1613 008f 15       		.uleb128 0x15
 1614 0090 01       		.byte	0x1
 1615 0091 27       		.uleb128 0x27
 1616 0092 19       		.uleb128 0x19
 1617 0093 01       		.uleb128 0x1
 1618 0094 13       		.uleb128 0x13
 1619 0095 00       		.byte	0
 1620 0096 00       		.byte	0
 1621 0097 0E       		.uleb128 0xe
 1622 0098 05       		.uleb128 0x5
 1623 0099 00       		.byte	0
 1624 009a 49       		.uleb128 0x49
 1625 009b 13       		.uleb128 0x13
 1626 009c 00       		.byte	0
 1627 009d 00       		.byte	0
 1628 009e 0F       		.uleb128 0xf
 1629 009f 15       		.uleb128 0x15
 1630 00a0 01       		.byte	0x1
 1631 00a1 27       		.uleb128 0x27
 1632 00a2 19       		.uleb128 0x19
 1633 00a3 49       		.uleb128 0x49
 1634 00a4 13       		.uleb128 0x13
 1635 00a5 01       		.uleb128 0x1
 1636 00a6 13       		.uleb128 0x13
 1637 00a7 00       		.byte	0
 1638 00a8 00       		.byte	0
 1639 00a9 10       		.uleb128 0x10
 1640 00aa 13       		.uleb128 0x13
 1641 00ab 01       		.byte	0x1
 1642 00ac 03       		.uleb128 0x3
 1643 00ad 0E       		.uleb128 0xe
 1644 00ae 0B       		.uleb128 0xb
 1645 00af 0B       		.uleb128 0xb
 1646 00b0 3A       		.uleb128 0x3a
 1647 00b1 0B       		.uleb128 0xb
 1648 00b2 3B       		.uleb128 0x3b
 1649 00b3 05       		.uleb128 0x5
 1650 00b4 01       		.uleb128 0x1
 1651 00b5 13       		.uleb128 0x13
 1652 00b6 00       		.byte	0
ARM GAS  C:\Users\jlabe\AppData\Local\Temp\ccsxcb12.s 			page 31


 1653 00b7 00       		.byte	0
 1654 00b8 11       		.uleb128 0x11
 1655 00b9 0D       		.uleb128 0xd
 1656 00ba 00       		.byte	0
 1657 00bb 03       		.uleb128 0x3
 1658 00bc 0E       		.uleb128 0xe
 1659 00bd 3A       		.uleb128 0x3a
 1660 00be 0B       		.uleb128 0xb
 1661 00bf 3B       		.uleb128 0x3b
 1662 00c0 05       		.uleb128 0x5
 1663 00c1 49       		.uleb128 0x49
 1664 00c2 13       		.uleb128 0x13
 1665 00c3 38       		.uleb128 0x38
 1666 00c4 0B       		.uleb128 0xb
 1667 00c5 00       		.byte	0
 1668 00c6 00       		.byte	0
 1669 00c7 12       		.uleb128 0x12
 1670 00c8 13       		.uleb128 0x13
 1671 00c9 01       		.byte	0x1
 1672 00ca 03       		.uleb128 0x3
 1673 00cb 0E       		.uleb128 0xe
 1674 00cc 0B       		.uleb128 0xb
 1675 00cd 0B       		.uleb128 0xb
 1676 00ce 3A       		.uleb128 0x3a
 1677 00cf 0B       		.uleb128 0xb
 1678 00d0 3B       		.uleb128 0x3b
 1679 00d1 0B       		.uleb128 0xb
 1680 00d2 01       		.uleb128 0x1
 1681 00d3 13       		.uleb128 0x13
 1682 00d4 00       		.byte	0
 1683 00d5 00       		.byte	0
 1684 00d6 13       		.uleb128 0x13
 1685 00d7 2E       		.uleb128 0x2e
 1686 00d8 01       		.byte	0x1
 1687 00d9 3F       		.uleb128 0x3f
 1688 00da 19       		.uleb128 0x19
 1689 00db 03       		.uleb128 0x3
 1690 00dc 0E       		.uleb128 0xe
 1691 00dd 3A       		.uleb128 0x3a
 1692 00de 0B       		.uleb128 0xb
 1693 00df 3B       		.uleb128 0x3b
 1694 00e0 0B       		.uleb128 0xb
 1695 00e1 27       		.uleb128 0x27
 1696 00e2 19       		.uleb128 0x19
 1697 00e3 49       		.uleb128 0x49
 1698 00e4 13       		.uleb128 0x13
 1699 00e5 8701     		.uleb128 0x87
 1700 00e7 19       		.uleb128 0x19
 1701 00e8 11       		.uleb128 0x11
 1702 00e9 01       		.uleb128 0x1
 1703 00ea 12       		.uleb128 0x12
 1704 00eb 06       		.uleb128 0x6
 1705 00ec 40       		.uleb128 0x40
 1706 00ed 18       		.uleb128 0x18
 1707 00ee 9742     		.uleb128 0x2117
 1708 00f0 19       		.uleb128 0x19
 1709 00f1 01       		.uleb128 0x1
ARM GAS  C:\Users\jlabe\AppData\Local\Temp\ccsxcb12.s 			page 32


 1710 00f2 13       		.uleb128 0x13
 1711 00f3 00       		.byte	0
 1712 00f4 00       		.byte	0
 1713 00f5 14       		.uleb128 0x14
 1714 00f6 898201   		.uleb128 0x4109
 1715 00f9 01       		.byte	0x1
 1716 00fa 11       		.uleb128 0x11
 1717 00fb 01       		.uleb128 0x1
 1718 00fc 31       		.uleb128 0x31
 1719 00fd 13       		.uleb128 0x13
 1720 00fe 01       		.uleb128 0x1
 1721 00ff 13       		.uleb128 0x13
 1722 0100 00       		.byte	0
 1723 0101 00       		.byte	0
 1724 0102 15       		.uleb128 0x15
 1725 0103 8A8201   		.uleb128 0x410a
 1726 0106 00       		.byte	0
 1727 0107 02       		.uleb128 0x2
 1728 0108 18       		.uleb128 0x18
 1729 0109 9142     		.uleb128 0x2111
 1730 010b 18       		.uleb128 0x18
 1731 010c 00       		.byte	0
 1732 010d 00       		.byte	0
 1733 010e 16       		.uleb128 0x16
 1734 010f 898201   		.uleb128 0x4109
 1735 0112 01       		.byte	0x1
 1736 0113 11       		.uleb128 0x11
 1737 0114 01       		.uleb128 0x1
 1738 0115 31       		.uleb128 0x31
 1739 0116 13       		.uleb128 0x13
 1740 0117 00       		.byte	0
 1741 0118 00       		.byte	0
 1742 0119 17       		.uleb128 0x17
 1743 011a 34       		.uleb128 0x34
 1744 011b 00       		.byte	0
 1745 011c 03       		.uleb128 0x3
 1746 011d 0E       		.uleb128 0xe
 1747 011e 3A       		.uleb128 0x3a
 1748 011f 0B       		.uleb128 0xb
 1749 0120 3B       		.uleb128 0x3b
 1750 0121 0B       		.uleb128 0xb
 1751 0122 49       		.uleb128 0x49
 1752 0123 13       		.uleb128 0x13
 1753 0124 3F       		.uleb128 0x3f
 1754 0125 19       		.uleb128 0x19
 1755 0126 3C       		.uleb128 0x3c
 1756 0127 19       		.uleb128 0x19
 1757 0128 00       		.byte	0
 1758 0129 00       		.byte	0
 1759 012a 18       		.uleb128 0x18
 1760 012b 26       		.uleb128 0x26
 1761 012c 00       		.byte	0
 1762 012d 49       		.uleb128 0x49
 1763 012e 13       		.uleb128 0x13
 1764 012f 00       		.byte	0
 1765 0130 00       		.byte	0
 1766 0131 19       		.uleb128 0x19
ARM GAS  C:\Users\jlabe\AppData\Local\Temp\ccsxcb12.s 			page 33


 1767 0132 2E       		.uleb128 0x2e
 1768 0133 00       		.byte	0
 1769 0134 3F       		.uleb128 0x3f
 1770 0135 19       		.uleb128 0x19
 1771 0136 3C       		.uleb128 0x3c
 1772 0137 19       		.uleb128 0x19
 1773 0138 6E       		.uleb128 0x6e
 1774 0139 0E       		.uleb128 0xe
 1775 013a 03       		.uleb128 0x3
 1776 013b 0E       		.uleb128 0xe
 1777 013c 3A       		.uleb128 0x3a
 1778 013d 0B       		.uleb128 0xb
 1779 013e 3B       		.uleb128 0x3b
 1780 013f 05       		.uleb128 0x5
 1781 0140 00       		.byte	0
 1782 0141 00       		.byte	0
 1783 0142 00       		.byte	0
 1784              		.section	.debug_aranges,"",%progbits
 1785 0000 1C000000 		.4byte	0x1c
 1786 0004 0200     		.2byte	0x2
 1787 0006 00000000 		.4byte	.Ldebug_info0
 1788 000a 04       		.byte	0x4
 1789 000b 00       		.byte	0
 1790 000c 0000     		.2byte	0
 1791 000e 0000     		.2byte	0
 1792 0010 00000000 		.4byte	.LFB600
 1793 0014 14000000 		.4byte	.LFE600-.LFB600
 1794 0018 00000000 		.4byte	0
 1795 001c 00000000 		.4byte	0
 1796              		.section	.debug_ranges,"",%progbits
 1797              	.Ldebug_ranges0:
 1798 0000 00000000 		.4byte	.LFB600
 1799 0004 14000000 		.4byte	.LFE600
 1800 0008 00000000 		.4byte	0
 1801 000c 00000000 		.4byte	0
 1802              		.section	.debug_line,"",%progbits
 1803              	.Ldebug_line0:
 1804 0000 FA020000 		.section	.debug_str,"MS",%progbits,1
 1804      0200DF02 
 1804      00000201 
 1804      FB0E0D00 
 1804      01010101 
 1805              	.LASF54:
 1806 0000 70726F74 		.ascii	"protBusMasterMask\000"
 1806      4275734D 
 1806      61737465 
 1806      724D6173 
 1806      6B00
 1807              	.LASF164:
 1808 0012 72756E4D 		.ascii	"runMode\000"
 1808      6F646500 
 1809              	.LASF144:
 1810 001a 72784275 		.ascii	"rxBufSize\000"
 1810      6653697A 
 1810      6500
 1811              	.LASF64:
 1812 0024 666C6173 		.ascii	"flashCtlMainWs3Freq\000"
ARM GAS  C:\Users\jlabe\AppData\Local\Temp\ccsxcb12.s 			page 34


 1812      6843746C 
 1812      4D61696E 
 1812      57733346 
 1812      72657100 
 1813              	.LASF86:
 1814 0038 6770696F 		.ascii	"gpioPrtCfgInOffset\000"
 1814      50727443 
 1814      6667496E 
 1814      4F666673 
 1814      657400
 1815              	.LASF195:
 1816 004b 6B696C6C 		.ascii	"killInput\000"
 1816      496E7075 
 1816      7400
 1817              	.LASF104:
 1818 0055 6970634C 		.ascii	"ipcLockStatusOffset\000"
 1818      6F636B53 
 1818      74617475 
 1818      734F6666 
 1818      73657400 
 1819              	.LASF30:
 1820 0069 63727970 		.ascii	"cryptoVersion\000"
 1820      746F5665 
 1820      7273696F 
 1820      6E00
 1821              	.LASF68:
 1822 0077 64774368 		.ascii	"dwChCtlPrioPos\000"
 1822      43746C50 
 1822      72696F50 
 1822      6F7300
 1823              	.LASF26:
 1824 0086 70617373 		.ascii	"passBase\000"
 1824      42617365 
 1824      00
 1825              	.LASF207:
 1826 008f 6D61696E 		.ascii	"main_cm0p.c\000"
 1826      5F636D30 
 1826      702E6300 
 1827              	.LASF184:
 1828 009b 70776D41 		.ascii	"pwmAlignment\000"
 1828      6C69676E 
 1828      6D656E74 
 1828      00
 1829              	.LASF39:
 1830 00a8 63707573 		.ascii	"cpussIpcIrqNr\000"
 1830      73497063 
 1830      4972714E 
 1830      7200
 1831              	.LASF3:
 1832 00b6 5F5F7569 		.ascii	"__uint8_t\000"
 1832      6E74385F 
 1832      7400
 1833              	.LASF127:
 1834 00c0 736C6176 		.ascii	"slaveStatus\000"
 1834      65537461 
 1834      74757300 
 1835              	.LASF83:
ARM GAS  C:\Users\jlabe\AppData\Local\Temp\ccsxcb12.s 			page 35


 1836 00cc 70657269 		.ascii	"periDiv24_5CtlOffset\000"
 1836      44697632 
 1836      345F3543 
 1836      746C4F66 
 1836      66736574 
 1837              	.LASF90:
 1838 00e1 63707573 		.ascii	"cpussCm4ClockCtlOffset\000"
 1838      73436D34 
 1838      436C6F63 
 1838      6B43746C 
 1838      4F666673 
 1839              	.LASF165:
 1840 00f8 636F756E 		.ascii	"countDirection\000"
 1840      74446972 
 1840      65637469 
 1840      6F6E00
 1841              	.LASF177:
 1842 0107 73746F70 		.ascii	"stopInputMode\000"
 1842      496E7075 
 1842      744D6F64 
 1842      6500
 1843              	.LASF19:
 1844 0115 63707573 		.ascii	"cpussBase\000"
 1844      73426173 
 1844      6500
 1845              	.LASF162:
 1846 011f 70657269 		.ascii	"period\000"
 1846      6F6400
 1847              	.LASF48:
 1848 0126 70657269 		.ascii	"periClockNr\000"
 1848      436C6F63 
 1848      6B4E7200 
 1849              	.LASF172:
 1850 0132 63617074 		.ascii	"captureInput\000"
 1850      75726549 
 1850      6E707574 
 1850      00
 1851              	.LASF11:
 1852 013f 6C6F6E67 		.ascii	"long long unsigned int\000"
 1852      206C6F6E 
 1852      6720756E 
 1852      7369676E 
 1852      65642069 
 1853              	.LASF163:
 1854 0156 636C6F63 		.ascii	"clockPrescaler\000"
 1854      6B507265 
 1854      7363616C 
 1854      657200
 1855              	.LASF72:
 1856 0165 70657269 		.ascii	"periTrCmdOffset\000"
 1856      5472436D 
 1856      644F6666 
 1856      73657400 
 1857              	.LASF155:
 1858 0175 72785269 		.ascii	"rxRingBuf\000"
 1858      6E674275 
 1858      6600
ARM GAS  C:\Users\jlabe\AppData\Local\Temp\ccsxcb12.s 			page 36


 1859              	.LASF96:
 1860 017f 63707573 		.ascii	"cpussSysTickCtlOffset\000"
 1860      73537973 
 1860      5469636B 
 1860      43746C4F 
 1860      66667365 
 1861              	.LASF120:
 1862 0195 6D617374 		.ascii	"masterStatus\000"
 1862      65725374 
 1862      61747573 
 1862      00
 1863              	.LASF193:
 1864 01a2 73776170 		.ascii	"swapInput\000"
 1864      496E7075 
 1864      7400
 1865              	.LASF57:
 1866 01ac 666C6173 		.ascii	"flashPipeRequired\000"
 1866      68506970 
 1866      65526571 
 1866      75697265 
 1866      6400
 1867              	.LASF135:
 1868 01be 736C6176 		.ascii	"slaveRxBufferIdx\000"
 1868      65527842 
 1868      75666665 
 1868      72496478 
 1868      00
 1869              	.LASF140:
 1870 01cf 63795F73 		.ascii	"cy_stc_scb_i2c_context\000"
 1870      74635F73 
 1870      63625F69 
 1870      32635F63 
 1870      6F6E7465 
 1871              	.LASF61:
 1872 01e6 666C6173 		.ascii	"flashCtlMainWs0Freq\000"
 1872      6843746C 
 1872      4D61696E 
 1872      57733046 
 1872      72657100 
 1873              	.LASF14:
 1874 01fa 696E7431 		.ascii	"int16_t\000"
 1874      365F7400 
 1875              	.LASF10:
 1876 0202 6C6F6E67 		.ascii	"long long int\000"
 1876      206C6F6E 
 1876      6720696E 
 1876      7400
 1877              	.LASF181:
 1878 0210 63795F73 		.ascii	"cy_stc_tcpwm_counter_config_t\000"
 1878      74635F74 
 1878      6370776D 
 1878      5F636F75 
 1878      6E746572 
 1879              	.LASF141:
 1880 022e 63795F73 		.ascii	"cy_stc_scb_spi_context\000"
 1880      74635F73 
 1880      63625F73 
ARM GAS  C:\Users\jlabe\AppData\Local\Temp\ccsxcb12.s 			page 37


 1880      70695F63 
 1880      6F6E7465 
 1881              	.LASF77:
 1882 0245 70657269 		.ascii	"periDivCmdTypeSelPos\000"
 1882      44697643 
 1882      6D645479 
 1882      70655365 
 1882      6C506F73 
 1883              	.LASF159:
 1884 025a 74784C65 		.ascii	"txLeftToTransmit\000"
 1884      6674546F 
 1884      5472616E 
 1884      736D6974 
 1884      00
 1885              	.LASF23:
 1886 026b 70726F74 		.ascii	"protBase\000"
 1886      42617365 
 1886      00
 1887              	.LASF35:
 1888 0274 69706356 		.ascii	"ipcVersion\000"
 1888      65727369 
 1888      6F6E00
 1889              	.LASF134:
 1890 027f 736C6176 		.ascii	"slaveRxBufferSize\000"
 1890      65527842 
 1890      75666665 
 1890      7253697A 
 1890      6500
 1891              	.LASF97:
 1892 0291 63707573 		.ascii	"cpussCm0NmiCtlOffset\000"
 1892      73436D30 
 1892      4E6D6943 
 1892      746C4F66 
 1892      66736574 
 1893              	.LASF139:
 1894 02a6 63795F63 		.ascii	"cy_cb_scb_spi_handle_events_t\000"
 1894      625F7363 
 1894      625F7370 
 1894      695F6861 
 1894      6E646C65 
 1895              	.LASF45:
 1896 02c4 73727373 		.ascii	"srssNumClkpath\000"
 1896      4E756D43 
 1896      6C6B7061 
 1896      746800
 1897              	.LASF24:
 1898 02d3 6873696F 		.ascii	"hsiomBase\000"
 1898      6D426173 
 1898      6500
 1899              	.LASF182:
 1900 02dd 63795F73 		.ascii	"cy_stc_tcpwm_pwm_config\000"
 1900      74635F74 
 1900      6370776D 
 1900      5F70776D 
 1900      5F636F6E 
 1901              	.LASF119:
 1902 02f5 73746174 		.ascii	"state\000"
ARM GAS  C:\Users\jlabe\AppData\Local\Temp\ccsxcb12.s 			page 38


 1902      6500
 1903              	.LASF115:
 1904 02fb 63795F63 		.ascii	"cy_cb_scb_i2c_handle_events_t\000"
 1904      625F7363 
 1904      625F6932 
 1904      635F6861 
 1904      6E646C65 
 1905              	.LASF7:
 1906 0319 6C6F6E67 		.ascii	"long int\000"
 1906      20696E74 
 1906      00
 1907              	.LASF202:
 1908 0322 55415254 		.ascii	"UART_1_context\000"
 1908      5F315F63 
 1908      6F6E7465 
 1908      787400
 1909              	.LASF122:
 1910 0331 6D617374 		.ascii	"masterRdDir\000"
 1910      65725264 
 1910      44697200 
 1911              	.LASF113:
 1912 033d 43595F53 		.ascii	"CY_SCB_I2C_NAK\000"
 1912      43425F49 
 1912      32435F4E 
 1912      414B00
 1913              	.LASF55:
 1914 034c 63727970 		.ascii	"cryptoMemSize\000"
 1914      746F4D65 
 1914      6D53697A 
 1914      6500
 1915              	.LASF21:
 1916 035a 70657269 		.ascii	"periBase\000"
 1916      42617365 
 1916      00
 1917              	.LASF53:
 1918 0363 73797350 		.ascii	"sysPmSimoPresent\000"
 1918      6D53696D 
 1918      6F507265 
 1918      73656E74 
 1918      00
 1919              	.LASF43:
 1920 0374 63707573 		.ascii	"cpussFmIrq\000"
 1920      73466D49 
 1920      727100
 1921              	.LASF108:
 1922 037f 646F7562 		.ascii	"double\000"
 1922      6C6500
 1923              	.LASF82:
 1924 0386 70657269 		.ascii	"periDiv16_5CtlOffset\000"
 1924      44697631 
 1924      365F3543 
 1924      746C4F66 
 1924      66736574 
 1925              	.LASF46:
 1926 039b 73727373 		.ascii	"srssNumPll\000"
 1926      4E756D50 
 1926      6C6C00
ARM GAS  C:\Users\jlabe\AppData\Local\Temp\ccsxcb12.s 			page 39


 1927              	.LASF209:
 1928 03a6 6D61696E 		.ascii	"main\000"
 1928      00
 1929              	.LASF171:
 1930 03ab 63617074 		.ascii	"captureInputMode\000"
 1930      75726549 
 1930      6E707574 
 1930      4D6F6465 
 1930      00
 1931              	.LASF80:
 1932 03bc 70657269 		.ascii	"periDiv8CtlOffset\000"
 1932      44697638 
 1932      43746C4F 
 1932      66667365 
 1932      7400
 1933              	.LASF87:
 1934 03ce 6770696F 		.ascii	"gpioPrtCfgOutOffset\000"
 1934      50727443 
 1934      66674F75 
 1934      744F6666 
 1934      73657400 
 1935              	.LASF137:
 1936 03e2 63624164 		.ascii	"cbAddr\000"
 1936      647200
 1937              	.LASF201:
 1938 03e9 4932435F 		.ascii	"I2C_1_context\000"
 1938      315F636F 
 1938      6E746578 
 1938      7400
 1939              	.LASF8:
 1940 03f7 5F5F7569 		.ascii	"__uint32_t\000"
 1940      6E743332 
 1940      5F7400
 1941              	.LASF50:
 1942 0402 70617373 		.ascii	"passSarChannels\000"
 1942      53617243 
 1942      68616E6E 
 1942      656C7300 
 1943              	.LASF205:
 1944 0412 43795F53 		.ascii	"Cy_SysPm_CpuEnterDeepSleep\000"
 1944      7973506D 
 1944      5F437075 
 1944      456E7465 
 1944      72446565 
 1945              	.LASF4:
 1946 042d 5F5F696E 		.ascii	"__int16_t\000"
 1946      7431365F 
 1946      7400
 1947              	.LASF145:
 1948 0437 72784275 		.ascii	"rxBufIdx\000"
 1948      66496478 
 1948      00
 1949              	.LASF93:
 1950 0440 63707573 		.ascii	"cpussCm4PwrCtlOffset\000"
 1950      73436D34 
 1950      50777243 
 1950      746C4F66 
ARM GAS  C:\Users\jlabe\AppData\Local\Temp\ccsxcb12.s 			page 40


 1950      66736574 
 1951              	.LASF147:
 1952 0455 74784275 		.ascii	"txBufSize\000"
 1952      6653697A 
 1952      6500
 1953              	.LASF170:
 1954 045f 696E7465 		.ascii	"interruptSources\000"
 1954      72727570 
 1954      74536F75 
 1954      72636573 
 1954      00
 1955              	.LASF88:
 1956 0470 6770696F 		.ascii	"gpioPrtCfgSioOffset\000"
 1956      50727443 
 1956      66675369 
 1956      6F4F6666 
 1956      73657400 
 1957              	.LASF40:
 1958 0484 63707573 		.ascii	"cpussDwChNr\000"
 1958      73447743 
 1958      684E7200 
 1959              	.LASF12:
 1960 0490 756E7369 		.ascii	"unsigned int\000"
 1960      676E6564 
 1960      20696E74 
 1960      00
 1961              	.LASF131:
 1962 049d 736C6176 		.ascii	"slaveTxBufferIdx\000"
 1962      65547842 
 1962      75666665 
 1962      72496478 
 1962      00
 1963              	.LASF15:
 1964 04ae 75696E74 		.ascii	"uint16_t\000"
 1964      31365F74 
 1964      00
 1965              	.LASF128:
 1966 04b7 736C6176 		.ascii	"slaveRdBufEmpty\000"
 1966      65526442 
 1966      7566456D 
 1966      70747900 
 1967              	.LASF73:
 1968 04c7 70657269 		.ascii	"periTrCmdGrSelMsk\000"
 1968      5472436D 
 1968      64477253 
 1968      656C4D73 
 1968      6B00
 1969              	.LASF62:
 1970 04d9 666C6173 		.ascii	"flashCtlMainWs1Freq\000"
 1970      6843746C 
 1970      4D61696E 
 1970      57733146 
 1970      72657100 
 1971              	.LASF9:
 1972 04ed 6C6F6E67 		.ascii	"long unsigned int\000"
 1972      20756E73 
 1972      69676E65 
ARM GAS  C:\Users\jlabe\AppData\Local\Temp\ccsxcb12.s 			page 41


 1972      6420696E 
 1972      7400
 1973              	.LASF169:
 1974 04ff 656E6162 		.ascii	"enableCompareSwap\000"
 1974      6C65436F 
 1974      6D706172 
 1974      65537761 
 1974      7000
 1975              	.LASF75:
 1976 0511 70657269 		.ascii	"periTrGrSize\000"
 1976      54724772 
 1976      53697A65 
 1976      00
 1977              	.LASF151:
 1978 051e 63795F63 		.ascii	"cy_cb_scb_uart_handle_events_t\000"
 1978      625F7363 
 1978      625F7561 
 1978      72745F68 
 1978      616E646C 
 1979              	.LASF38:
 1980 053d 63707573 		.ascii	"cpussIpcNr\000"
 1980      73497063 
 1980      4E7200
 1981              	.LASF25:
 1982 0548 6770696F 		.ascii	"gpioBase\000"
 1982      42617365 
 1982      00
 1983              	.LASF51:
 1984 0551 65704D6F 		.ascii	"epMonitorNr\000"
 1984      6E69746F 
 1984      724E7200 
 1985              	.LASF153:
 1986 055d 74785374 		.ascii	"txStatus\000"
 1986      61747573 
 1986      00
 1987              	.LASF118:
 1988 0566 75736554 		.ascii	"useTxFifo\000"
 1988      78466966 
 1988      6F00
 1989              	.LASF192:
 1990 0570 73776170 		.ascii	"swapInputMode\000"
 1990      496E7075 
 1990      744D6F64 
 1990      6500
 1991              	.LASF74:
 1992 057e 70657269 		.ascii	"periTrGrOffset\000"
 1992      54724772 
 1992      4F666673 
 1992      657400
 1993              	.LASF101:
 1994 058d 63707573 		.ascii	"cpussRam1Ctl0\000"
 1994      7352616D 
 1994      3143746C 
 1994      3000
 1995              	.LASF194:
 1996 059b 6B696C6C 		.ascii	"killInputMode\000"
 1996      496E7075 
ARM GAS  C:\Users\jlabe\AppData\Local\Temp\ccsxcb12.s 			page 42


 1996      744D6F64 
 1996      6500
 1997              	.LASF136:
 1998 05a9 63624576 		.ascii	"cbEvents\000"
 1998      656E7473 
 1998      00
 1999              	.LASF203:
 2000 05b2 4932435F 		.ascii	"I2C_2_context\000"
 2000      325F636F 
 2000      6E746578 
 2000      7400
 2001              	.LASF204:
 2002 05c0 43795F53 		.ascii	"Cy_SysEnableCM4\000"
 2002      7973456E 
 2002      61626C65 
 2002      434D3400 
 2003              	.LASF33:
 2004 05d0 6770696F 		.ascii	"gpioVersion\000"
 2004      56657273 
 2004      696F6E00 
 2005              	.LASF146:
 2006 05dc 74784275 		.ascii	"txBuf\000"
 2006      6600
 2007              	.LASF105:
 2008 05e2 63795F73 		.ascii	"cy_stc_device_t\000"
 2008      74635F64 
 2008      65766963 
 2008      655F7400 
 2009              	.LASF150:
 2010 05f2 63795F73 		.ascii	"cy_stc_scb_spi_context_t\000"
 2010      74635F73 
 2010      63625F73 
 2010      70695F63 
 2010      6F6E7465 
 2011              	.LASF189:
 2012 060b 696E7665 		.ascii	"invertPWMOut\000"
 2012      72745057 
 2012      4D4F7574 
 2012      00
 2013              	.LASF185:
 2014 0618 64656164 		.ascii	"deadTimeClocks\000"
 2014      54696D65 
 2014      436C6F63 
 2014      6B7300
 2015              	.LASF157:
 2016 0627 72785269 		.ascii	"rxRingBufHead\000"
 2016      6E674275 
 2016      66486561 
 2016      6400
 2017              	.LASF94:
 2018 0635 63707573 		.ascii	"cpussTrimRamCtlOffset\000"
 2018      73547269 
 2018      6D52616D 
 2018      43746C4F 
 2018      66667365 
 2019              	.LASF133:
 2020 064b 736C6176 		.ascii	"slaveRxBuffer\000"
ARM GAS  C:\Users\jlabe\AppData\Local\Temp\ccsxcb12.s 			page 43


 2020      65527842 
 2020      75666665 
 2020      7200
 2021              	.LASF176:
 2022 0659 73746172 		.ascii	"startInput\000"
 2022      74496E70 
 2022      757400
 2023              	.LASF29:
 2024 0664 63707573 		.ascii	"cpussVersion\000"
 2024      73566572 
 2024      73696F6E 
 2024      00
 2025              	.LASF36:
 2026 0671 70657269 		.ascii	"periVersion\000"
 2026      56657273 
 2026      696F6E00 
 2027              	.LASF92:
 2028 067d 63707573 		.ascii	"cpussCm0StatusOffset\000"
 2028      73436D30 
 2028      53746174 
 2028      75734F66 
 2028      66736574 
 2029              	.LASF161:
 2030 0692 63795F73 		.ascii	"cy_stc_tcpwm_counter_config\000"
 2030      74635F74 
 2030      6370776D 
 2030      5F636F75 
 2030      6E746572 
 2031              	.LASF17:
 2032 06ae 73697A65 		.ascii	"sizetype\000"
 2032      74797065 
 2032      00
 2033              	.LASF66:
 2034 06b7 64774368 		.ascii	"dwChOffset\000"
 2034      4F666673 
 2034      657400
 2035              	.LASF125:
 2036 06c2 6D617374 		.ascii	"masterBufferIdx\000"
 2036      65724275 
 2036      66666572 
 2036      49647800 
 2037              	.LASF41:
 2038 06d2 63707573 		.ascii	"cpussFlashPaSize\000"
 2038      73466C61 
 2038      73685061 
 2038      53697A65 
 2038      00
 2039              	.LASF79:
 2040 06e3 70657269 		.ascii	"periDivCmdPaTypeSelPos\000"
 2040      44697643 
 2040      6D645061 
 2040      54797065 
 2040      53656C50 
 2041              	.LASF102:
 2042 06fa 63707573 		.ascii	"cpussRam2Ctl0\000"
 2042      7352616D 
 2042      3243746C 
ARM GAS  C:\Users\jlabe\AppData\Local\Temp\ccsxcb12.s 			page 44


 2042      3000
 2043              	.LASF70:
 2044 0708 64775374 		.ascii	"dwStatusChIdxPos\000"
 2044      61747573 
 2044      43684964 
 2044      78506F73 
 2044      00
 2045              	.LASF52:
 2046 0719 75646250 		.ascii	"udbPresent\000"
 2046      72657365 
 2046      6E7400
 2047              	.LASF154:
 2048 0724 72785374 		.ascii	"rxStatus\000"
 2048      61747573 
 2048      00
 2049              	.LASF32:
 2050 072d 666C6173 		.ascii	"flashcVersion\000"
 2050      68635665 
 2050      7273696F 
 2050      6E00
 2051              	.LASF28:
 2052 073b 63727970 		.ascii	"cryptoBase\000"
 2052      746F4261 
 2052      736500
 2053              	.LASF49:
 2054 0746 736D6966 		.ascii	"smifDeviceNr\000"
 2054      44657669 
 2054      63654E72 
 2054      00
 2055              	.LASF103:
 2056 0753 69706353 		.ascii	"ipcStructSize\000"
 2056      74727563 
 2056      7453697A 
 2056      6500
 2057              	.LASF183:
 2058 0761 70776D4D 		.ascii	"pwmMode\000"
 2058      6F646500 
 2059              	.LASF107:
 2060 0769 666C6F61 		.ascii	"float\000"
 2060      7400
 2061              	.LASF71:
 2062 076f 64775374 		.ascii	"dwStatusChIdxMsk\000"
 2062      61747573 
 2062      43684964 
 2062      784D736B 
 2062      00
 2063              	.LASF197:
 2064 0780 63795F64 		.ascii	"cy_device\000"
 2064      65766963 
 2064      6500
 2065              	.LASF99:
 2066 078a 63707573 		.ascii	"cpussRomCtl\000"
 2066      73526F6D 
 2066      43746C00 
 2067              	.LASF69:
 2068 0796 64774368 		.ascii	"dwChCtlPreemptablePos\000"
 2068      43746C50 
ARM GAS  C:\Users\jlabe\AppData\Local\Temp\ccsxcb12.s 			page 45


 2068      7265656D 
 2068      70746162 
 2068      6C65506F 
 2069              	.LASF191:
 2070 07ac 6B696C6C 		.ascii	"killMode\000"
 2070      4D6F6465 
 2070      00
 2071              	.LASF22:
 2072 07b5 75646242 		.ascii	"udbBase\000"
 2072      61736500 
 2073              	.LASF112:
 2074 07bd 43595F53 		.ascii	"CY_SCB_I2C_ACK\000"
 2074      43425F49 
 2074      32435F41 
 2074      434B00
 2075              	.LASF175:
 2076 07cc 73746172 		.ascii	"startInputMode\000"
 2076      74496E70 
 2076      75744D6F 
 2076      646500
 2077              	.LASF1:
 2078 07db 756E7369 		.ascii	"unsigned char\000"
 2078      676E6564 
 2078      20636861 
 2078      7200
 2079              	.LASF65:
 2080 07e9 666C6173 		.ascii	"flashCtlMainWs4Freq\000"
 2080      6843746C 
 2080      4D61696E 
 2080      57733446 
 2080      72657100 
 2081              	.LASF0:
 2082 07fd 73686F72 		.ascii	"short int\000"
 2082      7420696E 
 2082      7400
 2083              	.LASF124:
 2084 0807 6D617374 		.ascii	"masterBufferSize\000"
 2084      65724275 
 2084      66666572 
 2084      53697A65 
 2084      00
 2085              	.LASF76:
 2086 0818 70657269 		.ascii	"periDivCmdDivSelMsk\000"
 2086      44697643 
 2086      6D644469 
 2086      7653656C 
 2086      4D736B00 
 2087              	.LASF63:
 2088 082c 666C6173 		.ascii	"flashCtlMainWs2Freq\000"
 2088      6843746C 
 2088      4D61696E 
 2088      57733246 
 2088      72657100 
 2089              	.LASF121:
 2090 0840 6D617374 		.ascii	"masterPause\000"
 2090      65725061 
 2090      75736500 
ARM GAS  C:\Users\jlabe\AppData\Local\Temp\ccsxcb12.s 			page 46


 2091              	.LASF188:
 2092 084c 656E6162 		.ascii	"enablePeriodSwap\000"
 2092      6C655065 
 2092      72696F64 
 2092      53776170 
 2092      00
 2093              	.LASF116:
 2094 085d 63795F63 		.ascii	"cy_cb_scb_i2c_handle_addr_t\000"
 2094      625F7363 
 2094      625F6932 
 2094      635F6861 
 2094      6E646C65 
 2095              	.LASF20:
 2096 0879 666C6173 		.ascii	"flashcBase\000"
 2096      68634261 
 2096      736500
 2097              	.LASF166:
 2098 0884 636F6D70 		.ascii	"compareOrCapture\000"
 2098      6172654F 
 2098      72436170 
 2098      74757265 
 2098      00
 2099              	.LASF126:
 2100 0895 6D617374 		.ascii	"masterNumBytes\000"
 2100      65724E75 
 2100      6D427974 
 2100      657300
 2101              	.LASF132:
 2102 08a4 736C6176 		.ascii	"slaveTxBufferCnt\000"
 2102      65547842 
 2102      75666665 
 2102      72436E74 
 2102      00
 2103              	.LASF60:
 2104 08b5 666C6173 		.ascii	"flashEraseDelay\000"
 2104      68457261 
 2104      73654465 
 2104      6C617900 
 2105              	.LASF16:
 2106 08c5 75696E74 		.ascii	"uint32_t\000"
 2106      33325F74 
 2106      00
 2107              	.LASF138:
 2108 08ce 63795F73 		.ascii	"cy_stc_scb_i2c_context_t\000"
 2108      74635F73 
 2108      63625F69 
 2108      32635F63 
 2108      6F6E7465 
 2109              	.LASF206:
 2110 08e7 474E5520 		.ascii	"GNU C11 5.4.1 20160609 (release) [ARM/embedded-5-br"
 2110      43313120 
 2110      352E342E 
 2110      31203230 
 2110      31363036 
 2111 091a 616E6368 		.ascii	"anch revision 237715] -mcpu=cortex-m0plus -mthumb -"
 2111      20726576 
 2111      6973696F 
ARM GAS  C:\Users\jlabe\AppData\Local\Temp\ccsxcb12.s 			page 47


 2111      6E203233 
 2111      37373135 
 2112 094d 67202D4F 		.ascii	"g -Og -ffunction-sections -ffat-lto-objects\000"
 2112      67202D66 
 2112      66756E63 
 2112      74696F6E 
 2112      2D736563 
 2113              	.LASF111:
 2114 0979 5F426F6F 		.ascii	"_Bool\000"
 2114      6C00
 2115              	.LASF18:
 2116 097f 6C6F6E67 		.ascii	"long double\000"
 2116      20646F75 
 2116      626C6500 
 2117              	.LASF106:
 2118 098b 63686172 		.ascii	"char\000"
 2118      00
 2119              	.LASF180:
 2120 0990 636F756E 		.ascii	"countInput\000"
 2120      74496E70 
 2120      757400
 2121              	.LASF37:
 2122 099b 70726F74 		.ascii	"protVersion\000"
 2122      56657273 
 2122      696F6E00 
 2123              	.LASF100:
 2124 09a7 63707573 		.ascii	"cpussRam0Ctl0\000"
 2124      7352616D 
 2124      3043746C 
 2124      3000
 2125              	.LASF2:
 2126 09b5 7369676E 		.ascii	"signed char\000"
 2126      65642063 
 2126      68617200 
 2127              	.LASF5:
 2128 09c1 5F5F7569 		.ascii	"__uint16_t\000"
 2128      6E743136 
 2128      5F7400
 2129              	.LASF198:
 2130 09cc 50574D5F 		.ascii	"PWM_config\000"
 2130      636F6E66 
 2130      696700
 2131              	.LASF81:
 2132 09d7 70657269 		.ascii	"periDiv16CtlOffset\000"
 2132      44697631 
 2132      3643746C 
 2132      4F666673 
 2132      657400
 2133              	.LASF110:
 2134 09ea 43595F53 		.ascii	"CY_SYSPM_WAIT_FOR_EVENT\000"
 2134      5953504D 
 2134      5F574149 
 2134      545F464F 
 2134      525F4556 
 2135              	.LASF123:
 2136 0a02 6D617374 		.ascii	"masterBuffer\000"
 2136      65724275 
ARM GAS  C:\Users\jlabe\AppData\Local\Temp\ccsxcb12.s 			page 48


 2136      66666572 
 2136      00
 2137              	.LASF34:
 2138 0a0f 6873696F 		.ascii	"hsiomVersion\000"
 2138      6D566572 
 2138      73696F6E 
 2138      00
 2139              	.LASF59:
 2140 0a1c 666C6173 		.ascii	"flashProgramDelay\000"
 2140      6850726F 
 2140      6772616D 
 2140      44656C61 
 2140      7900
 2141              	.LASF44:
 2142 0a2e 63707573 		.ascii	"cpussNotConnectedIrq\000"
 2142      734E6F74 
 2142      436F6E6E 
 2142      65637465 
 2142      64497271 
 2143              	.LASF156:
 2144 0a43 72785269 		.ascii	"rxRingBufSize\000"
 2144      6E674275 
 2144      6653697A 
 2144      6500
 2145              	.LASF174:
 2146 0a51 72656C6F 		.ascii	"reloadInput\000"
 2146      6164496E 
 2146      70757400 
 2147              	.LASF6:
 2148 0a5d 73686F72 		.ascii	"short unsigned int\000"
 2148      7420756E 
 2148      7369676E 
 2148      65642069 
 2148      6E7400
 2149              	.LASF67:
 2150 0a70 64774368 		.ascii	"dwChSize\000"
 2150      53697A65 
 2150      00
 2151              	.LASF200:
 2152 0a79 43595F45 		.ascii	"CY_EINK_SPIM_context\000"
 2152      494E4B5F 
 2152      5350494D 
 2152      5F636F6E 
 2152      74657874 
 2153              	.LASF178:
 2154 0a8e 73746F70 		.ascii	"stopInput\000"
 2154      496E7075 
 2154      7400
 2155              	.LASF208:
 2156 0a98 433A5C55 		.ascii	"C:\\Users\\jlabe\\Desktop\\H21\\GBM2100_Projet\\PRO"
 2156      73657273 
 2156      5C6A6C61 
 2156      62655C44 
 2156      65736B74 
 2157 0ac5 4A45545C 		.ascii	"JET\\Prototype\\Laboratoire3.cydsn\000"
 2157      50726F74 
 2157      6F747970 
ARM GAS  C:\Users\jlabe\AppData\Local\Temp\ccsxcb12.s 			page 49


 2157      655C4C61 
 2157      626F7261 
 2158              	.LASF117:
 2159 0ae6 75736552 		.ascii	"useRxFifo\000"
 2159      78466966 
 2159      6F00
 2160              	.LASF42:
 2161 0af0 63707573 		.ascii	"cpussIpc0Irq\000"
 2161      73497063 
 2161      30497271 
 2161      00
 2162              	.LASF186:
 2163 0afd 70657269 		.ascii	"period0\000"
 2163      6F643000 
 2164              	.LASF187:
 2165 0b05 70657269 		.ascii	"period1\000"
 2165      6F643100 
 2166              	.LASF168:
 2167 0b0d 636F6D70 		.ascii	"compare1\000"
 2167      61726531 
 2167      00
 2168              	.LASF89:
 2169 0b16 63707573 		.ascii	"cpussCm0ClockCtlOffset\000"
 2169      73436D30 
 2169      436C6F63 
 2169      6B43746C 
 2169      4F666673 
 2170              	.LASF85:
 2171 0b2d 6770696F 		.ascii	"gpioPrtCfgOffset\000"
 2171      50727443 
 2171      66674F66 
 2171      66736574 
 2171      00
 2172              	.LASF149:
 2173 0b3e 696E6974 		.ascii	"initKey\000"
 2173      4B657900 
 2174              	.LASF143:
 2175 0b46 72784275 		.ascii	"rxBuf\000"
 2175      6600
 2176              	.LASF129:
 2177 0b4c 736C6176 		.ascii	"slaveTxBuffer\000"
 2177      65547842 
 2177      75666665 
 2177      7200
 2178              	.LASF130:
 2179 0b5a 736C6176 		.ascii	"slaveTxBufferSize\000"
 2179      65547842 
 2179      75666665 
 2179      7253697A 
 2179      6500
 2180              	.LASF160:
 2181 0b6c 63795F73 		.ascii	"cy_stc_scb_uart_context_t\000"
 2181      74635F73 
 2181      63625F75 
 2181      6172745F 
 2181      636F6E74 
 2182              	.LASF47:
ARM GAS  C:\Users\jlabe\AppData\Local\Temp\ccsxcb12.s 			page 50


 2183 0b86 73727373 		.ascii	"srssNumHfroot\000"
 2183      4E756D48 
 2183      66726F6F 
 2183      7400
 2184              	.LASF142:
 2185 0b94 73746174 		.ascii	"status\000"
 2185      757300
 2186              	.LASF114:
 2187 0b9b 63795F65 		.ascii	"cy_en_scb_i2c_command_t\000"
 2187      6E5F7363 
 2187      625F6932 
 2187      635F636F 
 2187      6D6D616E 
 2188              	.LASF98:
 2189 0bb3 63707573 		.ascii	"cpussCm4NmiCtlOffset\000"
 2189      73436D34 
 2189      4E6D6943 
 2189      746C4F66 
 2189      66736574 
 2190              	.LASF190:
 2191 0bc8 696E7665 		.ascii	"invertPWMOutN\000"
 2191      72745057 
 2191      4D4F7574 
 2191      4E00
 2192              	.LASF58:
 2193 0bd6 666C6173 		.ascii	"flashWriteDelay\000"
 2193      68577269 
 2193      74654465 
 2193      6C617900 
 2194              	.LASF13:
 2195 0be6 75696E74 		.ascii	"uint8_t\000"
 2195      385F7400 
 2196              	.LASF109:
 2197 0bee 43595F53 		.ascii	"CY_SYSPM_WAIT_FOR_INTERRUPT\000"
 2197      5953504D 
 2197      5F574149 
 2197      545F464F 
 2197      525F494E 
 2198              	.LASF199:
 2199 0c0a 43595F45 		.ascii	"CY_EINK_Timer_config\000"
 2199      494E4B5F 
 2199      54696D65 
 2199      725F636F 
 2199      6E666967 
 2200              	.LASF91:
 2201 0c1f 63707573 		.ascii	"cpussCm4StatusOffset\000"
 2201      73436D34 
 2201      53746174 
 2201      75734F66 
 2201      66736574 
 2202              	.LASF84:
 2203 0c34 6770696F 		.ascii	"gpioPrtIntrCfgOffset\000"
 2203      50727449 
 2203      6E747243 
 2203      66674F66 
 2203      66736574 
 2204              	.LASF196:
ARM GAS  C:\Users\jlabe\AppData\Local\Temp\ccsxcb12.s 			page 51


 2205 0c49 63795F73 		.ascii	"cy_stc_tcpwm_pwm_config_t\000"
 2205      74635F74 
 2205      6370776D 
 2205      5F70776D 
 2205      5F636F6E 
 2206              	.LASF173:
 2207 0c63 72656C6F 		.ascii	"reloadInputMode\000"
 2207      6164496E 
 2207      7075744D 
 2207      6F646500 
 2208              	.LASF158:
 2209 0c73 72785269 		.ascii	"rxRingBufTail\000"
 2209      6E674275 
 2209      66546169 
 2209      6C00
 2210              	.LASF167:
 2211 0c81 636F6D70 		.ascii	"compare0\000"
 2211      61726530 
 2211      00
 2212              	.LASF95:
 2213 0c8a 63707573 		.ascii	"cpussTrimRomCtlOffset\000"
 2213      73547269 
 2213      6D526F6D 
 2213      43746C4F 
 2213      66667365 
 2214              	.LASF179:
 2215 0ca0 636F756E 		.ascii	"countInputMode\000"
 2215      74496E70 
 2215      75744D6F 
 2215      646500
 2216              	.LASF31:
 2217 0caf 64775665 		.ascii	"dwVersion\000"
 2217      7273696F 
 2217      6E00
 2218              	.LASF27:
 2219 0cb9 69706342 		.ascii	"ipcBase\000"
 2219      61736500 
 2220              	.LASF78:
 2221 0cc1 70657269 		.ascii	"periDivCmdPaDivSelPos\000"
 2221      44697643 
 2221      6D645061 
 2221      44697653 
 2221      656C506F 
 2222              	.LASF152:
 2223 0cd7 63795F73 		.ascii	"cy_stc_scb_uart_context\000"
 2223      74635F73 
 2223      63625F75 
 2223      6172745F 
 2223      636F6E74 
 2224              	.LASF56:
 2225 0cef 666C6173 		.ascii	"flashRwwRequired\000"
 2225      68527777 
 2225      52657175 
 2225      69726564 
 2225      00
 2226              	.LASF148:
 2227 0d00 74784275 		.ascii	"txBufIdx\000"
ARM GAS  C:\Users\jlabe\AppData\Local\Temp\ccsxcb12.s 			page 52


 2227      66496478 
 2227      00
 2228              		.ident	"GCC: (GNU Tools for ARM Embedded Processors) 5.4.1 20160609 (release) [ARM/embedded-5-bran
